ya esta creado!
#req	time (sec)	avg. time (sec)	mapping
0	0.416	0.000	ERR
1	0.830	0.000	ERR
2	0.527	0.000	ERR
3	0.585	0.000	ERR
4	0.613	0.000	OK
5	0.749	0.000	ERR
6	0.528	0.000	ERR
7	0.607	0.000	OK
8	1.253	0.000	OK
9	1.365	0.000	ERR
10	0.460	0.752	ERR
11	0.433	0.712	ERR
12	0.585	0.718	ERR
13	0.470	0.706	ERR
14	0.735	0.719	ERR
15	1.604	0.804	ERR
16	0.399	0.791	ERR
17	0.585	0.789	ERR
18	0.448	0.709	ERR
19	0.414	0.614	ERR
20	0.893	0.657	ERR
21	0.859	0.699	ERR
22	0.851	0.726	ERR
23	0.454	0.724	ERR
24	1.088	0.760	ERR
25	0.416	0.641	ERR
26	1.035	0.704	ERR
27	0.485	0.694	ERR
28	0.899	0.739	OK
29	0.913	0.789	ERR
30	0.693	0.769	OK
31	1.567	0.840	ERR
32	1.073	0.862	ERR
33	0.586	0.876	ERR
34	0.445	0.811	ERR
35	0.590	0.829	ERR
36	1.076	0.833	OK
37	0.892	0.873	ERR
38	0.937	0.877	ERR
39	0.743	0.860	OK
40	0.832	0.874	ERR
41	1.478	0.865	ERR
42	0.468	0.805	ERR
43	0.470	0.793	ERR
44	0.467	0.795	ERR
45	0.504	0.787	ERR
46	0.446	0.724	ERR
47	0.497	0.684	OK
48	0.514	0.642	ERR
49	1.171	0.685	ERR
50	0.367	0.638	ERR
51	0.454	0.536	ERR
52	0.794	0.568	ERR
53	0.454	0.567	ERR
54	0.889	0.609	OK
55	0.397	0.598	ERR
56	0.433	0.597	ERR
57	2.413	0.789	OK
58	0.898	0.827	ERR
59	0.415	0.751	ERR
60	0.585	0.773	ERR
61	0.454	0.773	ERR
62	0.197	0.713	OK
63	0.469	0.715	ERR
64	0.170	0.643	OK
65	0.470	0.650	ERR
66	0.972	0.704	ERR
67	0.471	0.510	ERR
68	0.544	0.475	OK
69	0.457	0.479	ERR
70	1.254	0.546	ERR
71	1.851	0.686	OK
72	0.868	0.753	ERR
73	0.400	0.746	ERR
74	1.060	0.835	ERR
75	0.415	0.829	ERR
76	0.455	0.777	ERR
77	0.586	0.789	ERR
78	1.280	0.863	OK
79	0.446	0.861	ERR
80	1.099	0.846	ERR
81	1.940	0.855	OK
82	0.399	0.808	ERR
83	1.059	0.874	ERR
84	0.504	0.818	ERR
85	0.942	0.871	ERR
86	0.449	0.870	ERR
87	1.045	0.916	OK
88	1.579	0.946	ERR
89	1.432	1.045	ERR
90	0.799	1.015	ERR
91	0.490	0.870	ERR
92	0.738	0.904	ERR
93	0.398	0.838	ERR
94	0.824	0.869	OK
95	0.841	0.859	ERR
96	1.387	0.953	ERR
97	0.810	0.930	ERR
98	0.992	0.871	OK
99	0.420	0.770	ERR
100	1.975	0.887	ERR
101	1.336	0.972	ERR
102	0.453	0.943	ERR
103	1.007	1.004	ERR
104	0.886	1.011	ERR
105	0.413	0.968	ERR
106	1.249	0.954	ERR
107	0.585	0.932	ERR
108	1.015	0.934	ERR
109	2.310	1.123	OK
110	0.528	0.978	ERR
111	1.140	0.959	OK
112	0.366	0.950	ERR
113	0.550	0.904	ERR
114	0.432	0.859	ERR
115	0.961	0.914	ERR
116	0.503	0.839	ERR
117	0.956	0.876	ERR
118	0.444	0.819	ERR
119	0.395	0.627	ERR
120	0.829	0.658	ERR
121	0.513	0.595	ERR
122	1.075	0.666	ERR
123	0.794	0.690	ERR
124	0.487	0.696	ERR
125	0.396	0.639	ERR
126	0.522	0.641	ERR
127	0.733	0.619	ERR
128	1.262	0.701	ERR
129	0.504	0.712	ERR
130	0.465	0.675	ERR
131	0.983	0.722	ERR
132	0.528	0.667	ERR
133	0.470	0.635	ERR
134	0.797	0.666	ERR
135	1.249	0.751	ERR
136	0.399	0.739	ERR
137	0.379	0.704	ERR
138	0.485	0.626	ERR
139	0.733	0.649	ERR
140	0.445	0.647	ERR
141	1.243	0.673	ERR
142	0.528	0.673	ERR
143	0.454	0.671	ERR
144	1.561	0.748	ERR
145	0.733	0.696	ERR
146	0.866	0.743	ERR
147	0.662	0.771	ERR
148	0.733	0.796	ERR
149	0.396	0.762	ERR
150	1.525	0.870	ERR
151	2.194	0.965	OK
152	0.503	0.963	ERR
153	1.437	1.061	ERR
154	0.503	0.955	ERR
155	1.003	0.982	OK
156	0.800	0.975	ERR
157	0.813	0.991	ERR
158	0.528	0.970	ERR
159	0.353	0.966	OK
160	0.463	0.860	ERR
161	0.470	0.687	ERR
162	0.400	0.677	ERR
163	0.454	0.579	ERR
164	0.450	0.573	ERR
165	0.990	0.572	ERR
166	0.503	0.542	ERR
167	0.379	0.499	ERR
168	0.365	0.483	ERR
169	0.448	0.492	ERR
170	0.470	0.493	ERR
171	0.585	0.504	ERR
172	0.454	0.510	ERR
173	0.366	0.501	ERR
174	0.815	0.537	ERR
175	0.504	0.489	ERR
176	0.485	0.487	ERR
177	1.264	0.576	ERR
178	0.971	0.636	ERR
179	1.632	0.755	ERR
180	1.702	0.878	ERR
181	0.437	0.863	ERR
182	0.733	0.891	ERR
183	0.505	0.905	ERR
184	0.448	0.868	ERR
185	0.445	0.862	ERR
186	0.585	0.872	ERR
187	0.937	0.839	OK
188	0.529	0.795	ERR
189	1.206	0.753	ERR
190	0.967	0.679	ERR
191	0.942	0.730	ERR
192	0.399	0.696	ERR
193	1.600	0.806	ERR
194	0.734	0.834	ERR
195	1.289	0.919	OK
196	1.231	0.983	ERR
197	0.769	0.967	ERR
198	1.172	1.031	ERR
199	0.938	1.004	ERR
200	1.624	1.070	ERR
201	1.483	1.124	ERR
202	0.449	1.129	ERR
203	0.529	1.022	ERR
204	0.900	1.038	ERR
205	0.831	0.993	ERR
206	0.891	0.959	ERR
207	1.616	1.043	ERR
208	0.449	0.971	ERR
209	1.883	1.065	ERR
210	0.941	0.997	ERR
211	1.172	0.966	ERR
212	0.941	1.015	ERR
213	0.579	1.020	ERR
214	0.366	0.967	ERR
215	1.113	0.995	ERR
216	1.038	1.010	ERR
217	0.551	0.903	ERR
218	0.450	0.903	ERR
219	0.415	0.757	ERR
220	1.288	0.791	ERR
221	0.381	0.712	ERR
222	0.734	0.692	ERR
223	0.893	0.723	ERR
224	1.460	0.832	OK
225	1.198	0.841	ERR
226	0.585	0.795	ERR
227	0.734	0.814	ERR
228	0.433	0.812	ERR
229	0.983	0.869	ERR
230	0.858	0.826	ERR
231	0.525	0.840	ERR
232	0.468	0.814	ERR
233	0.910	0.815	ERR
234	0.396	0.709	ERR
235	1.119	0.701	ERR
236	0.414	0.684	ERR
237	0.470	0.658	ERR
238	0.469	0.661	ERR
239	0.414	0.604	ERR
240	0.941	0.613	ERR
241	0.341	0.594	OK
242	0.546	0.602	ERR
243	0.366	0.548	ERR
244	0.159	0.524	OK
245	0.585	0.471	ERR
246	0.366	0.466	ERR
247	0.941	0.513	ERR
248	0.524	0.518	ERR
249	0.470	0.524	ERR
250	1.411	0.571	ERR
251	0.416	0.578	ERR
252	1.223	0.646	ERR
253	1.136	0.723	OK
254	0.469	0.754	ERR
255	0.366	0.732	ERR
256	1.514	0.847	ERR
257	0.817	0.835	OK
258	0.468	0.829	ERR
259	0.433	0.825	ERR
260	1.264	0.810	ERR
261	0.798	0.849	ERR
262	3.077	1.034	OK
263	1.054	1.026	ERR
264	0.735	1.052	ERR
265	0.734	1.089	ERR
266	1.081	1.046	ERR
267	0.397	1.004	ERR
268	0.941	1.051	ERR
269	0.433	1.051	ERR
270	0.547	0.980	ERR
271	0.504	0.950	ERR
272	0.815	0.724	ERR
273	0.455	0.664	ERR
274	0.585	0.649	ERR
275	1.076	0.683	ERR
276	0.525	0.628	ERR
277	0.528	0.641	ERR
278	1.283	0.675	OK
279	1.051	0.737	ERR
280	0.433	0.725	ERR
281	0.525	0.728	ERR
282	0.450	0.691	ERR
283	0.862	0.732	ERR
284	0.531	0.726	ERR
285	1.513	0.770	ERR
286	0.584	0.776	ERR
287	0.455	0.769	ERR
288	1.515	0.792	ERR
289	1.692	0.856	ERR
290	1.797	0.992	ERR
291	0.450	0.985	ERR
292	0.433	0.983	ERR
293	0.448	0.942	ERR
294	0.470	0.936	ERR
295	1.602	0.945	ERR
296	0.433	0.930	ERR
297	1.262	1.010	ERR
298	1.020	0.961	OK
299	0.454	0.837	ERR
300	1.246	0.782	ERR
301	0.454	0.782	ERR
302	0.939	0.833	ERR
303	0.525	0.841	ERR
304	0.486	0.842	ERR
305	0.365	0.718	ERR
306	0.940	0.769	ERR
307	0.471	0.690	ERR
308	0.470	0.635	ERR
309	0.366	0.626	ERR
310	0.789	0.580	ERR
311	0.470	0.582	ERR
312	0.585	0.547	ERR
313	0.525	0.547	ERR
314	0.525	0.551	ERR
315	0.454	0.560	ERR
316	0.894	0.555	ERR
317	0.414	0.549	ERR
318	0.398	0.542	ERR
319	0.470	0.552	ERR
320	0.485	0.522	ERR
321	0.486	0.524	ERR
322	0.943	0.559	ERR
323	1.771	0.684	ERR
324	0.488	0.680	ERR
325	0.366	0.671	ERR
326	0.492	0.631	ERR
327	1.198	0.710	ERR
328	0.799	0.750	ERR
329	0.400	0.743	ERR
330	0.919	0.786	ERR
331	0.471	0.785	ERR
332	1.437	0.834	ERR
333	0.446	0.702	ERR
334	0.415	0.694	ERR
335	0.504	0.708	ERR
336	0.449	0.704	ERR
337	0.379	0.622	ERR
338	0.470	0.589	ERR
339	0.552	0.604	ERR
340	0.470	0.559	ERR
341	0.585	0.571	ERR
342	0.873	0.514	OK
343	1.206	0.590	ERR
344	2.390	0.788	OK
345	0.868	0.824	ERR
346	0.529	0.832	ERR
347	0.844	0.879	ERR
348	0.999	0.932	ERR
349	0.454	0.922	ERR
350	0.894	0.964	ERR
351	1.438	1.049	ERR
352	0.735	1.036	ERR
353	0.379	0.953	ERR
354	1.010	0.815	ERR
355	1.052	0.833	ERR
356	0.455	0.826	ERR
357	0.529	0.795	ERR
358	0.454	0.740	ERR
359	0.574	0.752	ERR
360	0.433	0.706	ERR
361	0.796	0.642	ERR
362	0.466	0.615	ERR
363	0.449	0.622	ERR
364	0.400	0.561	ERR
365	0.734	0.529	ERR
366	0.433	0.527	ERR
367	0.734	0.547	ERR
368	0.586	0.560	ERR
369	0.795	0.583	ERR
370	0.472	0.586	ERR
371	1.608	0.668	OK
372	0.878	0.709	ERR
373	0.647	0.729	ERR
374	1.067	0.795	ERR
375	1.019	0.824	OK
376	1.511	0.932	ERR
377	1.061	0.965	ERR
378	0.824	0.988	ERR
379	0.936	1.002	ERR
380	0.457	1.001	ERR
381	0.400	0.880	ERR
382	0.514	0.844	ERR
383	0.441	0.823	ERR
384	0.489	0.765	ERR
385	0.449	0.708	ERR
386	1.466	0.704	OK
387	0.469	0.645	ERR
388	0.415	0.604	ERR
389	0.515	0.562	ERR
390	0.355	0.551	ERR
391	0.437	0.555	ERR
392	0.472	0.551	ERR
393	0.457	0.552	ERR
394	0.456	0.549	ERR
395	0.419	0.546	ERR
396	0.425	0.442	ERR
397	0.560	0.451	ERR
398	1.008	0.510	ERR
399	1.727	0.631	OK

---- Final results ----
400 NS requests
360 failed requests
40 success requests
0 improved requests
305.464 ellapsed time
