ya esta creado!
#req	time (sec)	avg. time (sec)	mapping
0	0.728	0.000	OK
1	1.525	0.000	OK
2	1.400	0.000	OK
3	1.913	0.000	OK
4	0.725	0.000	OK
5	0.143	0.000	OK
6	0.953	0.000	OK
7	0.237	0.000	OK
8	1.302	0.000	OK
9	0.195	0.000	OK
10	0.092	0.848	OK
11	0.884	0.784	OK
12	2.107	0.855	OK
13	0.637	0.728	OK
14	0.843	0.739	OK
15	0.778	0.803	OK
16	0.711	0.779	OK
17	1.992	0.954	OK
18	0.480	0.872	OK
19	1.157	0.968	OK
20	0.732	1.032	OK
21	0.928	1.037	OK
22	0.592	0.885	OK
23	0.537	0.875	OK
24	1.338	0.925	OK
25	0.628	0.909	OK
26	0.170	0.855	OK
27	1.026	0.759	OK
28	0.161	0.727	OK
29	0.461	0.657	OK
30	0.216	0.606	OK
31	0.642	0.577	OK
32	0.974	0.615	OK
33	1.128	0.674	OK
34	1.854	0.726	OK
35	0.186	0.682	OK
36	1.180	0.783	OK
37	1.576	0.838	OK
38	0.692	0.891	OK
39	1.295	0.974	OK
40	0.509	1.004	OK
41	1.248	1.064	OK
42	1.577	1.125	OK
43	1.195	1.131	OK
44	0.680	1.014	OK
45	1.062	1.101	OK
46	0.195	1.003	OK
47	0.128	0.858	OK
48	0.973	0.886	OK
49	1.761	0.933	OK
50	0.437	0.926	OK
51	0.227	0.823	OK
52	0.714	0.737	OK
53	1.273	0.745	OK
54	0.206	0.697	OK
55	0.901	0.681	OK
56	0.257	0.688	OK
57	1.741	0.849	OK
58	0.661	0.818	OK
59	0.926	0.734	OK
60	1.562	0.847	ERR
61	1.207	0.945	OK
62	0.134	0.887	OK
63	0.131	0.772	OK
64	0.113	0.763	OK
65	1.461	0.819	OK
66	0.838	0.877	OK
67	1.067	0.810	OK
68	0.135	0.757	OK
69	1.660	0.831	OK
70	2.585	0.933	OK
71	0.652	0.878	OK
72	1.011	0.965	OK
73	0.512	1.003	OK
74	2.057	1.198	OK
75	0.228	1.075	OK
76	1.594	1.150	OK
77	2.015	1.245	OK
78	1.145	1.346	OK
79	0.243	1.204	OK
80	2.116	1.157	OK
81	0.194	1.112	OK
82	0.183	1.029	OK
83	1.533	1.131	OK
84	0.493	0.974	OK
85	1.192	1.071	OK
86	0.897	1.001	OK
87	1.086	0.908	OK
88	1.173	0.911	OK
89	1.096	0.996	OK
90	1.022	0.887	OK
91	1.165	0.984	OK
92	1.236	1.089	OK
93	0.607	0.997	OK
94	0.143	0.962	OK
95	0.628	0.905	OK
96	0.688	0.884	OK
97	1.305	0.906	OK
98	0.508	0.840	OK
99	0.920	0.822	OK
100	1.824	0.902	OK
101	0.869	0.873	OK
102	1.495	0.899	OK
103	1.855	1.024	OK
104	2.040	1.213	OK
105	0.676	1.218	OK
106	1.707	1.320	OK
107	1.640	1.353	ERR
108	0.084	1.311	OK
109	1.115	1.331	OK
110	2.010	1.349	OK
111	0.142	1.276	OK
112	0.568	1.184	OK
113	4.165	1.415	OK
114	0.201	1.231	OK
115	0.735	1.237	OK
116	0.549	1.121	OK
117	1.131	1.070	OK
118	2.147	1.276	OK
119	1.478	1.313	OK
120	1.133	1.225	OK
121	2.325	1.443	OK
122	1.541	1.541	OK
123	1.051	1.229	OK
124	1.706	1.380	OK
125	1.661	1.472	OK
126	0.456	1.463	OK
127	0.906	1.440	OK
128	0.953	1.321	OK
129	1.252	1.298	OK
130	1.399	1.325	OK
131	0.495	1.142	OK
132	1.240	1.112	OK
133	1.623	1.169	OK
134	0.964	1.095	OK
135	1.858	1.115	OK
136	1.282	1.197	OK
137	0.917	1.198	OK
138	1.996	1.303	OK
139	1.235	1.301	OK
140	0.456	1.207	OK
141	2.185	1.376	OK
142	0.769	1.329	ERR
143	0.637	1.230	OK
144	0.977	1.231	OK
145	1.588	1.204	OK
146	2.118	1.288	OK
147	0.393	1.235	OK
148	0.575	1.093	OK
149	2.124	1.182	OK
150	1.372	1.274	OK
151	1.723	1.228	OK
152	0.718	1.223	OK
153	1.220	1.281	OK
154	0.192	1.202	OK
155	0.227	1.066	OK
156	1.114	0.966	OK
157	1.584	1.085	ERR
158	0.881	1.116	ERR
159	2.253	1.128	OK
160	0.235	1.015	OK
161	1.227	0.965	ERR
162	2.082	1.101	OK
163	1.459	1.125	ERR
164	0.112	1.117	OK
165	0.746	1.169	OK
166	0.176	1.075	OK
167	1.632	1.080	OK
168	1.450	1.137	OK
169	1.184	1.030	OK
170	0.535	1.060	OK
171	0.887	1.026	ERR
172	1.394	0.958	ERR
173	0.579	0.869	OK
174	0.137	0.872	OK
175	2.628	1.060	OK
176	1.092	1.152	OK
177	0.753	1.064	OK
178	1.704	1.089	OK
179	1.194	1.090	OK
180	1.156	1.152	OK
181	2.090	1.273	OK
182	2.358	1.369	OK
183	1.977	1.509	OK
184	0.720	1.567	OK
185	1.174	1.422	OK
186	1.391	1.452	OK
187	0.200	1.396	OK
188	1.539	1.380	ERR
189	2.153	1.476	ERR
190	2.492	1.609	OK
191	0.731	1.473	ERR
192	0.910	1.329	OK
193	2.265	1.358	OK
194	2.006	1.486	OK
195	1.156	1.484	OK
196	2.441	1.589	OK
197	0.587	1.628	OK
198	0.921	1.566	OK
199	1.320	1.483	OK
200	2.329	1.467	ERR
201	1.009	1.495	OK
202	1.642	1.568	OK
203	0.896	1.431	ERR
204	2.628	1.493	OK
205	0.635	1.441	OK
206	0.257	1.222	OK
207	0.281	1.192	OK
208	2.175	1.317	OK
209	0.752	1.260	OK
210	0.696	1.097	ERR
211	0.892	1.085	ERR
212	1.360	1.057	ERR
213	0.289	0.996	OK
214	0.911	0.825	ERR
215	1.538	0.915	OK
216	0.697	0.959	OK
217	2.186	1.150	OK
218	0.951	1.027	OK
219	1.592	1.111	OK
220	1.653	1.207	OK
221	0.523	1.170	ERR
222	0.936	1.128	ERR
223	2.189	1.318	OK
224	1.074	1.334	OK
225	1.483	1.329	OK
226	1.586	1.418	ERR
227	1.078	1.307	ERR
228	1.539	1.366	OK
229	1.722	1.379	OK
230	1.027	1.316	ERR
231	1.376	1.401	OK
232	0.206	1.328	OK
233	2.689	1.378	OK
234	0.561	1.327	ERR
235	0.831	1.262	OK
236	0.964	1.199	ERR
237	1.461	1.238	ERR
238	0.680	1.152	ERR
239	0.919	1.071	ERR
240	1.476	1.116	OK
241	0.124	0.991	OK
242	1.097	1.080	OK
243	0.512	0.862	ERR
244	0.133	0.820	OK
245	0.864	0.823	ERR
246	0.511	0.778	ERR
247	0.199	0.651	OK
248	0.857	0.669	OK
249	0.676	0.645	ERR
250	1.273	0.624	OK
251	1.069	0.719	OK
252	1.503	0.760	OK
253	0.125	0.721	OK
254	1.298	0.837	OK
255	2.631	1.014	OK
256	2.461	1.209	OK
257	1.255	1.315	OK
258	1.344	1.363	OK
259	0.699	1.366	OK
260	1.177	1.356	OK
261	1.704	1.420	OK
262	2.091	1.478	OK
263	1.155	1.581	OK
264	0.524	1.504	ERR
265	1.020	1.343	ERR
266	2.182	1.315	OK
267	0.559	1.245	ERR
268	3.034	1.414	OK
269	1.157	1.460	OK
270	0.119	1.354	OK
271	2.471	1.431	OK
272	1.711	1.393	OK
273	1.897	1.467	ERR
274	0.891	1.504	ERR
275	1.174	1.519	OK
276	1.864	1.488	OK
277	1.803	1.612	ERR
278	1.544	1.463	OK
279	1.333	1.481	ERR
280	1.954	1.664	OK
281	1.522	1.569	ERR
282	0.105	1.409	OK
283	1.838	1.403	OK
284	1.738	1.487	ERR
285	2.964	1.666	OK
286	1.396	1.620	OK
287	2.805	1.720	OK
288	1.415	1.707	OK
289	1.362	1.710	OK
290	1.751	1.689	OK
291	0.116	1.549	OK
292	2.653	1.804	OK
293	1.707	1.791	OK
294	4.813	2.098	OK
295	2.982	2.100	ERR
296	1.840	2.144	OK
297	1.739	2.038	OK
298	0.243	1.921	OK
299	1.355	1.920	ERR
300	1.484	1.893	OK
301	0.678	1.949	ERR
302	1.411	1.825	OK
303	0.736	1.728	OK
304	2.004	1.447	OK
305	0.531	1.202	ERR
306	1.997	1.218	OK
307	1.989	1.243	OK
308	2.247	1.443	OK
309	0.512	1.359	ERR
310	0.112	1.222	OK
311	2.175	1.371	OK
312	0.924	1.323	ERR
313	0.766	1.326	ERR
314	0.769	1.202	ERR
315	0.630	1.212	OK
316	0.940	1.106	OK
317	0.637	0.971	ERR
318	1.126	0.859	OK
319	2.061	1.014	OK
320	1.509	1.154	OK
321	3.794	1.316	OK
322	2.889	1.512	OK
323	2.375	1.673	OK
324	3.064	1.903	OK
325	0.516	1.891	ERR
326	0.690	1.866	ERR
327	0.926	1.895	ERR
328	0.854	1.868	OK
329	0.580	1.720	ERR
330	1.326	1.701	OK
331	1.645	1.486	OK
332	2.115	1.409	ERR
333	0.645	1.236	ERR
334	1.095	1.039	ERR
335	1.799	1.168	OK
336	1.881	1.287	OK
337	0.556	1.250	ERR
338	1.178	1.282	OK
339	1.160	1.340	ERR
340	1.447	1.352	OK
341	1.630	1.351	ERR
342	2.414	1.381	OK
343	2.979	1.614	OK
344	1.762	1.681	OK
345	4.299	1.931	OK
346	2.353	1.978	ERR
347	1.120	2.034	OK
348	2.458	2.162	OK
349	1.309	2.177	ERR
350	2.450	2.277	OK
351	0.902	2.205	OK
352	1.625	2.126	ERR
353	1.874	2.015	OK
354	1.398	1.979	OK
355	1.471	1.696	OK
356	1.355	1.596	ERR
357	0.777	1.562	ERR
358	0.658	1.382	ERR
359	0.217	1.273	OK
360	1.627	1.190	OK
361	0.845	1.185	ERR
362	0.662	1.088	ERR
363	0.644	0.965	ERR
364	1.001	0.926	ERR
365	0.534	0.832	ERR
366	0.658	0.762	ERR
367	0.526	0.737	ERR
368	0.867	0.758	ERR
369	0.582	0.794	ERR
370	1.855	0.817	ERR
371	1.932	0.926	OK
372	2.227	1.083	ERR
373	1.402	1.158	ERR
374	1.157	1.174	ERR
375	1.684	1.289	OK
376	1.619	1.385	OK
377	0.794	1.412	ERR
378	0.184	1.344	OK
379	0.696	1.355	ERR
380	1.950	1.365	OK
381	1.060	1.277	ERR
382	0.525	1.107	OK
383	1.293	1.096	OK
384	1.767	1.157	OK
385	0.644	1.053	ERR
386	2.451	1.136	OK
387	0.679	1.125	ERR
388	1.186	1.225	OK
389	3.290	1.485	OK
390	0.526	1.342	ERR
391	3.315	1.568	OK
392	1.733	1.688	OK
393	0.665	1.626	OK
394	0.698	1.519	ERR
395	2.758	1.730	ERR
396	0.615	1.547	ERR
397	2.120	1.691	ERR
398	0.186	1.591	OK
399	2.189	1.481	OK

---- Final results ----
400 NS requests
89 failed requests
311 success requests
0 improved requests
490.648 ellapsed time
