ya esta creado!
#req	time (sec)	avg. time (sec)	mapping
0	0.830	0.000	OK
1	2.311	0.000	OK
2	0.782	0.000	ERR
3	1.715	0.000	ERR
4	0.747	0.000	OK
5	0.472	0.000	OK
6	0.781	0.000	ERR
7	0.520	0.000	OK
8	1.458	0.000	OK
9	1.363	0.000	OK
10	0.133	1.028	OK
11	1.135	0.910	OK
12	2.045	1.037	ERR
13	0.808	0.946	OK
14	0.619	0.933	OK
15	1.748	1.061	OK
16	0.709	1.054	OK
17	0.883	1.090	ERR
18	1.022	1.046	OK
19	1.072	1.017	OK
20	0.917	1.096	OK
21	1.149	1.097	ERR
22	1.389	1.031	OK
23	0.672	1.018	ERR
24	3.078	1.264	ERR
25	1.052	1.194	OK
26	0.829	1.206	ERR
27	0.716	1.190	ERR
28	0.728	1.160	OK
29	1.041	1.157	OK
30	0.809	1.146	OK
31	0.935	1.125	OK
32	2.375	1.224	OK
33	2.395	1.396	ERR
34	0.702	1.158	OK
35	0.727	1.126	OK
36	1.171	1.160	OK
37	2.509	1.339	OK
38	2.432	1.510	OK
39	1.471	1.553	OK
40	1.876	1.659	OK
41	2.047	1.770	ERR
42	1.496	1.683	OK
43	1.328	1.576	ERR
44	1.147	1.621	OK
45	1.343	1.682	OK
46	0.816	1.647	OK
47	0.245	1.420	OK
48	1.494	1.326	OK
49	3.465	1.526	ERR
50	1.869	1.525	OK
51	1.311	1.452	ERR
52	1.198	1.422	OK
53	0.663	1.355	ERR
54	0.519	1.292	OK
55	1.114	1.269	OK
56	0.628	1.251	ERR
57	1.816	1.408	OK
58	2.171	1.475	OK
59	1.462	1.275	OK
60	0.883	1.177	ERR
61	1.342	1.180	ERR
62	0.242	1.084	OK
63	0.479	1.066	OK
64	0.173	1.031	OK
65	2.021	1.122	ERR
66	0.731	1.132	ERR
67	1.385	1.089	ERR
68	0.233	0.895	OK
69	1.215	0.870	OK
70	1.673	0.949	ERR
71	1.867	1.002	OK
72	2.267	1.205	OK
73	1.152	1.272	OK
74	1.366	1.391	ERR
75	1.016	1.291	OK
76	0.660	1.284	ERR
77	0.879	1.233	ERR
78	0.995	1.309	OK
79	0.631	1.251	OK
80	2.099	1.293	ERR
81	1.500	1.257	OK
82	0.728	1.103	OK
83	0.804	1.068	ERR
84	0.696	1.001	OK
85	1.674	1.067	OK
86	0.754	1.076	OK
87	0.783	1.066	OK
88	2.431	1.210	OK
89	2.899	1.437	OK
90	1.126	1.339	OK
91	1.213	1.311	ERR
92	0.531	1.291	ERR
93	1.775	1.388	OK
94	0.479	1.367	OK
95	0.635	1.263	OK
96	1.441	1.331	OK
97	0.658	1.319	OK
98	0.693	1.145	OK
99	0.662	0.921	ERR
100	2.476	1.056	OK
101	1.841	1.119	OK
102	0.658	1.132	ERR
103	2.501	1.204	OK
104	1.138	1.270	ERR
105	1.089	1.316	OK
106	1.189	1.291	ERR
107	1.705	1.395	ERR
108	0.448	1.371	OK
109	2.685	1.573	OK
110	1.451	1.471	OK
111	1.187	1.405	ERR
112	0.534	1.393	ERR
113	0.830	1.226	ERR
114	0.663	1.178	OK
115	1.855	1.255	OK
116	1.538	1.290	OK
117	2.211	1.340	OK
118	0.699	1.365	ERR
119	0.602	1.157	ERR
120	1.085	1.120	ERR
121	1.426	1.144	OK
122	2.430	1.334	ERR
123	1.149	1.366	ERR
124	2.579	1.557	OK
125	1.222	1.494	ERR
126	1.537	1.494	OK
127	1.404	1.413	OK
128	1.501	1.493	OK
129	0.976	1.531	OK
130	2.176	1.640	OK
131	2.144	1.712	OK
132	0.785	1.547	ERR
133	1.776	1.610	OK
134	1.615	1.514	OK
135	3.107	1.702	OK
136	0.572	1.606	ERR
137	0.532	1.518	ERR
138	2.050	1.573	ERR
139	0.638	1.540	OK
140	1.855	1.507	ERR
141	2.589	1.552	OK
142	0.783	1.552	ERR
143	1.172	1.491	OK
144	1.361	1.466	OK
145	0.530	1.208	ERR
146	1.155	1.267	ERR
147	0.961	1.309	ERR
148	0.529	1.157	ERR
149	0.542	1.148	ERR
150	1.579	1.120	OK
151	2.060	1.067	OK
152	1.410	1.130	OK
153	2.253	1.238	ERR
154	1.102	1.212	OK
155	0.963	1.255	OK
156	0.607	1.201	ERR
157	1.224	1.227	ERR
158	1.645	1.338	ERR
159	1.193	1.403	OK
160	2.777	1.523	OK
161	0.687	1.386	ERR
162	1.199	1.365	ERR
163	0.657	1.205	ERR
164	0.936	1.189	OK
165	1.313	1.224	ERR
166	1.040	1.267	OK
167	0.497	1.194	OK
168	0.953	1.125	ERR
169	0.930	1.099	OK
170	2.614	1.083	OK
171	1.705	1.185	ERR
172	0.662	1.131	ERR
173	1.712	1.236	OK
174	0.234	1.166	OK
175	1.723	1.207	OK
176	1.407	1.244	OK
177	1.451	1.339	ERR
178	3.069	1.551	OK
179	1.725	1.630	OK
180	1.614	1.530	OK
181	0.935	1.453	ERR
182	1.908	1.578	ERR
183	2.302	1.637	OK
184	0.650	1.678	ERR
185	1.283	1.634	ERR
186	2.051	1.699	OK
187	0.469	1.601	OK
188	1.586	1.452	ERR
189	2.365	1.516	ERR
190	2.079	1.563	ERR
191	0.735	1.543	ERR
192	1.233	1.475	ERR
193	1.585	1.404	ERR
194	1.522	1.491	ERR
195	1.134	1.476	OK
196	2.303	1.501	ERR
197	1.856	1.640	OK
198	1.589	1.640	OK
199	2.482	1.652	ERR
200	1.724	1.616	ERR
201	1.149	1.658	OK
202	2.041	1.738	OK
203	1.649	1.745	ERR
204	2.885	1.881	OK
205	1.224	1.890	OK
206	1.527	1.813	OK
207	2.707	1.898	OK
208	0.654	1.804	ERR
209	1.858	1.742	OK
210	0.710	1.640	ERR
211	0.906	1.616	ERR
212	1.374	1.549	ERR
213	2.078	1.592	OK
214	0.521	1.356	ERR
215	0.552	1.289	ERR
216	1.426	1.279	OK
217	2.398	1.248	OK
218	0.732	1.256	OK
219	0.595	1.129	ERR
220	1.107	1.169	OK
221	3.118	1.390	OK
222	0.957	1.348	ERR
223	1.773	1.318	ERR
224	1.669	1.433	OK
225	2.013	1.579	OK
226	1.710	1.607	ERR
227	0.518	1.419	ERR
228	1.792	1.525	OK
229	2.291	1.695	ERR
230	0.648	1.649	ERR
231	0.778	1.415	ERR
232	2.866	1.606	OK
233	1.868	1.615	ERR
234	0.567	1.505	ERR
235	1.072	1.411	OK
236	0.584	1.298	ERR
237	1.949	1.441	ERR
238	0.683	1.331	ERR
239	1.057	1.207	ERR
240	2.516	1.394	ERR
241	0.488	1.365	OK
242	2.472	1.326	OK
243	0.519	1.191	ERR
244	2.164	1.350	OK
245	0.894	1.333	ERR
246	0.530	1.327	ERR
247	0.661	1.198	OK
248	1.525	1.283	ERR
249	0.695	1.246	ERR
250	1.443	1.139	ERR
251	0.603	1.150	ERR
252	1.446	1.048	ERR
253	0.128	1.009	OK
254	0.802	0.873	ERR
255	0.520	0.835	ERR
256	1.320	0.914	OK
257	0.760	0.924	ERR
258	0.685	0.840	ERR
259	0.627	0.833	ERR
260	0.700	0.759	OK
261	2.249	0.924	OK
262	2.041	0.983	OK
263	1.541	1.124	ERR
264	0.531	1.097	ERR
265	0.518	1.097	ERR
266	2.036	1.169	ERR
267	0.569	1.150	ERR
268	1.104	1.192	ERR
269	1.894	1.318	ERR
270	0.708	1.319	ERR
271	2.268	1.321	OK
272	0.567	1.174	ERR
273	1.951	1.215	ERR
274	0.875	1.249	ERR
275	4.124	1.610	OK
276	0.775	1.483	ERR
277	1.643	1.591	ERR
278	2.525	1.733	OK
279	1.536	1.697	ERR
280	0.627	1.689	ERR
281	0.777	1.540	ERR
282	0.172	1.501	OK
283	1.136	1.419	ERR
284	0.719	1.403	ERR
285	2.014	1.192	ERR
286	2.025	1.317	OK
287	0.662	1.219	ERR
288	3.436	1.310	OK
289	0.899	1.247	OK
290	1.561	1.340	ERR
291	1.724	1.435	ERR
292	1.302	1.548	ERR
293	1.328	1.567	ERR
294	2.862	1.781	OK
295	0.775	1.657	ERR
296	2.355	1.690	OK
297	1.079	1.732	ERR
298	1.303	1.519	ERR
299	1.319	1.561	ERR
300	2.154	1.620	OK
301	0.661	1.514	ERR
302	1.337	1.517	ERR
303	1.844	1.569	ERR
304	2.732	1.556	OK
305	0.519	1.530	ERR
306	1.460	1.441	ERR
307	1.758	1.509	OK
308	2.862	1.665	ERR
309	0.519	1.585	ERR
310	0.671	1.436	ERR
311	2.356	1.606	ERR
312	1.799	1.652	ERR
313	0.776	1.545	ERR
314	0.775	1.350	ERR
315	1.653	1.463	OK
316	1.739	1.491	ERR
317	0.588	1.374	ERR
318	1.180	1.206	ERR
319	1.449	1.299	ERR
320	1.409	1.372	ERR
321	1.588	1.296	OK
322	1.806	1.296	OK
323	1.758	1.395	ERR
324	0.800	1.397	ERR
325	0.520	1.284	ERR
326	0.697	1.180	ERR
327	0.937	1.215	ERR
328	1.883	1.285	OK
329	1.132	1.253	ERR
330	3.731	1.485	OK
331	0.686	1.395	ERR
332	3.192	1.534	ERR
333	1.783	1.536	ERR
334	0.597	1.516	ERR
335	1.665	1.630	ERR
336	4.148	1.975	OK
337	0.920	1.974	ERR
338	0.687	1.854	ERR
339	0.835	1.824	ERR
340	0.691	1.520	ERR
341	1.798	1.631	ERR
342	1.658	1.478	OK
343	2.340	1.534	OK
344	1.443	1.618	OK
345	2.144	1.666	ERR
346	1.613	1.413	ERR
347	1.977	1.519	OK
348	0.759	1.526	ERR
349	1.316	1.574	ERR
350	1.792	1.684	OK
351	2.584	1.763	OK
352	0.520	1.649	ERR
353	0.538	1.469	ERR
354	1.569	1.481	OK
355	1.421	1.409	ERR
356	1.832	1.431	ERR
357	0.781	1.311	ERR
358	0.659	1.301	ERR
359	0.901	1.260	ERR
360	2.344	1.315	OK
361	0.585	1.115	ERR
362	0.667	1.130	ERR
363	0.649	1.141	ERR
364	1.132	1.097	ERR
365	0.531	1.008	ERR
366	1.316	0.957	ERR
367	0.943	0.973	ERR
368	0.876	0.994	ERR
369	0.992	1.004	ERR
370	1.826	0.952	ERR
371	1.427	1.036	OK
372	1.068	1.076	ERR
373	0.909	1.102	ERR
374	0.835	1.072	ERR
375	4.004	1.420	OK
376	1.117	1.400	ERR
377	0.808	1.386	ERR
378	2.284	1.527	ERR
379	1.174	1.545	ERR
380	0.687	1.431	ERR
381	0.569	1.346	ERR
382	1.926	1.431	OK
383	1.990	1.539	ERR
384	0.762	1.532	ERR
385	0.652	1.197	ERR
386	1.938	1.279	OK
387	0.684	1.267	ERR
388	0.596	1.098	ERR
389	2.301	1.210	ERR
390	0.523	1.194	ERR
391	1.369	1.274	ERR
392	0.711	1.152	ERR
393	0.690	1.023	ERR
394	1.350	1.081	ERR
395	0.610	1.077	ERR
396	1.059	0.989	ERR
397	2.049	1.126	ERR
398	1.629	1.229	OK
399	2.385	1.238	OK

---- Final results ----
400 NS requests
221 failed requests
179 success requests
0 improved requests
538.207 ellapsed time
