ya esta creado!
#req	time (sec)	avg. time (sec)	mapping
0	4.783	0.000	OK
1	17.168	0.000	OK
2	14.465	0.000	OK
3	25.967	0.000	OK
4	14.044	0.000	OK
5	1.288	0.000	OK
6	21.425	0.000	OK
7	7.959	0.000	OK
8	11.693	0.000	OK
9	2.929	0.000	OK
10	1.660	11.860	OK
11	9.567	11.100	OK
12	21.935	11.847	OK
13	4.986	9.749	OK
14	5.833	8.927	OK
15	12.640	10.063	OK
16	11.431	9.063	OK
17	19.796	10.247	OK
18	12.101	10.288	OK
19	6.846	10.680	OK
20	9.565	11.470	OK
21	8.561	11.370	OK
22	5.542	9.730	OK
23	10.216	10.253	OK
24	14.766	11.147	OK
25	10.539	10.937	OK
26	14.146	11.208	OK
27	13.802	10.609	OK
28	2.734	9.672	OK
29	1.761	9.163	OK
30	14.629	9.670	OK
31	13.630	10.176	OK
32	8.890	10.511	OK
33	18.738	11.363	OK
34	17.751	11.662	OK
35	2.200	10.828	OK
36	7.681	10.182	OK
37	18.519	10.653	OK
38	21.517	12.532	OK
39	11.488	13.504	OK
40	12.352	13.277	OK
41	11.407	13.054	OK
42	13.843	13.550	OK
43	14.329	13.109	OK
44	11.071	12.441	OK
45	8.897	13.110	OK
46	1.981	12.540	OK
47	1.856	10.874	OK
48	11.489	9.871	OK
49	20.290	10.751	OK
50	8.929	10.409	OK
51	15.538	10.822	OK
52	10.703	10.508	OK
53	17.987	10.874	OK
54	14.633	11.230	OK
55	9.631	11.304	OK
56	8.816	11.987	OK
57	8.791	12.681	OK
58	11.436	12.675	OK
59	12.054	11.852	OK
60	28.390	13.798	OK
61	5.136	12.758	OK
62	2.032	11.891	OK
63	17.344	11.826	OK
64	1.382	10.501	OK
65	15.914	11.129	OK
66	17.023	11.950	OK
67	17.358	12.807	OK
68	1.861	11.849	OK
69	18.178	12.462	OK
70	19.963	11.619	OK
71	7.241	11.829	OK
72	6.219	12.248	OK
73	8.409	11.355	OK
74	23.251	13.541	OK
75	3.507	12.301	OK
76	12.697	11.868	OK
77	8.652	10.998	OK
78	9.825	11.794	OK
79	5.258	10.502	OK
80	22.179	10.724	OK
81	0.871	10.087	OK
82	2.245	9.689	OK
83	18.067	10.655	OK
84	5.314	8.862	OK
85	8.449	9.356	OK
86	16.439	9.730	OK
87	6.069	9.472	OK
88	13.171	9.806	OK
89	17.649	11.045	OK
90	15.859	10.413	OK
91	15.654	11.892	OK
92	5.806	12.248	OK
93	9.201	11.361	OK
94	4.525	11.282	OK
95	9.814	11.419	OK
96	26.625	12.437	OK
97	8.138	12.644	OK
98	7.693	12.096	OK
99	22.095	12.541	OK
100	18.081	12.763	OK
101	17.189	12.917	OK
102	25.556	14.892	OK
103	15.389	15.510	OK
104	14.004	16.458	OK
105	9.678	16.445	OK
106	16.583	15.441	OK
107	22.250	16.852	OK
108	2.227	16.305	OK
109	15.688	15.665	OK
110	16.680	15.524	OK
111	7.143	14.520	OK
112	16.226	13.587	OK
113	29.254	14.973	OK
114	9.033	14.476	OK
115	15.911	15.099	OK
116	10.949	14.536	OK
117	18.339	14.145	OK
118	28.652	16.787	OK
119	15.664	16.785	OK
120	12.287	16.346	OK
121	14.357	17.067	OK
122	24.749	17.920	OK
123	19.773	16.971	OK
124	19.040	17.972	OK
125	24.124	18.793	OK
126	13.881	19.087	OK
127	5.785	17.831	OK
128	9.518	15.918	OK
129	17.011	16.053	OK
130	14.446	16.268	OK
131	7.983	15.631	OK
132	17.249	14.881	OK
133	12.712	14.175	OK
134	10.094	13.280	OK
135	27.670	13.635	OK
136	14.192	13.666	OK
137	6.294	13.717	OK
138	19.675	14.733	OK
139	9.763	14.008	OK
140	8.387	13.402	OK
141	12.305	13.834	OK
142	18.617	13.971	OK
143	8.433	13.543	OK
144	7.059	13.239	OK
145	17.393	12.212	OK
146	24.604	13.253	OK
147	8.439	13.467	OK
148	6.807	12.181	OK
149	1.793	11.384	OK
150	15.086	12.054	OK
151	19.961	12.819	OK
152	10.968	12.054	OK
153	7.916	12.003	OK
154	2.412	11.538	OK
155	2.265	10.025	OK
156	11.221	8.687	OK
157	6.644	8.507	OK
158	39.088	11.735	OK
159	14.820	13.038	OK
160	6.870	12.216	OK
161	18.111	12.031	OK
162	20.862	13.021	OK
163	24.217	14.651	OK
164	0.562	14.466	OK
165	9.247	15.164	OK
166	2.020	14.244	OK
167	12.708	14.850	OK
168	13.872	12.329	OK
169	7.264	11.573	OK
170	12.200	12.106	OK
171	37.758	14.071	OK
172	1.340	12.119	ERR
173	11.866	10.884	OK
174	1.917	11.019	OK
175	15.357	11.630	OK
176	12.086	12.637	OK
177	4.591	11.825	OK
178	20.301	12.468	OK
179	14.568	13.198	OK
180	15.834	13.562	OK
181	17.906	11.577	OK
182	19.498	13.392	OK
183	23.896	14.595	OK
184	27.121	17.116	OK
185	15.279	17.108	OK
186	39.734	19.873	OK
187	4.530	19.867	OK
188	22.248	20.061	OK
189	19.075	20.512	OK
190	17.926	20.721	OK
191	11.094	20.040	OK
192	12.886	19.379	OK
193	17.424	18.732	OK
194	14.361	17.456	OK
195	9.335	16.861	OK
196	28.974	15.785	OK
197	9.182	16.250	OK
198	20.120	16.038	OK
199	28.846	17.015	OK
200	19.904	17.213	OK
201	11.343	17.237	OK
202	25.956	18.545	OK
203	22.426	19.045	OK
204	23.243	19.933	OK
205	16.990	20.698	OK
206	7.274	18.528	OK
207	5.531	18.163	OK
208	5.011	16.652	OK
209	19.775	15.745	OK
210	8.885	14.643	OK
211	0.949	13.604	ERR
212	28.678	13.876	OK
213	2.541	11.888	OK
214	20.791	11.643	OK
215	12.692	11.213	OK
216	18.090	12.294	OK
217	13.823	13.123	OK
218	9.536	13.576	OK
219	9.777	12.576	OK
220	10.399	12.728	OK
221	19.273	14.560	OK
222	22.702	13.962	OK
223	16.332	15.341	OK
224	14.608	14.723	OK
225	12.699	14.724	OK
226	1.511	13.066	ERR
227	24.701	14.154	OK
228	18.042	15.004	OK
229	9.194	14.946	OK
230	17.404	15.647	OK
231	4.870	14.206	OK
232	10.431	12.979	OK
233	33.509	14.697	OK
234	15.700	14.806	OK
235	16.425	15.179	OK
236	20.030	17.031	OK
237	19.449	16.505	OK
238	23.206	17.022	OK
239	16.235	17.726	OK
240	15.700	17.555	OK
241	6.860	17.754	OK
242	7.447	17.456	OK
243	20.843	16.189	OK
244	2.077	14.827	OK
245	0.865	13.271	ERR
246	0.510	11.319	ERR
247	4.549	9.829	OK
248	13.120	8.821	OK
249	17.637	8.961	OK
250	2.426	7.633	OK
251	15.389	8.486	OK
252	11.738	8.915	OK
253	0.527	6.884	OK
254	22.886	8.965	OK
255	16.374	10.515	OK
256	20.009	12.465	OK
257	8.027	12.813	OK
258	18.266	13.328	OK
259	6.515	12.216	OK
260	10.308	13.004	OK
261	7.434	12.208	OK
262	24.032	13.438	OK
263	28.094	16.194	OK
264	0.521	13.958	ERR
265	0.997	12.420	ERR
266	21.134	12.533	OK
267	17.605	13.490	OK
268	27.945	14.458	OK
269	12.628	15.070	OK
270	1.172	14.156	OK
271	14.643	14.877	OK
272	7.892	13.263	OK
273	3.036	10.757	ERR
274	14.763	12.181	OK
275	20.265	14.108	OK
276	18.467	13.842	OK
277	1.898	12.271	ERR
278	29.612	12.438	OK
279	34.362	14.611	OK
280	21.917	16.685	OK
281	41.700	19.391	OK
282	0.467	18.649	OK
283	15.303	19.875	OK
284	37.068	22.106	OK
285	27.255	22.805	OK
286	12.338	22.192	OK
287	17.222	23.724	OK
288	31.004	23.864	OK
289	8.627	21.290	OK
290	13.717	20.470	OK
291	1.716	16.472	OK
292	18.570	18.282	OK
293	19.838	18.736	OK
294	31.475	18.176	OK
295	30.287	18.479	OK
296	26.472	19.893	OK
297	21.722	20.343	OK
298	1.862	17.429	OK
299	1.787	16.745	ERR
300	14.703	16.843	OK
301	0.649	16.736	ERR
302	18.440	16.723	OK
303	8.643	15.604	OK
304	14.933	13.950	OK
305	0.511	10.972	ERR
306	13.471	9.672	OK
307	1.407	7.641	ERR
308	19.587	9.413	OK
309	8.979	10.132	OK
310	0.733	8.735	OK
311	13.076	9.978	OK
312	0.927	8.227	ERR
313	20.657	9.428	OK
314	3.428	8.278	ERR
315	18.947	10.121	OK
316	23.859	11.160	OK
317	30.061	14.025	OK
318	9.921	13.059	OK
319	2.081	12.369	ERR
320	14.008	13.696	OK
321	14.990	13.888	OK
322	26.822	16.477	OK
323	11.670	15.579	OK
324	21.903	17.426	OK
325	0.509	15.582	ERR
326	0.682	13.265	ERR
327	0.916	10.350	ERR
328	11.801	10.538	OK
329	0.621	10.392	ERR
330	23.857	11.377	OK
331	20.334	11.912	OK
332	25.002	11.730	OK
333	16.863	12.249	OK
334	9.901	11.049	OK
335	20.928	13.091	OK
336	13.500	14.372	OK
337	16.241	15.905	OK
338	13.602	16.085	OK
339	1.416	16.164	ERR
340	11.440	14.923	OK
341	1.548	13.044	ERR
342	13.687	11.913	OK
343	23.026	12.529	OK
344	19.732	13.512	OK
345	18.681	13.287	OK
346	2.213	12.159	ERR
347	14.075	11.942	OK
348	23.056	12.887	OK
349	0.668	12.813	ERR
350	14.465	13.115	OK
351	15.508	14.511	OK
352	2.017	13.344	ERR
353	26.430	13.684	OK
354	16.912	13.402	OK
355	18.331	13.368	OK
356	0.749	13.221	ERR
357	0.767	11.890	ERR
358	0.648	9.649	ERR
359	8.897	10.472	OK
360	24.921	11.518	OK
361	1.775	10.145	ERR
362	32.499	13.193	OK
363	19.382	12.488	OK
364	1.038	10.901	ERR
365	0.529	9.121	ERR
366	34.723	12.518	OK
367	0.940	12.535	ERR
368	0.865	12.557	ERR
369	0.580	11.725	ERR
370	1.199	9.353	ERR
371	18.200	10.995	OK
372	26.387	10.384	OK
373	1.833	8.629	ERR
374	1.367	8.662	ERR
375	19.292	10.539	OK
376	7.708	7.837	OK
377	1.340	7.877	ERR
378	25.491	10.340	OK
379	21.903	12.472	OK
380	21.970	14.549	OK
381	0.578	12.787	ERR
382	12.283	11.376	OK
383	18.869	13.080	OK
384	14.540	14.397	OK
385	34.587	15.927	OK
386	23.093	17.465	OK
387	5.488	17.880	OK
388	17.523	17.083	OK
389	14.130	16.306	OK
390	18.008	15.910	OK
391	21.561	18.008	OK
392	20.525	18.832	OK
393	2.511	17.197	OK
394	21.932	17.936	OK
395	14.438	15.921	OK
396	1.063	13.718	ERR
397	2.109	13.380	ERR
398	2.649	11.893	OK
399	18.281	12.308	OK

---- Final results ----
400 NS requests
41 failed requests
359 success requests
112 improved requests
5389.413 ellapsed time
