ya esta creado!
#req	time (sec)	avg. time (sec)	mapping
0	0.605	0.000	ERR
1	0.604	0.000	ERR
2	0.794	0.000	ERR
3	0.893	0.000	ERR
4	0.664	0.000	ERR
5	0.529	0.000	ERR
6	0.794	0.000	ERR
7	1.292	0.000	ERR
8	1.473	0.000	ERR
9	1.334	0.000	ERR
10	0.581	0.896	ERR
11	0.637	0.899	ERR
12	0.891	0.909	ERR
13	0.700	0.889	ERR
14	0.939	0.917	ERR
15	1.568	1.021	ERR
16	0.581	1.000	ERR
17	0.892	0.959	ERR
18	0.663	0.878	ERR
19	0.608	0.806	ERR
20	1.194	0.867	ERR
21	0.584	0.862	ERR
22	0.580	0.831	ERR
23	0.672	0.828	ERR
24	0.796	0.814	ERR
25	0.609	0.718	ERR
26	0.725	0.732	ERR
27	0.724	0.715	ERR
28	0.666	0.716	ERR
29	1.069	0.762	ERR
30	1.497	0.792	ERR
31	1.484	0.882	ERR
32	0.810	0.905	ERR
33	0.895	0.928	ERR
34	0.658	0.914	ERR
35	0.808	0.934	ERR
36	0.658	0.927	ERR
37	1.201	0.975	ERR
38	0.696	0.978	ERR
39	1.032	0.974	ERR
40	11.525	1.977	OK
41	1.418	1.970	ERR
42	0.697	1.959	ERR
43	0.700	1.939	ERR
44	0.698	1.943	ERR
45	0.758	1.938	ERR
46	0.659	1.938	ERR
47	0.716	1.890	ERR
48	0.748	1.895	ERR
49	0.895	1.881	ERR
50	0.532	0.782	ERR
51	0.674	0.708	ERR
52	0.579	0.696	ERR
53	0.675	0.693	ERR
54	1.212	0.745	ERR
55	0.579	0.727	ERR
56	0.638	0.725	ERR
57	1.261	0.779	ERR
58	1.287	0.833	ERR
59	0.609	0.805	ERR
60	0.894	0.841	ERR
61	0.673	0.841	ERR
62	20.144	2.797	OK
63	0.613	2.791	ERR
64	0.665	2.736	ERR
65	0.697	2.748	ERR
66	0.723	2.757	ERR
67	0.697	2.700	ERR
68	0.811	2.653	ERR
69	0.672	2.659	ERR
70	1.142	2.684	ERR
71	2.510	2.867	ERR
72	0.635	0.916	ERR
73	0.582	0.913	ERR
74	1.561	1.003	ERR
75	0.597	0.993	ERR
76	0.671	0.988	ERR
77	0.894	1.007	ERR
78	0.700	0.996	ERR
79	0.658	0.995	ERR
80	1.478	1.029	ERR
81	20.650	2.843	OK
82	0.578	2.837	ERR
83	0.793	2.858	ERR
84	0.755	2.777	ERR
85	0.699	2.788	ERR
86	0.661	2.787	ERR
87	1.258	2.823	ERR
88	1.245	2.878	ERR
89	1.416	2.953	ERR
90	1.009	2.906	ERR
91	1.222	0.964	ERR
92	0.527	0.959	ERR
93	0.576	0.937	ERR
94	0.949	0.956	ERR
95	1.143	1.001	ERR
96	1.230	1.058	ERR
97	0.583	0.990	ERR
98	1.548	1.020	ERR
99	0.613	0.940	ERR
100	1.317	0.971	ERR
101	1.421	0.991	ERR
102	0.671	1.005	ERR
103	1.315	1.079	ERR
104	0.636	1.048	ERR
105	0.596	0.993	ERR
106	1.022	0.972	ERR
107	0.890	1.003	ERR
108	0.887	0.937	ERR
109	15.274	2.403	OK
110	0.796	2.351	ERR
111	0.587	2.267	ERR
112	0.527	2.253	ERR
113	0.819	2.203	ERR
114	0.637	2.204	ERR
115	1.211	2.265	ERR
116	0.755	2.238	ERR
117	0.717	2.221	ERR
118	0.594	2.192	ERR
119	0.579	0.722	ERR
120	0.608	0.703	ERR
121	1.384	0.783	ERR
122	1.488	0.879	ERR
123	0.578	0.855	ERR
124	0.726	0.864	ERR
125	0.579	0.801	ERR
126	0.664	0.792	ERR
127	1.188	0.839	ERR
128	2.201	0.999	ERR
129	1.917	1.133	ERR
130	1.101	1.182	ERR
131	0.658	1.110	ERR
132	0.799	1.041	ERR
133	0.697	1.053	ERR
134	0.987	1.079	ERR
135	0.664	1.088	ERR
136	0.583	1.079	ERR
137	0.545	1.015	ERR
138	0.726	0.868	ERR
139	13.465	2.022	OK
140	0.659	1.978	ERR
141	0.698	1.982	ERR
142	0.796	1.982	ERR
143	0.672	1.980	ERR
144	1.500	2.031	ERR
145	0.531	2.018	ERR
146	0.637	2.023	ERR
147	0.531	2.022	ERR
148	0.918	2.041	ERR
149	0.544	0.749	ERR
150	1.380	0.821	ERR
151	1.858	0.937	ERR
152	0.755	0.933	ERR
153	1.371	1.003	ERR
154	1.887	1.041	ERR
155	1.153	1.104	ERR
156	0.585	1.098	ERR
157	0.580	1.103	ERR
158	0.797	1.091	ERR
159	0.579	1.095	ERR
160	1.205	1.077	ERR
161	0.701	0.961	ERR
162	0.583	0.944	ERR
163	0.674	0.874	ERR
164	15.075	2.193	OK
165	1.299	2.208	ERR
166	0.733	2.223	ERR
167	0.514	2.216	ERR
168	1.020	2.238	ERR
169	0.644	2.245	ERR
170	0.683	2.193	ERR
171	0.895	2.212	ERR
172	0.674	2.221	ERR
173	0.530	2.207	ERR
174	0.599	0.759	ERR
175	0.759	0.705	ERR
176	0.725	0.704	ERR
177	1.405	0.794	ERR
178	0.727	0.764	ERR
179	0.586	0.758	ERR
180	0.759	0.766	ERR
181	1.088	0.785	ERR
182	0.530	0.771	ERR
183	1.446	0.863	ERR
184	0.645	0.867	ERR
185	0.641	0.855	ERR
186	0.870	0.870	ERR
187	14.245	2.154	OK
188	0.774	2.158	ERR
189	0.868	2.187	ERR
190	0.679	2.178	ERR
191	1.333	2.203	ERR
192	0.569	2.207	ERR
193	1.345	2.197	ERR
194	0.515	2.184	ERR
195	1.660	2.286	ERR
196	1.193	2.318	ERR
197	0.961	0.990	ERR
198	1.707	1.083	ERR
199	0.678	1.064	ERR
200	1.127	1.109	ERR
201	1.325	1.108	ERR
202	0.643	1.116	ERR
203	0.773	1.058	ERR
204	1.152	1.122	ERR
205	1.062	1.062	ERR
206	1.160	1.059	ERR
207	1.264	1.089	ERR
208	0.643	0.983	ERR
209	1.084	1.023	ERR
210	1.331	1.044	ERR
211	0.868	0.998	ERR
212	1.332	1.067	ERR
213	0.756	1.065	ERR
214	0.513	1.001	ERR
215	0.909	0.986	ERR
216	1.263	0.996	ERR
217	1.309	1.001	ERR
218	0.634	1.000	ERR
219	0.589	0.950	ERR
220	0.618	0.879	ERR
221	1.005	0.893	ERR
222	0.514	0.811	ERR
223	1.167	0.852	ERR
224	23.540	3.155	OK
225	1.007	3.165	ERR
226	0.868	3.125	ERR
227	0.515	3.046	ERR
228	0.620	3.044	ERR
229	0.644	3.050	ERR
230	0.567	3.045	ERR
231	0.769	3.021	ERR
232	0.679	3.037	ERR
233	0.653	2.986	ERR
234	0.564	0.688	ERR
235	12.739	1.862	OK
236	1.109	1.886	ERR
237	0.679	1.902	ERR
238	0.709	1.911	ERR
239	0.617	1.908	ERR
240	1.232	1.975	ERR
241	0.673	1.965	ERR
242	0.776	1.975	ERR
243	0.514	1.961	ERR
244	0.959	2.001	ERR
245	0.899	0.817	ERR
246	0.515	0.757	ERR
247	0.680	0.757	ERR
248	0.734	0.760	ERR
249	0.678	0.766	ERR
250	0.679	0.711	ERR
251	0.589	0.702	ERR
252	1.205	0.745	ERR
253	17.231	2.417	OK
254	0.681	2.389	ERR
255	0.514	2.351	ERR
256	0.736	2.373	ERR
257	0.592	2.364	ERR
258	0.681	2.359	ERR
259	0.621	2.353	ERR
260	0.578	2.343	ERR
261	0.960	2.380	ERR
262	1.272	2.387	ERR
263	0.771	0.741	ERR
264	1.012	0.774	ERR
265	0.514	0.774	ERR
266	1.546	0.855	ERR
267	0.565	0.852	ERR
268	0.646	0.848	ERR
269	0.650	0.851	ERR
270	0.698	0.863	ERR
271	0.733	0.841	ERR
272	0.562	0.770	ERR
273	0.651	0.758	ERR
274	0.865	0.743	ERR
275	0.766	0.768	ERR
276	0.767	0.690	ERR
277	0.771	0.711	ERR
278	1.115	0.758	ERR
279	0.767	0.770	ERR
280	0.617	0.761	ERR
281	0.767	0.765	ERR
282	12.773	1.986	OK
283	0.738	1.995	ERR
284	0.762	1.984	ERR
285	1.280	2.036	ERR
286	0.868	2.046	ERR
287	0.653	2.034	ERR
288	1.307	2.053	ERR
289	15.138	3.490	OK
290	1.245	3.553	ERR
291	1.057	3.582	ERR
292	0.620	2.367	ERR
293	0.674	2.360	ERR
294	0.682	2.352	ERR
295	1.389	2.363	ERR
296	0.621	2.339	ERR
297	1.554	2.429	ERR
298	0.643	2.362	ERR
299	0.654	0.914	ERR
300	1.085	0.898	ERR
301	0.653	0.858	ERR
302	0.678	0.863	ERR
303	1.292	0.925	ERR
304	0.706	0.927	ERR
305	0.516	0.840	ERR
306	0.645	0.843	ERR
307	0.680	0.755	ERR
308	0.681	0.759	ERR
309	0.515	0.745	ERR
310	0.664	0.703	ERR
311	0.680	0.706	ERR
312	0.868	0.725	ERR
313	0.768	0.672	ERR
314	0.767	0.678	ERR
315	0.654	0.692	ERR
316	0.641	0.692	ERR
317	1.109	0.735	ERR
318	0.630	0.730	ERR
319	0.696	0.748	ERR
320	0.705	0.752	ERR
321	0.704	0.754	ERR
322	1.262	0.794	ERR
323	0.660	0.783	ERR
324	0.696	0.776	ERR
325	0.516	0.762	ERR
326	1.159	0.814	ERR
327	1.702	0.873	ERR
328	0.564	0.866	ERR
329	0.569	0.854	ERR
330	2.183	1.001	ERR
331	0.680	0.999	ERR
332	1.206	0.993	ERR
333	0.681	0.995	ERR
334	0.590	0.985	ERR
335	0.736	1.007	ERR
336	0.672	0.958	ERR
337	0.888	0.877	ERR
338	0.681	0.888	ERR
339	1.332	0.965	ERR
340	0.681	0.814	ERR
341	0.869	0.833	ERR
342	0.619	0.775	ERR
343	0.869	0.794	ERR
344	1.230	0.858	ERR
345	0.619	0.846	ERR
346	0.774	0.856	ERR
347	0.568	0.824	ERR
348	0.705	0.827	ERR
349	0.653	0.759	ERR
350	1.177	0.808	ERR
351	1.271	0.849	ERR
352	0.513	0.838	ERR
353	0.513	0.802	ERR
354	1.265	0.806	ERR
355	0.770	0.821	ERR
356	0.653	0.809	ERR
357	0.775	0.830	ERR
358	0.653	0.824	ERR
359	0.786	0.838	ERR
360	0.620	0.782	ERR
361	0.986	0.753	ERR
362	0.663	0.768	ERR
363	0.645	0.782	ERR
364	0.567	0.712	ERR
365	1.013	0.736	ERR
366	0.620	0.733	ERR
367	0.513	0.707	ERR
368	0.870	0.728	ERR
369	0.947	0.744	ERR
370	0.671	0.749	ERR
371	0.565	0.707	ERR
372	0.591	0.700	ERR
373	1.007	0.736	ERR
374	0.776	0.757	ERR
375	0.758	0.732	ERR
376	1.108	0.781	ERR
377	1.534	0.883	ERR
378	0.569	0.852	ERR
379	1.254	0.883	ERR
380	0.681	0.884	ERR
381	0.562	0.884	ERR
382	0.774	0.902	ERR
383	2.047	1.006	ERR
384	0.700	0.999	ERR
385	0.646	0.988	ERR
386	1.257	1.002	ERR
387	0.680	0.917	ERR
388	0.589	0.919	ERR
389	0.736	0.867	ERR
390	0.513	0.851	ERR
391	1.309	0.925	ERR
392	0.705	0.918	ERR
393	0.681	0.782	ERR
394	0.679	0.780	ERR
395	0.605	0.776	ERR
396	0.568	0.707	ERR
397	1.383	0.777	ERR
398	1.264	0.844	ERR
399	22.245	2.995	OK

---- Final results ----
400 NS requests
387 failed requests
13 success requests
5 improved requests
545.245 ellapsed time
