#req	time (sec)	avg. time (sec)	mapping
0	0.718	0.000	ERR
1	0.412	0.000	ERR
2	0.715	0.000	ERR
3	0.716	0.000	ERR
4	0.590	0.000	ERR
5	0.414	0.000	ERR
6	0.715	0.000	ERR
7	0.418	0.000	ERR
8	0.442	0.000	ERR
9	0.704	0.000	ERR
10	0.415	0.554	ERR
11	0.562	0.569	ERR
12	0.616	0.559	ERR
13	0.852	0.573	OK
14	0.864	0.600	OK
15	0.453	0.604	ERR
16	0.415	0.574	ERR
17	0.877	0.620	OK
18	0.583	0.634	ERR
19	0.299	0.594	ERR
20	0.887	0.641	ERR
21	0.283	0.613	ERR
22	0.431	0.594	ERR
23	0.597	0.569	ERR
24	0.855	0.568	OK
25	0.403	0.563	ERR
26	0.685	0.590	ERR
27	0.421	0.544	ERR
28	0.857	0.572	OK
29	0.599	0.602	ERR
30	0.807	0.594	ERR
31	0.413	0.607	ERR
32	0.406	0.604	ERR
33	0.298	0.574	ERR
34	0.573	0.546	ERR
35	0.721	0.578	ERR
36	0.418	0.551	ERR
37	0.747	0.584	ERR
38	0.290	0.527	ERR
39	0.418	0.509	ERR
40	0.418	0.470	ERR
41	0.721	0.501	ERR
42	0.582	0.519	ERR
43	0.712	0.560	ERR
44	0.545	0.557	ERR
45	0.876	0.573	ERR
46	0.738	0.605	ERR
47	0.890	0.619	ERR
48	0.595	0.650	ERR
49	0.593	0.667	ERR
50	0.414	0.667	ERR
51	0.872	0.682	ERR
52	0.603	0.684	ERR
53	0.297	0.642	ERR
54	0.722	0.660	ERR
55	0.740	0.646	ERR
56	0.733	0.646	ERR
57	0.299	0.587	ERR
58	0.416	0.569	ERR
59	0.864	0.596	OK
60	0.298	0.584	ERR
61	0.445	0.541	ERR
62	0.898	0.571	ERR
63	0.561	0.597	ERR
64	0.856	0.611	ERR
65	0.710	0.608	ERR
66	0.420	0.577	ERR
67	0.726	0.619	ERR
68	0.565	0.634	ERR
69	0.568	0.605	ERR
70	0.593	0.634	ERR
71	0.563	0.646	ERR
72	0.565	0.613	ERR
73	0.454	0.602	ERR
74	0.750	0.591	ERR
75	0.891	0.610	ERR
76	0.566	0.624	ERR
77	0.419	0.593	ERR
78	0.418	0.579	ERR
79	0.449	0.567	ERR
80	0.738	0.581	ERR
81	0.883	0.613	ERR
82	0.616	0.618	ERR
83	0.417	0.615	ERR
84	0.717	0.611	ERR
85	0.418	0.564	ERR
86	0.713	0.579	ERR
87	0.754	0.612	ERR
88	0.440	0.615	ERR
89	0.723	0.642	ERR
90	0.556	0.624	ERR
91	0.852	0.621	OK
92	0.302	0.589	ERR
93	0.863	0.634	OK
94	0.735	0.636	ERR
95	0.723	0.666	ERR
96	0.467	0.641	ERR
97	0.734	0.639	ERR
98	0.420	0.637	ERR
99	0.733	0.638	ERR
100	0.298	0.613	ERR
101	0.418	0.569	ERR
102	0.576	0.597	ERR
103	0.418	0.552	ERR
104	0.423	0.521	ERR
105	0.713	0.520	ERR
106	0.418	0.515	ERR
107	0.299	0.472	ERR
108	0.439	0.474	ERR
109	0.416	0.442	ERR
110	0.762	0.488	ERR
111	0.564	0.503	ERR
112	0.736	0.519	ERR
113	0.865	0.563	ERR
114	0.418	0.563	ERR
115	0.728	0.565	ERR
116	0.445	0.567	ERR
117	0.567	0.594	ERR
118	0.584	0.609	ERR
119	0.419	0.609	ERR
120	0.602	0.593	ERR
121	0.851	0.622	OK
122	0.590	0.607	ERR
123	0.566	0.577	ERR
124	0.724	0.608	ERR
125	0.860	0.621	ERR
126	0.849	0.661	OK
127	0.314	0.636	ERR
128	0.290	0.607	ERR
129	0.407	0.605	ERR
130	0.876	0.633	OK
131	0.868	0.634	ERR
132	0.872	0.663	ERR
133	0.905	0.697	ERR
134	0.457	0.670	ERR
135	0.872	0.671	OK
136	0.587	0.645	ERR
137	0.551	0.669	ERR
138	0.617	0.701	ERR
139	0.886	0.749	ERR
140	0.565	0.718	ERR
141	0.601	0.691	ERR
142	0.858	0.690	ERR
143	0.731	0.673	ERR
144	0.859	0.713	OK
145	0.450	0.671	ERR
146	0.754	0.687	ERR
147	0.302	0.662	ERR
148	0.581	0.659	ERR
149	0.871	0.657	ERR
150	0.153	0.616	ERR
151	0.594	0.615	ERR
152	0.737	0.603	ERR
153	0.303	0.560	ERR
154	0.901	0.565	ERR
155	0.913	0.611	ERR
156	0.748	0.610	ERR
157	0.300	0.610	ERR
158	0.874	0.639	OK
159	0.428	0.595	ERR
160	0.419	0.622	ERR
161	0.599	0.622	ERR
162	0.867	0.635	OK
163	0.427	0.648	ERR
164	0.718	0.629	ERR
165	0.300	0.568	ERR
166	0.419	0.535	ERR
167	0.748	0.580	ERR
168	0.857	0.578	OK
169	0.876	0.623	OK
170	0.728	0.654	ERR
171	0.906	0.685	ERR
172	0.424	0.640	ERR
173	0.603	0.658	ERR
174	0.878	0.674	ERR
175	0.890	0.733	ERR
176	0.572	0.748	ERR
177	0.598	0.733	ERR
178	0.887	0.736	ERR
179	0.893	0.738	ERR
180	0.420	0.707	ERR
181	0.565	0.673	ERR
182	0.416	0.672	ERR
183	0.460	0.658	ERR
184	0.584	0.629	ERR
185	0.571	0.597	ERR
186	0.567	0.596	ERR
187	0.574	0.594	ERR
188	0.301	0.535	ERR
189	0.879	0.534	OK
190	0.309	0.523	ERR
191	0.905	0.557	ERR
192	0.593	0.574	ERR
193	0.862	0.615	ERR
194	0.564	0.613	ERR
195	0.404	0.596	ERR
196	0.427	0.582	ERR
197	0.720	0.596	ERR
198	0.408	0.607	ERR
199	0.556	0.575	ERR
200	0.828	0.627	OK
201	0.738	0.610	ERR
202	0.860	0.637	OK
203	0.407	0.591	ERR
204	0.709	0.606	ERR
205	0.291	0.594	ERR
206	0.763	0.628	ERR
207	0.847	0.641	OK
208	0.830	0.683	ERR
209	0.856	0.713	ERR
210	0.427	0.673	ERR
211	0.842	0.683	ERR
212	0.440	0.641	ERR
213	0.735	0.674	ERR
214	0.436	0.647	ERR
215	0.550	0.672	ERR
216	0.709	0.667	ERR
217	0.578	0.640	ERR
218	0.723	0.629	ERR
219	0.722	0.616	ERR
220	0.423	0.616	ERR
221	0.722	0.604	ERR
222	0.569	0.617	ERR
223	0.872	0.630	OK
224	0.725	0.659	ERR
225	0.567	0.661	ERR
226	0.710	0.661	ERR
227	0.569	0.660	ERR
228	0.920	0.680	ERR
229	0.573	0.665	ERR
230	0.874	0.710	ERR
231	0.733	0.711	ERR
232	0.293	0.684	ERR
233	0.580	0.654	ERR
234	0.723	0.654	ERR
235	0.588	0.656	ERR
236	0.419	0.627	ERR
237	0.300	0.600	ERR
238	0.905	0.599	ERR
239	0.299	0.571	ERR
240	0.576	0.542	ERR
241	0.419	0.510	ERR
242	0.577	0.539	ERR
243	0.576	0.538	ERR
244	0.892	0.555	ERR
245	0.602	0.556	ERR
246	0.899	0.604	ERR
247	0.721	0.647	ERR
248	0.454	0.602	ERR
249	0.300	0.602	ERR
250	0.440	0.588	ERR
251	0.717	0.618	ERR
252	0.724	0.633	ERR
253	0.420	0.617	ERR
254	0.299	0.558	ERR
255	0.879	0.585	ERR
256	0.861	0.582	ERR
257	0.853	0.595	ERR
258	0.714	0.621	ERR
259	0.446	0.635	ERR
260	0.419	0.633	ERR
261	0.864	0.648	ERR
262	0.442	0.620	ERR
263	0.442	0.622	ERR
264	0.420	0.634	ERR
265	0.282	0.574	ERR
266	0.749	0.563	ERR
267	0.594	0.537	ERR
268	0.892	0.555	ERR
269	0.836	0.594	ERR
270	0.563	0.608	ERR
271	0.712	0.593	ERR
272	0.584	0.607	ERR
273	0.602	0.623	ERR
274	0.883	0.670	ERR
275	0.871	0.729	ERR
276	0.435	0.697	ERR
277	0.615	0.699	ERR
278	0.291	0.639	ERR
279	0.406	0.596	ERR
280	0.427	0.583	ERR
281	0.824	0.594	ERR
282	0.394	0.575	ERR
283	0.405	0.555	ERR
284	0.558	0.523	ERR
285	0.845	0.520	ERR
286	0.834	0.560	OK
287	0.695	0.568	ERR
288	0.567	0.596	ERR
289	0.825	0.637	ERR
290	0.274	0.622	ERR
291	0.439	0.584	ERR
292	0.579	0.602	ERR
293	0.875	0.649	OK
294	0.312	0.624	ERR
295	0.587	0.599	ERR
296	0.409	0.556	ERR
297	0.301	0.517	ERR
298	0.298	0.490	ERR
299	0.582	0.465	ERR
300	0.892	0.527	ERR
301	0.851	0.568	OK
302	0.447	0.555	ERR
303	0.883	0.556	OK
304	0.443	0.569	ERR
305	0.748	0.585	ERR
306	0.718	0.616	ERR
307	0.563	0.643	ERR
308	0.711	0.684	ERR
309	0.879	0.714	OK
310	0.301	0.654	ERR
311	0.434	0.613	ERR
312	0.729	0.641	ERR
313	0.719	0.624	ERR
314	0.883	0.668	ERR
315	0.456	0.639	ERR
316	0.583	0.626	ERR
317	0.581	0.628	ERR
318	0.587	0.615	ERR
319	0.421	0.569	ERR
320	0.573	0.597	ERR
321	0.574	0.611	ERR
322	0.582	0.596	ERR
323	0.589	0.583	ERR
324	0.419	0.537	ERR
325	0.600	0.551	ERR
326	0.311	0.524	ERR
327	0.467	0.512	ERR
328	0.581	0.512	ERR
329	0.591	0.529	ERR
330	0.317	0.503	ERR
331	0.879	0.534	ERR
332	0.420	0.517	ERR
333	0.858	0.544	OK
334	0.726	0.575	ERR
335	0.590	0.574	ERR
336	0.697	0.613	ERR
337	0.447	0.611	ERR
338	0.442	0.597	ERR
339	0.576	0.595	ERR
340	0.278	0.591	ERR
341	0.427	0.546	ERR
342	0.863	0.590	ERR
343	0.298	0.534	ERR
344	0.464	0.508	ERR
345	0.714	0.521	ERR
346	0.750	0.526	ERR
347	0.565	0.538	ERR
348	0.707	0.564	ERR
349	0.282	0.535	ERR
350	0.579	0.565	ERR
351	0.300	0.552	ERR
352	0.416	0.508	ERR
353	0.418	0.520	ERR
354	0.874	0.561	ERR
355	0.886	0.578	OK
356	0.581	0.561	ERR
357	0.721	0.576	ERR
358	0.420	0.548	ERR
359	0.420	0.562	ERR
360	0.739	0.577	ERR
361	0.301	0.578	ERR
362	0.739	0.610	ERR
363	0.570	0.625	ERR
364	0.570	0.595	ERR
365	0.593	0.565	ERR
366	0.574	0.565	ERR
367	0.567	0.549	ERR
368	0.868	0.594	ERR
369	0.867	0.639	ERR
370	0.737	0.639	ERR
371	0.719	0.680	ERR
372	0.744	0.681	ERR
373	0.463	0.670	ERR
374	0.882	0.701	ERR
375	0.747	0.717	ERR
376	0.454	0.705	ERR
377	0.567	0.705	ERR
378	0.873	0.705	OK
379	0.459	0.664	ERR
380	0.442	0.635	ERR
381	0.858	0.649	ERR
382	0.716	0.646	ERR
383	0.881	0.688	ERR
384	0.567	0.656	ERR
385	0.564	0.638	ERR
386	0.866	0.679	ERR
387	0.750	0.698	ERR
388	0.572	0.667	ERR
389	0.929	0.714	ERR
390	0.574	0.728	ERR
391	0.607	0.702	ERR
392	0.594	0.690	ERR
393	0.420	0.644	ERR
394	0.563	0.644	ERR
395	0.858	0.673	OK
396	0.591	0.646	ERR
397	0.422	0.613	ERR
398	0.867	0.642	ERR
399	0.879	0.638	ERR

---- Final results ----
400 NS requests
369 failed requests
31 success requests
243.842 ellapsed time
