#req	time (sec)	avg. time (sec)	mapping
0	0.723	0.000	ERR
1	0.568	0.000	ERR
2	0.865	0.000	ERR
3	0.582	0.000	ERR
4	0.596	0.000	ERR
5	0.565	0.000	ERR
6	0.311	0.000	ERR
7	0.879	0.000	ERR
8	0.417	0.000	ERR
9	0.902	0.000	ERR
10	0.732	0.642	ERR
11	0.420	0.627	ERR
12	0.891	0.629	ERR
13	0.852	0.656	OK
14	0.882	0.685	OK
15	0.597	0.688	ERR
16	0.852	0.742	ERR
17	0.728	0.727	ERR
18	0.423	0.728	ERR
19	0.449	0.683	ERR
20	0.590	0.669	ERR
21	0.882	0.715	ERR
22	0.443	0.670	ERR
23	0.583	0.643	ERR
24	0.298	0.585	ERR
25	0.902	0.615	ERR
26	0.453	0.575	ERR
27	0.585	0.561	ERR
28	0.760	0.595	ERR
29	0.455	0.595	ERR
30	0.868	0.623	ERR
31	0.873	0.622	OK
32	0.461	0.624	ERR
33	0.864	0.652	OK
34	0.606	0.683	ERR
35	0.569	0.649	ERR
36	0.872	0.691	OK
37	0.322	0.665	ERR
38	0.844	0.673	OK
39	0.574	0.685	ERR
40	0.893	0.688	ERR
41	0.454	0.646	ERR
42	0.573	0.657	ERR
43	0.571	0.628	ERR
44	0.555	0.623	ERR
45	0.867	0.652	ERR
46	0.304	0.596	ERR
47	0.587	0.622	ERR
48	0.579	0.596	ERR
49	0.880	0.626	ERR
50	0.881	0.625	ERR
51	0.872	0.667	ERR
52	0.744	0.684	ERR
53	0.588	0.686	ERR
54	0.423	0.673	ERR
55	0.439	0.630	ERR
56	0.771	0.676	ERR
57	0.711	0.689	ERR
58	0.904	0.721	ERR
59	0.858	0.719	OK
60	0.862	0.717	OK
61	0.586	0.689	ERR
62	0.718	0.686	ERR
63	0.859	0.713	OK
64	0.880	0.759	OK
65	0.889	0.804	ERR
66	0.894	0.816	OK
67	0.422	0.787	ERR
68	0.575	0.754	ERR
69	0.425	0.711	ERR
70	0.623	0.687	ERR
71	0.302	0.659	ERR
72	0.568	0.644	ERR
73	0.423	0.600	ERR
74	0.869	0.599	ERR
75	0.423	0.552	ERR
76	0.301	0.493	ERR
77	0.569	0.508	ERR
78	0.875	0.538	ERR
79	0.474	0.543	ERR
80	0.615	0.542	ERR
81	0.881	0.600	ERR
82	0.468	0.590	ERR
83	0.568	0.604	ERR
84	0.434	0.561	ERR
85	0.881	0.607	ERR
86	0.456	0.622	ERR
87	0.622	0.627	ERR
88	0.739	0.614	ERR
89	0.890	0.655	ERR
90	0.411	0.635	ERR
91	0.749	0.622	ERR
92	0.319	0.607	ERR
93	0.425	0.593	ERR
94	0.744	0.624	ERR
95	0.887	0.624	ERR
96	0.432	0.622	ERR
97	0.458	0.605	ERR
98	0.421	0.574	ERR
99	0.713	0.556	ERR
100	0.731	0.588	ERR
101	0.585	0.572	ERR
102	0.884	0.628	OK
103	0.303	0.616	ERR
104	0.304	0.572	ERR
105	0.884	0.572	OK
106	0.425	0.571	ERR
107	0.880	0.613	ERR
108	0.738	0.645	ERR
109	0.568	0.630	ERR
110	0.715	0.628	ERR
111	0.315	0.602	ERR
112	0.767	0.590	ERR
113	0.889	0.648	ERR
114	0.866	0.705	OK
115	0.425	0.659	ERR
116	0.574	0.674	ERR
117	0.873	0.673	OK
118	0.745	0.674	ERR
119	0.570	0.674	ERR
120	0.316	0.634	ERR
121	0.884	0.691	OK
122	0.442	0.659	ERR
123	0.577	0.627	ERR
124	0.756	0.616	ERR
125	0.425	0.616	ERR
126	0.885	0.647	OK
127	0.302	0.590	ERR
128	0.876	0.603	ERR
129	0.843	0.631	ERR
130	0.768	0.676	ERR
131	0.579	0.645	ERR
132	0.446	0.646	ERR
133	0.596	0.648	ERR
134	0.424	0.614	ERR
135	0.422	0.614	ERR
136	0.600	0.585	ERR
137	0.711	0.626	ERR
138	0.446	0.583	ERR
139	0.905	0.590	ERR
140	0.453	0.558	ERR
141	0.429	0.543	ERR
142	0.460	0.545	ERR
143	0.730	0.558	ERR
144	0.722	0.588	ERR
145	0.897	0.635	OK
146	0.735	0.649	ERR
147	0.577	0.635	ERR
148	0.143	0.605	ERR
149	0.314	0.546	ERR
150	0.740	0.575	ERR
151	0.581	0.590	ERR
152	0.428	0.587	ERR
153	0.911	0.605	ERR
154	0.599	0.593	ERR
155	0.917	0.595	ERR
156	0.303	0.551	ERR
157	0.575	0.551	ERR
158	0.303	0.567	ERR
159	0.713	0.607	ERR
160	0.574	0.590	ERR
161	0.445	0.577	ERR
162	0.871	0.621	OK
163	0.425	0.572	ERR
164	0.302	0.543	ERR
165	0.587	0.510	ERR
166	0.447	0.524	ERR
167	0.431	0.510	ERR
168	0.411	0.521	ERR
169	0.425	0.492	ERR
170	0.751	0.509	ERR
171	0.929	0.558	ERR
172	0.860	0.557	OK
173	0.611	0.575	ERR
174	0.894	0.635	ERR
175	0.457	0.622	ERR
176	0.895	0.666	ERR
177	0.573	0.681	ERR
178	0.575	0.697	ERR
179	0.453	0.700	ERR
180	0.759	0.701	ERR
181	0.748	0.683	ERR
182	0.899	0.687	ERR
183	0.742	0.700	ERR
184	0.581	0.668	ERR
185	0.317	0.654	ERR
186	0.609	0.626	ERR
187	0.722	0.641	ERR
188	0.600	0.643	ERR
189	0.878	0.685	ERR
190	0.444	0.654	ERR
191	0.868	0.666	OK
192	0.438	0.620	ERR
193	0.454	0.591	ERR
194	0.868	0.620	ERR
195	0.729	0.661	ERR
196	0.428	0.643	ERR
197	0.571	0.628	ERR
198	0.755	0.643	ERR
199	0.728	0.628	ERR
200	0.749	0.659	ERR
201	0.874	0.659	ERR
202	0.576	0.673	ERR
203	0.739	0.702	ERR
204	0.712	0.686	ERR
205	0.448	0.658	ERR
206	0.750	0.690	ERR
207	0.425	0.676	ERR
208	0.432	0.643	ERR
209	0.898	0.660	ERR
210	0.596	0.645	ERR
211	0.481	0.606	ERR
212	0.777	0.626	ERR
213	0.425	0.594	ERR
214	0.606	0.584	ERR
215	0.424	0.581	ERR
216	0.737	0.580	ERR
217	0.415	0.579	ERR
218	0.573	0.593	ERR
219	0.582	0.562	ERR
220	0.305	0.533	ERR
221	0.575	0.542	ERR
222	0.427	0.507	ERR
223	0.718	0.536	ERR
224	0.914	0.567	ERR
225	0.599	0.584	ERR
226	0.728	0.584	ERR
227	0.462	0.588	ERR
228	0.461	0.577	ERR
229	0.430	0.562	ERR
230	0.777	0.609	ERR
231	0.571	0.609	ERR
232	0.717	0.638	ERR
233	0.599	0.626	ERR
234	0.570	0.591	ERR
235	0.602	0.592	ERR
236	0.872	0.606	OK
237	0.573	0.617	ERR
238	0.736	0.645	ERR
239	0.893	0.691	ERR
240	0.605	0.674	ERR
241	0.444	0.661	ERR
242	0.575	0.647	ERR
243	0.303	0.617	ERR
244	0.581	0.618	ERR
245	0.599	0.618	ERR
246	0.914	0.622	ERR
247	0.314	0.596	ERR
248	0.734	0.596	ERR
249	0.304	0.537	ERR
250	0.572	0.534	ERR
251	0.450	0.535	ERR
252	0.923	0.569	ERR
253	0.896	0.629	ERR
254	0.580	0.629	ERR
255	0.409	0.610	ERR
256	0.694	0.588	ERR
257	0.573	0.613	ERR
258	0.763	0.616	ERR
259	0.576	0.644	ERR
260	0.458	0.632	ERR
261	0.565	0.644	ERR
262	0.884	0.640	OK
263	0.583	0.609	ERR
264	0.717	0.622	ERR
265	0.422	0.624	ERR
266	0.438	0.598	ERR
267	0.421	0.583	ERR
268	0.468	0.553	ERR
269	0.872	0.583	ERR
270	0.322	0.569	ERR
271	0.299	0.543	ERR
272	0.148	0.469	ERR
273	0.586	0.469	ERR
274	0.709	0.468	ERR
275	0.583	0.485	ERR
276	0.778	0.519	ERR
277	0.458	0.522	ERR
278	0.856	0.561	OK
279	0.422	0.516	ERR
280	0.718	0.556	ERR
281	0.299	0.556	ERR
282	0.737	0.615	ERR
283	0.302	0.586	ERR
284	0.589	0.574	ERR
285	0.890	0.605	ERR
286	0.421	0.569	ERR
287	0.598	0.583	ERR
288	0.883	0.586	ERR
289	0.290	0.573	ERR
290	0.444	0.545	ERR
291	0.872	0.603	OK
292	0.447	0.574	ERR
293	0.870	0.630	ERR
294	0.597	0.631	ERR
295	0.592	0.601	ERR
296	0.439	0.603	ERR
297	0.571	0.600	ERR
298	0.875	0.600	ERR
299	0.608	0.631	ERR
300	0.899	0.677	ERR
301	0.291	0.619	ERR
302	0.611	0.635	ERR
303	0.741	0.622	ERR
304	0.569	0.619	ERR
305	0.750	0.635	ERR
306	0.581	0.649	ERR
307	0.743	0.667	ERR
308	0.287	0.608	ERR
309	0.776	0.625	ERR
310	0.424	0.577	ERR
311	0.569	0.605	ERR
312	0.425	0.586	ERR
313	0.726	0.585	ERR
314	0.856	0.614	ERR
315	0.600	0.599	ERR
316	0.303	0.571	ERR
317	0.738	0.570	ERR
318	0.413	0.583	ERR
319	0.582	0.564	ERR
320	0.585	0.580	ERR
321	0.288	0.552	ERR
322	0.424	0.551	ERR
323	0.613	0.540	ERR
324	0.730	0.527	ERR
325	0.577	0.525	ERR
326	0.583	0.553	ERR
327	0.581	0.538	ERR
328	0.869	0.583	ERR
329	0.422	0.567	ERR
330	0.302	0.539	ERR
331	0.572	0.567	ERR
332	0.429	0.568	ERR
333	0.301	0.536	ERR
334	0.469	0.510	ERR
335	0.447	0.497	ERR
336	0.714	0.510	ERR
337	0.429	0.495	ERR
338	0.424	0.451	ERR
339	0.872	0.496	ERR
340	0.582	0.524	ERR
341	0.429	0.510	ERR
342	0.908	0.557	ERR
343	0.446	0.572	ERR
344	0.427	0.568	ERR
345	0.873	0.610	OK
346	0.739	0.613	ERR
347	0.461	0.616	ERR
348	0.617	0.635	ERR
349	0.593	0.607	ERR
350	0.411	0.590	ERR
351	0.574	0.605	ERR
352	0.740	0.588	ERR
353	0.141	0.557	ERR
354	0.422	0.557	ERR
355	0.318	0.502	ERR
356	0.553	0.483	ERR
357	0.425	0.479	ERR
358	0.302	0.448	ERR
359	0.582	0.447	ERR
360	0.889	0.494	OK
361	0.579	0.495	ERR
362	0.734	0.494	ERR
363	0.614	0.542	ERR
364	0.568	0.556	ERR
365	0.423	0.567	ERR
366	0.922	0.604	ERR
367	0.587	0.620	ERR
368	0.872	0.677	ERR
369	0.425	0.661	ERR
370	0.573	0.630	ERR
371	0.286	0.600	ERR
372	0.450	0.572	ERR
373	0.437	0.554	ERR
374	0.726	0.570	ERR
375	0.424	0.570	ERR
376	0.727	0.551	ERR
377	0.571	0.549	ERR
378	0.444	0.506	ERR
379	0.604	0.524	ERR
380	0.303	0.497	ERR
381	0.886	0.557	ERR
382	0.605	0.573	ERR
383	0.723	0.601	ERR
384	0.858	0.614	OK
385	0.895	0.662	ERR
386	0.723	0.661	ERR
387	0.425	0.646	ERR
388	0.423	0.644	ERR
389	0.722	0.656	ERR
390	0.571	0.683	ERR
391	0.589	0.653	ERR
392	0.729	0.666	ERR
393	0.574	0.651	ERR
394	0.422	0.607	ERR
395	0.448	0.563	ERR
396	0.426	0.533	ERR
397	0.303	0.521	ERR
398	0.423	0.521	ERR
399	0.447	0.493	ERR

---- Final results ----
400 NS requests
372 failed requests
28 success requests
241.962 ellapsed time
