#req	time (sec)	avg. time (sec)	mapping
0	0.918	0.000	OK
1	0.934	0.000	OK
2	0.920	0.000	OK
3	0.935	0.000	OK
4	0.940	0.000	OK
5	0.896	0.000	OK
6	0.942	0.000	OK
7	0.896	0.000	OK
8	2.748	0.000	OK
9	0.922	0.000	OK
10	0.900	1.103	OK
11	2.749	1.285	OK
12	4.634	1.656	OK
13	0.895	1.652	OK
14	0.885	1.647	OK
15	0.901	1.647	OK
16	0.885	1.641	OK
17	0.899	1.642	OK
18	2.781	1.645	OK
19	0.887	1.642	OK
20	0.909	1.642	OK
21	0.962	1.464	OK
22	0.903	1.091	OK
23	2.786	1.280	OK
24	0.877	1.279	OK
25	0.908	1.280	OK
26	0.912	1.283	OK
27	0.936	1.286	OK
28	0.925	1.101	OK
29	0.936	1.105	OK
30	2.777	1.292	OK
31	0.888	1.285	OK
32	2.801	1.475	OK
33	0.988	1.295	OK
34	2.777	1.485	OK
35	2.806	1.674	OK
36	0.917	1.675	OK
37	0.959	1.677	OK
38	0.918	1.677	OK
39	0.942	1.677	OK
40	2.823	1.682	OK
41	0.943	1.687	OK
42	2.799	1.687	OK
43	0.924	1.681	OK
44	0.916	1.495	OK
45	2.805	1.495	OK
46	0.940	1.497	OK
47	0.926	1.494	OK
48	2.808	1.683	OK
49	0.918	1.680	OK
50	0.917	1.490	OK
51	2.773	1.673	OK
52	0.951	1.488	OK
53	0.902	1.486	OK
54	0.952	1.489	OK
55	0.983	1.307	OK
56	2.799	1.493	OK
57	0.958	1.496	OK
58	0.909	1.306	OK
59	0.901	1.305	OK
60	0.889	1.302	OK
61	0.972	1.122	OK
62	0.969	1.123	OK
63	0.910	1.124	OK
64	0.896	1.119	OK
65	0.998	1.120	OK
66	1.015	0.942	OK
67	0.920	0.938	OK
68	0.964	0.943	OK
69	0.931	0.946	OK
70	0.938	0.951	OK
71	2.800	1.134	OK
72	2.847	1.322	OK
73	2.798	1.511	OK
74	0.920	1.513	OK
75	0.925	1.506	OK
76	0.892	1.493	OK
77	0.931	1.494	OK
78	0.928	1.491	OK
79	0.941	1.492	OK
80	0.968	1.495	OK
81	1.055	1.321	OK
82	2.778	1.314	OK
83	0.905	1.124	OK
84	2.812	1.314	OK
85	2.769	1.498	OK
86	1.169	1.526	OK
87	0.938	1.526	OK
88	2.950	1.729	OK
89	2.920	1.926	OK
90	0.939	1.923	OK
91	0.937	1.912	OK
92	0.958	1.730	OK
93	0.952	1.734	OK
94	0.999	1.553	OK
95	0.935	1.370	OK
96	3.181	1.571	OK
97	0.960	1.573	OK
98	0.944	1.372	OK
99	0.985	1.179	OK
100	0.943	1.179	OK
101	0.920	1.178	OK
102	0.911	1.173	OK
103	0.926	1.170	OK
104	2.868	1.357	OK
105	0.927	1.356	OK
106	0.923	1.131	OK
107	0.896	1.124	OK
108	0.931	1.123	OK
109	0.935	1.118	OK
110	1.095	1.133	OK
111	0.963	1.137	OK
112	0.898	1.136	OK
113	0.977	1.141	OK
114	0.941	0.949	OK
115	0.932	0.949	OK
116	0.940	0.951	OK
117	0.946	0.956	OK
118	0.969	0.960	OK
119	0.948	0.961	OK
120	0.968	0.948	OK
121	0.945	0.947	OK
122	0.926	0.949	OK
123	0.928	0.944	OK
124	2.804	1.131	OK
125	0.940	1.131	OK
126	0.928	1.130	OK
127	0.910	1.127	OK
128	0.941	1.124	OK
129	0.899	1.119	OK
130	1.263	1.148	OK
131	0.970	1.151	OK
132	2.814	1.340	OK
133	2.786	1.525	OK
134	0.966	1.342	OK
135	1.051	1.353	OK
136	2.819	1.542	OK
137	0.911	1.542	OK
138	2.813	1.729	OK
139	1.065	1.746	OK
140	0.942	1.714	OK
141	0.934	1.710	OK
142	0.928	1.521	OK
143	2.923	1.535	OK
144	0.929	1.531	OK
145	0.964	1.523	OK
146	0.928	1.334	OK
147	0.968	1.339	OK
148	1.029	1.161	OK
149	0.920	1.146	OK
150	0.903	1.143	OK
151	0.926	1.142	OK
152	4.748	1.524	OK
153	0.911	1.323	OK
154	0.992	1.329	OK
155	2.788	1.511	OK
156	0.962	1.515	OK
157	0.946	1.512	OK
158	0.951	1.505	OK
159	1.031	1.516	OK
160	0.986	1.524	OK
161	0.932	1.525	OK
162	0.913	1.141	OK
163	0.902	1.140	OK
164	3.153	1.356	OK
165	2.836	1.361	OK
166	0.968	1.362	OK
167	1.010	1.368	OK
168	0.928	1.366	OK
169	0.946	1.357	OK
170	0.979	1.357	OK
171	2.908	1.554	OK
172	0.905	1.553	OK
173	0.918	1.555	OK
174	3.016	1.541	OK
175	0.912	1.349	OK
176	0.950	1.347	OK
177	2.821	1.528	OK
178	0.927	1.528	OK
179	2.863	1.720	OK
180	0.926	1.715	OK
181	0.933	1.517	OK
182	0.952	1.522	OK
183	0.933	1.523	OK
184	0.907	1.313	OK
185	1.005	1.322	OK
186	0.902	1.317	OK
187	0.921	1.127	OK
188	0.918	1.126	OK
189	0.950	0.935	OK
190	0.990	0.941	OK
191	0.949	0.943	OK
192	0.924	0.940	OK
193	0.930	0.940	OK
194	0.911	0.940	OK
195	0.923	0.932	OK
196	0.926	0.934	OK
197	0.921	0.934	OK
198	1.044	0.947	OK
199	2.859	1.138	OK
200	1.024	1.141	OK
201	2.795	1.326	OK
202	0.973	1.331	OK
203	0.944	1.332	OK
204	0.903	1.331	OK
205	0.997	1.339	OK
206	0.994	1.345	OK
207	0.895	1.343	OK
208	0.932	1.332	OK
209	2.900	1.336	OK
210	0.922	1.326	OK
211	2.795	1.325	OK
212	1.199	1.348	OK
213	0.989	1.353	OK
214	0.984	1.361	OK
215	0.928	1.354	OK
216	2.908	1.545	OK
217	0.902	1.546	OK
218	1.045	1.557	OK
219	0.982	1.365	OK
220	4.764	1.750	OK
221	1.261	1.596	OK
222	1.066	1.583	OK
223	1.184	1.602	OK
224	0.915	1.595	OK
225	0.943	1.597	OK
226	1.100	1.416	OK
227	2.899	1.616	OK
228	1.063	1.618	OK
229	0.975	1.617	OK
230	1.367	1.277	OK
231	4.650	1.616	OK
232	0.925	1.602	OK
233	0.927	1.576	OK
234	0.915	1.576	OK
235	0.960	1.578	OK
236	0.976	1.566	OK
237	0.925	1.368	OK
238	0.991	1.361	OK
239	0.968	1.360	OK
240	2.808	1.505	OK
241	0.906	1.130	OK
242	0.959	1.134	OK
243	0.922	1.133	OK
244	2.878	1.329	OK
245	0.947	1.328	OK
246	0.985	1.329	OK
247	0.900	1.326	OK
248	0.965	1.324	OK
249	2.806	1.507	OK
250	0.923	1.319	OK
251	2.791	1.508	OK
252	4.678	1.879	OK
253	1.066	1.894	OK
254	1.100	1.716	OK
255	2.831	1.905	OK
256	0.946	1.901	OK
257	2.818	2.093	OK
258	0.993	2.095	OK
259	1.017	1.916	OK
260	0.910	1.915	OK
261	1.016	1.738	OK
262	0.969	1.367	OK
263	0.971	1.357	OK
264	2.805	1.528	OK
265	0.970	1.342	OK
266	0.931	1.340	OK
267	0.943	1.152	OK
268	0.901	1.143	OK
269	0.899	1.131	OK
270	0.965	1.137	OK
271	0.926	1.128	OK
272	1.133	1.144	OK
273	0.919	1.139	OK
274	2.879	1.147	OK
275	2.827	1.332	OK
276	1.011	1.340	OK
277	2.632	1.509	OK
278	1.033	1.523	OK
279	0.951	1.528	OK
280	4.983	1.930	OK
281	0.897	1.927	OK
282	0.993	1.913	OK
283	0.946	1.915	OK
284	1.027	1.730	OK
285	3.143	1.762	OK
286	0.941	1.755	OK
287	1.017	1.593	OK
288	0.955	1.585	OK
289	1.144	1.605	OK
290	1.177	1.224	OK
291	0.908	1.225	OK
292	0.961	1.222	OK
293	0.925	1.220	OK
294	0.944	1.212	OK
295	1.175	1.015	OK
296	1.182	1.039	OK
297	3.533	1.290	OK
298	0.915	1.286	OK
299	2.802	1.452	OK
300	3.185	1.653	OK
301	0.977	1.660	OK
302	0.963	1.660	OK
303	0.898	1.657	OK
304	0.992	1.662	OK
305	0.965	1.641	OK
306	0.940	1.617	OK
307	1.027	1.366	OK
308	1.130	1.388	OK
309	0.913	1.199	OK
310	0.927	0.973	OK
311	2.251	1.101	OK
312	1.152	1.119	OK
313	1.149	1.144	OK
314	0.955	1.141	OK
315	0.985	1.143	OK
316	2.821	1.331	OK
317	0.976	1.326	OK
318	0.922	1.305	OK
319	1.220	1.336	OK
320	0.952	1.338	OK
321	0.993	1.212	OK
322	1.062	1.204	OK
323	0.918	1.180	OK
324	0.966	1.182	OK
325	1.056	1.189	OK
326	2.842	1.191	OK
327	0.968	1.190	OK
328	0.924	1.190	OK
329	0.942	1.162	OK
330	2.853	1.352	OK
331	0.928	1.346	OK
332	0.949	1.335	OK
333	0.953	1.338	OK
334	2.823	1.524	OK
335	0.965	1.515	OK
336	0.925	1.323	OK
337	0.943	1.321	OK
338	0.933	1.321	OK
339	1.035	1.331	OK
340	0.973	1.143	OK
341	1.216	1.172	OK
342	0.911	1.168	OK
343	2.885	1.361	OK
344	4.685	1.547	OK
345	1.137	1.564	OK
346	0.973	1.569	OK
347	1.056	1.580	OK
348	1.029	1.590	OK
349	1.174	1.604	OK
350	0.925	1.599	OK
351	0.930	1.571	OK
352	1.146	1.594	OK
353	0.921	1.398	OK
354	3.051	1.234	OK
355	0.923	1.213	OK
356	2.811	1.397	OK
357	0.965	1.387	OK
358	2.405	1.525	OK
359	0.909	1.499	OK
360	1.085	1.514	OK
361	1.510	1.572	OK
362	0.967	1.555	OK
363	1.171	1.580	OK
364	0.931	1.368	OK
365	0.993	1.375	OK
366	0.951	1.189	OK
367	0.906	1.183	OK
368	0.953	1.038	OK
369	1.684	1.115	OK
370	3.007	1.307	OK
371	1.580	1.314	OK
372	0.960	1.314	OK
373	1.670	1.364	OK
374	2.815	1.552	OK
375	0.996	1.552	OK
376	0.968	1.554	OK
377	1.650	1.628	OK
378	1.049	1.638	OK
379	1.138	1.583	OK
380	1.554	1.438	OK
381	2.895	1.569	OK
382	0.942	1.568	OK
383	2.812	1.682	OK
384	1.714	1.572	OK
385	1.003	1.572	OK
386	0.992	1.575	OK
387	4.862	1.896	OK
388	1.031	1.894	OK
389	2.837	2.064	OK
390	0.946	2.003	OK
391	1.461	1.860	OK
392	0.914	1.857	OK
393	0.952	1.671	OK
394	1.385	1.638	OK
395	0.969	1.635	OK
396	0.990	1.635	OK
397	0.911	1.240	OK
398	0.897	1.226	OK
399	0.955	1.038	OK

---- Final results ----
400 NS requests
0 failed requests
400 success requests
555.623 ellapsed time
