#req	time (sec)	avg. time (sec)	mapping
0	0.682	0.000	ERR
1	0.833	0.000	ERR
2	0.840	0.000	ERR
3	0.402	0.000	ERR
4	0.430	0.000	ERR
5	0.559	0.000	ERR
6	0.702	0.000	ERR
7	0.559	0.000	ERR
8	0.544	0.000	ERR
9	0.402	0.000	ERR
10	0.553	0.582	ERR
11	0.299	0.529	ERR
12	0.839	0.529	ERR
13	0.575	0.546	ERR
14	0.864	0.590	ERR
15	0.839	0.618	ERR
16	0.401	0.588	ERR
17	0.551	0.587	ERR
18	0.426	0.575	ERR
19	0.431	0.578	ERR
20	0.555	0.578	ERR
21	0.698	0.618	ERR
22	0.430	0.577	ERR
23	0.576	0.577	ERR
24	0.426	0.533	ERR
25	0.539	0.503	ERR
26	0.560	0.519	ERR
27	0.568	0.521	ERR
28	0.301	0.508	ERR
29	0.407	0.506	ERR
30	0.818	0.532	ERR
31	0.819	0.544	ERR
32	0.820	0.583	ERR
33	0.836	0.609	OK
34	0.433	0.610	ERR
35	0.690	0.625	ERR
36	0.706	0.640	ERR
37	0.541	0.637	ERR
38	0.541	0.661	ERR
39	0.423	0.663	ERR
40	0.831	0.664	ERR
41	0.839	0.666	ERR
42	0.559	0.640	ERR
43	0.839	0.640	OK
44	0.406	0.638	ERR
45	0.869	0.655	ERR
46	0.404	0.625	ERR
47	0.299	0.601	ERR
48	0.548	0.602	ERR
49	0.580	0.617	ERR
50	0.828	0.617	ERR
51	0.422	0.575	ERR
52	0.700	0.589	ERR
53	0.547	0.560	ERR
54	0.718	0.591	ERR
55	0.701	0.575	ERR
56	0.440	0.578	ERR
57	0.709	0.619	ERR
58	0.554	0.620	ERR
59	0.411	0.603	ERR
60	0.844	0.605	OK
61	0.567	0.619	ERR
62	0.709	0.620	ERR
63	0.693	0.635	ERR
64	0.704	0.633	ERR
65	0.879	0.651	ERR
66	0.553	0.662	ERR
67	0.719	0.663	ERR
68	0.698	0.678	ERR
69	0.698	0.706	ERR
70	0.403	0.662	ERR
71	0.408	0.646	ERR
72	0.553	0.631	ERR
73	0.548	0.616	ERR
74	0.562	0.602	ERR
75	0.848	0.599	ERR
76	0.544	0.598	ERR
77	0.588	0.585	ERR
78	0.542	0.569	ERR
79	0.686	0.568	ERR
80	0.541	0.582	ERR
81	0.854	0.627	ERR
82	0.559	0.627	ERR
83	0.267	0.599	ERR
84	0.692	0.612	ERR
85	0.303	0.558	ERR
86	0.691	0.572	ERR
87	0.306	0.544	ERR
88	0.403	0.530	ERR
89	0.684	0.530	ERR
90	0.699	0.546	ERR
91	0.835	0.544	OK
92	0.429	0.531	ERR
93	0.555	0.560	ERR
94	0.692	0.560	ERR
95	0.288	0.558	ERR
96	0.850	0.574	ERR
97	0.414	0.585	ERR
98	0.292	0.574	ERR
99	0.742	0.580	ERR
100	0.849	0.595	OK
101	0.550	0.566	ERR
102	0.403	0.563	ERR
103	0.698	0.578	ERR
104	0.402	0.549	ERR
105	0.834	0.603	OK
106	0.829	0.601	OK
107	0.832	0.643	ERR
108	0.433	0.657	ERR
109	0.824	0.665	OK
110	0.696	0.650	ERR
111	0.266	0.622	ERR
112	0.867	0.668	ERR
113	0.405	0.639	ERR
114	0.835	0.682	OK
115	0.841	0.683	OK
116	0.543	0.654	ERR
117	0.822	0.653	OK
118	0.441	0.654	ERR
119	0.711	0.643	ERR
120	0.710	0.644	ERR
121	0.833	0.701	ERR
122	0.310	0.645	ERR
123	0.421	0.647	ERR
124	0.302	0.593	ERR
125	0.405	0.550	ERR
126	0.557	0.551	ERR
127	0.403	0.509	ERR
128	0.845	0.550	ERR
129	0.397	0.518	ERR
130	0.553	0.503	ERR
131	0.848	0.504	ERR
132	0.403	0.513	ERR
133	0.395	0.511	ERR
134	0.547	0.535	ERR
135	0.411	0.536	ERR
136	0.288	0.509	ERR
137	0.282	0.497	ERR
138	0.551	0.468	ERR
139	0.863	0.514	ERR
140	0.688	0.528	ERR
141	0.563	0.499	ERR
142	0.570	0.516	ERR
143	0.718	0.548	ERR
144	0.403	0.534	ERR
145	0.289	0.521	ERR
146	0.833	0.576	ERR
147	0.557	0.604	ERR
148	0.134	0.562	ERR
149	0.547	0.530	ERR
150	0.404	0.502	ERR
151	0.562	0.502	ERR
152	0.693	0.514	ERR
153	0.871	0.529	ERR
154	0.754	0.565	ERR
155	0.550	0.591	ERR
156	0.723	0.580	ERR
157	0.288	0.553	ERR
158	0.897	0.629	ERR
159	0.706	0.645	ERR
160	0.582	0.663	ERR
161	0.752	0.682	ERR
162	0.852	0.697	ERR
163	0.418	0.652	ERR
164	0.881	0.665	ERR
165	0.564	0.666	ERR
166	0.720	0.666	ERR
167	0.731	0.710	ERR
168	0.412	0.662	ERR
169	0.890	0.680	ERR
170	0.564	0.678	ERR
171	0.438	0.647	ERR
172	0.760	0.638	ERR
173	0.571	0.653	ERR
174	0.895	0.655	ERR
175	0.299	0.628	ERR
176	0.772	0.633	ERR
177	0.300	0.590	ERR
178	0.576	0.607	ERR
179	0.869	0.604	ERR
180	0.712	0.619	ERR
181	0.565	0.632	ERR
182	0.446	0.600	ERR
183	0.300	0.573	ERR
184	0.589	0.543	ERR
185	0.868	0.600	ERR
186	0.755	0.598	ERR
187	0.709	0.639	ERR
188	0.590	0.640	ERR
189	0.841	0.637	OK
190	0.438	0.610	ERR
191	0.855	0.639	ERR
192	0.462	0.641	ERR
193	0.416	0.652	ERR
194	0.559	0.649	ERR
195	0.709	0.633	ERR
196	0.568	0.615	ERR
197	0.864	0.630	OK
198	0.276	0.599	ERR
199	0.725	0.587	ERR
200	0.561	0.599	ERR
201	0.709	0.585	ERR
202	0.414	0.580	ERR
203	0.607	0.599	ERR
204	0.288	0.572	ERR
205	0.554	0.557	ERR
206	0.311	0.531	ERR
207	0.556	0.500	ERR
208	0.274	0.500	ERR
209	0.870	0.514	ERR
210	0.568	0.515	ERR
211	0.713	0.516	ERR
212	0.474	0.521	ERR
213	0.715	0.532	ERR
214	0.581	0.562	ERR
215	0.839	0.590	OK
216	0.443	0.603	ERR
217	0.406	0.588	ERR
218	0.850	0.646	ERR
219	0.415	0.600	ERR
220	0.415	0.585	ERR
221	0.416	0.555	ERR
222	0.844	0.592	ERR
223	0.693	0.590	ERR
224	0.575	0.590	ERR
225	0.308	0.536	ERR
226	0.865	0.579	OK
227	0.277	0.566	ERR
228	0.859	0.567	ERR
229	0.449	0.570	ERR
230	0.702	0.599	ERR
231	0.411	0.598	ERR
232	0.696	0.583	ERR
233	0.876	0.602	ERR
234	0.853	0.630	OK
235	0.596	0.658	ERR
236	0.447	0.617	ERR
237	0.421	0.631	ERR
238	0.868	0.632	ERR
239	0.470	0.634	ERR
240	0.311	0.595	ERR
241	0.734	0.627	ERR
242	0.857	0.643	ERR
243	0.564	0.612	ERR
244	0.425	0.569	ERR
245	0.588	0.568	ERR
246	0.405	0.564	ERR
247	0.710	0.593	ERR
248	0.731	0.579	ERR
249	0.298	0.562	ERR
250	0.859	0.617	OK
251	0.690	0.613	ERR
252	0.562	0.583	ERR
253	0.836	0.610	ERR
254	0.268	0.595	ERR
255	0.420	0.578	ERR
256	0.700	0.607	ERR
257	0.269	0.563	ERR
258	0.699	0.560	ERR
259	0.540	0.584	ERR
260	0.838	0.582	ERR
261	0.541	0.567	ERR
262	0.425	0.554	ERR
263	0.409	0.511	ERR
264	0.307	0.515	ERR
265	0.571	0.530	ERR
266	0.419	0.502	ERR
267	0.296	0.505	ERR
268	0.297	0.464	ERR
269	0.719	0.482	ERR
270	0.440	0.443	ERR
271	0.853	0.474	OK
272	0.318	0.463	ERR
273	0.594	0.482	ERR
274	0.557	0.507	ERR
275	0.411	0.491	ERR
276	0.741	0.523	ERR
277	0.417	0.535	ERR
278	0.735	0.579	ERR
279	0.295	0.536	ERR
280	0.567	0.549	ERR
281	0.564	0.520	ERR
282	0.601	0.548	ERR
283	0.702	0.559	ERR
284	0.402	0.543	ERR
285	0.444	0.547	ERR
286	0.885	0.561	ERR
287	0.561	0.576	ERR
288	0.752	0.577	ERR
289	0.896	0.637	ERR
290	0.729	0.654	ERR
291	0.297	0.627	ERR
292	0.579	0.625	ERR
293	0.893	0.644	ERR
294	0.418	0.645	ERR
295	0.592	0.660	ERR
296	0.291	0.601	ERR
297	0.413	0.586	ERR
298	0.323	0.543	ERR
299	0.296	0.483	ERR
300	0.297	0.440	ERR
301	0.290	0.439	ERR
302	0.448	0.426	ERR
303	0.846	0.421	OK
304	0.567	0.436	ERR
305	0.863	0.463	ERR
306	0.419	0.476	ERR
307	0.723	0.507	ERR
308	0.441	0.519	ERR
309	0.840	0.573	OK
310	0.702	0.614	ERR
311	0.435	0.628	ERR
312	0.720	0.656	ERR
313	0.578	0.629	ERR
314	0.558	0.628	ERR
315	0.710	0.612	ERR
316	0.561	0.627	ERR
317	0.852	0.640	ERR
318	0.413	0.637	ERR
319	0.443	0.597	ERR
320	0.856	0.612	ERR
321	0.294	0.598	ERR
322	0.447	0.571	ERR
323	0.580	0.571	ERR
324	0.727	0.588	ERR
325	0.712	0.588	ERR
326	0.861	0.618	ERR
327	0.416	0.575	ERR
328	0.867	0.620	OK
329	0.460	0.622	ERR
330	0.561	0.592	ERR
331	0.430	0.606	ERR
332	0.321	0.594	ERR
333	0.573	0.593	ERR
334	0.750	0.595	ERR
335	0.422	0.566	ERR
336	0.408	0.521	ERR
337	0.458	0.525	ERR
338	0.720	0.510	ERR
339	0.830	0.547	ERR
340	0.835	0.575	ERR
341	0.700	0.602	ERR
342	0.563	0.626	ERR
343	0.736	0.642	ERR
344	0.604	0.628	ERR
345	0.442	0.630	ERR
346	0.313	0.620	ERR
347	0.736	0.648	ERR
348	0.853	0.661	OK
349	0.598	0.638	ERR
350	0.433	0.598	ERR
351	0.417	0.569	ERR
352	0.720	0.585	ERR
353	0.861	0.598	OK
354	0.733	0.611	ERR
355	0.710	0.637	ERR
356	0.587	0.665	ERR
357	0.562	0.647	ERR
358	0.858	0.648	ERR
359	0.708	0.659	ERR
360	0.737	0.689	ERR
361	0.867	0.734	ERR
362	0.706	0.733	ERR
363	0.871	0.734	ERR
364	0.573	0.718	ERR
365	0.592	0.706	ERR
366	0.602	0.708	ERR
367	0.418	0.693	ERR
368	0.568	0.664	ERR
369	0.856	0.679	OK
370	0.460	0.651	ERR
371	0.416	0.606	ERR
372	0.730	0.609	ERR
373	0.856	0.607	ERR
374	0.297	0.580	ERR
375	0.720	0.592	ERR
376	0.725	0.605	ERR
377	0.298	0.593	ERR
378	0.460	0.582	ERR
379	0.746	0.571	ERR
380	0.589	0.584	ERR
381	0.568	0.599	ERR
382	0.295	0.555	ERR
383	0.911	0.561	ERR
384	0.310	0.562	ERR
385	0.565	0.547	ERR
386	0.581	0.532	ERR
387	0.417	0.544	ERR
388	0.299	0.528	ERR
389	0.421	0.496	ERR
390	0.776	0.514	ERR
391	0.586	0.516	ERR
392	0.862	0.573	OK
393	0.563	0.538	ERR
394	0.879	0.595	ERR
395	0.466	0.585	ERR
396	0.864	0.613	ERR
397	0.881	0.660	ERR
398	0.316	0.661	ERR
399	0.564	0.676	ERR

---- Final results ----
400 NS requests
375 failed requests
25 success requests
236.325 ellapsed time
