#req	time (sec)	avg. time (sec)	mapping
0	25.866	0.000	OK
1	21.343	0.000	OK
2	19.509	0.000	OK
3	17.479	0.000	OK
4	14.898	0.000	OK
5	15.767	0.000	OK
6	19.421	0.000	OK
7	14.661	0.000	OK
8	24.303	0.000	OK
9	18.902	0.000	OK
10	13.809	18.009	OK
11	16.557	17.531	OK
12	28.562	18.436	OK
13	17.637	18.452	OK
14	14.740	18.436	OK
15	20.250	18.884	OK
16	13.925	18.335	OK
17	15.398	18.408	OK
18	20.897	18.068	OK
19	13.824	17.560	OK
20	14.407	17.620	OK
21	23.040	18.268	OK
22	23.577	17.770	OK
23	22.137	18.220	OK
24	21.627	18.908	OK
25	19.431	18.826	OK
26	18.791	19.313	OK
27	17.374	19.510	OK
28	17.901	19.211	OK
29	16.495	19.478	OK
30	21.789	20.216	OK
31	19.900	19.902	OK
32	24.980	20.042	OK
33	17.929	19.622	OK
34	20.256	19.485	OK
35	23.840	19.926	OK
36	13.557	19.402	OK
37	31.144	20.779	OK
38	19.224	20.911	OK
39	21.348	21.397	OK
40	24.455	21.663	OK
41	20.766	21.750	OK
42	23.069	21.559	OK
43	18.047	21.571	OK
44	18.036	21.349	OK
45	16.962	20.661	OK
46	20.441	21.349	OK
47	18.228	20.058	OK
48	20.769	20.212	OK
49	20.098	20.087	OK
50	23.559	19.998	OK
51	16.956	19.616	OK
52	21.196	19.429	OK
53	21.408	19.765	OK
54	25.837	20.545	OK
55	21.468	20.996	OK
56	24.301	21.382	OK
57	24.529	22.012	OK
58	17.668	21.702	OK
59	18.473	21.539	OK
60	12.867	20.470	OK
61	21.145	20.889	OK
62	17.497	20.519	OK
63	16.523	20.031	OK
64	22.762	19.723	OK
65	17.331	19.309	OK
66	19.262	18.806	OK
67	19.699	18.323	OK
68	24.162	18.972	OK
69	16.889	18.814	OK
70	16.580	19.185	OK
71	16.943	18.765	OK
72	26.521	19.667	OK
73	23.000	20.315	OK
74	20.390	20.078	OK
75	20.294	20.374	OK
76	16.802	20.128	OK
77	21.655	20.324	OK
78	21.872	20.095	OK
79	16.494	20.055	OK
80	23.911	20.788	OK
81	32.174	22.311	OK
82	17.476	21.407	OK
83	18.747	20.982	OK
84	27.201	21.663	OK
85	18.133	21.447	OK
86	46.229	24.389	OK
87	22.960	24.520	OK
88	28.076	25.140	OK
89	26.048	26.096	OK
90	23.729	26.077	OK
91	16.349	24.495	OK
92	16.918	24.439	OK
93	20.207	24.585	OK
94	20.631	23.928	OK
95	15.214	23.636	OK
96	56.037	24.617	OK
97	24.177	24.738	OK
98	23.638	24.295	OK
99	20.637	23.754	OK
100	16.423	23.023	OK
101	19.580	23.346	OK
102	18.615	23.516	OK
103	14.646	22.960	OK
104	25.185	23.415	OK
105	13.874	23.281	OK
106	19.665	19.644	OK
107	20.227	19.249	OK
108	15.189	18.404	OK
109	21.261	18.467	OK
110	33.144	20.139	OK
111	16.432	19.824	OK
112	14.725	19.435	OK
113	27.023	20.673	OK
114	13.622	19.516	OK
115	13.417	19.471	OK
116	25.049	20.009	OK
117	23.333	20.319	OK
118	22.845	21.085	OK
119	15.365	20.495	OK
120	21.406	19.322	OK
121	21.138	19.792	OK
122	18.591	20.179	OK
123	20.009	19.477	OK
124	19.944	20.110	OK
125	24.064	21.174	OK
126	20.340	20.703	OK
127	12.478	19.618	OK
128	27.224	20.056	OK
129	23.532	20.873	OK
130	44.761	23.208	OK
131	25.832	23.678	OK
132	23.309	24.149	OK
133	19.937	24.142	OK
134	20.112	24.159	OK
135	37.236	25.476	OK
136	17.117	25.154	OK
137	19.887	25.895	OK
138	15.423	24.715	OK
139	21.024	24.464	OK
140	22.953	22.283	OK
141	18.055	21.505	OK
142	25.091	21.684	OK
143	32.857	22.976	OK
144	20.570	23.021	OK
145	19.197	21.217	OK
146	12.605	20.766	OK
147	14.918	20.269	OK
148	19.000	20.627	OK
149	14.621	19.987	OK
150	14.199	19.111	OK
151	15.854	18.891	OK
152	29.852	19.367	OK
153	17.817	17.863	OK
154	19.868	17.793	OK
155	14.440	17.317	OK
156	25.285	18.585	OK
157	19.213	19.015	OK
158	17.458	18.861	OK
159	45.574	21.956	OK
160	20.686	22.605	OK
161	22.859	23.305	OK
162	19.018	22.222	OK
163	19.971	22.437	OK
164	27.916	23.242	OK
165	15.265	23.324	OK
166	21.050	22.901	OK
167	15.617	22.541	OK
168	17.868	22.582	OK
169	20.195	20.044	OK
170	23.107	20.286	OK
171	30.112	21.012	OK
172	15.017	20.612	OK
173	17.671	20.382	OK
174	45.731	22.163	OK
175	21.414	22.778	OK
176	23.041	22.977	OK
177	20.161	23.432	OK
178	14.190	23.064	OK
179	21.088	23.153	OK
180	23.712	23.214	OK
181	21.757	22.378	OK
182	21.817	23.058	OK
183	19.251	23.216	OK
184	16.667	20.310	OK
185	26.730	20.841	OK
186	14.316	19.969	OK
187	15.794	19.532	OK
188	18.068	19.920	OK
189	16.800	19.491	OK
190	16.724	18.792	OK
191	15.916	18.208	OK
192	15.779	17.604	OK
193	15.867	17.266	OK
194	17.507	17.350	OK
195	19.674	16.644	OK
196	18.835	17.096	OK
197	16.957	17.213	OK
198	25.052	17.911	OK
199	22.209	18.452	OK
200	44.390	21.219	OK
201	22.491	21.876	OK
202	18.451	22.143	OK
203	19.614	22.518	OK
204	18.827	22.650	OK
205	30.999	23.783	OK
206	22.678	24.167	OK
207	20.351	24.506	OK
208	19.131	23.914	OK
209	18.487	23.542	OK
210	20.330	21.136	OK
211	16.120	20.499	OK
212	47.609	23.415	OK
213	26.572	24.110	OK
214	19.983	24.226	OK
215	19.554	23.081	OK
216	22.415	23.055	OK
217	16.001	22.620	OK
218	25.385	23.246	OK
219	14.368	22.834	OK
220	29.129	23.714	OK
221	57.846	27.886	OK
222	24.081	25.533	OK
223	39.102	26.786	OK
224	17.162	26.504	OK
225	22.687	26.818	OK
226	38.478	28.424	OK
227	27.758	29.600	OK
228	24.961	29.557	OK
229	25.614	30.682	OK
230	65.853	34.354	OK
231	24.711	31.041	OK
232	25.380	31.171	OK
233	16.245	28.885	OK
234	14.578	28.627	OK
235	17.016	28.059	OK
236	16.596	25.871	OK
237	19.716	25.067	OK
238	21.636	24.735	OK
239	22.105	24.384	OK
240	20.462	19.844	OK
241	13.672	18.741	OK
242	25.582	18.761	OK
243	18.250	18.961	OK
244	26.722	20.176	OK
245	18.579	20.332	OK
246	29.317	21.604	OK
247	18.823	21.515	OK
248	25.395	21.891	OK
249	20.921	21.772	OK
250	21.645	21.891	OK
251	18.670	22.390	OK
252	25.624	22.395	OK
253	21.316	22.701	OK
254	43.106	24.340	OK
255	29.751	25.457	OK
256	20.179	24.543	OK
257	26.648	25.325	OK
258	26.584	25.444	OK
259	21.353	25.488	OK
260	16.609	24.984	OK
261	25.390	25.656	OK
262	21.264	25.220	OK
263	22.352	25.324	OK
264	16.563	22.669	OK
265	21.128	21.807	OK
266	16.714	21.460	OK
267	27.565	21.552	OK
268	17.462	20.640	OK
269	12.824	19.787	OK
270	25.104	20.637	OK
271	19.519	20.049	OK
272	46.477	22.571	OK
273	17.674	22.103	OK
274	30.325	23.479	OK
275	24.727	23.839	OK
276	22.307	24.399	OK
277	70.751	28.717	OK
278	44.728	31.444	OK
279	18.935	32.055	OK
280	44.609	34.005	OK
281	14.676	33.521	OK
282	29.795	31.853	OK
283	17.912	31.877	OK
284	20.259	30.870	OK
285	58.095	34.207	OK
286	16.595	33.636	OK
287	25.584	29.119	OK
288	30.104	27.657	OK
289	48.490	30.612	OK
290	20.335	28.185	OK
291	16.534	28.370	OK
292	23.813	27.772	OK
293	14.601	27.441	OK
294	19.453	27.360	OK
295	43.977	25.949	OK
296	48.545	29.144	OK
297	45.577	31.143	OK
298	18.121	29.945	OK
299	19.530	27.049	OK
300	56.827	30.698	OK
301	18.001	30.845	OK
302	23.893	30.852	OK
303	11.339	30.526	OK
304	19.962	30.577	OK
305	20.790	28.259	OK
306	15.563	24.960	OK
307	18.577	22.260	OK
308	43.330	24.781	OK
309	17.681	24.596	OK
310	14.723	20.386	OK
311	47.278	23.314	OK
312	26.406	23.565	OK
313	51.123	27.544	OK
314	15.505	27.098	OK
315	32.748	28.294	OK
316	21.107	28.848	OK
317	19.264	28.917	OK
318	14.763	26.060	OK
319	38.129	28.105	OK
320	21.161	28.749	OK
321	18.922	25.913	OK
322	20.897	25.362	OK
323	15.489	21.799	OK
324	16.476	21.896	OK
325	43.653	22.986	OK
326	19.022	22.778	OK
327	17.237	22.575	OK
328	13.751	22.474	OK
329	14.078	20.069	OK
330	22.750	20.227	OK
331	21.966	20.532	OK
332	23.302	20.772	OK
333	19.290	21.153	OK
334	19.760	21.481	OK
335	20.323	19.148	OK
336	24.835	19.729	OK
337	22.347	20.240	OK
338	22.052	21.071	OK
339	43.489	24.012	OK
340	18.483	23.585	OK
341	46.043	25.993	OK
342	24.266	26.089	OK
343	30.559	27.216	OK
344	20.440	27.284	OK
345	42.836	29.535	OK
346	26.532	29.705	OK
347	20.649	29.535	OK
348	16.059	28.936	OK
349	22.183	26.805	OK
350	26.538	27.610	OK
351	21.639	25.170	OK
352	25.084	25.252	OK
353	15.036	23.700	OK
354	45.941	26.250	OK
355	18.376	23.804	OK
356	17.684	22.919	OK
357	20.335	22.887	OK
358	58.839	27.165	OK
359	19.685	26.916	OK
360	45.897	28.852	OK
361	69.811	33.669	OK
362	26.222	33.783	OK
363	43.416	36.621	OK
364	12.916	33.318	OK
365	17.064	33.187	OK
366	24.318	33.850	OK
367	16.012	33.418	OK
368	23.914	29.926	OK
369	41.260	32.083	OK
370	55.452	33.038	OK
371	49.691	31.026	OK
372	20.049	30.409	OK
373	56.056	31.673	OK
374	18.689	32.250	OK
375	27.979	33.342	OK
376	18.048	32.715	OK
377	25.368	33.651	OK
378	46.540	35.913	OK
379	24.266	34.214	OK
380	51.226	33.791	OK
381	27.270	31.549	OK
382	16.414	31.186	OK
383	19.473	27.527	OK
384	45.365	30.195	OK
385	26.427	30.040	OK
386	21.359	30.371	OK
387	22.891	30.123	OK
388	22.614	27.730	OK
389	25.562	27.860	OK
390	19.648	24.702	OK
391	20.794	24.055	OK
392	12.918	23.705	OK
393	17.198	23.478	OK
394	62.370	25.178	OK
395	19.389	24.474	OK
396	15.562	23.895	OK
397	14.366	23.042	OK
398	17.096	22.490	OK
399	23.051	22.239	OK

---- Final results ----
400 NS requests
0 failed requests
400 success requests
9404.771 ellapsed time
