#req	time (sec)	avg. time (sec)	mapping
0	16.023	0.000	OK
1	14.110	0.000	OK
2	13.537	0.000	OK
3	11.796	0.000	OK
4	13.725	0.000	OK
5	11.551	0.000	OK
6	21.247	0.000	OK
7	11.455	0.000	OK
8	21.376	0.000	OK
9	11.038	0.000	OK
10	17.483	14.732	OK
11	12.803	14.601	OK
12	16.225	14.870	OK
13	12.665	14.957	OK
14	19.326	15.517	OK
15	15.217	15.883	OK
16	18.351	15.594	OK
17	11.998	15.648	OK
18	16.498	15.160	OK
19	14.432	15.500	OK
20	15.213	15.273	OK
21	14.743	15.467	OK
22	14.073	15.252	OK
23	19.565	15.942	OK
24	15.270	15.536	OK
25	11.612	15.175	OK
26	12.540	14.594	OK
27	17.219	15.116	OK
28	15.235	14.990	OK
29	12.895	14.836	OK
30	17.834	15.098	OK
31	12.027	14.827	OK
32	21.764	15.596	OK
33	17.068	15.346	OK
34	14.461	15.265	OK
35	15.791	15.683	OK
36	9.843	15.413	OK
37	16.362	15.328	OK
38	11.024	14.907	OK
39	14.476	15.065	OK
40	21.596	15.441	OK
41	13.479	15.586	OK
42	17.220	15.132	OK
43	9.780	14.403	OK
44	14.402	14.397	OK
45	18.030	14.621	OK
46	16.390	15.276	OK
47	11.623	14.802	OK
48	12.850	14.985	OK
49	15.282	15.065	OK
50	13.627	14.268	OK
51	17.754	14.696	OK
52	16.180	14.592	OK
53	19.380	15.552	OK
54	13.658	15.477	OK
55	27.787	16.453	OK
56	16.581	16.472	OK
57	17.974	17.107	OK
58	11.502	16.972	OK
59	11.553	16.600	OK
60	13.970	16.634	OK
61	13.402	16.199	OK
62	23.601	16.941	OK
63	15.326	16.535	OK
64	16.507	16.820	OK
65	19.039	15.945	OK
66	19.541	16.241	OK
67	18.171	16.261	OK
68	21.429	17.254	OK
69	15.428	17.641	OK
70	21.794	18.424	OK
71	18.029	18.887	OK
72	16.070	18.133	OK
73	14.139	18.015	OK
74	14.073	17.771	OK
75	12.449	17.112	OK
76	14.655	16.624	OK
77	12.933	16.100	OK
78	11.693	15.126	OK
MEJORA: 22 better than: 20
MEJORA: 20 better than: 16
79	14.674	15.051	OK
80	17.745	14.646	OK
81	19.317	14.775	OK
82	12.856	14.453	OK
MEJORA: 22 better than: 20
MEJORA: 20 better than: 16
83	16.666	14.706	OK
84	24.275	15.726	OK
85	15.396	16.021	OK
86	30.688	17.624	OK
87	16.588	17.990	OK
88	17.467	18.567	OK
89	21.594	19.259	OK
90	21.525	19.637	OK
91	14.064	19.112	OK
92	15.386	19.365	OK
93	12.977	18.996	OK
94	15.403	18.109	OK
95	20.511	18.620	OK
MEJORA: 21 better than: 19
96	42.512	19.803	OK
97	15.391	19.683	OK
98	17.036	19.640	OK
99	16.216	19.102	OK
100	12.636	18.213	OK
101	17.457	18.552	OK
102	11.561	18.170	OK
103	11.496	18.022	OK
104	21.652	18.647	OK
105	13.952	17.991	OK
106	14.033	15.143	OK
107	12.725	14.876	OK
108	19.517	15.124	OK
109	14.591	14.962	OK
110	18.581	15.556	OK
111	17.678	15.578	OK
112	10.808	15.503	OK
113	23.658	16.719	OK
114	9.779	15.532	OK
115	10.862	15.223	OK
116	18.106	15.630	OK
117	12.930	15.651	OK
118	13.678	15.067	OK
119	16.798	15.288	OK
120	16.784	15.108	OK
121	14.608	14.801	OK
122	11.079	14.828	OK
123	18.083	14.271	OK
124	21.592	15.452	OK
125	16.987	16.065	OK
126	14.055	15.659	OK
127	16.418	16.008	OK
128	19.853	16.626	OK
129	16.083	16.554	OK
MEJORA: 25 better than: 24
MEJORA: 24 better than: 21
130	33.225	18.198	OK
131	17.565	18.494	OK
132	17.748	19.161	OK
133	21.020	19.455	OK
134	17.601	19.055	OK
MEJORA: 29 better than: 27
MEJORA: 27 better than: 25
135	26.216	19.978	OK
136	12.581	19.831	OK
137	15.516	19.741	OK
138	16.882	19.444	OK
139	14.506	19.286	OK
140	15.682	17.532	OK
141	13.184	17.094	OK
142	15.129	16.832	OK
143	20.337	16.764	OK
144	13.102	16.314	OK
145	14.352	15.127	OK
146	10.652	14.934	OK
147	18.186	15.201	OK
148	19.953	15.508	OK
149	19.197	15.978	OK
150	11.421	15.551	OK
151	11.389	15.372	OK
152	20.426	15.901	OK
153	15.003	15.368	OK
154	14.458	15.504	OK
155	16.744	15.743	OK
156	13.472	16.025	OK
157	20.204	16.227	OK
158	12.224	15.454	OK
MEJORA: 25 better than: 23
MEJORA: 23 better than: 21
159	31.569	16.691	OK
160	16.036	17.152	OK
161	13.879	17.401	OK
162	14.814	16.840	OK
163	14.673	16.807	OK
164	31.591	18.521	OK
165	14.126	18.259	OK
166	15.141	18.426	OK
167	14.437	17.849	OK
168	19.208	18.547	OK
169	18.022	17.193	OK
MEJORA: 22 better than: 20
170	12.824	16.871	OK
171	19.554	17.439	OK
172	16.024	17.560	OK
173	12.511	17.344	OK
174	33.387	17.523	OK
175	15.621	17.673	OK
176	14.906	17.649	OK
177	21.126	18.318	OK
178	10.885	17.486	OK
179	17.740	17.458	OK
180	16.022	17.777	OK
181	13.328	17.155	OK
182	16.033	17.156	OK
183	20.191	17.924	OK
184	22.113	16.796	OK
185	17.078	16.942	OK
186	12.522	16.704	OK
187	10.868	15.678	OK
188	12.540	15.843	OK
189	11.969	15.266	OK
190	12.604	14.925	OK
191	12.710	14.863	OK
192	11.402	14.400	OK
193	11.922	13.573	OK
194	13.094	12.671	OK
MEJORA: 22 better than: 20
MEJORA: 20 better than: 16
195	14.412	12.404	OK
196	11.394	12.292	OK
197	11.210	12.326	OK
198	18.290	12.901	OK
199	17.005	13.404	OK
MEJORA: 27 better than: 25
MEJORA: 25 better than: 23
200	30.772	15.221	OK
201	13.955	15.346	OK
202	14.539	15.659	OK
MEJORA: 22 better than: 20
MEJORA: 20 better than: 16
203	16.362	16.103	OK
204	13.879	16.182	OK
205	27.355	17.476	OK
206	21.185	18.455	OK
207	18.130	19.147	OK
208	11.479	18.466	OK
209	16.519	18.418	OK
210	16.885	17.029	OK
211	15.417	17.175	OK
MEJORA: 21 better than: 19
212	34.062	19.127	OK
213	28.177	20.309	OK
214	18.646	20.786	OK
215	13.783	19.428	OK
216	19.696	19.279	OK
217	18.225	19.289	OK
MEJORA: 22 better than: 20
218	24.284	20.569	OK
219	15.328	20.450	OK
220	18.311	20.593	OK
221	41.898	23.241	OK
222	18.943	21.729	OK
MEJORA: 25 better than: 21
223	31.855	22.097	OK
224	14.367	21.669	OK
225	16.775	21.968	OK
MEJORA: 29 better than: 25
MEJORA: 25 better than: 23
226	26.987	22.697	OK
227	19.500	22.825	OK
MEJORA: 27 better than: 25
MEJORA: 25 better than: 23
228	27.509	23.147	OK
229	15.954	23.210	OK
230	45.794	25.958	OK
231	17.665	23.535	OK
232	16.335	23.274	OK
233	14.703	21.559	OK
234	19.150	22.037	OK
235	13.094	21.669	OK
236	15.443	20.515	OK
237	17.155	20.280	OK
238	15.571	19.086	OK
239	23.427	19.834	OK
240	11.859	16.440	OK
241	9.485	15.622	OK
242	16.323	15.621	OK
243	12.518	15.403	OK
244	18.950	15.383	OK
245	12.632	15.336	OK
246	17.658	15.558	OK
247	13.672	15.210	OK
248	13.386	14.991	OK
249	14.128	14.061	OK
250	19.100	14.785	OK
251	17.643	15.601	OK
252	15.952	15.564	OK
253	28.337	17.146	OK
MEJORA: 23 better than: 21
254	30.819	18.333	OK
255	21.055	19.175	OK
256	13.152	18.724	OK
257	17.537	19.111	OK
258	16.768	19.449	OK
MEJORA: 20 better than: 18
259	20.298	20.066	OK
260	12.501	19.406	OK
261	16.381	19.280	OK
262	11.821	18.867	OK
263	17.399	17.773	OK
264	12.174	15.909	OK
265	11.946	14.998	OK
266	23.037	15.986	OK
MEJORA: 20 better than: 18
267	18.298	16.062	OK
268	16.057	15.991	OK
269	9.574	14.919	OK
270	17.586	15.427	OK
271	14.542	15.243	OK
MEJORA: 31 better than: 27
MEJORA: 27 better than: 23
272	33.325	17.394	OK
273	12.522	16.906	OK
274	17.311	17.420	OK
275	13.483	17.573	OK
276	20.894	17.359	OK
277	49.349	20.464	OK
MEJORA: 25 better than: 23
278	31.546	22.013	OK
279	15.628	22.618	OK
280	33.286	24.188	OK
281	16.027	24.337	OK
282	27.207	23.725	OK
283	20.420	24.515	OK
284	22.257	25.010	OK
MEJORA: 23 better than: 21
285	44.807	28.142	OK
286	18.041	27.857	OK
287	19.282	24.850	OK
288	26.176	24.313	OK
289	34.573	26.208	OK
MEJORA: 27 better than: 25
290	19.486	24.828	OK
291	11.267	24.352	OK
292	13.286	22.959	OK
293	16.507	22.568	OK
294	16.974	22.040	OK
295	30.945	20.654	OK
MEJORA: 21 better than: 19
296	34.491	22.299	OK
297	31.957	23.566	OK
298	11.253	22.074	OK
299	16.893	20.306	OK
MEJORA: 21 better than: 19
300	41.800	22.537	OK
301	14.048	22.815	OK
302	17.731	23.260	OK
303	11.410	22.750	OK
304	18.366	22.889	OK
305	17.633	21.558	OK
306	15.356	19.645	OK
307	20.053	18.454	OK
308	29.195	20.249	OK
309	19.141	20.473	OK
310	11.401	17.433	OK
MEJORA: 29 better than: 27
MEJORA: 27 better than: 23
311	37.478	19.777	OK
MEJORA: 33 better than: 31
MEJORA: 31 better than: 29
MEJORA: 29 better than: 27
312	28.041	20.808	OK
313	34.450	23.111	OK
314	17.871	23.062	OK
315	23.978	23.696	OK
316	19.251	24.086	OK
317	15.009	23.582	OK
MEJORA: 22 better than: 20
MEJORA: 20 better than: 16
318	18.328	22.495	OK
MEJORA: 21 better than: 19
319	25.885	23.169	OK
320	16.249	23.654	OK
MEJORA: 22 better than: 20
321	14.013	21.308	OK
MEJORA: 27 better than: 23
322	22.418	20.745	OK
323	11.367	18.437	OK
324	15.132	18.163	OK
325	30.095	18.775	OK
MEJORA: 22 better than: 20
326	23.222	19.172	OK
327	19.496	19.621	OK
328	9.609	18.749	OK
329	11.400	17.300	OK
330	20.219	17.697	OK
331	13.957	17.691	OK
332	17.609	17.211	OK
333	13.587	17.433	OK
334	21.157	18.035	OK
335	15.793	16.605	OK
336	13.454	15.628	OK
337	20.161	15.695	OK
338	13.894	16.123	OK
339	30.335	18.017	OK
340	13.707	17.365	OK
341	35.270	19.497	OK
342	15.021	19.238	OK
343	24.334	20.312	OK
344	16.057	19.802	OK
MEJORA: 27 better than: 25
MEJORA: 25 better than: 23
MEJORA: 23 better than: 21
345	31.503	21.373	OK
346	22.329	22.261	OK
347	24.286	22.673	OK
348	13.178	22.602	OK
349	22.093	21.778	OK
350	18.834	22.290	OK
351	16.988	20.462	OK
MEJORA: 27 better than: 25
MEJORA: 25 better than: 23
352	28.571	21.817	OK
353	11.268	20.511	OK
MEJORA: 27 better than: 25
MEJORA: 25 better than: 23
354	34.539	22.359	OK
355	15.243	20.733	OK
356	13.206	19.821	OK
357	12.528	18.645	OK
358	43.853	21.712	OK
359	15.500	21.053	OK
360	31.158	22.285	OK
MEJORA: 27 better than: 25
361	50.808	25.667	OK
362	19.624	24.773	OK
MEJORA: 21 better than: 19
363	32.925	26.938	OK
364	15.462	25.031	OK
365	19.239	25.430	OK
366	12.809	25.391	OK
367	12.414	25.379	OK
368	16.079	22.602	OK
MEJORA: 22 better than: 19
369	30.589	24.111	OK
MEJORA: 37 better than: 35
MEJORA: 35 better than: 29
MEJORA: 29 better than: 27
MEJORA: 27 better than: 25
370	39.003	24.895	OK
MEJORA: 27 better than: 26
MEJORA: 26 better than: 23
371	36.905	23.505	OK
372	14.934	23.036	OK
373	41.519	23.895	OK
374	20.138	24.363	OK
375	21.117	24.551	OK
376	19.157	25.186	OK
377	21.117	26.056	OK
MEJORA: 33 better than: 29
MEJORA: 29 better than: 28
378	33.090	27.757	OK
MEJORA: 23 better than: 21
379	23.653	27.063	OK
MEJORA: 27 better than: 23
380	34.732	26.636	OK
381	29.231	25.869	OK
382	12.644	25.640	OK
383	21.132	23.601	OK
MEJORA: 24 better than: 21
384	30.644	24.652	OK
385	17.112	24.251	OK
386	13.852	23.721	OK
387	21.418	23.751	OK
388	17.665	22.208	OK
389	17.557	21.599	OK
390	15.966	19.722	OK
391	20.670	18.866	OK
392	14.702	19.072	OK
393	23.255	19.284	OK
394	46.038	20.824	OK
395	15.666	20.679	OK
396	14.015	20.695	OK
397	10.600	19.613	OK
398	13.492	19.196	OK
399	12.592	18.700	OK

---- Final results ----
400 NS requests
0 failed requests
400 success requests
7381.362 ellapsed time
