#req	time (sec)	avg. time (sec)	mapping
0	4.108	0.000	OK
1	11.155	0.000	OK
2	11.201	0.000	OK
3	14.741	0.000	OK
4	14.761	0.000	OK
5	5.839	0.000	OK
6	6.038	0.000	OK
7	3.878	0.000	OK
8	5.882	0.000	OK
9	11.109	0.000	OK
10	5.834	9.044	OK
11	9.419	8.870	OK
12	11.332	8.883	OK
13	3.980	7.807	OK
14	5.749	6.906	OK
15	7.518	7.074	OK
16	7.581	7.228	OK
MEJORA: 20 better than: 18
17	3.957	7.236	OK
18	7.655	7.413	OK
19	2.099	6.512	OK
20	12.847	7.214	OK
21	4.148	6.687	OK
22	2.185	5.772	OK
23	5.885	5.963	OK
24	2.201	5.608	OK
25	11.082	5.964	OK
26	11.111	6.317	OK
27	11.206	7.042	OK
28	12.905	7.567	OK
29	11.212	8.478	OK
30	7.693	7.963	OK
31	2.178	7.766	OK
32	14.878	9.035	OK
33	2.413	8.688	OK
MEJORA: 18 better than: 16
34	7.664	9.234	OK
35	14.933	9.619	OK
36	12.959	9.804	OK
37	16.840	10.368	OK
38	7.506	9.828	OK
39	11.268	9.833	OK
40	7.794	9.843	OK
41	4.075	10.033	OK
MEJORA: 18 better than: 16
42	7.736	9.319	OK
43	12.960	10.373	OK
44	11.123	10.719	OK
45	9.483	10.174	OK
46	7.663	9.645	OK
47	7.613	8.722	OK
48	5.895	8.561	OK
49	4.011	7.835	OK
50	9.351	7.991	OK
51	4.012	7.985	OK
52	4.183	7.629	OK
53	2.233	6.557	OK
54	14.813	6.926	OK
55	4.314	6.409	OK
56	14.884	7.131	OK
57	11.384	7.508	OK
58	3.922	7.311	OK
59	5.773	7.487	OK
60	2.183	6.770	OK
61	4.197	6.789	OK
62	2.445	6.615	OK
63	9.379	7.330	OK
64	3.978	6.246	OK
65	6.127	6.427	OK
MEJORA: 24 better than: 22
66	5.998	5.539	OK
67	11.251	5.525	OK
68	6.074	5.741	OK
69	4.070	5.570	OK
70	9.630	6.315	OK
71	5.907	6.486	OK
72	9.624	7.204	OK
73	5.890	6.855	OK
74	2.221	6.679	OK
75	11.281	7.194	OK
76	3.979	6.993	OK
77	9.372	6.805	OK
78	5.788	6.776	OK
79	4.181	6.787	OK
MEJORA: 22 better than: 20
80	5.903	6.414	OK
MEJORA: 22 better than: 18
81	8.155	6.639	OK
82	5.910	6.268	OK
83	2.264	5.905	OK
84	7.933	6.476	OK
85	5.910	5.939	OK
MEJORA: 27 better than: 25
86	3.977	5.939	OK
87	4.225	5.425	OK
88	9.846	5.830	OK
89	9.697	6.382	OK
90	4.037	6.195	OK
91	5.797	5.960	OK
92	4.072	5.776	OK
93	7.576	6.307	OK
94	2.463	5.760	OK
95	4.093	5.579	OK
96	13.020	6.483	OK
97	14.893	7.550	OK
98	2.339	6.799	OK
99	11.396	6.969	OK
100	7.629	7.328	OK
101	4.045	7.153	OK
102	5.759	7.322	OK
103	4.022	6.966	OK
104	6.040	7.324	OK
MEJORA: 20 better than: 18
105	3.989	7.313	OK
MEJORA: 14 better than: 12
106	4.047	6.416	OK
107	3.906	5.317	OK
108	5.878	5.671	OK
109	2.351	4.767	OK
MEJORA: 24 better than: 20
110	8.060	4.810	OK
MEJORA: 24 better than: 22
MEJORA: 22 better than: 20
111	4.039	4.809	OK
112	2.148	4.448	OK
113	6.049	4.651	OK
114	12.946	5.341	OK
115	11.182	6.061	OK
116	4.142	6.070	OK
117	11.235	6.803	OK
118	9.526	7.168	OK
119	9.400	7.873	OK
120	11.425	8.209	OK
MEJORA: 24 better than: 22
121	2.365	8.042	OK
122	4.012	8.228	OK
123	11.303	8.753	OK
124	5.914	8.050	OK
125	4.175	7.350	OK
126	9.388	7.874	OK
127	9.413	7.692	OK
128	16.652	8.405	OK
129	7.571	8.222	OK
130	5.843	7.664	OK
131	9.610	8.388	OK
132	14.974	9.484	OK
133	5.990	8.953	OK
134	9.652	9.327	OK
135	6.929	9.602	OK
136	5.966	9.260	OK
137	2.231	8.542	OK
MEJORA: 18 better than: 16
138	7.751	7.652	OK
139	7.990	7.694	OK
140	18.388	8.948	OK
141	4.207	8.408	OK
142	2.290	7.139	OK
143	6.291	7.170	OK
144	7.612	6.966	OK
145	5.978	6.871	OK
146	11.189	7.393	OK
147	7.832	7.953	OK
MEJORA: 30 better than: 28
MEJORA: 28 better than: 26
148	8.017	7.980	OK
149	4.002	7.581	OK
150	5.742	6.316	OK
151	5.908	6.486	OK
152	8.116	7.069	OK
153	2.231	6.663	OK
154	2.434	6.145	OK
155	16.711	7.218	OK
156	14.896	7.589	OK
157	7.736	7.579	OK
158	11.294	7.907	OK
MEJORA: 27 better than: 25
159	6.493	8.156	OK
160	11.435	8.725	OK
161	4.113	8.546	OK
162	2.213	7.956	OK
163	2.135	7.946	OK
164	6.421	8.345	OK
165	9.505	7.624	OK
166	9.576	7.092	OK
MEJORA: 30 better than: 26
167	4.297	6.748	OK
168	3.940	6.013	OK
169	4.009	5.764	OK
170	9.456	5.566	OK
171	7.844	5.939	OK
172	5.780	6.296	OK
MEJORA: 16 better than: 14
173	3.984	6.481	OK
MEJORA: 31 better than: 29
174	5.034	6.342	OK
175	5.972	5.989	OK
176	11.250	6.156	OK
177	6.055	6.332	OK
178	7.636	6.702	OK
MEJORA: 16 better than: 14
179	4.155	6.717	OK
180	4.075	6.178	OK
181	4.112	5.805	OK
182	16.688	6.896	OK
183	7.719	7.270	OK
184	2.393	7.006	OK
185	4.412	6.850	OK
186	3.969	6.122	OK
187	7.592	6.275	OK
188	4.189	5.931	OK
189	7.761	6.291	OK
190	7.846	6.668	OK
191	11.314	7.388	OK
192	5.938	6.313	OK
193	9.419	6.483	OK
194	7.660	7.010	OK
195	2.257	6.794	OK
196	4.064	6.804	OK
197	7.623	6.807	OK
198	8.012	7.189	OK
199	4.483	6.862	OK
200	6.302	6.707	OK
201	11.299	6.706	OK
MEJORA: 26 better than: 22
202	5.950	6.707	OK
MEJORA: 24 better than: 20
203	11.324	6.897	OK
204	4.050	6.536	OK
MEJORA: 22 better than: 20
205	4.364	6.747	OK
206	4.326	6.773	OK
207	5.814	6.592	OK
208	9.479	6.739	OK
209	9.769	7.268	OK
210	4.143	7.052	OK
211	4.032	6.325	OK
212	7.837	6.514	OK
213	2.590	5.640	OK
MEJORA: 24 better than: 22
214	2.359	5.471	OK
215	11.234	6.158	OK
MEJORA: 24 better than: 20
216	15.178	7.243	OK
217	5.873	7.249	OK
MEJORA: 26 better than: 24
218	6.127	6.914	OK
219	2.391	6.176	OK
MEJORA: 24 better than: 20
220	8.008	6.563	OK
221	7.823	6.942	OK
MEJORA: 24 better than: 22
222	15.358	7.694	OK
MEJORA: 27 better than: 25
MEJORA: 25 better than: 23
223	7.476	8.183	OK
224	2.269	8.174	OK
MEJORA: 20 better than: 16
225	4.145	7.465	OK
MEJORA: 35 better than: 33
MEJORA: 33 better than: 31
MEJORA: 31 better than: 29
226	8.261	6.773	OK
227	6.164	6.802	OK
MEJORA: 29 better than: 27
MEJORA: 27 better than: 23
228	4.612	6.651	OK
229	16.724	8.084	OK
MEJORA: 30 better than: 28
MEJORA: 28 better than: 26
230	18.711	9.154	OK
231	16.676	10.040	OK
232	5.978	9.102	OK
233	4.033	8.757	OK
234	2.186	8.749	OK
MEJORA: 24 better than: 22
MEJORA: 22 better than: 20
235	4.029	8.737	OK
236	9.475	8.859	OK
237	4.029	8.645	OK
MEJORA: 32 better than: 28
238	2.419	8.426	OK
239	6.194	7.373	OK
240	5.917	6.094	OK
241	2.138	4.640	OK
242	4.227	4.465	OK
243	4.133	4.475	OK
244	13.338	5.590	OK
245	11.236	6.311	OK
246	13.194	6.682	OK
247	2.181	6.498	OK
248	14.890	7.745	OK
249	9.526	8.078	OK
250	2.213	7.708	OK
MEJORA: 18 better than: 16
251	16.542	9.148	OK
252	11.348	9.860	OK
253	7.426	10.189	OK
MEJORA: 31 better than: 29
254	8.576	9.713	OK
255	7.819	9.371	OK
256	4.084	8.460	OK
257	6.125	8.855	OK
MEJORA: 30 better than: 28
258	6.085	7.974	OK
259	2.488	7.271	OK
260	9.384	7.988	OK
261	4.307	6.764	OK
262	5.928	6.222	OK
263	2.348	5.714	OK
264	9.483	5.805	OK
265	7.760	5.799	OK
266	4.177	5.808	OK
267	9.542	6.150	OK
268	2.162	5.758	OK
269	12.788	6.788	OK
270	9.530	6.803	OK
271	2.392	6.611	OK
MEJORA: 33 better than: 31
MEJORA: 31 better than: 29
272	8.033	6.822	OK
273	4.071	6.994	OK
MEJORA: 20 better than: 18
274	11.439	7.189	OK
275	10.978	7.511	OK
276	4.027	7.496	OK
MEJORA: 30 better than: 27
277	8.090	7.351	OK
278	6.341	7.769	OK
279	17.978	8.288	OK
280	17.388	9.074	OK
281	5.617	9.396	OK
282	4.180	9.011	OK
283	4.101	9.014	OK
MEJORA: 24 better than: 20
284	2.373	8.107	OK
285	12.171	8.227	OK
MEJORA: 26 better than: 22
286	2.190	8.043	OK
287	4.173	7.651	OK
288	2.519	7.269	OK
289	6.206	6.092	OK
MEJORA: 39 better than: 37
MEJORA: 37 better than: 35
290	11.608	5.514	OK
291	2.126	5.165	OK
MEJORA: 30 better than: 28
MEJORA: 28 better than: 26
292	11.201	5.867	OK
MEJORA: 14 better than: 12
293	3.946	5.851	OK
294	10.978	6.712	OK
MEJORA: 31 better than: 29
295	9.173	6.412	OK
296	7.908	6.984	OK
MEJORA: 29 better than: 19
297	7.149	7.281	OK
298	5.625	7.592	OK
299	9.308	7.902	OK
MEJORA: 30 better than: 27
MEJORA: 27 better than: 23
300	9.085	7.650	OK
301	2.293	7.667	OK
302	7.582	7.305	OK
303	5.579	7.468	OK
304	5.880	6.958	OK
305	9.402	6.981	OK
306	5.757	6.766	OK
307	4.292	6.480	OK
308	7.381	6.656	OK
309	2.121	5.937	OK
310	14.410	6.470	OK
MEJORA: 31 better than: 29
MEJORA: 29 better than: 27
MEJORA: 27 better than: 25
311	6.302	6.871	OK
312	9.691	7.082	OK
MEJORA: 25 better than: 23
313	8.999	7.423	OK
314	10.972	7.933	OK
315	4.267	7.419	OK
316	5.792	7.423	OK
MEJORA: 20 better than: 18
317	2.194	7.213	OK
318	16.267	8.101	OK
MEJORA: 27 better than: 23
MEJORA: 23 better than: 19
319	7.009	8.590	OK
MEJORA: 20 better than: 18
320	4.063	7.555	OK
MEJORA: 30 better than: 26
321	9.491	7.874	OK
MEJORA: 27 better than: 23
322	2.499	7.155	OK
323	3.937	6.649	OK
324	14.509	7.003	OK
325	6.486	7.225	OK
326	6.005	7.246	OK
MEJORA: 18 better than: 16
327	14.685	8.495	OK
328	10.927	7.961	OK
329	9.221	8.182	OK
330	4.195	8.196	OK
331	7.470	7.993	OK
MEJORA: 22 better than: 18
MEJORA: 18 better than: 16
332	4.061	8.150	OK
333	10.958	8.852	OK
334	5.907	7.991	OK
335	7.632	8.106	OK
336	12.766	8.782	OK
337	5.885	7.902	OK
338	9.263	7.736	OK
MEJORA: 29 better than: 27
339	3.988	7.213	OK
340	4.153	7.208	OK
341	5.956	7.057	OK
342	4.161	7.067	OK
343	6.119	6.583	OK
344	9.352	6.928	OK
345	6.809	6.845	OK
346	2.445	5.813	OK
MEJORA: 24 better than: 22
347	11.412	6.366	OK
MEJORA: 24 better than: 22
348	5.887	6.028	OK
MEJORA: 33 better than: 31
MEJORA: 31 better than: 29
349	11.682	6.797	OK
350	7.742	7.156	OK
351	7.439	7.305	OK
MEJORA: 29 better than: 25
352	6.363	7.525	OK
353	7.453	7.658	OK
354	10.037	7.727	OK
355	2.154	7.261	OK
356	4.035	7.420	OK
357	2.297	6.509	OK
MEJORA: 27 better than: 25
358	6.708	6.591	OK
359	2.151	5.638	OK
360	8.566	5.720	OK
MEJORA: 24 better than: 21
361	17.401	6.717	OK
362	5.998	6.680	OK
363	5.098	6.445	OK
364	3.923	5.833	OK
MEJORA: 20 better than: 18
365	11.143	6.732	OK
366	9.286	7.257	OK
367	2.139	7.241	OK
368	10.996	7.670	OK
MEJORA: 23 better than: 21
MEJORA: 21 better than: 19
369	11.342	8.589	OK
MEJORA: 35 better than: 29
370	13.500	9.083	OK
MEJORA: 36 better than: 34
MEJORA: 34 better than: 33
MEJORA: 33 better than: 32
MEJORA: 32 better than: 31
371	8.052	8.148	OK
372	2.395	7.788	OK
MEJORA: 33 better than: 31
MEJORA: 31 better than: 29
MEJORA: 29 better than: 27
373	16.131	8.891	OK
374	5.758	9.074	OK
375	6.045	8.564	OK
376	5.867	8.223	OK
MEJORA: 24 better than: 21
377	6.821	8.691	OK
MEJORA: 33 better than: 29
378	7.727	8.364	OK
MEJORA: 27 better than: 23
379	4.710	7.701	OK
MEJORA: 36 better than: 34
MEJORA: 34 better than: 33
380	10.228	7.373	OK
381	6.217	7.190	OK
382	10.999	8.050	OK
383	5.808	7.018	OK
MEJORA: 26 better than: 23
MEJORA: 23 better than: 21
384	5.022	6.944	OK
MEJORA: 18 better than: 16
385	14.599	7.800	OK
MEJORA: 24 better than: 20
386	4.040	7.617	OK
387	9.574	7.892	OK
388	5.879	7.707	OK
389	5.890	7.826	OK
390	2.198	7.022	OK
MEJORA: 36 better than: 33
MEJORA: 33 better than: 29
391	6.957	7.097	OK
392	5.810	6.578	OK
393	3.666	6.364	OK
394	8.650	6.726	OK
395	2.152	5.482	OK
MEJORA: 24 better than: 20
396	4.026	5.480	OK
397	2.129	4.736	OK
MEJORA: 24 better than: 22
398	3.959	4.544	OK
399	2.260	4.181	OK

---- Final results ----
400 NS requests
0 failed requests
400 success requests
2886.241 ellapsed time
