#req	time (sec)	avg. time (sec)	mapping
0	0.144	0.000	ERR
1	1.505	0.000	OK
2	6.049	0.000	OK
3	12.393	0.000	OK
4	6.234	0.000	OK
5	4.413	0.000	OK
6	0.100	0.000	ERR
7	8.996	0.000	OK
8	10.296	0.000	OK
9	7.828	0.000	OK
10	0.252	5.807	ERR
11	1.920	5.848	OK
12	6.423	5.886	OK
13	4.537	5.100	OK
14	0.947	4.571	OK
15	3.066	4.437	OK
16	4.556	4.882	OK
17	1.542	4.137	OK
18	0.240	3.131	ERR
19	6.535	3.002	OK
20	2.968	3.273	OK
21	2.723	3.354	OK
22	5.799	3.291	OK
23	2.558	3.093	OK
24	2.807	3.279	OK
25	0.196	2.992	ERR
26	1.136	2.650	OK
27	13.375	3.834	OK
28	0.095	3.819	ERR
29	1.236	3.289	OK
30	0.151	3.008	ERR
31	5.262	3.261	OK
32	2.129	2.894	OK
33	6.824	3.321	OK
34	4.864	3.527	OK
35	1.403	3.647	OK
36	4.755	4.009	OK
37	0.969	2.769	OK
38	11.262	3.885	OK
39	4.424	4.204	OK
40	7.587	4.948	OK
41	2.970	4.719	OK
42	8.563	5.362	OK
43	3.763	5.056	OK
44	0.169	4.587	ERR
45	1.991	4.645	OK
46	0.208	4.191	ERR
47	2.468	4.340	OK
48	8.748	4.089	OK
49	0.159	3.662	ERR
50	0.095	2.913	ERR
51	3.070	2.923	OK
52	1.564	2.224	OK
53	0.137	1.861	ERR
54	3.183	2.162	OK
55	0.067	1.970	ERR
56	1.655	2.115	OK
57	2.219	2.090	OK
58	4.015	1.617	OK
59	3.639	1.965	OK
60	5.785	2.533	OK
61	6.808	2.907	OK
62	6.256	3.376	OK
63	0.083	3.371	ERR
64	6.811	3.734	OK
65	1.430	3.870	OK
66	1.258	3.830	ERR
67	0.126	3.621	ERR
68	4.878	3.707	OK
69	1.899	3.533	OK
70	0.158	2.971	ERR
71	1.068	2.397	OK
72	0.888	1.860	OK
73	12.512	3.103	OK
74	5.051	2.927	OK
75	5.771	3.361	OK
76	0.017	3.237	ERR
77	0.173	3.242	ERR
78	1.159	2.870	OK
79	0.187	2.698	ERR
80	1.370	2.820	OK
81	0.065	2.719	ERR
82	5.052	3.136	OK
83	5.769	2.461	OK
84	9.790	2.935	OK
85	11.272	3.485	OK
86	1.289	3.613	OK
87	7.414	4.337	OK
88	8.702	5.091	OK
89	1.428	5.215	ERR
90	1.307	5.209	OK
91	0.213	5.224	ERR
92	10.513	5.770	OK
93	9.139	6.107	OK
94	0.168	5.145	ERR
95	6.200	4.637	OK
96	4.565	4.965	OK
97	3.545	4.578	OK
98	0.215	3.729	ERR
99	0.180	3.604	ERR
100	1.398	3.614	OK
101	0.123	3.605	ERR
102	0.113	2.564	ERR
103	0.076	1.658	ERR
104	4.308	2.072	OK
105	0.161	1.468	ERR
106	1.889	1.201	OK
107	0.138	0.860	ERR
108	0.277	0.866	OK
109	0.131	0.862	ERR
110	1.648	0.887	OK
111	4.226	1.297	OK
112	3.096	1.595	OK
113	0.447	1.632	ERR
114	1.605	1.362	OK
115	0.231	1.369	ERR
116	1.872	1.367	OK
117	4.016	1.755	OK
118	1.056	1.833	OK
119	0.009	1.821	ERR
120	4.050	2.061	OK
121	0.127	1.651	ERR
122	5.635	1.905	OK
123	3.768	2.237	OK
124	11.193	3.196	OK
125	7.429	3.916	OK
126	3.078	4.036	OK
127	0.184	3.653	ERR
128	1.719	3.719	OK
129	14.779	5.196	OK
130	2.230	5.014	OK
131	0.749	5.076	ERR
132	0.475	4.560	ERR
133	0.435	4.227	ERR
134	3.688	3.476	OK
135	4.492	3.183	OK
136	1.450	3.020	ERR
137	3.008	3.302	OK
138	7.974	3.928	OK
139	0.508	2.501	ERR
140	0.202	2.298	ERR
141	0.158	2.239	ERR
142	0.978	2.289	ERR
143	1.726	2.418	OK
144	9.025	2.952	OK
145	0.152	2.518	ERR
146	0.018	2.375	ERR
147	2.022	2.276	OK
148	1.376	1.617	OK
149	1.621	1.728	OK
150	5.629	2.271	OK
151	0.167	2.271	ERR
152	13.988	3.572	OK
153	1.922	3.592	OK
154	0.959	2.785	OK
155	0.181	2.788	ERR
156	0.547	2.841	ERR
157	1.156	2.754	ERR
158	1.873	2.804	OK
159	0.263	2.668	ERR
160	5.293	2.635	OK
161	0.308	2.649	OK
162	0.130	1.263	ERR
163	0.031	1.074	ERR
164	6.595	1.638	OK
165	0.112	1.631	ERR
166	0.066	1.583	ERR
167	0.547	1.522	ERR
168	6.173	1.952	OK
169	2.735	2.199	OK
170	0.142	1.684	ERR
171	1.540	1.807	OK
172	3.996	2.194	OK
173	5.539	2.744	OK
174	2.673	2.352	OK
175	9.340	3.275	OK
176	1.934	3.462	OK
177	0.018	3.409	ERR
178	2.995	3.091	OK
179	0.021	2.820	ERR
180	0.984	2.904	ERR
181	1.306	2.880	OK
182	1.272	2.608	OK
183	12.546	3.309	OK
184	2.788	3.320	OK
185	1.599	2.546	OK
186	3.809	2.734	OK
187	0.044	2.736	ERR
188	0.591	2.496	ERR
189	7.530	3.247	OK
190	3.188	3.467	OK
191	7.653	4.102	OK
192	3.034	4.278	OK
193	0.126	3.036	ERR
194	2.756	3.033	OK
195	0.129	2.886	ERR
196	10.571	3.562	OK
197	1.030	3.661	OK
198	0.091	3.611	ERR
199	0.163	2.874	ERR
200	3.025	2.858	OK
201	0.277	2.120	OK
202	0.371	1.854	OK
203	4.022	2.244	OK
204	6.401	2.608	OK
205	0.010	2.596	ERR
206	2.566	1.796	OK
207	0.019	1.695	ERR
208	6.080	2.293	OK
209	4.497	2.727	OK
210	8.902	3.314	OK
211	0.622	3.349	ERR
212	1.329	3.445	OK
213	1.309	3.173	OK
214	4.938	3.027	OK
215	5.994	3.626	OK
216	8.917	4.261	OK
217	6.354	4.894	OK
218	0.188	4.305	ERR
219	0.096	3.865	ERR
220	0.071	2.982	ERR
221	0.725	2.992	OK
222	5.101	3.369	OK
223	2.053	3.444	OK
224	0.123	2.962	ERR
225	1.537	2.516	OK
226	0.272	1.652	ERR
227	0.020	1.019	ERR
228	0.115	1.011	ERR
229	8.851	1.887	OK
230	0.773	1.957	ERR
231	0.915	1.976	OK
232	4.462	1.912	OK
233	6.955	2.402	OK
234	0.093	2.399	ERR
235	1.503	2.396	OK
236	0.625	2.431	ERR
237	8.497	3.279	OK
238	1.071	3.375	OK
239	0.044	2.494	ERR
240	2.050	2.622	OK
241	0.365	2.567	ERR
242	3.478	2.468	OK
243	0.563	1.829	ERR
244	1.978	2.018	ERR
245	7.737	2.641	OK
246	7.436	3.322	OK
247	0.123	2.485	ERR
248	0.948	2.472	ERR
249	0.724	2.540	OK
250	0.042	2.339	ERR
251	2.916	2.595	OK
252	2.098	2.457	OK
253	0.356	2.436	ERR
254	0.078	2.246	ERR
255	1.948	1.667	OK
256	2.691	1.192	OK
257	8.453	2.025	OK
258	1.574	2.088	OK
259	2.265	2.242	OK
260	4.433	2.681	OK
261	9.164	3.306	OK
262	0.076	3.104	ERR
263	0.017	3.070	ERR
264	0.735	3.136	OK
265	9.239	3.865	OK
266	1.657	3.761	OK
267	0.117	2.928	ERR
268	3.501	3.121	OK
269	1.391	3.033	OK
270	1.368	2.727	OK
271	0.516	1.862	ERR
272	7.757	2.630	OK
273	1.438	2.772	OK
274	0.095	2.708	ERR
275	1.151	1.899	OK
276	0.133	1.747	ERR
277	7.108	2.446	OK
278	0.184	2.114	ERR
279	1.085	2.084	ERR
280	4.210	2.368	OK
281	8.171	3.133	OK
282	6.371	2.995	OK
283	3.070	3.158	OK
284	0.162	3.165	ERR
285	0.157	3.065	ERR
286	0.361	3.088	OK
287	0.352	2.412	ERR
288	11.085	3.502	OK
289	0.149	3.409	ERR
290	1.232	3.111	OK
291	0.192	2.313	ERR
292	12.747	2.951	OK
293	5.032	3.147	OK
294	10.414	4.172	OK
295	7.573	4.914	OK
296	6.214	5.499	OK
297	0.099	5.474	ERR
298	0.122	4.378	ERR
299	0.480	4.411	ERR
300	5.489	4.836	OK
301	8.581	5.675	OK
302	0.204	4.421	ERR
303	0.056	3.923	ERR
304	0.930	2.975	OK
305	2.230	2.441	OK
306	0.213	1.840	ERR
307	0.544	1.885	ERR
308	2.300	2.103	OK
309	0.315	2.086	ERR
310	11.547	2.692	OK
311	4.127	2.247	OK
312	0.372	2.263	ERR
313	0.459	2.304	ERR
314	0.232	2.234	ERR
315	2.193	2.230	OK
316	0.625	2.271	ERR
317	6.555	2.872	OK
318	0.194	2.662	ERR
319	2.706	2.901	OK
320	0.009	1.747	ERR
321	0.105	1.345	ERR
322	9.270	2.235	OK
323	0.565	2.245	ERR
324	0.110	2.233	ERR
325	0.095	2.024	ERR
326	4.246	2.386	OK
327	9.765	2.707	OK
328	4.963	3.184	OK
329	5.878	3.501	OK
330	2.832	3.783	OK
331	3.805	4.153	OK
332	10.381	4.264	OK
333	13.936	5.601	OK
334	0.074	5.598	ERR
335	0.182	5.606	ERR
336	9.948	6.177	OK
337	3.920	5.592	OK
338	0.123	5.108	ERR
339	2.531	4.773	OK
340	3.609	4.851	OK
341	0.519	4.522	OK
342	0.159	3.500	ERR
343	0.425	2.149	OK
344	1.798	2.321	ERR
345	4.299	2.733	OK
346	0.021	1.740	ERR
347	0.037	1.352	ERR
348	0.606	1.400	ERR
349	1.555	1.303	OK
350	8.657	1.807	OK
351	0.175	1.773	ERR
352	3.404	2.098	OK
353	1.612	2.216	OK
354	0.315	2.068	OK
355	1.455	1.784	OK
356	5.288	2.310	OK
357	0.161	2.323	ERR
358	0.147	2.277	ERR
359	0.161	2.137	ERR
360	8.801	2.152	OK
361	0.158	2.150	ERR
362	8.423	2.652	OK
363	0.262	2.517	ERR
364	0.504	2.536	ERR
365	0.122	2.403	ERR
366	10.528	2.927	OK
367	0.104	2.921	ERR
368	0.191	2.925	ERR
369	2.443	3.154	OK
370	0.073	2.281	ERR
371	7.640	3.029	OK
372	0.916	2.278	ERR
373	0.287	2.281	ERR
374	2.579	2.488	OK
375	8.560	3.332	OK
376	0.050	2.284	ERR
377	6.405	2.914	OK
378	0.119	2.907	ERR
379	0.589	2.722	ERR
380	0.292	2.744	ERR
381	2.775	2.257	OK
382	0.024	2.168	ERR
383	0.198	2.159	ERR
384	1.128	2.014	OK
385	2.919	1.450	OK
386	2.164	1.661	OK
387	7.760	1.797	OK
388	2.520	2.037	OK
389	0.044	1.982	ERR
390	14.356	3.389	OK
391	2.213	3.333	OK
392	0.014	3.332	ERR
393	1.142	3.426	ERR
394	0.496	3.363	ERR
395	8.368	3.908	OK
396	0.135	3.705	ERR
397	0.094	2.938	ERR
398	4.865	3.173	OK
399	0.374	3.206	ERR

---- Final results ----
400 NS requests
154 failed requests
246 success requests
24 improved requests
1193.405 ellapsed time
