#req	time (sec)	avg. time (sec)	mapping
0	0.075	0.000	ERR
1	4.631	0.000	OK
2	5.232	0.000	OK
3	5.611	0.000	OK
4	3.348	0.000	OK
5	5.831	0.000	OK
6	0.099	0.000	ERR
7	6.173	0.000	OK
8	1.819	0.000	OK
9	4.800	0.000	OK
10	0.148	3.769	ERR
11	3.371	3.643	OK
12	6.965	3.817	OK
13	6.445	3.900	OK
14	4.122	3.977	OK
15	4.747	3.869	OK
16	3.741	4.233	OK
17	1.143	3.730	OK
18	0.134	3.562	ERR
19	2.397	3.321	OK
20	6.276	3.934	OK
21	2.895	3.886	OK
22	6.212	3.811	OK
23	3.942	3.561	OK
24	1.628	3.311	OK
25	0.139	2.851	ERR
26	5.210	2.997	OK
27	7.769	3.660	OK
28	0.083	3.655	ERR
29	0.913	3.507	ERR
30	0.096	2.889	ERR
31	10.775	3.677	OK
32	3.126	3.368	OK
33	3.394	3.313	OK
34	3.795	3.530	OK
35	5.291	4.045	OK
36	6.552	4.180	OK
37	2.042	3.607	OK
38	8.155	4.414	OK
39	2.185	4.541	OK
40	5.099	5.042	OK
41	4.092	4.373	OK
42	7.510	4.812	OK
43	4.531	4.925	OK
44	2.943	4.840	OK
45	4.308	4.742	OK
46	0.136	4.100	ERR
47	6.047	4.501	OK
48	0.010	3.686	ERR
49	0.107	3.478	ERR
50	0.086	2.977	ERR
51	2.609	2.829	OK
52	3.983	2.476	OK
53	0.095	2.032	ERR
54	6.296	2.368	OK
55	0.070	1.944	ERR
56	0.487	1.979	OK
57	1.821	1.556	OK
58	2.507	1.806	OK
59	3.971	2.193	OK
60	4.827	2.667	OK
61	3.711	2.777	OK
62	5.414	2.920	OK
63	0.075	2.918	ERR
64	8.623	3.150	OK
65	4.952	3.639	OK
66	0.627	3.653	ERR
67	0.113	3.482	ERR
68	0.298	3.261	OK
69	7.252	3.589	OK
70	0.118	3.118	ERR
71	0.889	2.836	OK
72	0.321	2.327	OK
73	0.629	2.382	ERR
74	5.435	2.063	OK
75	0.033	1.571	ERR
76	0.798	1.589	ERR
77	0.127	1.590	ERR
78	0.232	1.583	OK
79	0.101	0.868	ERR
80	4.132	1.269	OK
81	0.066	1.187	ERR
82	5.240	1.679	OK
83	0.517	1.668	ERR
84	2.469	1.371	OK
85	2.363	1.604	OK
86	2.404	1.765	OK
87	6.638	2.416	OK
88	5.217	2.915	OK
89	0.704	2.975	ERR
90	3.430	2.905	OK
91	0.115	2.910	ERR
92	13.036	3.689	OK
93	4.133	4.051	OK
94	0.114	3.815	ERR
95	5.639	4.143	OK
96	6.226	4.525	OK
97	6.659	4.527	OK
98	0.124	4.018	ERR
99	0.088	3.956	ERR
100	4.915	4.105	OK
101	0.101	4.104	ERR
102	0.738	2.874	ERR
103	0.070	2.467	ERR
104	4.431	2.899	OK
105	0.123	2.348	ERR
106	0.522	1.777	ERR
107	0.137	1.125	ERR
108	0.264	1.139	OK
109	0.081	1.138	ERR
110	6.948	1.342	OK
111	0.723	1.404	OK
112	1.381	1.468	OK
113	4.894	1.950	OK
114	1.635	1.671	OK
115	0.132	1.672	ERR
116	6.323	2.252	OK
117	0.839	2.322	ERR
118	0.295	2.325	ERR
119	0.098	2.327	ERR
120	2.840	1.916	OK
121	0.112	1.855	ERR
122	0.468	1.764	ERR
123	3.927	1.667	OK
124	3.889	1.892	OK
125	2.521	2.131	OK
126	2.118	1.711	OK
127	8.333	2.460	OK
128	0.359	2.467	OK
129	9.104	3.367	OK
130	3.416	3.425	OK
131	0.729	3.486	ERR
132	5.680	4.008	OK
133	1.277	3.743	ERR
134	8.055	4.159	OK
135	3.459	4.253	OK
136	0.016	4.043	ERR
137	2.847	3.494	OK
138	7.684	4.227	OK
139	0.091	3.325	ERR
140	0.136	2.997	ERR
141	0.121	2.937	ERR
142	0.672	2.436	ERR
143	1.470	2.455	OK
144	6.032	2.253	OK
145	0.101	1.917	ERR
146	0.039	1.919	ERR
147	2.013	1.836	OK
148	0.059	1.073	ERR
149	1.941	1.258	OK
150	7.766	2.021	OK
151	0.123	2.022	ERR
152	6.712	2.626	OK
153	1.202	2.599	OK
154	3.622	2.358	OK
155	0.140	2.362	ERR
156	0.069	2.365	ERR
157	0.068	2.170	ERR
158	0.680	2.232	ERR
159	0.166	2.055	ERR
160	4.977	1.776	OK
161	0.278	1.791	OK
162	0.083	1.128	ERR
163	0.069	1.015	ERR
164	2.369	0.890	OK
165	0.105	0.886	ERR
166	0.059	0.885	ERR
167	0.309	0.910	ERR
168	6.104	1.452	OK
169	0.846	1.520	OK
170	0.106	1.033	ERR
171	21.074	3.112	OK
172	7.440	3.848	OK
173	6.433	4.484	OK
174	1.408	4.388	OK
175	5.249	4.903	OK
176	5.273	5.424	OK
177	0.326	5.426	OK
178	4.962	5.312	OK
179	0.021	5.229	ERR
180	0.017	5.220	ERR
181	7.871	3.900	OK
182	6.910	3.847	OK
183	9.974	4.201	OK
184	0.912	4.152	OK
185	2.148	3.841	OK
186	1.548	3.469	OK
187	2.603	3.697	OK
188	0.427	3.243	ERR
189	5.018	3.743	OK
190	3.107	4.052	OK
191	7.024	3.967	OK
192	6.928	3.969	OK
193	0.131	2.985	ERR
194	8.808	3.774	OK
195	0.117	3.571	ERR
196	5.089	3.925	OK
197	4.841	4.149	OK
198	0.855	4.192	ERR
199	3.692	4.059	OK
200	5.528	4.301	OK
201	0.268	3.626	OK
202	0.129	2.946	ERR
203	0.753	3.008	ERR
204	0.091	2.136	ERR
205	0.010	2.126	ERR
206	4.092	2.026	OK
207	0.019	1.544	ERR
208	1.120	1.570	ERR
209	19.610	3.162	OK
210	7.913	3.400	OK
211	0.137	3.387	ERR
212	6.715	4.046	OK
213	1.152	4.086	OK
214	4.232	4.500	OK
215	0.388	4.538	OK
216	3.869	4.515	OK
217	2.652	4.779	OK
218	0.098	4.677	ERR
219	0.077	2.723	ERR
220	0.047	1.937	ERR
221	3.516	2.275	OK
222	0.142	1.617	ERR
223	5.692	2.071	OK
224	0.127	1.661	ERR
225	7.786	2.401	OK
226	0.645	2.078	ERR
227	0.021	1.815	ERR
228	0.054	1.811	ERR
229	0.574	1.860	ERR
230	0.111	1.867	ERR
231	1.968	1.712	OK
232	0.896	1.787	OK
233	4.366	1.655	OK
234	0.097	1.652	ERR
235	0.564	0.930	ERR
236	0.012	0.866	ERR
237	7.440	1.608	OK
238	0.581	1.661	OK
239	9.735	2.577	OK
240	0.012	2.567	ERR
241	0.077	2.378	ERR
242	2.565	2.545	OK
243	0.107	2.119	ERR
244	0.838	2.193	ERR
245	8.247	2.961	OK
246	6.403	3.600	OK
247	0.101	2.867	ERR
248	0.691	2.878	ERR
249	0.653	1.969	ERR
250	0.017	1.970	ERR
251	3.566	2.319	OK
252	4.066	2.469	OK
253	0.519	2.510	ERR
254	0.133	2.440	ERR
255	2.907	1.906	OK
256	0.084	1.274	ERR
257	0.163	1.280	ERR
258	0.308	1.242	OK
259	2.744	1.451	OK
260	3.437	1.793	OK
261	3.296	1.766	OK
262	0.010	1.360	ERR
263	0.019	1.310	ERR
264	3.283	1.625	OK
265	1.138	1.448	OK
266	7.294	2.169	OK
267	0.225	2.175	OK
268	4.910	2.636	OK
269	0.736	2.435	OK
270	6.021	2.693	OK
271	1.933	2.557	OK
272	0.059	2.562	ERR
273	6.095	3.169	OK
274	0.021	2.843	ERR
275	0.071	2.737	ERR
276	10.629	3.070	OK
277	2.158	3.263	OK
278	7.133	3.486	OK
279	0.730	3.485	ERR
280	0.581	2.941	ERR
281	4.871	3.235	OK
282	0.895	3.318	ERR
283	0.106	2.719	ERR
284	0.169	2.734	ERR
285	0.019	2.729	ERR
286	0.888	1.755	ERR
287	0.099	1.549	ERR
288	9.963	1.832	OK
289	0.128	1.772	ERR
290	3.387	2.052	OK
291	0.132	1.579	ERR
292	7.576	2.247	OK
293	6.071	2.843	OK
294	0.448	2.871	ERR
295	0.302	2.899	OK
296	8.360	3.647	OK
297	0.091	3.646	ERR
298	0.114	2.661	ERR
299	0.706	2.719	ERR
300	0.117	2.392	ERR
301	0.017	2.380	ERR
302	0.150	1.638	ERR
303	5.897	1.620	OK
304	9.185	2.494	OK
305	3.667	2.830	OK
306	0.128	2.007	ERR
307	0.065	2.004	ERR
308	7.428	2.736	OK
309	5.248	3.190	OK
310	7.631	3.941	OK
311	4.674	4.407	OK
312	3.254	4.718	OK
313	4.193	4.547	OK
314	7.769	4.406	OK
315	5.994	4.638	OK
316	0.010	4.627	ERR
317	0.133	4.633	ERR
318	0.123	3.903	ERR
319	0.117	3.390	ERR
320	0.010	2.628	ERR
321	0.077	2.168	ERR
322	6.257	2.468	OK
323	0.069	2.056	ERR
324	6.183	1.897	OK
325	4.290	1.727	OK
326	0.140	1.740	ERR
327	0.036	1.730	ERR
328	0.087	1.727	ERR
329	0.616	1.776	ERR
330	3.641	2.140	OK
331	3.435	2.475	OK
332	10.266	2.876	OK
333	12.673	4.137	OK
334	5.554	4.074	OK
335	0.119	3.657	ERR
336	0.088	3.652	ERR
337	6.555	4.303	OK
338	0.112	4.306	ERR
339	0.436	4.288	ERR
340	2.875	4.211	OK
341	0.090	3.877	ERR
342	0.144	2.865	ERR
343	0.310	1.628	OK
344	0.171	1.090	ERR
345	3.078	1.386	OK
346	4.520	1.829	OK
347	0.145	1.188	ERR
348	2.903	1.467	OK
349	0.346	1.458	OK
350	6.674	1.838	OK
351	0.137	1.843	ERR
352	0.069	1.835	ERR
353	5.691	2.373	OK
354	0.329	2.389	OK
355	5.031	2.585	OK
356	0.142	2.147	ERR
357	0.124	2.145	ERR
358	0.087	1.863	ERR
359	0.093	1.838	ERR
360	0.018	1.172	ERR
361	0.102	1.169	ERR
362	5.806	1.742	OK
363	0.146	1.188	ERR
364	0.021	1.157	ERR
365	0.080	0.662	ERR
366	7.791	1.427	OK
367	4.590	1.873	OK
368	0.152	1.880	ERR
369	6.704	2.541	OK
370	0.702	2.610	ERR
371	4.716	3.071	OK
372	1.321	2.622	OK
373	10.051	3.613	OK
374	3.517	3.963	OK
375	5.677	4.522	OK
376	0.105	3.754	ERR
377	4.538	3.748	OK
378	0.763	3.809	ERR
379	9.475	4.087	OK
380	0.648	4.081	ERR
381	0.053	3.615	ERR
382	0.030	3.486	ERR
383	0.524	2.533	ERR
384	5.570	2.738	OK
385	3.865	2.557	OK
386	0.156	2.562	ERR
387	5.832	2.692	OK
388	1.769	2.792	OK
389	0.080	1.853	ERR
390	1.207	1.909	ERR
391	0.887	1.992	OK
392	0.116	2.000	ERR
393	1.778	2.126	OK
394	0.116	1.580	ERR
395	6.035	1.798	OK
396	0.066	1.789	ERR
397	0.360	1.241	OK
398	7.437	1.808	OK
399	0.074	1.808	ERR

---- Final results ----
400 NS requests
172 failed requests
228 success requests
19 improved requests
1105.940 ellapsed time
