#req	time (sec)	avg. time (sec)	mapping
0	0.076	0.000	ERR
1	6.482	0.000	OK
2	6.229	0.000	OK
3	6.838	0.000	OK
4	3.475	0.000	OK
5	7.954	0.000	OK
6	0.101	0.000	ERR
7	7.465	0.000	OK
8	1.886	0.000	OK
9	5.829	0.000	OK
10	0.151	4.641	ERR
11	4.121	4.405	OK
12	8.755	4.657	OK
13	8.263	4.800	OK
14	5.008	4.953	OK
15	5.950	4.753	OK
16	4.967	5.240	OK
17	1.275	4.620	OK
18	0.142	4.446	ERR
19	3.140	4.177	OK
20	7.612	4.923	OK
21	3.739	4.885	OK
22	7.100	4.720	OK
23	3.857	4.279	OK
24	1.724	3.951	OK
25	0.142	3.370	ERR
26	5.983	3.471	OK
27	9.052	4.249	OK
28	0.082	4.243	ERR
29	0.919	4.021	ERR
30	0.094	3.269	ERR
31	12.966	4.192	OK
32	4.682	3.950	OK
33	4.358	4.000	OK
34	4.950	4.323	OK
35	6.395	4.948	OK
36	7.203	5.070	OK
37	2.524	4.417	OK
38	7.946	5.204	OK
39	3.036	5.415	OK
40	6.627	6.069	OK
41	4.672	5.239	OK
42	9.113	5.682	OK
43	5.545	5.801	OK
44	3.507	5.657	OK
45	7.107	5.728	OK
46	0.135	5.021	ERR
47	6.917	5.461	OK
48	0.010	4.667	ERR
49	0.106	4.374	ERR
50	0.086	3.720	ERR
51	2.742	3.527	OK
52	4.095	3.025	OK
53	0.095	2.480	ERR
54	7.625	2.892	OK
55	0.180	2.199	ERR
56	8.576	3.043	OK
57	1.822	2.533	OK
58	3.090	2.841	OK
59	5.821	3.413	OK
60	5.358	3.940	OK
61	3.706	4.037	OK
62	6.200	4.247	OK
63	0.071	4.245	ERR
64	10.037	4.486	OK
65	5.459	5.014	OK
66	0.624	4.219	ERR
67	0.111	4.048	ERR
68	0.314	3.770	OK
69	8.214	4.009	OK
70	0.113	3.485	ERR
71	0.941	3.208	OK
72	0.333	2.622	OK
73	0.069	2.621	ERR
74	1.193	1.737	OK
75	0.032	1.194	ERR
76	0.795	1.212	ERR
77	0.125	1.213	ERR
78	0.233	1.205	OK
79	0.099	0.393	ERR
80	4.974	0.879	OK
81	0.067	0.792	ERR
82	6.829	1.442	OK
83	8.566	2.291	OK
84	3.050	2.477	OK
85	3.425	2.816	OK
86	2.852	3.022	OK
87	8.517	3.861	OK
88	5.642	4.402	OK
89	0.125	4.405	ERR
90	4.160	4.323	OK
91	0.112	4.328	ERR
92	15.652	5.210	OK
93	4.743	4.828	OK
94	0.117	4.535	ERR
95	6.319	4.824	OK
96	7.549	5.294	OK
97	7.804	5.222	OK
98	0.122	4.670	ERR
99	0.086	4.666	ERR
100	8.182	5.069	OK
101	0.021	5.059	ERR
102	0.712	3.565	ERR
103	0.067	3.098	ERR
104	6.091	3.695	OK
105	0.117	3.075	ERR
106	0.635	2.384	OK
107	0.130	1.616	ERR
108	0.254	1.629	OK
109	0.078	1.629	ERR
110	8.107	1.621	OK
111	0.806	1.700	OK
112	1.630	1.791	OK
113	6.099	2.395	OK
114	2.232	2.009	OK
115	0.133	2.010	ERR
116	6.439	2.591	OK
117	0.829	2.661	ERR
118	7.078	3.343	OK
119	0.097	3.345	ERR
120	3.474	2.882	OK
121	0.107	2.812	ERR
122	0.460	2.695	ERR
123	4.961	2.581	OK
124	4.358	2.794	OK
125	8.288	3.609	OK
126	2.390	3.204	OK
127	9.568	4.078	OK
128	0.379	3.408	OK
129	10.573	4.456	OK
130	4.332	4.542	OK
131	8.550	5.386	OK
132	6.559	5.996	OK
133	0.211	5.521	ERR
134	9.651	6.050	OK
135	4.216	5.643	OK
136	0.016	5.406	ERR
137	3.778	4.827	OK
138	8.952	5.684	OK
139	0.088	4.635	ERR
140	0.133	4.215	ERR
141	0.115	3.372	ERR
142	0.641	2.780	ERR
143	1.850	2.944	OK
144	7.117	2.691	OK
145	0.097	2.279	ERR
146	0.037	2.281	ERR
147	1.706	2.074	OK
148	1.981	1.377	OK
149	1.865	1.554	OK
150	5.089	2.050	OK
151	0.117	2.050	ERR
152	9.286	2.915	OK
153	0.785	2.808	OK
154	3.603	2.457	OK
155	0.135	2.460	ERR
156	0.066	2.463	ERR
157	0.626	2.355	ERR
158	0.655	2.223	ERR
159	0.158	2.052	ERR
160	7.706	2.314	OK
161	0.262	2.328	OK
162	0.076	1.407	ERR
163	0.748	1.403	ERR
164	2.757	1.319	OK
165	0.102	1.315	ERR
166	0.056	1.314	ERR
167	0.079	1.260	ERR
168	7.287	1.923	OK
169	0.842	1.991	OK
170	0.104	1.231	ERR
171	24.778	3.683	OK
172	9.108	4.586	OK
173	7.614	5.273	OK
174	1.870	5.184	OK
175	5.110	5.685	OK
176	6.056	6.285	OK
177	0.454	6.322	OK
178	5.927	6.186	OK
179	0.021	6.104	ERR
180	0.016	6.095	ERR
181	8.519	4.469	OK
182	8.243	4.383	OK
183	11.417	4.763	OK
184	0.883	4.664	OK
185	3.275	4.481	OK
186	1.558	4.031	OK
187	3.069	4.293	OK
188	0.413	3.741	ERR
189	5.131	4.252	OK
190	3.913	4.642	OK
191	8.197	4.610	OK
192	4.444	4.230	OK
193	0.124	3.101	ERR
194	8.083	3.821	OK
195	0.115	3.505	ERR
196	4.993	3.848	OK
197	7.222	4.264	OK
198	0.109	4.233	ERR
199	5.049	4.225	OK
200	3.681	4.202	OK
201	0.468	3.429	OK
202	0.112	2.996	ERR
203	0.723	3.055	ERR
204	1.346	2.382	OK
205	0.010	2.371	ERR
206	5.393	2.411	OK
207	0.018	1.691	ERR
208	1.068	1.787	ERR
209	20.557	3.338	OK
210	9.565	3.926	OK
211	0.136	3.893	ERR
212	7.521	4.634	OK
213	1.144	4.676	OK
214	4.128	4.954	OK
215	0.391	4.992	OK
216	4.290	4.882	OK
217	2.237	5.104	OK
218	0.093	5.006	ERR
219	0.072	2.958	ERR
220	0.044	2.005	ERR
221	0.114	2.003	ERR
222	0.058	1.257	ERR
223	5.903	1.733	OK
224	0.125	1.333	ERR
225	9.304	2.224	OK
226	0.621	1.857	ERR
227	0.021	1.635	ERR
228	0.051	1.631	ERR
229	6.422	2.266	OK
230	0.107	2.273	ERR
231	1.939	2.455	OK
232	10.736	3.523	OK
233	5.335	3.466	OK
234	0.094	3.463	ERR
235	4.100	2.942	OK
236	0.012	2.882	ERR
237	5.183	3.398	OK
238	0.625	3.455	OK
239	14.291	4.242	OK
240	0.012	4.233	ERR
241	0.068	4.046	ERR
242	3.164	3.288	OK
243	0.085	2.763	ERR
244	0.792	2.833	ERR
245	9.242	3.347	OK
246	7.182	4.064	OK
247	0.093	3.555	ERR
248	0.644	3.557	ERR
249	0.533	2.182	OK
250	0.016	2.182	ERR
251	3.363	2.511	OK
252	0.619	2.257	OK
253	1.445	2.393	OK
254	0.049	2.319	ERR
255	4.553	1.850	OK
256	0.045	1.136	ERR
257	0.157	1.142	ERR
258	0.343	1.112	OK
259	3.273	1.386	OK
260	3.976	1.782	OK
261	0.578	1.504	ERR
262	0.020	1.444	ERR
263	0.018	1.301	ERR
264	4.872	1.784	OK
265	5.310	1.859	OK
266	7.092	2.564	OK
267	0.088	2.557	ERR
268	4.249	2.948	OK
269	0.715	2.692	OK
270	7.503	3.044	OK
271	0.068	2.993	ERR
272	0.057	2.997	ERR
273	6.015	3.597	OK
274	0.021	3.112	ERR
275	6.939	3.275	OK
276	12.212	3.787	OK
277	2.756	4.054	OK
278	8.205	4.449	OK
279	1.134	4.491	ERR
280	0.532	3.794	ERR
281	0.015	3.789	ERR
282	1.248	3.908	OK
283	0.034	3.310	ERR
284	0.178	3.325	ERR
285	0.058	2.637	ERR
286	0.834	1.499	OK
287	0.098	1.234	ERR
288	0.062	0.419	ERR
289	0.127	0.319	ERR
290	7.761	1.042	OK
291	0.127	1.053	ERR
292	11.617	2.090	OK
293	5.969	2.683	OK
294	0.057	2.671	ERR
295	0.298	2.695	OK
296	7.385	3.350	OK
297	0.097	3.350	ERR
298	0.105	3.354	ERR
299	0.667	3.408	ERR
300	0.109	2.643	ERR
301	0.015	2.632	ERR
302	0.139	1.484	ERR
303	4.139	1.301	OK
304	9.130	2.208	OK
305	4.094	2.588	OK
306	0.119	1.861	ERR
307	0.060	1.858	ERR
308	4.364	2.284	OK
309	4.134	2.630	OK
310	8.862	3.506	OK
311	5.396	4.044	OK
312	4.180	4.448	OK
313	4.465	4.481	OK
314	8.807	4.448	OK
315	6.340	4.673	OK
316	0.165	4.677	ERR
317	0.016	4.673	ERR
318	0.016	4.238	ERR
319	0.872	3.912	OK
320	0.023	3.028	ERR
321	0.074	2.496	ERR
322	5.543	2.632	OK
323	0.060	2.192	ERR
324	5.670	1.878	OK
325	0.319	1.276	OK
326	0.062	1.265	ERR
327	0.738	1.338	ERR
328	0.059	1.342	ERR
329	0.135	1.268	ERR
330	4.996	1.766	OK
331	3.710	2.129	OK
332	11.998	2.775	OK
333	15.231	4.292	OK
334	1.121	3.837	OK
335	0.134	3.818	ERR
336	3.417	4.154	OK
337	11.178	5.198	OK
338	0.104	5.203	ERR
339	6.037	5.793	OK
340	3.023	5.595	OK
341	0.084	5.233	ERR
342	0.016	4.035	ERR
343	0.330	2.544	OK
344	0.050	2.437	ERR
345	2.941	2.718	OK
346	4.038	2.780	OK
347	0.145	1.677	ERR
348	5.149	2.181	OK
349	0.326	1.610	OK
350	0.050	1.313	ERR
351	0.128	1.317	ERR
352	0.065	1.322	ERR
353	5.182	1.807	OK
354	0.271	1.829	OK
355	5.012	2.037	OK
356	6.626	2.295	OK
357	0.119	2.293	ERR
358	0.353	1.813	ERR
359	0.090	1.789	ERR
360	0.141	1.799	ERR
361	0.172	1.803	OK
362	6.913	2.488	OK
363	0.136	1.983	ERR
364	0.020	1.958	ERR
365	0.075	1.464	ERR
366	1.020	0.904	OK
367	5.490	1.441	OK
368	0.147	1.420	ERR
369	7.113	2.123	OK
370	0.104	2.119	ERR
371	5.269	2.629	OK
372	3.457	2.283	OK
373	8.659	3.135	OK
374	4.098	3.543	OK
375	1.352	3.671	OK
376	0.099	3.579	ERR
377	4.524	3.482	OK
378	0.710	3.538	ERR
379	8.556	3.683	OK
380	0.099	3.682	ERR
381	0.102	3.166	ERR
382	0.068	2.827	ERR
383	0.482	2.009	ERR
384	5.282	2.127	OK
385	4.245	2.417	OK
386	7.017	3.109	OK
387	9.839	3.640	OK
388	2.479	3.817	OK
389	0.076	2.969	ERR
390	1.168	3.076	ERR
391	0.875	3.153	OK
392	0.103	3.157	ERR
393	1.754	3.284	OK
394	0.112	2.767	ERR
395	6.501	2.992	OK
396	0.293	2.320	OK
397	3.984	1.735	OK
398	8.660	2.353	OK
399	0.050	2.350	ERR

---- Final results ----
400 NS requests
159 failed requests
241 success requests
26 improved requests
1291.599 ellapsed time
