#req	time (sec)	avg. time (sec)	mapping
0	0.149	0.000	ERR
1	1.872	0.000	OK
2	8.709	0.000	OK
3	16.273	0.000	OK
4	9.483	0.000	OK
5	5.819	0.000	OK
6	0.099	0.000	ERR
7	12.873	0.000	OK
8	15.382	0.000	OK
9	10.379	0.000	OK
10	0.242	8.113	ERR
11	2.679	8.194	OK
12	9.490	8.272	OK
13	10.480	7.693	OK
14	1.357	6.880	OK
15	4.807	6.779	OK
16	5.823	7.351	OK
17	2.126	6.276	OK
18	0.231	4.761	ERR
19	9.280	4.651	OK
20	4.415	5.069	OK
21	4.364	5.237	OK
22	8.648	5.153	OK
23	3.912	4.496	OK
24	2.928	4.653	OK
25	0.189	4.192	ERR
26	1.359	3.745	OK
27	18.094	5.342	OK
28	0.091	5.328	ERR
29	1.204	4.520	OK
30	0.144	4.093	ERR
31	6.224	4.279	OK
32	3.277	3.742	OK
33	9.878	4.339	OK
34	5.565	4.603	OK
35	2.089	4.793	OK
36	8.724	5.529	OK
37	1.258	3.845	OK
38	15.123	5.349	OK
39	7.125	5.941	OK
40	11.183	7.045	OK
41	4.328	6.855	OK
42	12.347	7.762	OK
43	7.357	7.510	OK
44	0.167	6.970	ERR
45	2.843	7.046	OK
46	0.207	6.194	ERR
47	3.266	6.395	OK
48	12.343	6.117	OK
49	0.158	5.420	ERR
50	0.095	4.311	ERR
51	4.033	4.281	OK
52	2.122	3.259	OK
53	0.137	2.537	ERR
54	3.631	2.883	OK
55	0.609	2.660	ERR
56	1.957	2.835	OK
57	2.483	2.757	OK
58	4.059	1.928	OK
59	4.234	2.336	OK
60	6.577	2.984	OK
61	8.292	3.410	OK
62	8.741	4.072	OK
63	0.081	4.066	ERR
64	9.986	4.702	OK
65	1.983	4.839	OK
66	1.597	4.803	OK
67	0.123	4.567	ERR
68	10.032	5.165	OK
69	2.744	5.016	OK
70	0.161	4.374	ERR
71	1.287	3.673	OK
72	1.442	2.944	OK
73	18.238	4.759	OK
74	9.878	4.748	OK
75	10.159	5.566	OK
76	0.018	5.408	ERR
77	0.180	5.414	ERR
78	1.741	4.585	OK
79	0.191	4.329	ERR
80	2.013	4.515	OK
81	0.066	4.393	ERR
82	7.137	4.962	OK
83	7.385	3.877	OK
84	11.562	4.045	OK
85	18.330	4.862	OK
86	1.930	5.054	OK
87	11.491	6.185	OK
88	12.532	7.264	OK
89	1.268	7.371	ERR
90	2.203	7.390	OK
91	0.213	7.405	ERR
92	13.990	8.090	OK
93	14.746	8.826	OK
94	0.170	7.687	ERR
95	8.406	6.695	OK
96	8.106	7.312	OK
97	5.886	6.752	OK
98	0.221	5.521	ERR
99	0.185	5.413	ERR
100	2.022	5.395	OK
101	0.127	5.386	ERR
102	0.115	3.998	ERR
103	0.079	2.532	ERR
104	6.523	3.167	OK
105	0.161	2.343	ERR
106	5.426	2.075	OK
107	0.142	1.500	ERR
108	0.308	1.509	OK
109	0.135	1.504	ERR
110	2.451	1.547	OK
111	7.365	2.270	OK
112	5.933	2.852	OK
113	10.540	3.898	OK
114	1.789	3.425	OK
115	0.229	3.432	ERR
116	2.660	3.155	OK
117	5.107	3.652	OK
118	1.282	3.749	OK
119	0.369	3.772	ERR
120	6.247	4.152	OK
121	0.126	3.428	ERR
122	8.024	3.637	OK
123	6.280	3.211	OK
124	17.270	4.759	OK
125	11.385	5.875	OK
126	5.416	6.151	OK
127	0.189	5.659	ERR
128	2.728	5.803	OK
129	22.148	7.981	OK
130	5.053	7.862	OK
131	0.753	7.924	ERR
132	10.348	8.157	OK
133	0.435	7.572	ERR
134	7.622	6.608	OK
135	14.461	6.915	OK
136	29.073	9.281	OK
137	4.963	9.758	OK
138	11.066	10.592	OK
139	0.520	8.429	ERR
140	0.208	7.945	ERR
141	0.163	7.886	ERR
142	1.006	6.952	ERR
143	2.334	7.142	OK
144	13.309	7.710	OK
145	0.153	6.279	ERR
146	0.019	3.374	ERR
147	2.929	3.171	OK
148	1.978	2.262	OK
149	2.878	2.498	OK
150	9.559	3.433	OK
151	0.171	3.433	ERR
152	17.954	5.128	OK
153	2.569	5.152	OK
154	1.121	3.933	OK
155	0.094	3.927	ERR
156	0.038	3.929	ERR
157	8.551	4.491	OK
158	3.253	4.619	OK
159	0.272	4.358	ERR
160	5.874	3.990	OK
161	0.335	4.006	OK
162	0.131	2.224	ERR
163	0.789	2.046	ERR
164	10.258	2.960	OK
165	0.116	2.962	ERR
166	0.068	2.965	ERR
167	5.951	2.705	OK
168	8.510	3.231	OK
169	3.825	3.586	OK
170	0.146	3.013	ERR
171	2.172	3.197	OK
172	6.266	3.810	OK
173	9.415	4.673	OK
174	3.590	4.006	OK
175	5.954	4.590	OK
176	3.056	4.888	OK
177	0.019	4.295	ERR
178	5.393	3.983	OK
179	0.021	3.603	ERR
180	1.006	3.689	ERR
181	1.764	3.648	OK
182	3.457	3.367	OK
183	27.244	5.150	OK
184	4.877	5.279	OK
185	2.810	4.965	OK
186	5.478	5.207	OK
187	3.742	5.579	OK
188	0.596	5.100	ERR
189	11.650	6.262	OK
190	5.519	6.714	OK
191	9.112	7.449	OK
192	5.303	7.633	OK
193	0.133	4.922	ERR
194	6.160	5.050	OK
195	0.911	4.860	OK
196	5.791	4.892	OK
197	1.555	4.673	OK
198	0.110	4.625	ERR
199	0.167	3.476	ERR
200	5.179	3.442	OK
201	0.282	2.559	OK
202	0.378	2.067	OK
203	17.093	3.763	OK
204	0.443	3.191	ERR
205	0.078	3.108	ERR
206	3.796	2.908	OK
207	0.042	2.757	ERR
208	9.576	3.703	OK
209	8.498	4.536	OK
210	12.887	5.307	OK
211	0.641	5.343	ERR
212	1.921	5.497	OK
213	1.354	3.924	OK
214	5.135	4.393	OK
215	10.000	5.385	OK
216	13.285	6.334	OK
217	0.787	6.408	ERR
218	0.703	5.521	ERR
219	0.096	4.681	ERR
220	0.070	3.399	ERR
221	1.720	3.507	OK
222	7.759	4.091	OK
223	4.049	4.360	OK
224	0.126	3.859	ERR
225	3.219	3.181	OK
226	0.281	1.881	ERR
227	0.021	1.804	ERR
228	0.203	1.754	ERR
229	14.988	3.243	OK
230	0.081	3.244	ERR
231	1.479	3.220	OK
232	9.109	3.355	OK
233	10.819	4.032	OK
234	0.096	4.029	ERR
235	8.992	4.607	OK
236	0.641	4.643	ERR
237	12.324	5.873	OK
238	1.559	6.009	OK
239	0.045	4.514	ERR
240	3.516	4.858	OK
241	0.709	4.781	ERR
242	5.277	4.398	OK
243	0.060	3.322	ERR
244	1.840	3.496	ERR
245	10.780	3.675	OK
246	10.953	4.706	OK
247	0.123	3.486	ERR
248	0.944	3.425	ERR
249	0.730	3.493	OK
250	14.091	4.551	OK
251	3.937	4.874	OK
252	3.285	4.674	OK
253	0.076	4.676	ERR
254	0.010	4.493	ERR
255	2.170	3.632	OK
256	3.822	2.919	OK
257	17.668	4.673	OK
258	2.724	4.851	OK
259	4.699	5.248	OK
260	6.306	4.470	OK
261	14.633	5.539	OK
262	0.081	5.219	ERR
263	0.018	5.213	ERR
264	0.044	5.216	ERR
265	14.047	6.404	OK
266	2.560	6.278	OK
267	0.122	4.523	ERR
268	7.065	4.958	OK
269	2.136	4.701	OK
270	1.980	4.269	OK
271	12.917	4.097	OK
272	11.376	5.227	OK
273	2.984	5.523	OK
274	0.098	5.529	ERR
275	1.724	4.296	OK
276	0.136	4.054	ERR
277	9.111	4.953	OK
278	0.191	4.265	ERR
279	1.099	4.162	ERR
280	5.849	4.549	OK
281	7.700	4.027	OK
282	1.324	3.022	ERR
283	0.315	2.755	ERR
284	0.168	2.762	ERR
285	0.163	2.606	ERR
286	0.397	2.632	OK
287	0.366	1.757	ERR
288	0.063	1.744	ERR
289	0.155	1.650	ERR
290	5.008	1.566	OK
291	0.199	0.816	ERR
292	12.509	1.934	OK
293	6.980	2.601	OK
294	1.226	2.707	ERR
295	12.463	3.937	OK
296	8.528	4.750	OK
297	0.101	4.723	ERR
298	0.125	4.729	ERR
299	0.533	4.767	ERR
300	7.597	5.026	OK
301	5.439	5.550	OK
302	0.204	4.319	ERR
303	0.078	3.629	ERR
304	1.330	3.640	OK
305	3.069	2.700	OK
306	0.219	1.869	ERR
307	0.559	1.915	ERR
308	3.113	2.214	OK
309	0.323	2.193	ERR
310	18.666	3.300	OK
311	0.408	2.797	ERR
312	5.932	3.370	OK
313	6.980	4.060	OK
314	0.240	3.951	ERR
315	4.136	4.058	OK
316	0.652	4.101	ERR
317	9.844	5.030	OK
318	0.198	4.738	ERR
319	3.751	5.081	OK
320	0.010	3.215	ERR
321	0.113	3.186	ERR
322	13.510	3.943	OK
323	0.568	3.302	ERR
324	0.869	3.365	ERR
325	0.031	2.955	ERR
326	5.939	3.483	OK
327	0.747	2.574	ERR
328	10.158	3.570	OK
329	9.573	4.152	OK
330	7.700	4.921	OK
331	5.872	5.497	OK
332	12.952	5.441	OK
333	17.900	7.174	OK
334	0.076	7.095	ERR
335	0.186	7.110	ERR
336	14.970	8.013	OK
337	6.488	8.588	OK
338	0.125	7.584	ERR
339	3.081	6.935	OK
340	5.304	6.696	OK
341	0.542	6.162	OK
342	0.017	4.869	ERR
343	1.089	3.188	OK
344	1.865	3.367	ERR
345	6.325	3.981	OK
346	0.267	2.510	ERR
347	0.038	1.865	ERR
348	1.091	1.962	ERR
349	2.420	1.896	OK
350	12.237	2.589	OK
351	0.181	2.553	ERR
352	5.197	3.071	OK
353	2.376	3.200	OK
354	1.128	3.126	ERR
355	2.137	2.707	OK
356	0.587	2.739	ERR
357	0.165	2.752	ERR
358	0.151	2.658	ERR
359	0.165	2.432	ERR
360	16.961	2.905	OK
361	0.165	2.903	ERR
362	11.572	3.541	OK
363	0.270	3.330	ERR
364	0.541	3.271	ERR
365	0.127	3.070	ERR
366	0.016	3.013	ERR
367	0.335	3.030	ERR
368	0.199	3.035	ERR
369	4.181	3.437	OK
370	0.188	1.759	ERR
371	11.546	2.898	OK
372	4.684	2.209	OK
373	0.686	2.250	OK
374	4.101	2.606	OK
375	11.288	3.723	OK
376	0.675	3.788	ERR
377	9.108	4.666	OK
378	0.105	4.656	ERR
379	15.872	5.825	OK
380	0.332	5.840	ERR
381	8.102	5.495	OK
382	0.025	5.029	ERR
383	0.210	4.982	ERR
384	1.645	4.736	OK
385	4.577	4.065	OK
386	2.690	4.267	OK
387	13.190	4.675	OK
388	3.074	4.972	OK
389	0.045	3.389	ERR
390	13.418	4.698	OK
391	3.077	4.195	OK
392	0.096	4.202	ERR
393	0.060	4.187	ERR
394	0.555	4.078	ERR
395	15.555	5.176	OK
396	0.324	4.939	ERR
397	6.243	4.245	OK
398	7.048	4.642	OK
399	0.010	4.638	ERR

---- Final results ----
400 NS requests
150 failed requests
250 success requests
27 improved requests
1795.458 ellapsed time
