#req	time (sec)	avg. time (sec)	mapping
0	0.120	0.000	ERR
1	1.260	0.000	OK
2	10.845	0.000	OK
3	15.129	0.000	OK
4	6.940	0.000	OK
5	9.007	0.000	OK
6	0.095	0.000	ERR
7	10.038	0.000	OK
8	10.612	0.000	OK
9	11.212	0.000	OK
10	0.201	7.534	ERR
11	3.510	7.759	OK
12	8.286	7.503	OK
13	6.255	6.616	OK
14	1.436	6.065	OK
15	3.700	5.535	OK
16	5.776	6.103	OK
17	1.127	5.212	OK
18	0.185	4.169	ERR
19	8.232	3.871	OK
20	7.018	4.553	OK
21	4.569	4.658	OK
22	10.456	4.875	OK
23	3.991	4.649	OK
24	2.556	4.761	OK
25	0.150	4.406	ERR
26	0.643	3.893	OK
27	12.478	5.028	OK
28	0.081	5.017	ERR
29	1.778	4.372	ERR
30	0.119	3.682	ERR
31	12.193	4.445	OK
32	1.927	3.592	OK
33	6.643	3.857	OK
34	7.172	4.318	OK
35	1.192	4.423	OK
36	7.467	5.105	OK
37	1.334	3.991	OK
38	11.649	5.147	OK
39	4.698	5.439	OK
40	9.103	6.338	OK
41	3.875	5.506	OK
42	19.746	7.288	OK
43	4.586	7.082	OK
44	0.153	6.380	ERR
45	1.680	6.429	OK
46	0.170	5.699	ERR
47	7.292	6.295	OK
48	12.234	6.354	OK
49	0.133	5.897	ERR
50	0.083	4.995	ERR
51	4.243	5.032	OK
52	4.760	3.534	OK
53	0.118	3.087	ERR
54	4.068	3.478	OK
55	1.050	3.415	ERR
56	1.435	3.542	OK
57	2.965	3.109	OK
58	7.605	2.646	OK
59	6.053	3.238	OK
60	6.218	3.852	OK
61	5.986	4.026	OK
62	6.611	4.211	OK
63	0.071	4.206	ERR
64	9.621	4.762	OK
65	1.908	4.847	OK
66	1.566	4.860	ERR
67	0.112	4.575	ERR
68	4.073	4.222	OK
69	0.985	3.715	OK
70	0.136	3.107	ERR
71	1.492	2.658	OK
72	0.937	2.090	OK
73	1.675	2.250	ERR
74	7.698	2.058	OK
75	7.309	2.598	OK
76	0.018	2.444	ERR
77	0.154	2.448	ERR
78	1.136	2.154	OK
79	0.141	2.070	ERR
80	0.800	2.136	OK
81	0.064	1.993	ERR
82	0.241	1.924	ERR
83	9.346	2.691	OK
84	6.525	2.573	OK
85	7.898	2.632	OK
86	3.466	2.977	OK
87	11.949	4.157	OK
88	7.565	4.799	OK
89	1.715	4.957	ERR
90	2.328	5.110	OK
91	0.137	5.117	ERR
92	1.328	5.226	ERR
93	6.571	4.948	OK
94	0.141	4.310	ERR
95	7.776	4.298	OK
96	1.319	4.083	ERR
97	5.277	3.416	OK
98	0.174	2.677	ERR
99	0.143	2.519	ERR
100	8.262	3.113	OK
101	0.181	3.117	ERR
102	0.113	2.996	ERR
103	0.069	2.346	ERR
104	5.324	2.864	OK
105	0.142	2.100	ERR
106	0.674	2.036	ERR
107	0.137	1.522	ERR
108	0.263	1.531	OK
109	0.114	1.528	ERR
110	2.148	0.916	OK
111	0.037	0.902	ERR
112	4.789	1.369	OK
113	9.913	2.354	OK
114	1.242	1.946	OK
115	0.177	1.949	ERR
116	3.120	2.194	OK
117	6.008	2.781	OK
118	2.188	2.974	OK
119	0.010	2.963	ERR
120	4.717	3.220	OK
121	0.110	3.227	ERR
122	10.561	3.805	OK
123	4.182	3.232	OK
124	8.824	3.990	OK
125	3.713	4.343	OK
126	4.457	4.477	OK
127	0.407	3.917	ERR
128	1.262	3.824	OK
129	19.154	5.739	OK
130	3.481	5.615	OK
131	0.767	5.681	ERR
132	11.708	5.795	OK
133	0.356	5.413	ERR
134	6.760	5.206	OK
135	5.444	5.379	OK
136	16.825	6.616	OK
137	5.184	7.094	OK
138	14.631	8.431	OK
139	0.347	6.550	ERR
140	0.173	6.219	ERR
141	0.141	6.157	ERR
142	0.997	5.086	ERR
143	1.407	5.191	OK
144	12.705	5.785	OK
145	0.127	5.254	ERR
146	0.019	3.573	ERR
147	1.261	3.181	OK
148	4.799	2.198	OK
149	1.478	2.311	OK
150	7.350	3.028	OK
151	0.131	3.027	ERR
152	7.311	3.659	OK
153	2.332	3.751	OK
154	0.694	2.550	OK
155	0.089	2.546	ERR
156	0.086	2.553	ERR
157	0.135	2.441	ERR
158	1.561	2.117	OK
159	0.187	1.988	ERR
160	8.471	2.100	OK
161	0.272	2.114	OK
162	0.087	1.391	ERR
163	0.759	1.234	ERR
164	9.745	2.139	OK
165	0.102	2.141	ERR
166	0.057	2.138	ERR
167	0.580	2.182	ERR
168	6.623	2.688	OK
169	3.333	3.003	OK
170	0.129	2.169	ERR
171	3.698	2.511	OK
172	5.457	3.048	OK
173	9.239	3.896	OK
174	3.597	3.281	OK
175	7.840	4.055	OK
176	1.913	4.241	OK
177	2.165	4.399	OK
178	5.782	4.315	OK
179	0.022	3.984	ERR
180	0.842	4.055	ERR
181	1.800	3.866	OK
182	3.516	3.671	OK
183	17.702	4.518	OK
184	3.120	4.470	OK
185	3.946	4.081	OK
186	4.046	4.294	OK
187	0.046	4.082	ERR
188	0.069	3.511	ERR
189	8.194	4.328	OK
190	4.533	4.697	OK
191	11.882	5.705	OK
192	1.716	5.525	OK
193	0.131	3.768	ERR
194	1.678	3.624	OK
195	0.110	3.241	ERR
196	10.972	3.933	OK
197	0.672	3.996	OK
198	0.069	3.996	ERR
199	0.133	3.190	ERR
200	2.918	3.028	OK
201	0.231	1.863	OK
202	0.238	1.715	OK
203	5.805	2.283	OK
204	12.120	3.327	OK
205	0.010	3.317	ERR
206	6.935	2.913	OK
207	0.019	2.848	ERR
208	14.139	4.255	OK
209	4.982	4.740	OK
210	12.170	5.665	OK
211	0.408	5.683	ERR
212	1.417	5.801	OK
213	1.749	5.395	OK
214	5.407	4.724	OK
215	5.022	5.225	OK
216	11.384	5.670	OK
217	4.544	6.122	OK
218	0.162	4.724	ERR
219	0.076	4.234	ERR
220	0.060	3.023	ERR
221	0.686	3.051	OK
222	0.059	2.915	ERR
223	2.093	2.949	OK
224	0.126	2.421	ERR
225	3.194	2.238	OK
226	0.216	1.121	ERR
227	0.021	0.669	ERR
228	0.413	0.694	ERR
229	1.227	0.809	ERR
230	0.101	0.814	ERR
231	0.645	0.809	OK
232	7.732	1.577	OK
233	5.646	1.932	OK
234	0.084	1.928	ERR
235	4.150	2.023	OK
236	0.658	2.068	ERR
237	16.634	3.729	OK
238	0.979	3.786	OK
239	0.174	3.680	ERR
240	4.469	4.117	OK
241	0.675	4.120	ERR
242	8.329	4.180	OK
243	11.727	4.788	OK
244	1.541	4.934	ERR
245	9.843	5.503	OK
246	12.115	6.649	OK
247	0.102	4.995	ERR
248	0.928	4.990	ERR
249	5.527	5.526	OK
250	9.983	6.077	OK
251	5.307	6.540	OK
252	1.325	5.840	OK
253	0.312	4.698	ERR
254	0.067	4.551	ERR
255	3.779	3.944	OK
256	0.772	2.810	ERR
257	4.656	3.266	OK
258	2.096	3.382	OK
259	3.198	3.149	OK
260	6.821	2.833	OK
261	10.300	3.333	OK
262	0.088	3.209	ERR
263	0.019	3.180	ERR
264	7.880	3.961	OK
265	14.595	5.042	OK
266	1.853	5.150	OK
267	0.457	4.731	ERR
268	3.458	4.867	OK
269	1.457	4.693	OK
270	1.370	4.148	OK
271	0.333	3.151	ERR
272	12.291	4.371	OK
273	0.995	4.469	OK
274	0.716	3.752	ERR
275	1.207	2.414	OK
276	0.125	2.241	ERR
277	6.797	2.875	OK
278	13.027	3.832	OK
279	1.421	3.828	ERR
280	10.640	4.755	OK
281	0.071	4.729	ERR
282	0.080	3.508	ERR
283	0.050	3.413	ERR
284	0.142	3.356	ERR
285	0.143	3.249	ERR
286	0.319	3.269	OK
287	0.597	2.649	ERR
288	10.358	2.382	OK
289	0.137	2.254	ERR
290	6.360	1.826	OK
291	0.162	1.835	ERR
292	18.971	3.724	OK
293	5.025	4.221	OK
294	3.331	4.540	OK
295	10.368	5.563	OK
296	11.690	6.700	OK
297	0.089	6.649	ERR
298	0.119	5.625	ERR
299	0.423	5.654	ERR
300	9.417	5.960	OK
301	10.130	6.956	OK
302	0.169	5.076	ERR
303	0.016	4.575	ERR
304	0.749	4.317	OK
305	3.048	3.585	OK
306	0.170	2.433	ERR
307	1.230	2.547	ERR
308	3.398	2.875	OK
309	14.986	4.331	OK
310	13.877	4.777	OK
311	2.983	4.063	OK
312	11.879	5.234	OK
313	1.097	5.342	ERR
314	0.161	5.283	ERR
315	3.460	5.324	OK
316	0.298	5.337	ERR
317	7.364	5.950	OK
318	0.160	5.627	ERR
319	3.213	4.449	OK
320	0.010	3.062	ERR
321	0.081	2.772	ERR
322	12.346	2.819	OK
323	0.459	2.755	ERR
324	0.016	2.741	ERR
325	0.357	2.430	OK
326	9.240	3.325	OK
327	0.052	2.593	ERR
328	9.858	3.563	OK
329	9.981	4.240	OK
330	6.578	4.897	OK
331	5.669	5.456	OK
332	12.654	5.486	OK
333	19.631	7.404	OK
334	0.073	7.409	ERR
335	0.134	7.387	ERR
336	6.801	7.143	OK
337	4.235	7.561	OK
338	0.108	6.586	ERR
339	8.315	6.420	OK
340	3.876	6.150	OK
341	0.408	5.624	OK
342	0.828	4.441	ERR
343	0.622	2.540	OK
344	3.180	2.851	ERR
345	3.265	3.164	OK
346	0.021	2.486	ERR
347	0.640	2.126	ERR
348	7.048	2.820	OK
349	1.141	2.103	OK
350	10.372	2.752	OK
351	0.155	2.727	ERR
352	7.896	3.434	OK
353	1.942	3.566	OK
354	0.304	3.278	OK
355	3.040	3.256	OK
356	0.398	3.294	ERR
357	0.132	3.243	ERR
358	0.039	2.542	ERR
359	0.123	2.440	ERR
360	0.880	1.491	ERR
361	1.386	1.614	OK
362	9.722	1.797	OK
363	0.164	1.619	ERR
364	0.619	1.650	ERR
365	0.102	1.356	ERR
366	0.016	1.318	ERR
367	3.769	1.682	OK
368	0.163	1.694	ERR
369	1.241	1.806	OK
370	2.609	1.979	ERR
371	8.672	2.708	OK
372	3.627	2.098	OK
373	0.457	2.127	ERR
374	1.344	2.200	OK
375	11.456	3.335	OK
376	0.048	3.339	ERR
377	13.499	4.312	OK
378	0.106	4.306	ERR
379	6.992	4.881	OK
380	0.039	4.624	ERR
381	0.010	3.758	ERR
382	0.024	3.398	ERR
383	0.181	3.370	ERR
384	5.604	3.796	OK
385	3.029	2.953	OK
386	3.015	3.250	OK
387	10.012	2.901	OK
388	0.385	2.929	ERR
389	0.616	2.292	ERR
390	0.019	2.290	ERR
391	1.891	2.478	OK
392	4.063	2.882	OK
393	10.986	3.962	OK
394	1.215	3.523	ERR
395	10.372	4.257	OK
396	1.842	4.140	OK
397	0.377	3.177	ERR
398	7.661	3.904	OK
399	0.061	3.849	ERR

---- Final results ----
400 NS requests
156 failed requests
244 success requests
23 improved requests
1545.652 ellapsed time
