#req	time (sec)	avg. time (sec)	mapping
0	0.151	0.000	ERR
1	1.515	0.000	OK
2	5.741	0.000	OK
3	10.518	0.000	OK
4	5.324	0.000	OK
5	5.136	0.000	OK
6	0.098	0.000	ERR
7	9.416	0.000	OK
8	9.814	0.000	OK
9	9.100	0.000	OK
10	0.243	5.690	ERR
11	2.401	5.779	OK
12	7.878	5.993	OK
13	7.944	5.735	OK
14	1.693	5.372	OK
15	3.151	5.174	OK
16	6.095	5.773	OK
17	2.715	5.103	OK
18	0.240	4.146	ERR
19	6.379	3.874	OK
20	5.027	4.352	OK
21	3.561	4.468	OK
22	7.150	4.396	OK
23	2.591	3.860	OK
24	2.694	3.960	OK
25	0.189	3.664	ERR
26	1.119	3.167	OK
27	12.192	4.114	OK
28	0.091	4.099	ERR
29	1.192	3.581	OK
30	0.144	3.092	ERR
31	6.170	3.353	OK
32	2.115	2.850	OK
33	6.521	3.243	OK
34	4.694	3.443	OK
35	1.566	3.580	OK
36	7.222	4.191	OK
37	1.017	3.073	OK
38	13.458	4.410	OK
39	4.415	4.732	OK
40	7.373	5.455	OK
41	3.522	5.190	OK
42	8.587	5.838	OK
43	7.736	5.959	OK
44	0.174	5.507	ERR
45	1.987	5.549	OK
46	0.207	4.848	ERR
47	4.795	5.225	OK
48	7.266	4.606	OK
49	0.153	4.180	ERR
50	0.092	3.452	ERR
51	5.081	3.608	OK
52	6.877	3.437	OK
53	0.133	2.677	ERR
54	3.899	3.049	OK
55	0.279	2.878	ERR
56	4.114	3.269	OK
57	3.764	3.166	OK
58	4.949	2.934	OK
59	5.080	3.427	OK
60	7.143	4.132	OK
61	6.732	4.297	OK
62	9.020	4.511	OK
63	0.082	4.506	ERR
64	7.944	4.911	OK
65	2.103	5.093	OK
66	1.740	4.856	OK
67	0.126	4.492	ERR
68	0.998	4.097	ERR
69	1.990	3.788	OK
70	0.161	3.090	ERR
71	1.144	2.531	OK
72	1.121	1.741	OK
73	9.820	2.715	OK
74	12.645	3.185	OK
75	7.611	3.736	OK
76	0.175	3.579	ERR
77	0.177	3.584	ERR
78	0.266	3.511	OK
79	0.186	3.331	ERR
80	3.236	3.638	OK
81	0.065	3.530	ERR
82	0.580	3.476	ERR
83	5.944	3.089	OK
84	12.025	3.027	OK
85	8.219	3.087	OK
86	2.676	3.338	OK
87	10.377	4.358	OK
88	6.854	5.016	OK
89	1.281	5.126	ERR
90	3.006	5.103	OK
91	0.206	5.117	ERR
92	12.588	6.318	OK
93	8.343	6.558	OK
94	0.170	5.372	ERR
95	6.560	5.206	OK
96	1.165	5.055	OK
97	3.535	4.371	OK
98	0.215	3.707	ERR
99	0.180	3.597	ERR
100	3.876	3.684	OK
101	0.123	3.675	ERR
102	0.112	2.428	ERR
103	0.076	1.601	ERR
104	6.069	2.191	OK
105	0.156	1.551	ERR
106	1.338	1.568	OK
107	0.137	1.228	ERR
108	0.268	1.233	OK
109	0.131	1.229	ERR
110	2.510	1.092	OK
111	1.842	1.264	OK
112	2.970	1.550	OK
113	0.094	1.551	ERR
114	1.662	1.111	OK
115	0.229	1.118	ERR
116	3.121	1.296	OK
117	4.939	1.777	OK
118	2.121	1.962	OK
119	0.348	1.984	ERR
120	5.162	2.249	OK
121	0.126	2.077	ERR
122	8.401	2.620	OK
123	5.470	3.158	OK
124	10.963	4.088	OK
125	3.026	4.368	OK
126	3.004	4.356	OK
127	0.187	3.881	ERR
128	0.793	3.748	OK
129	15.940	5.307	OK
130	3.615	5.152	OK
131	0.730	5.213	ERR
132	7.907	5.163	OK
133	0.446	4.661	ERR
134	5.471	4.112	OK
135	1.593	3.969	OK
136	1.497	3.818	ERR
137	5.124	4.312	OK
138	8.835	5.116	OK
139	0.509	3.573	ERR
140	0.208	3.232	ERR
141	0.162	3.175	ERR
142	0.994	2.484	ERR
143	2.166	2.656	OK
144	8.510	2.960	OK
145	0.149	2.815	ERR
146	0.018	2.668	ERR
147	2.103	2.365	OK
148	1.599	1.642	OK
149	1.301	1.721	OK
150	5.594	2.260	OK
151	0.168	2.260	ERR
152	0.567	2.217	ERR
153	2.283	2.229	OK
154	1.403	1.518	OK
155	0.183	1.522	ERR
156	0.541	1.574	ERR
157	1.160	1.480	ERR
158	0.483	1.368	OK
159	0.269	1.265	ERR
160	5.361	1.242	OK
161	0.307	1.256	OK
162	0.130	1.212	ERR
163	0.309	1.015	OK
164	7.654	1.640	OK
165	0.116	1.633	ERR
166	0.068	1.586	ERR
167	0.357	1.505	ERR
168	8.010	2.258	OK
169	0.857	2.317	OK
170	0.142	1.795	ERR
171	3.100	2.074	OK
172	4.700	2.531	OK
173	6.898	3.190	OK
174	2.533	2.678	OK
175	6.634	3.330	OK
176	0.390	3.362	OK
177	0.018	3.328	ERR
178	8.400	3.367	OK
179	0.021	3.284	ERR
180	0.016	3.271	ERR
181	1.658	3.127	OK
182	3.122	2.969	OK
183	13.222	3.601	OK
184	0.378	3.386	OK
185	3.587	3.081	OK
186	4.265	3.469	OK
187	0.044	3.471	ERR
188	0.844	2.716	ERR
189	8.782	3.592	OK
190	2.417	3.832	OK
191	9.946	4.661	OK
192	8.827	5.231	OK
193	0.134	3.922	ERR
194	2.112	4.096	OK
195	0.126	3.750	ERR
196	9.993	4.323	OK
197	4.294	4.747	OK
198	0.187	4.682	ERR
199	0.168	3.820	ERR
200	0.508	3.629	OK
201	0.997	2.735	OK
202	0.363	1.888	OK
203	5.192	2.394	OK
204	5.341	2.717	OK
205	0.010	2.705	ERR
206	4.800	2.186	OK
207	0.019	1.758	ERR
208	5.262	2.266	OK
209	6.868	2.936	OK
210	9.985	3.884	OK
211	0.651	3.849	ERR
212	3.615	4.174	OK
213	1.317	3.787	OK
214	6.064	3.859	OK
215	2.451	4.103	OK
216	9.357	4.559	OK
217	0.417	4.599	ERR
218	0.535	4.126	ERR
219	0.097	3.449	ERR
220	0.071	2.457	ERR
221	3.641	2.756	OK
222	5.414	2.936	OK
223	1.249	2.930	OK
224	0.127	2.336	ERR
225	3.052	2.396	OK
226	0.279	1.488	ERR
227	0.021	1.449	ERR
228	0.118	1.407	ERR
229	9.625	2.360	OK
230	0.018	2.354	ERR
231	0.825	2.073	OK
232	7.973	2.329	OK
233	7.399	2.944	OK
234	0.097	2.941	ERR
235	3.311	2.967	OK
236	10.329	3.972	OK
237	9.150	4.885	OK
238	1.122	4.985	OK
239	0.204	4.043	ERR
240	4.315	4.473	OK
241	0.306	4.421	ERR
242	0.122	3.636	ERR
243	0.094	2.905	ERR
244	1.841	3.079	ERR
245	8.780	3.626	OK
246	8.141	3.408	OK
247	0.122	2.505	ERR
248	0.921	2.485	ERR
249	1.521	2.616	OK
250	0.016	2.186	ERR
251	3.532	2.509	OK
252	0.869	2.584	OK
253	1.324	2.707	OK
254	0.081	2.531	ERR
255	1.621	1.815	OK
256	7.070	1.708	OK
257	6.567	2.352	OK
258	1.270	2.387	OK
259	2.564	2.491	OK
260	4.039	2.894	OK
261	8.190	3.359	OK
262	0.081	3.281	ERR
263	0.019	3.150	ERR
264	1.014	3.244	OK
265	5.334	3.615	OK
266	0.406	2.948	OK
267	0.123	2.304	ERR
268	2.703	2.447	OK
269	0.751	2.266	OK
270	1.708	2.033	OK
271	0.176	1.231	ERR
272	7.469	1.970	OK
273	1.461	2.114	OK
274	0.021	2.015	ERR
275	1.192	1.601	OK
276	0.132	1.574	ERR
277	8.747	2.436	OK
278	0.183	2.184	ERR
279	0.737	2.183	ERR
280	0.063	2.018	ERR
281	7.149	2.715	OK
282	1.210	2.089	OK
283	0.049	1.948	ERR
284	0.163	1.962	ERR
285	0.156	1.859	ERR
286	0.350	1.881	OK
287	0.368	1.043	ERR
288	11.350	2.159	OK
289	0.151	2.101	ERR
290	2.322	2.327	OK
291	0.198	1.632	ERR
292	14.042	2.915	OK
293	5.140	3.424	OK
294	0.115	3.419	ERR
295	4.789	3.882	OK
296	6.736	4.521	OK
297	0.100	4.494	ERR
298	0.122	3.372	ERR
299	0.018	3.358	ERR
300	7.831	3.909	OK
301	0.016	3.891	ERR
302	0.198	2.507	ERR
303	1.635	2.156	OK
304	0.937	2.238	OK
305	2.970	2.056	OK
306	0.212	1.404	ERR
307	0.035	1.398	ERR
308	5.155	1.901	OK
309	6.443	2.543	OK
310	11.420	2.902	OK
311	6.758	3.577	OK
312	5.928	4.149	OK
313	4.485	4.434	OK
314	0.234	4.364	ERR
315	3.582	4.425	OK
316	1.092	4.513	ERR
317	8.631	5.373	OK
318	0.206	4.878	ERR
319	3.655	4.599	OK
320	0.010	3.458	ERR
321	0.109	2.793	ERR
322	0.132	2.214	ERR
323	0.498	1.815	ERR
324	0.108	1.802	ERR
325	0.096	1.454	ERR
326	5.230	1.867	OK
327	0.032	1.008	ERR
328	10.029	1.990	OK
329	0.949	1.719	ERR
330	5.648	2.283	OK
331	5.028	2.775	OK
332	13.163	4.078	OK
333	13.459	5.374	OK
334	2.799	5.643	OK
335	0.156	5.649	ERR
336	9.735	6.100	OK
337	3.890	6.485	OK
338	0.123	5.495	ERR
339	2.955	5.695	OK
340	3.556	5.486	OK
341	0.322	5.016	OK
342	0.016	3.701	ERR
343	1.000	2.455	OK
344	14.146	3.590	OK
345	4.969	4.071	OK
346	0.063	3.104	ERR
347	0.969	2.812	ERR
348	5.542	3.354	OK
349	1.266	3.185	OK
350	1.079	2.937	ERR
351	0.175	2.923	ERR
352	3.139	3.235	OK
353	3.118	3.447	OK
354	0.018	2.034	ERR
355	2.944	1.831	OK
356	0.090	1.834	ERR
357	0.160	1.753	ERR
358	0.146	1.214	ERR
359	0.160	1.103	ERR
360	7.617	1.757	OK
361	0.010	1.740	ERR
362	10.249	2.451	OK
363	0.272	2.167	ERR
364	0.523	2.217	ERR
365	0.127	1.935	ERR
366	0.101	1.936	ERR
367	0.326	1.953	ERR
368	0.197	1.958	ERR
369	1.737	2.116	OK
370	0.057	1.360	ERR
371	8.220	2.181	OK
372	1.577	1.314	OK
373	0.222	1.309	ERR
374	1.316	1.388	OK
375	0.270	1.402	OK
376	0.049	1.397	ERR
377	7.680	2.132	OK
378	0.018	2.115	ERR
379	13.040	3.245	OK
380	0.016	3.241	ERR
381	0.434	2.462	ERR
382	0.024	2.307	ERR
383	0.204	2.305	ERR
384	2.884	2.462	OK
385	2.896	2.725	OK
386	3.610	3.081	OK
387	7.430	3.056	OK
388	3.122	3.366	OK
389	0.012	2.063	ERR
390	1.363	2.198	ERR
391	2.410	2.396	OK
392	3.006	2.694	OK
393	7.256	3.399	OK
394	0.018	3.112	ERR
395	4.259	3.249	OK
396	0.323	2.920	ERR
397	0.441	2.221	ERR
398	6.781	2.587	OK
399	0.010	2.587	ERR

---- Final results ----
400 NS requests
156 failed requests
244 success requests
14 improved requests
1260.659 ellapsed time
