#req	time (sec)	avg. time (sec)	mapping
0	0.079	0.000	ERR
1	4.455	0.000	OK
2	6.235	0.000	OK
3	8.857	0.000	OK
4	4.499	0.000	OK
5	6.354	0.000	OK
6	0.102	0.000	ERR
7	8.123	0.000	OK
8	2.497	0.000	OK
9	5.937	0.000	OK
10	0.154	4.721	ERR
11	6.136	4.889	OK
12	8.712	5.137	OK
13	8.055	5.057	OK
14	5.038	5.111	OK
15	5.551	5.031	OK
16	4.935	5.514	OK
17	0.845	4.786	OK
18	0.139	4.550	ERR
19	3.095	4.266	OK
20	8.201	5.071	OK
21	3.073	4.764	OK
22	7.290	4.622	OK
23	4.601	4.277	OK
24	1.726	3.946	OK
25	0.143	3.405	ERR
26	6.322	3.543	OK
27	8.661	4.325	OK
28	0.083	4.319	ERR
29	0.930	4.103	ERR
30	0.096	3.292	ERR
31	13.295	4.315	OK
32	2.804	3.866	OK
33	4.399	3.846	OK
34	5.042	4.178	OK
35	5.133	4.677	OK
36	7.343	4.779	OK
37	2.772	4.190	OK
38	0.651	4.247	ERR
39	3.029	4.456	OK
40	6.448	5.092	OK
41	4.662	4.228	OK
42	9.281	4.876	OK
43	5.255	4.962	OK
44	0.023	4.460	ERR
45	6.464	4.593	OK
46	0.137	3.872	ERR
47	7.486	4.344	OK
48	0.010	4.280	ERR
49	0.108	3.987	ERR
50	0.087	3.351	ERR
51	4.269	3.312	OK
52	4.280	2.812	OK
53	0.098	2.296	ERR
54	5.777	2.872	OK
55	0.300	2.255	ERR
56	1.911	2.433	OK
57	2.410	1.925	OK
58	4.495	2.373	OK
59	4.685	2.831	OK
60	5.602	3.383	OK
61	3.909	3.347	OK
62	5.689	3.488	OK
63	0.074	3.485	ERR
64	9.970	3.905	OK
65	5.739	4.449	OK
66	0.657	4.323	ERR
67	0.117	4.094	ERR
68	0.419	3.686	OK
69	8.954	4.113	OK
70	0.117	3.565	ERR
71	0.995	3.273	OK
72	1.879	2.892	OK
73	0.036	2.888	ERR
74	4.209	2.312	OK
75	0.034	1.742	ERR
76	0.819	1.758	ERR
77	0.131	1.759	ERR
78	1.083	1.826	OK
79	0.104	0.941	ERR
80	3.946	1.324	OK
81	0.068	1.231	ERR
82	5.836	1.627	OK
83	0.152	1.638	ERR
84	3.116	1.529	OK
85	3.026	1.828	OK
86	2.973	2.044	OK
87	8.103	2.841	OK
88	5.839	3.316	OK
89	1.265	3.432	ERR
90	7.563	3.794	OK
91	0.121	3.799	ERR
92	0.149	3.231	ERR
93	6.004	3.816	OK
94	0.119	3.516	ERR
95	5.940	3.808	OK
96	6.243	4.135	OK
97	8.090	4.133	OK
98	0.128	3.562	ERR
99	0.091	3.445	ERR
100	4.635	3.152	OK
101	0.022	3.142	ERR
102	0.737	3.201	ERR
103	0.070	2.607	ERR
104	5.951	3.191	OK
105	0.127	2.609	ERR
106	1.978	2.183	OK
107	0.141	1.388	ERR
108	0.280	1.403	OK
109	0.084	1.403	ERR
110	8.524	1.791	OK
111	1.385	1.928	OK
112	5.612	2.415	OK
113	4.067	2.815	OK
114	1.877	2.407	OK
115	0.135	2.408	ERR
116	6.636	2.874	OK
117	0.856	2.946	ERR
118	0.303	2.948	ERR
119	0.083	2.948	ERR
120	3.641	2.460	OK
121	0.115	2.333	ERR
122	0.474	1.819	ERR
123	4.231	1.835	OK
124	5.732	2.221	OK
125	6.194	2.826	OK
126	4.035	2.566	OK
127	5.305	3.011	OK
128	0.374	3.018	OK
129	11.447	4.155	OK
130	3.623	4.153	OK
131	0.751	4.216	ERR
132	0.193	4.188	ERR
133	0.222	3.788	ERR
134	9.824	4.197	OK
135	5.024	4.080	OK
136	0.067	3.683	ERR
137	4.853	3.638	OK
138	9.895	4.590	OK
139	0.091	3.454	ERR
140	0.136	3.106	ERR
141	0.121	3.043	ERR
142	0.666	3.090	ERR
143	1.448	3.212	OK
144	8.003	3.030	OK
145	0.106	2.539	ERR
146	0.040	2.536	ERR
147	4.288	2.479	OK
148	2.844	1.774	OK
149	3.895	2.155	OK
150	5.866	2.728	OK
151	0.123	2.728	ERR
152	8.159	3.477	OK
153	0.789	3.411	OK
154	2.502	2.861	OK
155	0.137	2.864	ERR
156	0.069	2.867	ERR
157	0.133	2.452	ERR
158	0.681	2.235	ERR
159	0.168	1.863	ERR
160	5.924	1.868	OK
161	0.279	1.884	OK
162	0.080	1.076	ERR
163	0.032	1.000	ERR
164	4.385	1.189	OK
165	0.106	1.186	ERR
166	0.059	1.185	ERR
167	4.369	1.608	OK
168	6.078	2.148	OK
169	3.725	2.504	OK
170	0.107	1.922	ERR
171	25.258	4.420	OK
172	6.595	5.071	OK
173	6.671	5.735	OK
174	2.710	5.568	OK
175	3.973	5.955	OK
176	6.305	6.579	OK
177	0.343	6.176	OK
178	5.018	6.070	OK
179	0.021	5.700	ERR
180	0.157	5.705	ERR
181	6.108	3.790	OK
182	8.780	4.009	OK
183	12.099	4.551	OK
184	2.381	4.518	OK
185	3.488	4.470	OK
186	2.095	4.049	OK
187	3.133	4.328	OK
188	0.416	3.868	ERR
189	5.636	4.429	OK
190	4.771	4.891	OK
191	7.403	5.020	OK
192	0.136	4.156	ERR
193	0.131	2.959	ERR
194	6.631	3.384	OK
195	0.348	3.070	OK
196	3.400	3.200	OK
197	8.040	3.691	OK
198	0.065	3.656	ERR
199	5.814	3.674	OK
200	10.541	4.251	OK
201	0.073	3.518	ERR
202	0.244	3.529	OK
203	0.751	3.591	ERR
204	1.401	3.068	OK
205	0.010	3.034	ERR
206	3.123	3.006	OK
207	0.019	2.204	ERR
208	1.101	2.308	ERR
209	22.854	4.012	OK
210	9.222	3.880	OK
211	0.138	3.886	ERR
212	7.281	4.590	OK
213	1.157	4.631	OK
214	7.624	5.253	OK
215	3.101	5.562	OK
216	4.475	5.697	OK
217	4.446	6.140	OK
218	0.039	6.034	ERR
219	0.075	3.756	ERR
220	0.046	2.838	ERR
221	0.088	2.833	ERR
222	9.645	3.070	OK
223	5.716	3.526	OK
224	0.132	2.776	ERR
225	8.058	3.272	OK
226	0.665	2.891	ERR
227	0.022	2.448	ERR
228	0.147	2.459	ERR
229	6.024	3.054	OK
230	0.112	3.061	ERR
231	2.043	3.256	OK
232	4.287	2.720	OK
233	5.101	2.659	OK
234	0.097	2.656	ERR
235	3.720	2.222	OK
236	0.012	2.157	ERR
237	7.096	2.864	OK
238	0.652	2.914	OK
239	6.582	2.970	OK
240	5.405	3.500	OK
241	0.560	3.351	ERR
242	0.093	2.932	ERR
243	0.104	2.432	ERR
244	0.810	2.503	ERR
245	8.441	2.975	OK
246	7.448	3.719	OK
247	0.101	3.020	ERR
248	0.692	3.024	ERR
249	0.071	2.373	ERR
250	2.991	2.131	OK
251	3.958	2.471	OK
252	0.037	2.465	ERR
253	0.010	2.456	ERR
254	0.052	2.380	ERR
255	5.943	2.130	OK
256	0.052	1.391	ERR
257	2.180	1.599	OK
258	1.031	1.633	OK
259	3.439	1.969	OK
260	4.757	2.146	OK
261	4.694	2.220	OK
262	0.042	2.220	ERR
263	0.019	2.221	ERR
264	0.323	2.248	OK
265	9.798	2.634	OK
266	12.448	3.873	OK
267	0.080	3.663	ERR
268	7.668	4.327	OK
269	1.206	4.104	OK
270	7.414	4.369	OK
271	1.532	4.053	OK
272	0.059	4.055	ERR
273	6.191	4.672	OK
274	0.021	4.642	ERR
275	2.115	3.873	OK
276	9.801	3.609	OK
277	2.618	3.863	OK
278	7.980	3.894	OK
279	1.414	3.915	ERR
280	0.532	3.226	ERR
281	6.007	3.674	OK
282	5.698	4.238	OK
283	0.080	3.627	ERR
284	0.179	3.642	ERR
285	0.135	3.444	ERR
286	0.856	2.550	OK
287	0.099	2.298	ERR
288	0.042	1.504	ERR
289	0.128	1.376	ERR
290	6.351	1.957	OK
291	0.132	1.370	ERR
292	7.191	1.519	OK
293	7.686	2.280	OK
294	7.702	3.032	OK
295	3.777	3.396	OK
296	6.399	3.951	OK
297	0.092	3.950	ERR
298	0.131	3.959	ERR
299	22.388	6.185	OK
300	0.723	5.622	ERR
301	0.037	5.613	ERR
302	0.149	4.908	ERR
303	9.315	5.071	OK
304	10.295	5.331	OK
305	4.237	5.376	OK
306	0.127	4.749	ERR
307	0.065	4.747	ERR
308	5.804	5.314	OK
309	3.328	3.408	OK
310	9.200	4.256	OK
311	1.177	4.370	OK
312	7.295	5.084	OK
313	5.222	4.675	OK
314	5.986	4.244	OK
315	6.718	4.492	OK
316	0.055	4.485	ERR
317	3.478	4.826	OK
318	0.124	4.258	ERR
319	2.751	4.200	OK
320	0.010	3.282	ERR
321	0.077	3.172	ERR
322	5.623	3.004	OK
323	0.190	2.501	OK
324	0.266	1.929	ERR
325	0.266	1.284	OK
326	3.993	1.678	OK
327	0.473	1.377	ERR
328	0.339	1.399	OK
329	0.120	1.136	ERR
330	4.877	1.622	OK
331	5.094	2.124	OK
332	11.256	2.687	OK
333	0.082	2.677	ERR
334	0.034	2.653	ERR
335	0.142	2.641	ERR
336	3.389	2.581	OK
337	0.021	2.536	ERR
338	0.111	2.513	ERR
339	0.111	2.512	ERR
340	3.735	2.398	OK
341	3.960	2.284	OK
342	0.017	1.160	ERR
343	0.305	1.182	OK
344	0.138	1.193	ERR
345	0.904	1.269	OK
346	4.499	1.380	OK
347	0.155	1.393	ERR
348	0.070	1.389	ERR
349	0.406	1.419	OK
350	8.512	1.897	OK
351	0.138	1.514	ERR
352	0.019	1.515	ERR
353	2.387	1.723	OK
354	0.283	1.737	OK
355	6.310	2.278	OK
356	0.061	1.834	ERR
357	0.124	1.831	ERR
358	0.041	1.828	ERR
359	0.093	1.797	ERR
360	0.603	1.006	ERR
361	0.010	0.993	ERR
362	7.433	1.734	OK
363	0.146	1.510	ERR
364	0.022	1.484	ERR
365	0.081	0.861	ERR
366	5.311	1.386	OK
367	5.076	1.882	OK
368	0.158	1.893	ERR
369	6.773	2.561	OK
370	0.017	2.503	ERR
371	5.624	3.064	OK
372	9.705	3.291	OK
373	13.220	4.599	OK
374	3.966	4.993	OK
375	10.794	6.064	OK
376	0.105	5.544	ERR
377	6.675	5.703	OK
378	0.763	5.764	ERR
379	8.521	5.939	OK
380	0.105	5.948	ERR
381	0.106	5.396	ERR
382	0.025	4.428	ERR
383	0.517	3.158	ERR
384	5.696	3.331	OK
385	4.540	2.705	OK
386	5.872	3.282	OK
387	7.031	3.318	OK
388	8.283	4.070	OK
389	0.033	3.221	ERR
390	1.242	3.335	ERR
391	0.905	3.414	OK
392	2.390	3.651	OK
393	2.841	3.883	OK
394	0.119	3.326	ERR
395	9.715	3.843	OK
396	0.310	3.287	OK
397	5.212	3.105	OK
398	7.025	2.979	OK
399	0.061	2.982	ERR

---- Final results ----
400 NS requests
161 failed requests
239 success requests
26 improved requests
1314.592 ellapsed time
