#req	time (sec)	avg. time (sec)	mapping
0	0.117	0.000	ERR
1	1.005	0.000	OK
2	9.078	0.000	OK
3	12.250	0.000	OK
4	5.892	0.000	OK
5	7.378	0.000	OK
6	0.097	0.000	ERR
7	8.314	0.000	OK
8	7.870	0.000	OK
9	8.359	0.000	OK
10	0.193	6.044	ERR
11	1.453	6.088	OK
12	6.015	5.782	OK
13	3.690	4.926	OK
14	0.529	4.390	OK
15	2.784	3.930	OK
16	3.826	4.303	OK
17	1.052	3.577	OK
18	0.187	2.809	ERR
19	6.918	2.665	OK
20	2.969	2.942	OK
21	3.011	3.098	OK
22	6.950	3.191	OK
23	2.847	3.107	OK
24	2.020	3.256	OK
25	0.151	2.993	ERR
26	0.527	2.663	OK
27	10.099	3.568	OK
28	0.083	3.557	ERR
29	1.763	3.042	ERR
30	0.118	2.757	ERR
31	10.149	3.471	OK
32	1.667	2.942	OK
33	5.550	3.213	OK
34	6.883	3.699	OK
35	0.945	3.779	OK
36	3.729	4.099	OK
37	0.551	3.144	OK
38	8.779	4.014	OK
39	3.688	4.206	OK
40	7.258	4.920	OK
41	2.731	4.178	OK
42	16.453	5.657	OK
43	3.355	5.437	OK
44	0.148	4.764	ERR
45	1.338	4.803	OK
46	0.167	4.447	ERR
47	2.558	4.647	OK
48	9.350	4.705	OK
49	0.132	4.349	ERR
50	0.082	3.631	ERR
51	2.719	3.630	OK
52	0.867	2.072	OK
53	0.113	1.747	ERR
54	2.932	2.026	OK
55	0.048	1.897	ERR
56	1.422	2.022	OK
57	2.112	1.978	OK
58	4.440	1.487	OK
59	5.236	1.997	OK
60	5.143	2.503	OK
61	4.867	2.718	OK
62	4.396	3.071	OK
63	0.071	3.067	ERR
64	7.068	3.480	OK
65	0.659	3.541	OK
66	1.533	3.552	ERR
67	0.112	3.353	ERR
68	3.817	3.290	OK
69	0.843	2.851	OK
70	0.133	2.350	ERR
71	1.098	1.973	OK
72	0.657	1.599	OK
73	13.695	2.961	OK
74	5.880	2.843	OK
75	3.117	3.088	OK
76	0.017	2.937	ERR
77	0.152	2.941	ERR
78	1.138	2.673	OK
79	0.141	2.603	ERR
80	0.665	2.656	OK
81	0.064	2.553	ERR
82	0.235	2.510	ERR
83	7.417	1.883	OK
84	5.177	1.812	OK
85	7.191	2.220	OK
86	1.003	2.318	OK
87	8.523	3.155	OK
88	7.856	3.827	OK
89	1.761	3.989	ERR
90	1.186	4.041	OK
91	0.141	4.049	ERR
92	1.358	4.161	ERR
93	5.841	4.004	OK
94	0.145	3.501	ERR
95	6.437	3.425	OK
96	1.345	3.459	ERR
97	3.852	2.992	OK
98	0.176	2.224	ERR
99	0.143	2.062	ERR
100	0.897	2.034	OK
101	0.130	2.032	ERR
102	0.114	1.908	ERR
103	0.069	1.331	ERR
104	3.073	1.624	OK
105	0.141	0.994	ERR
106	1.550	1.015	OK
107	0.137	0.643	ERR
108	0.259	0.651	OK
109	0.114	0.648	ERR
110	0.952	0.654	OK
111	2.853	0.926	OK
112	4.139	1.329	OK
113	0.293	1.351	ERR
114	1.035	1.147	OK
115	0.179	1.151	ERR
116	0.859	1.082	OK
117	4.817	1.550	OK
118	0.990	1.623	OK
119	0.010	1.613	ERR
120	3.415	1.859	OK
121	0.111	1.585	ERR
122	7.894	1.960	OK
123	2.436	2.175	OK
124	7.591	2.830	OK
125	5.461	3.358	OK
126	3.501	3.622	OK
127	0.161	3.157	ERR
128	1.219	3.180	OK
129	14.621	4.641	OK
130	1.935	4.493	OK
131	0.760	4.558	ERR
132	12.320	5.000	OK
133	0.444	4.801	ERR
134	3.717	4.414	OK
135	4.848	4.352	OK
136	12.994	5.302	OK
137	2.998	5.586	OK
138	10.541	6.518	OK
139	0.333	5.089	ERR
140	0.166	4.912	ERR
141	0.136	4.850	ERR
142	0.965	3.714	ERR
143	1.109	3.781	OK
144	10.272	4.436	OK
145	0.127	3.964	ERR
146	0.019	2.666	ERR
147	1.123	2.479	OK
148	0.624	1.487	OK
149	1.427	1.597	OK
150	5.288	2.109	OK
151	0.130	2.108	ERR
152	6.984	2.710	OK
153	1.842	2.783	OK
154	0.688	1.825	OK
155	0.091	1.822	ERR
156	0.335	1.853	ERR
157	6.229	2.364	OK
158	1.596	2.461	OK
159	0.186	2.337	ERR
160	8.546	2.663	OK
161	0.272	2.677	OK
162	0.087	1.987	ERR
163	0.754	1.878	ERR
164	6.909	2.500	OK
165	0.100	2.501	ERR
166	0.056	2.473	ERR
167	0.926	1.943	ERR
168	5.098	2.293	OK
169	3.039	2.579	OK
170	0.124	1.737	ERR
171	1.359	1.845	OK
172	3.608	2.197	OK
173	6.885	2.810	OK
174	2.117	2.331	OK
175	8.206	3.142	OK
176	1.912	3.327	OK
177	1.249	3.360	OK
178	2.671	3.117	OK
179	0.021	2.815	ERR
180	0.807	2.884	ERR
181	0.656	2.813	OK
182	0.877	2.540	OK
183	13.005	3.152	OK
184	3.204	3.261	OK
185	1.122	2.552	OK
186	3.177	2.679	OK
187	0.046	2.559	ERR
188	0.016	2.293	ERR
189	6.265	2.918	OK
190	3.226	3.160	OK
191	9.209	4.015	OK
192	3.358	4.263	OK
193	0.131	2.976	ERR
194	1.718	2.827	OK
195	0.112	2.726	ERR
196	8.774	3.286	OK
197	0.554	3.336	OK
198	0.067	3.341	ERR
199	0.128	2.728	ERR
200	2.876	2.693	OK
201	0.225	1.794	OK
202	0.232	1.482	OK
203	4.690	1.937	OK
204	10.337	2.799	OK
205	0.010	2.789	ERR
206	1.932	2.105	OK
207	0.018	2.052	ERR
208	10.381	3.083	OK
209	3.316	3.402	OK
210	9.660	4.080	OK
211	0.406	4.098	ERR
212	0.666	4.142	OK
213	0.837	3.756	OK
214	4.385	3.161	OK
215	5.109	3.671	OK
216	10.091	4.487	OK
217	3.132	4.798	OK
218	0.166	3.777	ERR
219	0.078	3.453	ERR
220	0.061	2.493	ERR
221	0.532	2.506	OK
222	5.900	3.029	OK
223	1.820	3.128	OK
224	0.119	2.701	ERR
225	1.361	2.326	OK
226	0.209	1.338	ERR
227	0.020	1.027	ERR
228	0.098	1.020	ERR
229	9.651	1.977	OK
230	0.098	1.981	ERR
231	0.561	1.984	OK
232	5.309	1.925	OK
233	4.733	2.216	OK
234	0.083	2.212	ERR
235	1.433	2.220	OK
236	0.658	2.265	ERR
237	11.505	3.413	OK
238	0.825	3.486	OK
239	0.045	2.525	ERR
240	2.729	2.788	OK
241	0.666	2.799	ERR
242	2.358	2.504	OK
243	0.581	2.088	ERR
244	1.546	2.235	ERR
245	7.164	2.808	OK
246	9.333	3.675	OK
247	0.101	2.535	ERR
248	0.916	2.544	ERR
249	0.093	2.549	ERR
250	0.036	2.279	ERR
251	3.377	2.551	OK
252	3.283	2.643	OK
253	0.299	2.615	ERR
254	0.065	2.467	ERR
255	2.547	2.005	OK
256	4.962	1.568	OK
257	4.633	2.021	OK
258	1.544	2.084	OK
259	2.463	2.321	OK
260	5.313	2.849	OK
261	8.732	3.384	OK
262	0.067	3.062	ERR
263	0.018	3.034	ERR
264	7.811	3.809	OK
265	19.027	5.457	OK
266	1.795	5.140	OK
267	0.088	4.686	ERR
268	3.336	4.865	OK
269	1.406	4.759	OK
270	0.708	4.299	OK
271	3.108	3.736	OK
272	8.540	4.584	OK
273	0.843	4.666	OK
274	0.077	3.893	ERR
275	0.660	2.056	OK
276	0.120	1.889	ERR
277	5.361	2.416	OK
278	10.166	3.099	OK
279	1.409	3.099	ERR
280	4.514	3.480	OK
281	5.331	3.702	OK
282	5.603	3.408	OK
283	5.102	3.834	OK
284	0.138	3.840	ERR
285	0.141	3.789	ERR
286	0.312	3.808	OK
287	0.579	3.330	ERR
288	7.259	3.039	OK
289	0.137	2.912	ERR
290	3.773	2.837	OK
291	0.162	2.321	ERR
292	15.867	3.347	OK
293	4.310	3.268	OK
294	2.478	3.502	OK
295	8.739	4.362	OK
296	8.960	5.226	OK
297	0.088	5.177	ERR
298	0.118	4.463	ERR
299	0.706	4.520	ERR
300	4.354	4.578	OK
301	8.280	5.390	OK
302	0.169	3.820	ERR
303	5.420	3.931	OK
304	0.608	3.744	OK
305	2.235	3.094	OK
306	0.173	2.215	ERR
307	1.243	2.331	ERR
308	1.935	2.512	OK
309	12.843	3.726	OK
310	11.669	4.457	OK
311	2.951	3.924	OK
312	8.315	4.739	OK
313	1.115	4.309	ERR
314	0.157	4.264	ERR
315	2.321	4.272	OK
316	0.304	4.285	ERR
317	6.513	4.812	OK
318	0.164	4.635	ERR
319	2.581	3.609	OK
320	0.023	2.444	ERR
321	0.083	2.158	ERR
322	12.578	2.584	OK
323	0.891	2.562	ERR
324	0.097	2.555	ERR
325	0.075	2.331	ERR
326	0.036	2.304	ERR
327	1.976	1.850	ERR
328	2.942	2.128	OK
329	6.857	2.556	OK
330	3.440	2.897	OK
331	4.086	3.298	OK
332	10.207	3.061	OK
333	14.781	4.450	OK
334	0.072	4.447	ERR
335	0.133	4.453	ERR
336	6.048	5.054	OK
337	3.395	5.196	OK
338	0.111	4.913	ERR
339	8.226	5.050	OK
340	3.194	5.025	OK
341	0.410	4.658	OK
342	0.016	3.639	ERR
343	0.358	2.196	OK
344	0.375	2.227	ERR
345	2.752	2.488	OK
346	0.127	1.896	ERR
347	0.038	1.561	ERR
348	6.085	2.158	OK
349	1.131	1.449	OK
350	0.068	1.136	ERR
351	0.159	1.111	ERR
352	4.773	1.587	OK
353	1.127	1.663	OK
354	0.306	1.657	OK
355	1.050	1.487	OK
356	0.060	1.480	ERR
357	0.136	1.490	ERR
358	1.218	1.003	ERR
359	0.126	0.902	ERR
360	19.102	2.806	OK
361	0.103	2.800	ERR
362	7.795	3.102	OK
363	0.157	3.005	ERR
364	0.393	3.014	ERR
365	0.105	2.920	ERR
366	0.341	2.948	ERR
367	3.571	3.291	OK
368	0.167	3.186	ERR
369	2.228	3.396	OK
370	0.057	1.492	ERR
371	7.116	2.193	OK
372	0.923	1.506	ERR
373	0.482	1.538	ERR
374	3.183	1.817	OK
375	8.878	2.695	OK
376	0.051	2.666	ERR
377	7.557	3.064	OK
378	1.814	3.229	ERR
379	6.237	3.630	OK
380	0.462	3.670	ERR
381	6.844	3.643	OK
382	0.025	3.553	ERR
383	0.185	3.524	ERR
384	0.608	3.266	OK
385	3.078	2.686	OK
386	2.214	2.902	OK
387	12.739	3.421	OK
388	4.781	3.717	OK
389	0.043	3.098	ERR
390	0.019	3.054	ERR
391	1.632	2.532	OK
392	0.015	2.531	ERR
393	7.627	3.276	OK
394	1.469	3.362	ERR
395	7.233	3.777	OK
396	1.837	3.739	OK
397	1.285	2.594	ERR
398	4.822	2.598	OK
399	0.065	2.600	ERR

---- Final results ----
400 NS requests
151 failed requests
249 success requests
22 improved requests
1222.966 ellapsed time
