#req	time (sec)	avg. time (sec)	mapping
0	0.076	0.000	ERR
1	2.863	0.000	OK
2	6.185	0.000	OK
3	10.750	0.000	OK
4	5.313	0.000	OK
5	6.006	0.000	OK
6	0.101	0.000	ERR
7	8.593	0.000	OK
8	1.532	0.000	OK
9	6.749	0.000	OK
10	0.151	4.824	ERR
11	2.987	4.837	OK
12	8.769	5.095	OK
13	9.098	4.930	OK
14	5.314	4.930	OK
15	4.981	4.828	OK
16	5.392	5.357	OK
17	0.874	4.585	OK
18	0.137	4.445	ERR
19	2.547	4.025	OK
20	7.124	4.722	OK
21	2.745	4.698	OK
22	6.714	4.493	OK
23	5.261	4.109	OK
24	1.677	3.745	OK
25	0.141	3.261	ERR
26	4.902	3.212	OK
27	10.642	4.189	OK
28	0.082	4.184	ERR
29	0.924	4.021	ERR
30	0.094	3.318	ERR
31	13.274	4.371	OK
32	2.720	3.972	OK
33	3.883	3.834	OK
34	2.449	3.911	OK
35	2.485	4.145	OK
36	7.727	4.428	OK
37	4.546	3.818	OK
38	7.361	4.546	OK
39	3.871	4.841	OK
40	5.326	5.364	OK
41	4.328	4.470	OK
42	9.178	5.115	OK
43	3.825	5.110	OK
44	4.086	5.273	OK
45	7.819	5.807	OK
46	0.135	5.048	ERR
47	7.389	5.332	OK
48	0.010	4.597	ERR
49	0.105	4.220	ERR
50	0.085	3.696	ERR
51	5.738	3.837	OK
52	5.465	3.466	OK
53	0.097	3.093	ERR
54	8.175	3.502	OK
55	0.200	2.740	ERR
56	3.598	3.086	OK
57	4.302	2.777	OK
58	3.458	3.122	OK
59	4.111	3.523	OK
60	5.559	4.070	OK
61	5.163	4.013	OK
62	4.865	3.953	OK
63	0.073	3.950	ERR
64	9.345	4.067	OK
65	7.432	4.791	OK
66	0.677	4.499	ERR
67	0.119	4.080	ERR
68	0.526	3.787	OK
69	9.347	4.311	OK
70	0.119	3.767	ERR
71	2.027	3.453	OK
72	3.352	3.302	OK
73	0.044	3.299	ERR
74	0.773	2.442	OK
75	4.854	2.184	OK
76	0.816	2.198	ERR
77	0.128	2.199	ERR
78	1.856	2.332	OK
79	0.102	1.407	ERR
80	6.650	2.060	OK
81	0.067	1.864	ERR
82	4.377	1.967	OK
83	3.213	2.284	OK
84	4.458	2.652	OK
85	2.078	2.375	OK
86	0.738	2.367	OK
87	6.985	3.052	OK
88	1.541	3.021	OK
89	0.722	3.083	ERR
90	10.041	3.422	OK
91	0.118	3.427	ERR
92	0.146	3.004	ERR
93	6.373	3.320	OK
94	0.118	2.886	ERR
95	5.874	3.266	OK
96	9.396	4.131	OK
97	8.005	4.233	OK
98	0.126	4.092	ERR
99	0.090	4.029	ERR
100	5.485	3.573	OK
101	0.110	3.572	ERR
102	0.733	3.631	ERR
103	0.069	3.000	ERR
104	6.662	3.655	OK
105	0.121	3.080	ERR
106	0.112	2.151	ERR
107	0.134	1.364	ERR
108	0.274	1.379	OK
109	0.080	1.378	ERR
110	8.628	1.692	OK
111	6.864	2.368	OK
112	6.155	2.910	OK
113	2.369	3.140	OK
114	0.701	2.544	OK
115	0.133	2.545	ERR
116	9.564	3.490	OK
117	0.857	3.562	ERR
118	6.285	4.164	OK
119	0.083	4.164	ERR
120	3.871	3.688	OK
121	0.110	3.013	ERR
122	0.474	2.445	ERR
123	4.410	2.649	OK
124	4.915	3.070	OK
125	0.554	3.112	ERR
126	5.862	2.742	OK
127	4.864	3.143	OK
128	2.189	2.733	OK
129	10.698	3.795	OK
130	4.764	3.884	OK
131	0.749	3.948	ERR
132	0.163	3.917	ERR
133	0.769	3.553	ERR
134	9.270	3.988	OK
135	4.811	4.414	OK
136	0.082	3.836	ERR
137	2.960	3.645	OK
138	10.661	4.493	OK
139	0.019	3.425	ERR
140	0.137	2.962	ERR
141	0.124	2.900	ERR
142	0.683	2.952	ERR
143	2.371	3.112	OK
144	6.564	2.841	OK
145	0.103	2.370	ERR
146	0.039	2.366	ERR
147	0.908	2.161	OK
148	3.482	1.443	OK
149	5.020	1.943	OK
150	8.042	2.734	OK
151	0.121	2.733	ERR
152	10.634	3.728	OK
153	0.760	3.567	OK
154	0.405	2.952	OK
155	0.133	2.955	ERR
156	0.067	2.957	ERR
157	0.604	2.927	ERR
158	0.676	2.646	ERR
159	0.164	2.161	ERR
160	5.472	1.904	OK
161	0.283	1.920	OK
162	0.079	0.864	ERR
163	0.780	0.866	ERR
164	5.888	1.415	OK
165	0.104	1.412	ERR
166	0.058	1.411	ERR
167	0.300	1.380	ERR
168	4.648	1.778	OK
169	8.245	2.586	OK
170	0.106	2.049	ERR
171	24.657	4.486	OK
172	9.913	5.470	OK
173	7.859	6.178	OK
174	3.089	5.898	OK
175	2.888	6.176	OK
176	8.740	7.045	OK
177	0.340	7.049	OK
178	4.590	7.043	OK
179	0.022	6.220	ERR
180	0.161	6.226	ERR
181	5.008	4.261	OK
182	7.168	3.987	OK
183	11.328	4.333	OK
184	3.735	4.398	OK
185	0.561	4.165	ERR
186	2.103	3.502	OK
187	3.078	3.775	OK
188	0.412	3.358	ERR
189	4.778	3.833	OK
190	4.027	4.220	OK
191	4.833	4.202	OK
192	1.002	3.586	ERR
193	0.128	2.466	ERR
194	6.325	2.725	OK
195	0.119	2.680	ERR
196	5.320	3.002	OK
197	9.044	3.599	OK
198	0.068	3.564	ERR
199	4.096	3.496	OK
200	13.356	4.429	OK
201	0.069	3.953	ERR
202	0.232	3.876	OK
203	0.742	3.937	ERR
204	0.076	3.312	ERR
205	0.844	3.385	ERR
206	3.122	3.165	OK
207	0.018	2.262	ERR
208	1.066	2.362	ERR
209	24.876	4.440	OK
210	8.888	3.993	OK
211	0.136	4.000	ERR
212	8.129	4.790	OK
213	0.019	4.718	ERR
214	3.645	5.074	OK
215	5.061	5.496	OK
216	4.975	5.681	OK
217	2.844	5.964	OK
218	0.096	5.867	ERR
219	0.074	3.387	ERR
220	0.045	2.502	ERR
221	1.926	2.681	OK
222	4.931	2.361	OK
223	6.574	3.017	OK
224	0.131	2.666	ERR
225	6.195	2.779	OK
226	0.643	2.346	ERR
227	0.021	2.064	ERR
228	0.016	2.056	ERR
229	7.124	2.761	OK
230	0.110	2.767	ERR
231	4.876	3.062	OK
232	3.079	2.877	OK
233	4.718	2.691	OK
234	0.097	2.688	ERR
235	2.300	2.298	OK
236	0.012	2.235	ERR
237	6.881	2.921	OK
238	0.630	2.983	OK
239	0.045	2.275	ERR
240	4.349	2.699	OK
241	0.101	2.221	ERR
242	8.721	2.785	OK
243	2.653	2.579	OK
244	0.906	2.660	ERR
245	7.485	3.178	OK
246	7.016	3.879	OK
247	0.096	3.200	ERR
248	0.668	3.204	ERR
249	0.492	3.249	OK
250	0.125	2.826	ERR
251	4.300	3.246	OK
252	3.860	2.760	OK
253	0.040	2.499	ERR
254	0.052	2.413	ERR
255	6.913	2.356	OK
256	8.073	2.462	OK
257	8.099	3.262	OK
258	1.715	3.367	OK
259	4.610	3.779	OK
260	4.744	4.240	OK
261	5.539	4.364	OK
262	0.044	3.983	ERR
263	0.727	4.051	ERR
264	6.139	4.660	OK
265	0.020	3.971	ERR
266	17.700	4.934	OK
267	0.079	4.132	ERR
268	6.396	4.600	OK
269	1.671	4.306	OK
270	6.156	4.447	OK
271	0.443	3.937	ERR
272	0.058	3.939	ERR
273	5.391	4.405	OK
274	0.053	3.797	ERR
275	2.103	4.005	OK
276	9.829	3.218	OK
277	2.180	3.428	OK
278	7.257	3.514	OK
279	1.131	3.460	ERR
280	0.172	2.862	ERR
281	3.716	3.189	OK
282	2.859	3.469	OK
283	0.106	2.941	ERR
284	0.179	2.953	ERR
285	0.133	2.756	ERR
286	0.310	1.804	OK
287	0.098	1.596	ERR
288	0.649	0.935	ERR
289	0.126	0.835	ERR
290	4.738	1.291	OK
291	0.131	0.933	ERR
292	9.433	1.590	OK
293	7.859	2.366	OK
294	6.801	3.028	OK
295	6.055	3.620	OK
296	6.581	4.247	OK
297	0.091	4.246	ERR
298	0.116	4.193	ERR
299	18.811	6.062	OK
300	4.649	6.053	OK
301	9.015	6.941	OK
302	0.147	6.012	ERR
303	0.095	5.236	ERR
304	9.818	5.538	OK
305	3.043	5.237	OK
306	0.126	4.591	ERR
307	0.064	4.588	ERR
308	6.136	5.190	OK
309	2.792	3.589	OK
310	7.624	3.886	OK
311	4.343	3.419	OK
312	7.715	4.176	OK
313	5.794	4.746	OK
314	7.455	4.509	OK
315	10.112	5.216	OK
316	0.053	5.209	ERR
317	0.043	5.207	ERR
318	0.123	4.605	ERR
319	3.977	4.724	OK
320	0.154	3.977	ERR
321	0.078	3.551	ERR
322	2.252	3.004	OK
323	0.067	2.432	ERR
324	11.360	2.822	OK
325	2.428	2.054	OK
326	1.110	2.159	OK
327	0.053	2.160	ERR
328	0.113	2.159	ERR
329	0.164	1.778	ERR
330	4.876	2.250	OK
331	6.189	2.861	OK
332	9.155	3.551	OK
333	0.080	3.553	ERR
334	0.034	2.420	ERR
335	0.120	2.189	ERR
336	0.089	2.087	ERR
337	0.022	2.084	ERR
338	0.113	2.084	ERR
339	3.804	2.448	OK
340	3.794	2.340	OK
341	3.773	2.098	OK
342	0.107	1.193	ERR
343	0.726	1.258	OK
344	0.150	1.270	ERR
345	0.915	1.349	OK
346	7.128	2.053	OK
347	0.153	2.066	ERR
348	0.070	2.062	ERR
349	0.926	1.774	OK
350	0.119	1.407	ERR
351	0.136	1.043	ERR
352	0.069	1.039	ERR
353	1.522	1.119	OK
354	0.283	1.132	OK
355	2.865	1.327	OK
356	0.060	0.620	ERR
357	0.124	0.617	ERR
358	0.040	0.614	ERR
359	0.092	0.531	ERR
360	0.124	0.532	ERR
361	0.535	0.571	ERR
362	6.780	1.242	OK
363	0.146	1.105	ERR
364	0.022	1.079	ERR
365	0.080	0.800	ERR
366	5.632	1.357	OK
367	7.946	2.140	OK
368	0.157	2.151	ERR
369	9.981	3.140	OK
370	1.705	3.298	OK
371	5.551	3.800	OK
372	4.935	3.615	OK
373	0.671	3.668	ERR
374	3.558	4.022	OK
375	7.825	4.796	OK
376	0.102	4.243	ERR
377	6.097	4.058	OK
378	0.802	4.123	ERR
379	0.019	3.126	ERR
380	0.034	2.959	ERR
381	0.021	2.406	ERR
382	0.025	1.915	ERR
383	0.144	1.863	ERR
384	6.040	2.111	OK
385	4.513	1.780	OK
386	5.699	2.339	OK
387	7.157	2.445	OK
388	6.475	3.013	OK
389	0.081	3.019	ERR
390	1.151	3.131	ERR
391	0.922	3.221	OK
392	3.339	3.552	OK
393	4.707	4.008	OK
394	0.267	3.431	ERR
395	12.322	4.212	OK
396	0.131	3.655	ERR
397	3.985	3.338	OK
398	4.870	3.178	OK
399	0.011	3.171	ERR

---- Final results ----
400 NS requests
165 failed requests
235 success requests
51 improved requests
1331.279 ellapsed time
