#req	time (sec)	avg. time (sec)	mapping
0	0.071	0.000	ERR
1	4.202	0.000	OK
2	5.805	0.000	OK
3	9.398	0.000	OK
4	5.105	0.000	OK
5	7.025	0.000	OK
6	0.100	0.000	ERR
7	7.857	0.000	OK
8	1.452	0.000	OK
9	5.632	0.000	OK
10	0.146	4.672	ERR
11	3.874	4.640	OK
12	8.330	4.892	OK
13	7.970	4.749	OK
14	5.754	4.814	OK
15	5.242	4.636	OK
16	4.699	5.096	OK
17	0.843	4.394	OK
18	0.131	4.262	ERR
19	2.946	3.994	OK
20	6.950	4.674	OK
21	2.598	4.546	OK
22	6.458	4.359	OK
23	4.400	4.002	OK
24	1.636	3.590	OK
25	0.137	3.080	ERR
26	5.526	3.163	OK
27	9.722	4.050	OK
28	0.080	4.045	ERR
29	0.889	3.840	ERR
30	0.092	3.154	ERR
31	13.110	4.205	OK
32	2.677	3.827	OK
33	3.787	3.765	OK
34	3.812	3.983	OK
35	3.679	4.337	OK
36	6.928	4.477	OK
37	3.530	3.858	OK
38	0.621	3.912	ERR
39	2.940	4.118	OK
40	5.515	4.660	OK
41	4.499	3.799	OK
42	8.545	4.386	OK
43	3.983	4.405	OK
44	0.021	4.026	ERR
45	5.572	4.215	OK
46	0.127	3.535	ERR
47	6.926	3.875	OK
48	0.009	3.814	ERR
49	0.098	3.530	ERR
50	0.079	2.986	ERR
51	4.671	3.003	OK
52	3.985	2.547	OK
53	0.092	2.158	ERR
54	9.621	3.118	OK
55	0.185	2.579	ERR
56	0.109	2.578	ERR
57	2.694	2.154	OK
58	3.727	2.526	OK
59	3.889	2.905	OK
60	5.190	3.416	OK
61	3.647	3.314	OK
62	5.361	3.452	OK
63	0.069	3.449	ERR
64	9.270	3.414	OK
65	6.942	4.090	OK
66	0.610	4.140	ERR
67	0.107	3.881	ERR
68	0.437	3.552	OK
69	8.701	4.033	OK
70	0.109	3.525	ERR
71	1.242	3.285	OK
72	3.096	3.058	OK
73	0.143	3.066	ERR
74	2.959	2.435	OK
75	0.032	1.744	ERR
76	0.766	1.759	ERR
77	0.121	1.761	ERR
78	1.078	1.825	OK
79	0.096	0.964	ERR
80	4.740	1.427	OK
81	0.063	1.309	ERR
82	4.648	1.465	OK
83	4.544	1.905	OK
84	3.758	1.985	OK
85	2.837	2.265	OK
86	1.510	2.340	OK
87	6.774	3.005	OK
88	2.878	3.185	OK
89	0.681	3.243	ERR
90	8.182	3.588	OK
91	0.111	3.592	ERR
92	11.221	4.250	OK
93	5.558	4.351	OK
94	0.110	3.986	ERR
95	5.534	4.256	OK
96	7.948	4.900	OK
97	7.569	4.979	OK
98	0.119	4.703	ERR
99	0.084	4.643	ERR
100	3.892	4.215	OK
101	0.020	4.205	ERR
102	0.689	3.152	ERR
103	0.064	2.603	ERR
104	2.888	2.881	OK
105	0.112	2.338	ERR
106	0.054	1.549	ERR
107	0.127	0.805	ERR
108	0.253	0.818	OK
109	0.075	0.817	ERR
110	8.101	1.238	OK
111	7.426	1.979	OK
112	5.432	2.453	OK
113	4.614	2.908	OK
114	0.737	2.693	OK
115	0.125	2.694	ERR
116	9.042	3.593	OK
117	0.806	3.661	ERR
118	0.292	3.665	ERR
119	0.079	3.665	ERR
120	3.647	3.220	OK
121	0.104	2.488	ERR
122	0.444	1.989	ERR
123	4.226	1.950	OK
124	4.985	2.375	OK
125	0.092	2.372	ERR
126	3.639	1.831	OK
127	9.216	2.672	OK
128	0.363	2.679	OK
129	10.534	3.725	OK
130	3.268	3.687	OK
131	0.705	3.747	ERR
132	0.141	3.717	ERR
133	0.206	3.315	ERR
134	6.933	3.510	OK
135	4.972	3.998	OK
136	0.062	3.640	ERR
137	3.324	3.051	OK
138	10.548	4.069	OK
139	0.084	3.024	ERR
140	0.127	2.710	ERR
141	0.112	2.651	ERR
142	0.625	2.699	ERR
143	1.801	2.859	OK
144	6.935	2.859	OK
145	0.095	2.371	ERR
146	0.036	2.369	ERR
147	2.182	2.254	OK
148	3.302	1.530	OK
149	4.116	1.933	OK
150	9.819	2.902	OK
151	0.114	2.902	ERR
152	3.819	3.222	OK
153	0.741	3.116	OK
154	1.284	2.551	OK
155	0.127	2.554	ERR
156	0.064	2.557	ERR
157	7.311	3.070	OK
158	0.637	2.803	ERR
159	0.153	2.407	ERR
160	3.534	1.778	OK
161	0.256	1.793	OK
162	0.074	1.418	ERR
163	0.733	1.417	ERR
164	5.032	1.792	OK
165	0.100	1.789	ERR
166	0.056	1.789	ERR
167	5.815	1.639	OK
168	5.715	2.147	OK
169	5.672	2.699	OK
170	0.103	2.356	ERR
171	22.406	4.571	OK
172	8.450	5.408	OK
173	0.018	5.337	ERR
174	2.869	5.120	OK
175	6.119	5.722	OK
176	4.974	6.214	OK
177	0.315	5.664	OK
178	4.196	5.512	OK
179	0.020	4.947	ERR
180	0.147	4.951	ERR
181	4.835	3.194	OK
182	7.313	3.081	OK
183	10.839	4.163	OK
184	2.888	4.164	OK
185	7.052	4.258	OK
186	2.391	4.000	OK
187	2.916	4.260	OK
188	0.386	3.879	ERR
189	4.852	4.362	OK
190	4.389	4.786	OK
191	5.761	4.879	OK
192	5.266	4.674	OK
193	0.121	3.602	ERR
194	5.390	3.852	OK
195	0.053	3.152	ERR
196	0.052	2.918	ERR
197	5.449	3.172	OK
198	0.848	3.218	ERR
199	2.936	3.026	OK
200	10.595	3.647	OK
201	0.069	3.078	ERR
202	0.233	2.575	OK
203	0.725	2.635	ERR
204	2.398	2.336	OK
205	0.010	2.331	ERR
206	3.169	2.643	OK
207	0.017	2.100	ERR
208	1.036	2.119	ERR
209	22.350	4.060	OK
210	8.682	3.869	OK
211	0.132	3.875	ERR
212	6.694	4.521	OK
213	1.114	4.560	OK
214	4.574	4.778	OK
215	3.427	5.120	OK
216	4.277	5.230	OK
217	4.293	5.658	OK
218	0.036	5.558	ERR
219	0.069	3.330	ERR
220	0.043	2.466	ERR
221	1.857	2.638	OK
222	6.098	2.579	OK
223	6.238	3.091	OK
224	0.122	2.646	ERR
225	5.959	2.899	OK
226	0.622	2.534	ERR
227	0.020	2.107	ERR
228	0.137	2.117	ERR
229	0.122	2.122	ERR
230	0.107	2.128	ERR
231	3.373	2.280	OK
232	2.848	1.955	OK
233	4.983	1.829	OK
234	0.093	1.827	ERR
235	4.312	1.662	OK
236	0.012	1.601	ERR
237	7.454	2.344	OK
238	0.625	2.393	OK
239	7.850	3.166	OK
240	4.084	3.563	OK
241	0.098	3.236	ERR
242	0.089	2.960	ERR
243	0.165	2.478	ERR
244	0.794	2.548	ERR
245	7.664	2.884	OK
246	6.799	3.562	OK
247	0.090	2.826	ERR
248	0.629	2.826	ERR
249	0.064	2.048	ERR
250	2.731	1.912	OK
251	4.105	2.313	OK
252	2.543	2.558	OK
253	0.009	2.543	ERR
254	0.032	2.467	ERR
255	6.396	2.340	OK
256	4.718	2.132	OK
257	2.832	2.406	OK
258	0.956	2.439	OK
259	3.759	2.808	OK
260	4.481	2.983	OK
261	4.378	3.010	OK
262	0.036	2.760	ERR
263	0.017	2.761	ERR
264	4.793	3.237	OK
265	8.305	3.428	OK
266	15.111	4.467	OK
267	1.138	4.297	OK
268	0.111	4.213	ERR
269	1.164	3.954	OK
270	7.300	4.235	OK
271	2.292	4.027	OK
272	0.055	4.029	ERR
273	5.079	4.535	OK
274	0.172	4.073	ERR
275	0.505	3.293	OK
276	8.894	2.671	OK
277	2.063	2.764	OK
278	7.539	3.506	OK
279	1.068	3.497	ERR
280	0.162	2.783	ERR
281	2.086	2.762	OK
282	0.589	2.816	ERR
283	0.553	2.363	ERR
284	0.165	2.362	ERR
285	0.125	2.324	ERR
286	0.277	1.463	OK
287	0.092	1.265	ERR
288	0.032	0.515	ERR
289	0.119	0.420	ERR
290	3.270	0.731	OK
291	0.126	0.535	ERR
292	6.587	1.135	OK
293	7.042	1.784	OK
294	0.016	1.769	ERR
295	4.628	2.219	OK
296	6.347	2.826	OK
297	0.085	2.825	ERR
298	0.122	2.834	ERR
299	17.051	4.527	OK
300	0.678	4.268	ERR
301	0.072	4.263	ERR
302	0.138	3.618	ERR
303	3.911	3.305	OK
304	9.663	4.270	OK
305	3.688	4.176	OK
306	0.121	3.553	ERR
307	0.060	3.550	ERR
308	4.701	4.008	OK
309	5.051	2.808	OK
310	8.685	3.609	OK
311	1.529	3.755	OK
312	6.822	4.423	OK
313	4.936	4.526	OK
314	7.367	4.296	OK
315	7.001	4.627	OK
316	0.166	4.632	ERR
317	2.614	4.887	OK
318	0.116	4.429	ERR
319	3.427	4.266	OK
320	0.009	3.399	ERR
321	0.071	3.253	ERR
322	4.776	3.048	OK
323	0.110	2.566	ERR
324	5.429	2.372	OK
325	0.223	1.694	OK
326	3.818	2.059	OK
327	0.015	1.799	ERR
328	0.099	1.798	ERR
329	0.017	1.457	ERR
330	4.663	1.922	OK
331	5.334	2.448	OK
332	10.360	3.007	OK
333	11.922	4.188	OK
334	3.397	3.985	OK
335	0.133	3.976	ERR
336	3.746	3.969	OK
337	6.239	4.591	OK
338	0.104	4.591	ERR
339	2.050	4.795	OK
340	3.509	4.679	OK
341	3.662	4.512	OK
342	0.556	3.532	ERR
343	0.283	2.368	OK
344	0.598	2.088	ERR
345	1.288	2.204	OK
346	8.390	2.668	OK
347	0.145	2.058	ERR
348	0.065	2.055	ERR
349	0.379	1.887	OK
350	6.886	2.225	OK
351	0.127	1.872	ERR
352	0.065	1.823	ERR
353	1.606	1.955	OK
354	0.272	1.922	OK
355	5.475	2.341	OK
356	0.091	1.511	ERR
357	0.117	1.508	ERR
358	0.345	1.536	ERR
359	0.088	1.507	ERR
360	0.568	0.875	ERR
361	0.088	0.871	ERR
362	6.871	1.552	OK
363	0.137	1.405	ERR
364	0.020	1.380	ERR
365	0.075	0.840	ERR
366	5.609	1.392	OK
367	7.541	2.134	OK
368	0.146	2.114	ERR
369	9.384	3.044	OK
370	0.015	2.989	ERR
371	5.255	3.505	OK
372	0.833	2.901	OK
373	0.032	2.891	ERR
374	3.332	3.222	OK
375	4.542	3.669	OK
376	0.097	3.118	ERR
377	6.065	2.970	OK
378	0.751	3.031	ERR
379	5.535	2.646	OK
380	0.032	2.648	ERR
381	5.726	2.695	OK
382	0.024	2.614	ERR
383	0.499	2.661	ERR
384	5.372	2.865	OK
385	4.362	2.847	OK
386	3.573	3.194	OK
387	7.291	3.317	OK
388	5.369	3.778	OK
389	0.076	3.233	ERR
390	1.074	3.337	ERR
391	0.869	2.851	OK
392	2.723	3.121	OK
393	3.663	3.437	OK
394	0.110	2.911	ERR
395	12.521	3.727	OK
396	0.284	3.398	OK
397	5.304	3.199	OK
398	6.258	3.288	OK
399	0.094	3.290	ERR

---- Final results ----
400 NS requests
160 failed requests
240 success requests
46 improved requests
1254.047 ellapsed time
