#req	time (sec)	avg. time (sec)	mapping
0	0.073	0.000	ERR
1	2.504	0.000	OK
2	2.622	0.000	OK
3	2.825	0.000	OK
4	2.500	0.000	OK
5	4.364	0.000	OK
6	0.098	0.000	ERR
7	3.053	0.000	OK
8	0.523	0.000	OK
9	2.098	0.000	OK
10	0.151	2.074	ERR
11	0.840	1.908	OK
12	3.020	1.947	OK
13	2.784	1.943	OK
14	1.848	1.878	OK
15	1.794	1.621	OK
16	1.766	1.788	OK
17	0.440	1.526	OK
18	0.139	1.488	ERR
19	0.776	1.356	OK
20	2.321	1.573	OK
21	0.857	1.575	OK
22	3.022	1.575	OK
23	3.783	1.675	OK
24	1.595	1.649	OK
25	0.142	1.484	ERR
26	1.988	1.506	OK
27	3.996	1.862	OK
28	0.082	1.856	ERR
29	0.920	1.871	ERR
30	0.095	1.648	ERR
31	4.660	2.028	OK
32	0.936	1.820	OK
33	1.973	1.639	OK
34	0.996	1.579	OK
35	2.134	1.778	OK
36	2.243	1.804	OK
37	0.806	1.485	OK
38	3.830	1.859	OK
39	2.026	1.970	OK
40	1.933	2.154	OK
41	1.862	1.874	OK
42	3.016	2.082	OK
43	1.721	2.057	OK
44	1.878	2.145	OK
45	3.655	2.297	OK
46	0.134	2.086	ERR
47	2.904	2.296	OK
48	0.009	1.914	ERR
49	0.102	1.721	ERR
50	0.082	1.536	ERR
51	2.501	1.600	OK
52	1.901	1.489	OK
53	0.096	1.326	ERR
54	2.550	1.394	OK
55	0.189	1.047	ERR
56	0.302	1.064	OK
57	0.773	0.851	OK
58	1.136	0.963	OK
59	1.243	1.077	OK
60	3.416	1.411	OK
61	2.312	1.392	OK
62	2.572	1.459	OK
63	0.071	1.456	ERR
64	3.511	1.552	OK
65	2.858	1.819	OK
66	0.651	1.854	ERR
67	0.115	1.789	ERR
68	0.253	1.700	OK
69	3.363	1.912	OK
70	0.116	1.582	ERR
71	0.853	1.436	OK
72	0.263	1.206	OK
73	0.043	1.203	ERR
74	1.897	1.041	OK
75	1.989	0.954	OK
76	0.141	0.903	ERR
77	0.125	0.904	ERR
78	0.215	0.901	OK
79	0.099	0.574	ERR
80	2.295	0.792	OK
81	0.065	0.713	ERR
82	1.902	0.877	OK
83	0.293	0.902	OK
84	0.920	0.804	OK
85	0.831	0.689	OK
86	0.399	0.714	OK
87	2.483	0.950	OK
88	1.904	1.119	OK
89	0.713	1.180	ERR
90	1.645	1.115	OK
91	0.113	1.120	ERR
92	5.514	1.481	OK
93	1.975	1.650	OK
94	0.114	1.569	ERR
95	2.132	1.699	OK
96	2.072	1.866	OK
97	3.220	1.940	OK
98	0.124	1.762	ERR
99	0.087	1.700	ERR
100	1.613	1.696	OK
101	0.021	1.687	ERR
102	0.727	1.208	ERR
103	0.067	1.018	ERR
104	3.285	1.335	OK
105	0.118	1.133	ERR
106	0.104	0.937	ERR
107	0.133	0.628	ERR
108	0.238	0.639	OK
109	0.078	0.638	ERR
110	2.663	0.743	OK
111	3.445	1.086	OK
112	0.548	1.068	OK
113	1.390	1.200	OK
114	0.457	0.917	OK
115	0.130	0.918	ERR
116	3.311	1.239	OK
117	0.847	1.311	ERR
118	2.504	1.537	OK
119	0.096	1.539	ERR
120	0.553	1.328	OK
121	0.106	0.994	ERR
122	0.468	0.986	ERR
123	1.802	1.027	OK
124	2.021	1.184	OK
125	0.539	1.225	ERR
126	1.241	1.018	OK
127	3.214	1.254	OK
128	0.295	1.034	OK
129	3.984	1.422	OK
130	0.312	1.398	OK
131	0.749	1.462	ERR
132	2.541	1.670	OK
133	0.203	1.510	ERR
134	3.194	1.627	OK
135	1.364	1.710	OK
136	0.016	1.587	ERR
137	0.808	1.347	OK
138	4.322	1.749	OK
139	0.068	1.358	ERR
140	0.130	1.339	ERR
141	0.117	1.276	ERR
142	0.682	1.090	ERR
143	0.370	1.107	OK
144	2.621	1.050	OK
145	0.098	0.923	ERR
146	0.037	0.925	ERR
147	0.312	0.876	OK
148	0.772	0.521	OK
149	1.878	0.702	OK
150	3.674	1.056	OK
151	0.118	1.056	ERR
152	2.313	1.219	OK
153	1.049	1.287	OK
154	0.303	1.055	OK
155	0.131	1.059	ERR
156	0.066	1.061	ERR
157	0.599	1.090	ERR
158	0.670	1.080	ERR
159	0.161	0.908	ERR
160	1.829	0.724	OK
161	0.245	0.737	OK
162	0.077	0.513	ERR
163	0.030	0.411	ERR
164	0.792	0.460	OK
165	0.101	0.457	ERR
166	0.056	0.456	ERR
167	0.307	0.427	ERR
168	3.128	0.673	OK
169	0.782	0.735	OK
170	0.104	0.562	ERR
171	8.787	1.416	OK
172	3.809	1.790	OK
173	2.729	2.060	OK
174	0.533	2.034	OK
175	1.020	2.126	OK
176	2.195	2.339	OK
177	0.284	2.337	OK
178	2.700	2.294	OK
179	0.020	2.218	ERR
180	0.016	2.209	ERR
181	1.829	1.514	OK
182	2.723	1.405	OK
183	4.317	1.564	OK
184	0.868	1.597	OK
185	1.875	1.683	OK
186	0.865	1.550	OK
187	0.858	1.607	OK
188	0.411	1.378	ERR
189	1.942	1.570	OK
190	1.477	1.716	OK
191	3.526	1.886	OK
192	2.191	1.833	OK
193	0.135	1.415	ERR
194	0.097	1.338	ERR
195	0.124	1.163	ERR
196	1.687	1.245	OK
197	3.147	1.473	OK
198	0.851	1.518	ERR
199	1.823	1.506	OK
200	3.147	1.673	OK
201	0.068	1.327	ERR
202	0.216	1.129	OK
203	0.723	1.188	ERR
204	1.329	1.312	OK
205	0.010	1.300	ERR
206	0.050	1.136	ERR
207	0.019	0.824	ERR
208	1.067	0.845	ERR
209	3.495	1.013	ERR
210	3.598	1.058	OK
211	0.137	1.065	ERR
212	2.416	1.284	OK
213	1.100	1.322	OK
214	3.510	1.540	OK
215	0.325	1.572	OK
216	1.965	1.763	OK
217	1.264	1.888	OK
218	0.096	1.790	ERR
219	0.074	1.448	ERR
220	0.046	1.093	ERR
221	0.257	1.105	OK
222	3.079	1.171	OK
223	2.008	1.262	OK
224	0.126	0.924	ERR
225	0.321	0.924	OK
226	0.623	0.789	ERR
227	0.021	0.665	ERR
228	0.052	0.661	ERR
229	0.125	0.666	ERR
230	0.106	0.672	ERR
231	1.732	0.819	OK
232	0.919	0.603	OK
233	1.849	0.588	OK
234	0.093	0.584	ERR
235	0.260	0.578	OK
236	0.012	0.517	ERR
237	2.467	0.762	OK
238	0.340	0.790	OK
239	2.871	1.065	OK
240	0.012	1.056	ERR
241	0.045	0.887	ERR
242	1.760	0.971	OK
243	0.319	0.818	ERR
244	0.902	0.899	ERR
245	2.298	1.103	OK
246	2.570	1.358	OK
247	0.094	1.121	ERR
248	0.647	1.152	ERR
249	0.601	0.925	ERR
250	0.070	0.931	ERR
251	1.960	1.122	OK
252	0.236	0.970	OK
253	0.573	0.995	OK
254	0.130	0.918	ERR
255	0.600	0.748	OK
256	0.020	0.493	ERR
257	1.787	0.662	OK
258	0.250	0.623	OK
259	0.816	0.644	OK
260	1.481	0.785	OK
261	1.711	0.760	OK
262	0.010	0.738	ERR
263	0.018	0.682	ERR
264	1.968	0.866	OK
265	0.019	0.808	ERR
266	4.769	1.283	OK
267	0.081	1.112	ERR
268	1.556	1.243	OK
269	0.725	1.234	OK
270	2.360	1.322	OK
271	0.618	1.212	OK
272	0.059	1.217	ERR
273	2.657	1.481	OK
274	0.021	1.287	ERR
275	0.572	1.342	OK
276	4.065	1.271	OK
277	2.043	1.468	OK
278	3.033	1.615	OK
279	0.726	1.616	ERR
280	3.456	1.725	OK
281	1.132	1.777	OK
282	1.761	1.947	OK
283	0.106	1.692	ERR
284	0.166	1.706	ERR
285	0.018	1.651	ERR
286	0.888	1.333	ERR
287	0.099	1.139	ERR
288	3.062	1.142	OK
289	0.124	1.081	ERR
290	1.529	0.889	OK
291	0.130	0.788	ERR
292	2.507	0.863	OK
293	2.465	1.099	OK
294	2.163	1.298	OK
295	0.281	1.325	OK
296	2.037	1.440	OK
297	0.088	1.439	ERR
298	0.108	1.143	ERR
299	0.923	1.223	ERR
300	1.930	1.263	OK
301	0.016	1.252	ERR
302	0.143	1.016	ERR
303	1.760	0.945	OK
304	3.292	1.058	OK
305	1.842	1.214	OK
306	0.126	1.023	ERR
307	0.063	1.020	ERR
308	2.004	1.210	OK
309	1.780	1.296	OK
310	3.385	1.441	OK
311	0.074	1.447	ERR
312	2.825	1.715	OK
313	2.485	1.788	OK
314	3.527	1.811	OK
315	4.214	2.048	OK
316	0.416	2.077	ERR
317	1.982	2.269	OK
318	0.123	2.081	ERR
319	1.329	2.036	OK
320	0.022	1.700	ERR
321	0.075	1.700	ERR
322	0.016	1.419	ERR
323	0.068	1.177	ERR
324	0.494	0.874	ERR
325	0.155	0.468	OK
326	1.413	0.568	OK
327	1.278	0.497	ERR
328	2.212	0.706	OK
329	0.376	0.611	ERR
330	1.660	0.775	OK
331	1.462	0.913	OK
332	4.805	1.392	OK
333	4.799	1.865	OK
334	1.947	2.011	OK
335	0.141	2.009	ERR
336	0.280	1.896	OK
337	0.053	1.774	ERR
338	0.110	1.563	ERR
339	0.123	1.538	ERR
340	1.179	1.490	OK
341	0.086	1.352	ERR
342	0.016	0.874	ERR
343	0.226	0.416	OK
344	0.638	0.285	ERR
345	0.721	0.343	OK
346	0.443	0.360	OK
347	0.147	0.369	ERR
348	0.067	0.365	ERR
349	0.320	0.384	OK
350	0.085	0.275	ERR
351	0.133	0.280	ERR
352	0.067	0.285	ERR
353	0.313	0.293	OK
354	0.255	0.255	OK
355	1.211	0.304	OK
356	0.092	0.269	ERR
357	0.119	0.266	ERR
358	0.142	0.274	ERR
359	0.090	0.251	ERR
360	3.125	0.555	OK
361	1.932	0.735	OK
362	2.185	0.946	OK
363	0.145	0.930	ERR
364	0.021	0.906	ERR
365	0.079	0.793	ERR
366	4.076	1.191	OK
367	2.255	1.405	OK
368	0.152	1.406	ERR
369	1.917	1.589	OK
370	0.060	1.282	ERR
371	1.975	1.286	OK
372	1.891	1.257	OK
373	4.137	1.656	OK
374	0.984	1.752	OK
375	4.240	2.169	OK
376	0.102	1.771	ERR
377	1.055	1.651	OK
378	0.775	1.713	ERR
379	2.144	1.736	OK
380	0.032	1.733	ERR
381	0.066	1.543	ERR
382	0.070	1.360	ERR
383	0.492	0.996	ERR
384	2.139	1.111	OK
385	3.054	0.993	OK
386	1.068	1.089	OK
387	0.035	0.987	ERR
388	2.173	1.127	OK
389	0.078	0.921	ERR
390	1.178	1.035	ERR
391	0.812	1.110	OK
392	1.090	1.212	OK
393	1.659	1.329	OK
394	0.113	1.126	ERR
395	2.832	1.104	OK
396	0.132	1.010	ERR
397	0.115	1.018	ERR
398	2.064	1.007	OK
399	0.030	1.002	ERR

---- Final results ----
400 NS requests
163 failed requests
237 success requests
17 improved requests
503.020 ellapsed time
