#req	time (sec)	avg. time (sec)	mapping
0	0.148	0.000	ERR
1	0.933	0.000	OK
2	3.250	0.000	OK
3	5.453	0.000	OK
4	3.157	0.000	OK
5	3.544	0.000	OK
6	0.100	0.000	ERR
7	4.798	0.000	OK
8	7.086	0.000	OK
9	4.250	0.000	OK
10	0.250	3.282	ERR
11	1.269	3.316	OK
12	3.628	3.353	OK
13	1.403	2.948	OK
14	0.540	2.687	OK
15	1.339	2.466	OK
16	2.929	2.749	OK
17	0.883	2.358	OK
18	0.238	1.673	ERR
19	3.768	1.625	OK
20	1.824	1.782	OK
21	1.578	1.813	OK
22	2.760	1.726	OK
23	1.489	1.735	OK
24	2.567	1.938	OK
25	0.194	1.823	ERR
26	0.726	1.603	OK
27	7.357	2.250	OK
28	0.093	2.236	ERR
29	1.216	1.980	OK
30	0.148	1.813	ERR
31	4.182	2.073	OK
32	1.557	1.953	OK
33	3.517	2.156	OK
34	2.823	2.181	OK
35	0.869	2.249	OK
36	3.344	2.510	OK
37	0.699	1.845	OK
38	7.197	2.555	OK
39	2.478	2.681	OK
40	3.732	3.040	OK
41	1.653	2.787	OK
42	4.818	3.113	OK
43	2.406	3.002	OK
44	0.174	2.737	ERR
45	1.098	2.760	OK
46	0.208	2.446	ERR
47	2.112	2.588	OK
48	4.006	2.268	OK
49	0.159	2.037	ERR
50	0.096	1.673	ERR
51	2.086	1.716	OK
52	0.868	1.321	OK
53	0.137	1.094	ERR
54	2.051	1.282	OK
55	0.010	1.173	ERR
56	1.286	1.281	OK
57	1.248	1.194	OK
58	2.241	1.018	OK
59	1.961	1.198	OK
60	4.944	1.683	OK
61	4.840	1.958	OK
62	3.402	2.212	OK
63	0.081	2.206	ERR
64	3.513	2.353	OK
65	0.801	2.432	OK
66	1.582	2.461	OK
67	0.123	2.349	ERR
68	0.641	2.189	ERR
69	1.032	2.096	OK
70	0.160	1.617	ERR
71	0.567	1.190	OK
72	0.312	0.881	OK
73	7.034	1.576	OK
74	4.490	1.674	OK
75	3.934	1.988	OK
76	0.170	1.846	ERR
77	0.172	1.851	ERR
78	0.250	1.812	OK
79	0.186	1.728	ERR
80	0.782	1.790	OK
81	0.064	1.739	ERR
82	3.037	2.012	OK
83	4.591	1.768	OK
84	4.776	1.796	OK
85	5.303	1.933	OK
86	0.779	1.994	OK
87	3.891	2.366	OK
88	3.980	2.739	OK
89	1.237	2.844	ERR
90	0.998	2.866	OK
91	0.207	2.880	ERR
92	5.639	3.140	OK
93	3.943	3.075	OK
94	0.163	2.614	ERR
95	3.538	2.438	OK
96	1.175	2.477	OK
97	1.807	2.269	OK
98	0.214	1.892	ERR
99	0.180	1.786	ERR
100	0.828	1.769	OK
101	0.123	1.761	ERR
102	0.112	1.208	ERR
103	0.076	0.822	ERR
104	1.933	0.999	OK
105	0.157	0.660	ERR
106	0.372	0.580	OK
107	0.138	0.413	ERR
108	0.257	0.418	OK
109	0.130	0.413	ERR
110	0.941	0.424	OK
111	0.106	0.422	ERR
112	1.616	0.573	OK
113	4.906	1.056	OK
114	1.015	0.964	OK
115	0.223	0.971	ERR
116	1.034	1.037	OK
117	2.864	1.309	OK
118	0.793	1.363	OK
119	0.357	1.386	ERR
120	1.949	1.486	OK
121	0.121	1.488	ERR
122	3.899	1.716	OK
123	2.670	1.493	OK
124	6.707	2.062	OK
125	0.708	2.110	OK
126	1.374	2.144	OK
127	0.181	1.876	ERR
128	0.760	1.873	OK
129	7.972	2.634	OK
130	0.702	2.509	OK
131	0.731	2.570	ERR
132	4.422	2.623	OK
133	0.417	2.397	ERR
134	1.397	1.867	OK
135	3.716	2.167	OK
136	5.721	2.602	OK
137	1.728	2.757	OK
138	4.153	3.096	OK
139	0.554	2.354	ERR
140	0.200	2.304	ERR
141	0.157	2.246	ERR
142	0.966	1.901	ERR
143	1.165	1.976	OK
144	4.622	2.298	OK
145	0.146	1.941	ERR
146	0.018	1.371	ERR
147	1.069	1.305	OK
148	0.742	0.964	OK
149	1.272	1.036	OK
150	2.991	1.315	OK
151	0.165	1.316	ERR
152	7.846	2.004	OK
153	1.374	2.024	OK
154	0.610	1.623	OK
155	0.187	1.627	ERR
156	0.560	1.682	ERR
157	2.687	1.843	OK
158	0.454	1.814	OK
159	0.261	1.713	ERR
160	2.753	1.690	OK
161	0.289	1.702	OK
162	0.126	0.930	ERR
163	0.759	0.868	ERR
164	3.403	1.148	OK
165	0.111	1.140	ERR
166	0.066	1.091	ERR
167	0.543	0.876	ERR
168	4.272	1.258	OK
169	0.485	1.281	OK
170	0.145	1.020	ERR
171	1.095	1.100	OK
172	0.940	1.182	OK
173	3.024	1.408	OK
174	1.355	1.204	OK
175	5.026	1.695	OK
176	0.382	1.727	OK
177	0.756	1.748	OK
178	2.630	1.584	OK
179	0.021	1.537	ERR
180	0.016	1.524	ERR
181	0.686	1.484	OK
182	0.900	1.480	OK
183	6.527	1.830	OK
184	0.360	1.730	OK
185	1.415	1.369	OK
186	2.448	1.576	OK
187	0.046	1.505	ERR
188	0.608	1.303	ERR
189	4.931	1.794	OK
190	1.724	1.964	OK
191	5.386	2.434	OK
192	5.380	2.882	OK
193	0.134	2.243	ERR
194	1.614	2.368	OK
195	0.126	2.240	ERR
196	5.383	2.533	OK
197	0.691	2.598	OK
198	0.167	2.554	ERR
199	0.167	2.077	ERR
200	0.455	1.950	OK
201	0.268	1.439	OK
202	0.365	0.937	OK
203	4.999	1.424	OK
204	2.164	1.479	OK
205	0.010	1.467	ERR
206	0.554	0.984	OK
207	0.019	0.917	ERR
208	3.506	1.251	OK
209	6.187	1.853	OK
210	5.301	2.337	OK
211	0.651	2.375	ERR
212	0.810	2.420	OK
213	1.339	2.054	OK
214	4.818	2.319	OK
215	1.574	2.476	OK
216	4.563	2.877	OK
217	1.658	3.041	OK
218	0.074	2.697	ERR
219	0.094	2.088	ERR
220	0.069	1.565	ERR
221	0.710	1.571	OK
222	2.726	1.762	OK
223	0.512	1.680	OK
224	0.126	1.211	ERR
225	0.451	1.098	OK
226	0.281	0.670	ERR
227	0.021	0.506	ERR
228	0.738	0.573	ERR
229	6.075	1.171	OK
230	0.104	1.174	ERR
231	0.595	1.163	OK
232	2.895	1.180	OK
233	4.203	1.549	OK
234	0.097	1.546	ERR
235	0.116	1.512	ERR
236	0.641	1.549	ERR
237	5.694	2.116	OK
238	0.599	2.102	OK
239	0.191	1.514	ERR
240	1.836	1.687	OK
241	0.419	1.669	ERR
242	0.122	1.392	ERR
243	0.074	0.979	ERR
244	1.819	1.151	ERR
245	4.106	1.550	OK
246	4.091	1.895	OK
247	0.118	1.338	ERR
248	0.916	1.369	ERR
249	0.017	1.352	ERR
250	0.064	1.175	ERR
251	1.889	1.322	OK
252	0.391	1.349	OK
253	0.767	1.418	OK
254	0.081	1.244	ERR
255	1.261	0.959	OK
256	1.842	0.735	OK
257	4.620	1.185	OK
258	0.604	1.154	OK
259	0.852	1.237	OK
260	2.068	1.438	OK
261	4.431	1.692	OK
262	0.079	1.661	ERR
263	0.018	1.586	ERR
264	2.634	1.841	OK
265	2.622	1.977	OK
266	0.386	1.832	OK
267	0.118	1.381	ERR
268	1.431	1.464	OK
269	0.724	1.451	OK
270	0.806	1.325	OK
271	0.516	0.934	ERR
272	4.351	1.361	OK
273	0.853	1.444	OK
274	0.021	1.183	ERR
275	0.659	0.987	OK
276	0.137	0.962	ERR
277	5.567	1.507	OK
278	0.186	1.382	ERR
279	4.206	1.730	OK
280	2.877	1.937	OK
281	3.057	2.191	OK
282	3.994	2.156	OK
283	0.051	2.075	ERR
284	0.168	2.090	ERR
285	0.161	2.040	ERR
286	0.353	2.062	OK
287	0.378	1.543	ERR
288	5.442	2.069	OK
289	0.151	1.663	ERR
290	0.611	1.437	OK
291	0.193	1.150	ERR
292	7.101	1.461	OK
293	2.258	1.682	OK
294	5.235	2.188	OK
295	2.761	2.448	OK
296	0.297	2.443	ERR
297	0.098	2.415	ERR
298	0.121	1.883	ERR
299	0.637	1.931	ERR
300	3.237	2.194	OK
301	0.016	2.176	ERR
302	0.203	1.486	ERR
303	0.050	1.266	ERR
304	0.578	0.800	OK
305	1.532	0.677	OK
306	0.218	0.669	ERR
307	0.036	0.663	ERR
308	1.606	0.811	OK
309	0.434	0.791	ERR
310	5.112	0.979	OK
311	2.717	1.249	OK
312	1.369	1.365	OK
313	1.708	1.531	OK
314	0.231	1.496	ERR
315	1.523	1.495	OK
316	0.356	1.509	ERR
317	3.656	1.871	OK
318	0.192	1.730	ERR
319	1.865	1.873	OK
320	0.010	1.363	ERR
321	0.109	1.102	ERR
322	3.746	1.340	OK
323	0.658	1.235	ERR
324	0.017	1.213	ERR
325	0.032	1.064	ERR
326	0.283	1.057	ERR
327	0.041	0.695	ERR
328	3.707	1.047	OK
329	1.160	0.976	ERR
330	0.166	0.992	ERR
331	1.989	1.180	OK
332	6.402	1.445	OK
333	7.782	2.158	OK
334	1.770	2.333	OK
335	0.119	2.342	ERR
336	3.711	2.685	OK
337	1.726	2.853	OK
338	0.121	2.495	ERR
339	1.346	2.513	OK
340	1.866	2.683	OK
341	0.315	2.516	OK
342	0.461	1.922	ERR
343	0.317	1.175	OK
344	8.843	1.883	OK
345	2.976	2.168	OK
346	1.211	1.918	ERR
347	0.037	1.749	ERR
348	1.730	1.910	OK
349	1.301	1.906	OK
350	1.103	1.829	ERR
351	0.176	1.815	ERR
352	1.189	1.888	OK
353	0.914	1.948	OK
354	0.309	1.095	ERR
355	0.845	0.881	OK
356	0.459	0.806	ERR
357	0.163	0.819	ERR
358	0.147	0.661	ERR
359	0.161	0.547	ERR
360	0.140	0.450	ERR
361	0.428	0.476	ERR
362	4.468	0.803	OK
363	0.274	0.739	ERR
364	0.452	0.754	ERR
365	0.127	0.682	ERR
366	6.258	1.262	OK
367	2.783	1.524	OK
368	0.200	1.529	ERR
369	0.730	1.586	OK
370	0.034	1.575	ERR
371	4.284	1.961	OK
372	3.431	1.857	OK
373	0.286	1.859	ERR
374	1.184	1.932	OK
375	4.453	2.364	OK
376	0.117	1.750	ERR
377	5.900	2.062	OK
378	0.522	2.094	ERR
379	8.137	2.835	OK
380	0.365	2.868	ERR
381	3.006	2.740	OK
382	0.025	2.400	ERR
383	0.210	2.392	ERR
384	0.708	2.344	OK
385	1.542	2.053	OK
386	1.662	2.208	OK
387	0.721	1.690	ERR
388	1.585	1.796	OK
389	0.046	0.987	ERR
390	4.959	1.446	OK
391	1.504	1.296	OK
392	1.194	1.413	OK
393	0.128	1.405	ERR
394	0.876	1.422	ERR
395	2.135	1.481	OK
396	0.285	1.343	ERR
397	0.527	1.324	ERR
398	2.993	1.465	OK
399	0.010	1.461	ERR

---- Final results ----
400 NS requests
154 failed requests
246 success requests
10 improved requests
689.366 ellapsed time
