#req	time (sec)	avg. time (sec)	mapping
0	0.114	0.000	ERR
1	1.099	0.000	OK
2	11.007	0.000	OK
3	14.846	0.000	OK
4	6.270	0.000	OK
5	8.615	0.000	OK
6	0.097	0.000	ERR
7	10.807	0.000	OK
8	10.048	0.000	OK
9	10.408	0.000	OK
10	0.200	7.340	ERR
11	1.571	7.387	OK
12	7.811	7.067	OK
13	6.345	6.217	OK
14	0.682	5.658	OK
15	4.229	5.220	OK
16	3.800	5.590	OK
17	1.239	4.633	OK
18	0.182	3.647	ERR
19	8.222	3.428	OK
20	3.860	3.794	OK
21	3.673	4.004	OK
22	8.602	4.083	OK
23	3.357	3.785	OK
24	2.001	3.917	OK
25	0.151	3.509	ERR
26	0.570	3.186	OK
27	12.616	4.323	OK
28	0.080	4.313	ERR
29	1.713	3.662	ERR
30	0.115	3.288	ERR
31	14.036	4.324	OK
32	1.867	3.651	OK
33	6.910	4.006	OK
34	6.942	4.500	OK
35	1.120	4.597	OK
36	5.243	5.064	OK
37	0.628	3.865	OK
38	10.704	4.928	OK
39	4.452	5.202	OK
40	8.901	6.080	OK
41	3.423	5.019	OK
42	20.243	6.856	OK
43	3.966	6.562	OK
44	0.161	5.884	ERR
45	1.634	5.935	OK
46	0.166	5.428	ERR
47	3.292	5.694	OK
48	9.061	5.530	OK
49	0.132	5.098	ERR
50	0.082	4.216	ERR
51	2.748	4.148	OK
52	0.992	2.223	OK
53	0.113	1.838	ERR
54	3.028	2.125	OK
55	1.009	2.062	ERR
56	1.535	2.199	OK
57	2.172	2.087	OK
58	4.429	1.624	OK
59	5.467	2.158	OK
60	5.791	2.728	OK
61	5.197	2.973	OK
62	4.722	3.346	OK
63	0.071	3.342	ERR
64	8.774	3.917	OK
65	0.783	3.894	OK
66	1.527	3.893	ERR
67	0.112	3.687	ERR
68	5.036	3.748	OK
69	1.002	3.302	OK
70	0.132	2.736	ERR
71	1.179	2.334	OK
72	0.875	1.949	OK
73	16.399	3.582	OK
74	6.033	3.308	OK
75	4.516	3.681	OK
76	0.017	3.530	ERR
77	0.149	3.534	ERR
78	1.225	3.153	OK
79	0.140	3.066	ERR
80	0.775	3.131	OK
81	0.062	3.019	ERR
82	0.633	2.995	ERR
83	8.715	2.227	OK
84	5.926	2.216	OK
85	6.947	2.459	OK
86	1.159	2.573	OK
87	10.258	3.584	OK
88	6.682	4.130	OK
89	1.699	4.286	ERR
90	1.879	4.396	OK
91	0.138	4.404	ERR
92	20.520	6.392	OK
93	7.538	6.275	OK
94	0.140	5.696	ERR
95	6.929	5.694	OK
96	1.325	5.711	ERR
97	5.175	5.203	OK
98	0.179	4.552	ERR
99	0.147	4.397	ERR
100	1.137	4.323	OK
101	0.187	4.328	ERR
102	0.116	2.287	ERR
103	0.071	1.541	ERR
104	4.028	1.930	OK
105	0.138	1.250	ERR
106	5.748	1.693	OK
107	0.133	1.189	ERR
108	0.261	1.197	OK
109	0.110	1.193	ERR
110	1.074	1.187	OK
111	0.037	1.172	ERR
112	5.551	1.715	OK
113	7.465	2.454	OK
114	1.084	2.160	OK
115	0.176	2.164	ERR
116	1.003	1.689	OK
117	4.730	2.149	OK
118	1.059	2.229	OK
119	0.539	2.272	ERR
120	4.228	2.587	OK
121	0.111	2.595	ERR
122	7.695	2.809	OK
123	2.670	2.329	OK
124	8.529	3.074	OK
125	6.650	3.721	OK
126	4.462	4.067	OK
127	0.161	3.610	ERR
128	1.531	3.658	OK
129	17.611	5.365	OK
130	3.119	5.254	OK
131	0.756	5.318	ERR
132	13.933	5.942	OK
133	0.352	5.710	ERR
134	4.946	5.352	OK
135	5.438	5.231	OK
136	0.562	4.841	ERR
137	3.538	5.179	OK
138	12.481	6.274	OK
139	0.095	4.522	ERR
140	0.177	4.228	ERR
141	0.144	4.167	ERR
142	1.007	2.874	ERR
143	1.420	2.981	OK
144	12.585	3.745	OK
145	0.127	3.214	ERR
146	0.019	3.159	ERR
147	1.300	2.935	OK
148	0.722	1.760	OK
149	2.057	1.956	OK
150	10.790	3.017	OK
151	0.134	3.016	ERR
152	7.070	3.622	OK
153	2.017	3.682	OK
154	0.698	2.493	OK
155	0.155	2.496	ERR
156	0.037	2.498	ERR
157	0.133	2.381	ERR
158	1.849	2.494	OK
159	0.186	2.307	ERR
160	4.792	1.707	OK
161	0.282	1.722	OK
162	0.084	1.023	ERR
163	0.752	0.897	ERR
164	9.405	1.768	OK
165	0.101	1.762	ERR
166	0.056	1.764	ERR
167	0.570	1.808	ERR
168	5.000	2.123	OK
169	3.680	2.472	OK
170	0.124	2.005	ERR
171	1.491	2.126	OK
172	4.994	2.617	OK
173	7.589	3.301	OK
174	2.241	2.585	OK
175	8.338	3.408	OK
176	1.993	3.602	OK
177	1.701	3.715	OK
178	4.418	3.657	OK
179	0.021	3.291	ERR
180	0.808	3.359	ERR
181	0.793	3.290	OK
182	2.593	3.049	OK
183	15.277	3.818	OK
184	4.631	4.057	OK
185	2.133	3.437	OK
186	4.196	3.657	OK
187	5.588	4.046	OK
188	0.016	3.606	ERR
189	7.301	4.334	OK
190	3.944	4.647	OK
191	10.067	5.575	OK
192	5.237	5.839	OK
193	0.127	4.324	ERR
194	0.119	3.873	ERR
195	0.245	3.684	OK
196	9.781	4.243	OK
197	0.646	3.748	OK
198	0.070	3.754	ERR
199	0.128	3.036	ERR
200	4.086	3.051	OK
201	0.223	2.066	OK
202	0.229	1.566	OK
203	2.803	1.833	OK
204	9.733	2.795	OK
205	13.561	4.126	OK
206	3.841	3.532	OK
207	0.018	3.469	ERR
208	12.547	4.717	OK
209	4.437	5.148	OK
210	12.586	5.998	OK
211	0.378	6.013	ERR
212	0.774	6.068	OK
213	1.620	5.950	OK
214	4.294	5.406	OK
215	6.784	4.728	OK
216	12.957	5.640	OK
217	3.709	6.009	OK
218	0.160	4.770	ERR
219	0.076	4.334	ERR
220	0.059	3.081	ERR
221	0.602	3.104	OK
222	6.785	3.705	OK
223	2.977	3.840	OK
224	0.119	3.423	ERR
225	2.187	2.963	OK
226	0.207	1.688	ERR
227	0.020	1.319	ERR
228	0.347	1.338	ERR
229	1.173	1.448	ERR
230	0.097	1.452	ERR
231	0.662	1.458	OK
232	6.948	1.474	OK
233	5.497	1.726	OK
234	0.083	1.722	ERR
235	0.640	1.568	OK
236	8.559	2.403	OK
237	14.982	3.899	OK
238	0.994	3.964	OK
239	0.046	3.851	ERR
240	3.194	4.161	OK
241	0.230	4.117	ERR
242	2.876	3.710	OK
243	9.373	4.098	OK
244	1.512	4.241	ERR
245	10.053	5.182	OK
246	10.988	5.425	OK
247	0.098	3.936	ERR
248	0.887	3.926	ERR
249	0.081	3.929	ERR
250	0.117	3.621	ERR
251	4.300	4.029	OK
252	3.374	4.078	OK
253	0.059	3.147	ERR
254	0.065	3.002	ERR
255	2.515	2.248	OK
256	0.010	1.151	ERR
257	5.050	1.646	OK
258	2.457	1.803	OK
259	3.343	2.129	OK
260	6.019	2.719	OK
261	11.660	3.455	OK
262	0.065	3.124	ERR
263	0.298	3.148	ERR
264	9.842	4.126	OK
265	15.514	5.426	OK
266	1.930	5.618	OK
267	0.058	5.119	ERR
268	4.040	5.277	OK
269	2.239	5.167	OK
270	0.823	4.647	OK
271	0.071	3.488	ERR
272	10.387	4.520	OK
273	0.959	4.586	OK
274	0.411	3.643	ERR
275	0.773	2.169	OK
276	0.120	1.988	ERR
277	5.331	2.515	OK
278	12.211	3.333	OK
279	0.682	3.177	ERR
280	0.248	3.119	ERR
281	14.003	4.513	OK
282	0.872	3.561	ERR
283	0.084	3.474	ERR
284	0.138	3.446	ERR
285	0.140	3.383	ERR
286	0.321	3.403	OK
287	0.576	2.928	ERR
288	9.506	2.657	OK
289	0.137	2.603	ERR
290	5.589	3.137	OK
291	0.161	1.753	ERR
292	12.639	2.929	OK
293	5.115	3.432	OK
294	0.054	3.424	ERR
295	12.274	4.637	OK
296	12.147	5.820	OK
297	0.088	5.771	ERR
298	0.118	4.832	ERR
299	25.671	7.386	OK
300	6.222	7.449	OK
301	17.773	9.210	OK
302	0.168	7.963	ERR
303	0.016	7.453	ERR
304	0.717	7.519	OK
305	3.008	6.593	OK
306	0.167	5.395	ERR
307	0.558	5.442	ERR
308	6.782	6.108	OK
309	15.196	5.061	OK
310	14.141	5.853	OK
311	8.001	4.875	OK
312	10.238	5.882	OK
313	1.166	5.997	ERR
314	0.158	5.942	ERR
315	2.944	5.935	OK
316	0.294	5.948	ERR
317	6.862	6.578	OK
318	0.159	5.916	ERR
319	3.207	4.717	OK
320	0.010	3.304	ERR
321	0.081	2.512	ERR
322	12.704	2.758	OK
323	0.853	2.727	ERR
324	0.094	2.721	ERR
325	1.455	2.572	OK
326	8.882	3.431	OK
327	12.157	3.960	OK
328	4.346	4.379	OK
329	8.621	4.920	OK
330	4.767	5.396	OK
331	4.963	5.884	OK
332	11.124	5.726	OK
333	16.490	7.290	OK
334	9.647	8.245	OK
335	0.133	8.113	ERR
336	11.609	8.386	OK
337	4.540	7.624	OK
338	0.108	7.200	ERR
339	3.149	6.653	OK
340	3.653	6.542	OK
341	0.403	6.086	OK
342	1.056	5.079	ERR
343	0.376	3.467	OK
344	0.046	2.507	ERR
345	2.981	2.792	OK
346	0.902	1.721	ERR
347	0.620	1.329	ERR
348	6.463	1.965	OK
349	1.873	1.837	OK
350	0.067	1.479	ERR
351	0.155	1.454	ERR
352	5.688	1.917	OK
353	1.324	2.012	OK
354	0.299	2.037	OK
355	1.223	1.861	OK
356	0.320	1.803	ERR
357	0.132	1.754	ERR
358	0.263	1.134	ERR
359	0.122	0.959	ERR
360	23.737	3.326	OK
361	0.101	3.321	ERR
362	8.977	3.650	OK
363	0.162	3.533	ERR
364	9.286	4.432	OK
365	0.100	4.320	ERR
366	11.067	5.395	OK
367	4.351	5.817	OK
368	0.161	5.806	ERR
369	2.936	6.088	OK
370	0.081	3.722	ERR
371	8.327	4.545	OK
372	12.902	4.937	OK
373	10.218	5.943	OK
374	4.024	5.417	OK
375	8.774	6.284	OK
376	0.050	5.182	ERR
377	8.954	5.643	OK
378	0.019	5.629	ERR
379	12.096	6.544	OK
380	0.498	6.586	ERR
381	8.246	6.578	OK
382	0.024	5.290	ERR
383	0.181	4.287	ERR
384	0.706	3.955	OK
385	3.432	3.421	OK
386	0.423	3.458	ERR
387	11.996	3.762	OK
388	2.556	4.016	OK
389	0.031	2.809	ERR
390	0.018	2.762	ERR
391	1.876	2.125	OK
392	5.745	2.697	OK
393	0.631	2.742	ERR
394	0.018	2.673	ERR
395	9.308	3.260	OK
396	3.246	3.543	OK
397	0.530	2.396	ERR
398	5.460	2.686	OK
399	0.335	2.717	ERR

---- Final results ----
400 NS requests
148 failed requests
252 success requests
27 improved requests
1541.530 ellapsed time
