#req	time (sec)	avg. time (sec)	mapping
0	0.116	0.000	ERR
1	1.209	0.000	OK
2	12.809	0.000	OK
3	18.581	0.000	OK
4	9.233	0.000	OK
5	10.249	0.000	OK
6	0.101	0.000	ERR
7	12.632	0.000	OK
8	12.824	0.000	OK
9	11.524	0.000	OK
10	0.195	8.936	ERR
11	2.175	9.032	OK
12	9.316	8.683	OK
13	8.719	7.697	OK
14	0.756	6.849	OK
15	4.314	6.256	OK
16	4.867	6.732	OK
17	1.421	5.611	OK
18	0.183	4.347	ERR
19	10.011	4.196	OK
20	4.550	4.631	OK
21	4.941	4.908	OK
22	10.486	5.025	OK
23	4.225	4.575	OK
24	2.095	4.709	OK
25	0.156	4.294	ERR
26	0.673	3.874	OK
27	14.960	5.228	OK
28	0.082	5.218	ERR
29	1.777	4.395	ERR
30	0.119	3.951	ERR
31	18.751	5.333	OK
32	2.799	4.564	OK
33	8.431	4.984	OK
34	7.478	5.523	OK
35	1.384	5.646	OK
36	7.043	6.282	OK
37	0.710	4.858	OK
38	13.132	6.162	OK
39	6.123	6.597	OK
40	11.196	7.705	OK
41	4.116	6.241	OK
42	23.896	8.351	OK
43	5.935	8.101	OK
44	0.167	7.370	ERR
45	1.979	7.430	OK
46	0.173	6.743	ERR
47	3.497	7.021	OK
48	13.092	7.017	OK
49	0.133	6.418	ERR
50	0.083	5.307	ERR
51	3.546	5.250	OK
52	1.123	2.973	OK
53	0.117	2.391	ERR
54	3.326	2.707	OK
55	1.027	2.612	ERR
56	1.693	2.764	OK
57	2.346	2.649	OK
58	4.616	1.801	OK
59	5.696	2.357	OK
60	6.033	2.952	OK
61	5.869	3.185	OK
62	5.817	3.654	OK
63	0.072	3.649	ERR
64	10.613	4.378	OK
65	0.926	4.368	OK
66	1.583	4.357	ERR
67	0.116	4.134	ERR
68	8.548	4.527	OK
69	1.180	4.076	OK
70	0.136	3.486	ERR
71	1.270	3.026	OK
72	1.042	2.548	OK
73	17.413	4.283	OK
74	9.698	4.191	OK
75	8.527	4.951	OK
76	0.018	4.795	ERR
77	0.156	4.799	ERR
78	1.497	4.094	OK
79	0.146	3.990	ERR
80	0.917	4.068	OK
81	0.064	3.948	ERR
82	0.241	3.868	ERR
83	9.283	3.055	OK
84	7.458	2.831	OK
85	9.474	2.925	OK
86	1.385	3.062	OK
87	12.623	4.309	OK
88	11.379	5.297	OK
89	1.761	5.458	ERR
90	2.071	5.574	OK
91	0.139	5.581	ERR
92	21.784	7.736	OK
93	9.261	7.733	OK
94	0.141	7.002	ERR
95	8.436	6.898	OK
96	1.326	6.892	ERR
97	5.944	6.224	OK
98	0.174	5.104	ERR
99	0.143	4.942	ERR
100	1.357	4.871	OK
101	0.130	4.870	ERR
102	0.113	2.703	ERR
103	0.070	1.783	ERR
104	5.923	2.362	OK
105	0.142	1.532	ERR
106	3.146	1.714	OK
107	0.139	1.134	ERR
108	0.277	1.144	OK
109	0.114	1.141	ERR
110	1.335	1.139	OK
111	4.829	1.609	OK
112	6.921	2.290	OK
113	7.769	3.060	OK
114	1.154	2.583	OK
115	0.184	2.587	ERR
116	1.185	2.391	OK
117	6.253	3.002	OK
118	1.170	3.091	OK
119	0.298	3.110	ERR
120	5.318	3.508	OK
121	0.111	3.036	ERR
122	10.873	3.431	OK
123	3.627	3.017	OK
124	11.437	4.046	OK
125	8.495	4.877	OK
126	6.073	5.366	OK
127	0.166	4.757	ERR
128	1.882	4.828	OK
129	21.941	6.992	OK
130	4.439	6.905	OK
131	0.764	6.970	ERR
132	0.846	5.967	ERR
133	0.689	5.673	ERR
134	7.802	5.310	OK
135	7.021	5.162	OK
136	7.729	5.328	OK
137	4.580	5.769	OK
138	14.359	7.017	OK
139	0.345	4.857	ERR
140	0.173	4.431	ERR
141	0.140	4.368	ERR
142	0.991	4.383	ERR
143	1.434	4.457	OK
144	15.438	5.221	OK
145	0.127	4.532	ERR
146	0.019	3.761	ERR
147	1.572	3.460	OK
148	0.882	2.112	OK
149	2.756	2.353	OK
150	8.978	3.234	OK
151	0.135	3.233	ERR
152	11.354	4.270	OK
153	2.337	4.360	OK
154	0.756	2.892	OK
155	0.149	2.894	ERR
156	0.039	2.896	ERR
157	10.518	3.790	OK
158	2.738	3.976	OK
159	0.193	3.720	ERR
160	13.021	4.124	OK
161	0.296	4.140	OK
162	0.087	3.013	ERR
163	0.777	2.857	ERR
164	12.593	4.041	OK
165	0.104	4.037	ERR
166	0.058	4.039	ERR
167	13.841	4.371	OK
168	6.849	4.782	OK
169	3.983	5.161	OK
170	0.129	3.872	ERR
171	1.778	4.020	OK
172	5.735	4.585	OK
173	10.358	5.543	OK
174	2.832	4.567	OK
175	4.888	5.045	OK
176	2.981	5.337	OK
177	1.790	4.132	OK
178	5.043	3.952	OK
179	0.021	3.555	ERR
180	0.839	3.626	ERR
181	0.875	3.536	OK
182	2.917	3.254	OK
183	20.081	4.227	OK
184	5.514	4.495	OK
185	2.246	4.231	OK
186	4.700	4.403	OK
187	1.889	4.412	OK
188	0.017	3.910	ERR
189	9.266	4.834	OK
190	4.890	5.239	OK
191	11.010	6.253	OK
192	5.950	6.556	OK
193	0.132	4.561	ERR
194	3.636	4.373	OK
195	1.164	4.265	OK
196	13.159	5.111	OK
197	0.771	4.999	OK
198	0.093	5.007	ERR
199	0.133	4.094	ERR
200	4.446	4.049	OK
201	0.235	2.972	OK
202	0.241	2.401	OK
203	6.264	3.014	OK
204	0.666	2.717	ERR
205	0.057	2.607	ERR
206	2.745	1.565	OK
207	0.019	1.490	ERR
208	16.118	3.092	OK
209	4.793	3.558	OK
210	15.976	4.711	OK
211	0.406	4.728	ERR
212	0.907	4.795	OK
213	0.868	4.255	OK
214	4.482	4.637	OK
215	8.311	5.462	OK
216	14.970	6.685	OK
217	3.946	7.078	OK
218	0.799	5.546	ERR
219	0.078	5.074	ERR
220	0.061	3.483	ERR
221	0.686	3.511	OK
222	9.001	4.320	OK
223	3.738	4.607	OK
224	0.125	4.172	ERR
225	3.174	3.658	OK
226	0.216	2.182	ERR
227	0.021	1.790	ERR
228	0.168	1.727	ERR
229	15.604	3.279	OK
230	0.102	3.283	ERR
231	0.800	3.295	OK
232	7.796	3.174	OK
233	6.828	3.483	OK
234	0.089	3.480	ERR
235	9.814	4.144	OK
236	0.696	4.192	ERR
237	19.357	6.125	OK
238	1.076	6.216	OK
239	0.046	4.660	ERR
240	3.547	5.005	OK
241	0.692	4.994	ERR
242	3.376	4.552	OK
243	0.061	3.876	ERR
244	1.631	4.030	ERR
245	12.095	4.258	OK
246	13.842	5.572	OK
247	0.106	3.647	ERR
248	0.934	3.633	ERR
249	0.099	3.638	ERR
250	10.725	4.356	OK
251	4.533	4.740	OK
252	4.205	4.823	OK
253	0.059	4.823	ERR
254	0.065	4.666	ERR
255	2.589	3.716	OK
256	6.721	3.004	OK
257	8.280	3.821	OK
258	2.573	3.985	OK
259	4.816	4.457	OK
260	7.631	4.147	OK
261	13.569	5.051	OK
262	0.069	4.637	ERR
263	0.020	4.633	ERR
264	12.603	5.887	OK
265	26.738	8.302	OK
266	2.698	7.900	OK
267	0.089	7.081	ERR
268	5.403	7.364	OK
269	2.213	7.103	OK
270	0.934	6.434	OK
271	0.073	5.084	ERR
272	11.288	6.206	OK
273	1.868	6.391	OK
274	0.079	5.138	ERR
275	0.960	2.560	OK
276	0.124	2.303	ERR
277	6.792	2.973	OK
278	15.154	3.948	OK
279	1.450	3.872	ERR
280	6.059	4.385	OK
281	7.158	5.093	OK
282	0.082	3.973	ERR
283	1.085	3.894	ERR
284	0.144	3.901	ERR
285	0.149	3.820	ERR
286	0.343	3.842	OK
287	0.606	3.223	ERR
288	0.056	1.713	ERR
289	0.141	1.582	ERR
290	10.052	1.981	OK
291	0.169	1.283	ERR
292	15.951	2.870	OK
293	6.002	3.361	OK
294	0.572	3.404	ERR
295	13.984	4.788	OK
296	13.709	6.124	OK
297	0.092	6.073	ERR
298	0.123	6.079	ERR
299	0.433	6.109	ERR
300	10.052	6.109	OK
301	4.402	6.532	OK
302	0.174	4.954	ERR
303	0.016	4.356	ERR
304	0.793	4.378	OK
305	3.066	3.286	OK
306	0.173	1.932	ERR
307	1.257	2.049	ERR
308	2.680	2.305	OK
309	18.729	4.134	OK
310	18.275	4.957	OK
311	0.808	4.597	ERR
312	11.282	5.708	OK
313	1.128	5.819	ERR
314	0.163	5.756	ERR
315	4.340	5.884	OK
316	0.307	5.897	ERR
317	0.017	5.773	ERR
318	0.164	5.521	ERR
319	3.369	3.985	OK
320	0.010	2.159	ERR
321	0.084	2.086	ERR
322	15.227	2.481	OK
323	0.944	2.462	ERR
324	0.097	2.456	ERR
325	0.032	2.025	ERR
326	0.036	1.998	ERR
327	0.055	2.002	ERR
328	0.091	1.995	ERR
329	10.490	2.707	OK
330	5.558	3.262	OK
331	6.279	3.881	OK
332	13.689	3.727	OK
333	20.979	5.731	OK
334	0.075	5.728	ERR
335	0.137	5.739	ERR
336	16.534	7.389	OK
337	6.038	7.987	OK
338	0.114	7.989	ERR
339	4.244	7.365	OK
340	4.375	7.246	OK
341	0.423	6.661	OK
342	0.187	5.311	ERR
343	1.019	3.315	OK
344	3.211	3.628	ERR
345	3.688	3.983	OK
346	0.212	2.351	ERR
347	0.039	1.751	ERR
348	8.402	2.580	OK
349	1.891	2.345	OK
350	0.333	1.940	ERR
351	0.154	1.914	ERR
352	5.755	2.470	OK
353	1.588	2.527	OK
354	0.315	2.238	OK
355	1.413	2.010	OK
356	1.167	2.106	ERR
357	0.137	2.115	ERR
358	0.012	1.276	ERR
359	0.127	1.100	ERR
360	26.924	3.759	OK
361	0.105	3.754	ERR
362	10.834	4.262	OK
363	0.168	4.120	ERR
364	0.410	4.130	ERR
365	0.104	3.999	ERR
366	0.016	3.884	ERR
367	4.531	4.323	OK
368	0.166	4.339	ERR
369	3.910	4.717	OK
370	0.092	2.034	ERR
371	10.459	3.069	OK
372	6.694	2.655	OK
373	1.134	2.752	OK
374	4.879	3.199	OK
375	12.997	4.488	OK
376	0.052	4.491	ERR
377	10.670	5.105	OK
378	0.019	5.091	ERR
379	13.470	6.047	OK
380	0.502	6.088	ERR
381	6.257	5.667	OK
382	0.025	5.001	ERR
383	0.185	4.906	ERR
384	0.793	4.497	OK
385	4.733	3.671	OK
386	5.486	4.214	OK
387	20.110	5.158	OK
388	5.972	5.753	OK
389	0.012	4.408	ERR
390	1.525	4.510	ERR
391	2.236	4.108	OK
392	0.016	4.107	ERR
393	10.465	5.135	OK
394	0.061	5.062	ERR
395	12.087	5.797	OK
396	4.490	5.697	OK
397	21.954	5.882	OK
398	6.823	5.967	OK
399	0.010	5.967	ERR

---- Final results ----
400 NS requests
153 failed requests
247 success requests
27 improved requests
1772.822 ellapsed time
