#req	time (sec)	avg. time (sec)	mapping
0	0.152	0.000	ERR
1	3.887	0.000	OK
2	8.666	0.000	OK
3	14.065	0.000	OK
4	7.602	0.000	OK
5	7.868	0.000	OK
6	0.102	0.000	ERR
7	15.542	0.000	OK
8	16.745	0.000	OK
9	14.481	0.000	OK
10	0.252	8.921	ERR
11	4.509	8.983	OK
12	13.113	9.428	OK
13	12.506	9.272	OK
14	2.180	8.730	OK
15	5.943	8.537	OK
16	7.762	9.303	OK
17	4.794	8.229	OK
18	0.239	6.578	ERR
19	8.749	6.005	OK
20	9.512	6.931	OK
21	6.442	7.124	OK
22	13.022	7.115	OK
23	4.418	6.306	OK
24	2.941	6.382	OK
25	0.195	5.807	ERR
26	2.449	5.276	OK
27	17.331	6.530	OK
28	0.094	6.515	ERR
29	1.235	5.764	OK
30	0.149	4.828	ERR
31	10.603	5.244	OK
32	4.533	4.395	OK
33	8.203	4.773	OK
34	6.687	5.148	OK
35	8.004	5.929	OK
36	8.955	6.579	OK
37	6.526	5.499	OK
38	20.449	7.534	OK
39	6.448	8.056	OK
40	11.449	9.186	OK
41	5.306	8.656	OK
42	12.395	9.442	OK
43	10.795	9.701	OK
44	0.175	9.050	ERR
45	2.971	8.547	OK
46	0.208	7.672	ERR
47	8.046	7.824	OK
48	11.443	6.923	OK
49	0.165	6.295	ERR
50	0.099	5.160	ERR
51	7.161	5.346	OK
52	12.688	5.375	OK
53	0.137	4.309	ERR
54	5.852	4.877	OK
55	0.092	4.589	ERR
56	0.775	4.646	OK
57	7.147	4.556	OK
58	6.799	4.091	OK
59	7.276	4.803	OK
60	9.613	5.754	OK
61	8.741	5.912	OK
62	12.968	5.940	OK
63	0.085	5.935	ERR
64	12.066	6.556	OK
65	3.811	6.928	OK
66	1.724	7.023	OK
67	0.129	6.321	ERR
68	3.534	5.995	OK
69	3.551	5.622	OK
70	0.162	4.677	ERR
71	1.457	3.949	OK
72	1.881	2.840	OK
73	13.479	4.179	OK
74	15.916	4.564	OK
75	6.205	4.804	OK
76	0.149	4.646	ERR
77	0.179	4.651	ERR
78	0.307	4.329	OK
79	0.192	3.993	ERR
80	7.451	4.722	OK
81	0.067	4.583	ERR
82	7.304	5.125	OK
83	0.139	3.791	ERR
84	20.162	4.216	OK
85	13.814	4.976	OK
86	4.465	5.408	OK
87	16.034	6.993	OK
88	12.097	8.172	OK
89	1.376	8.291	ERR
90	4.437	7.989	OK
91	0.221	8.005	ERR
92	15.986	8.873	OK
93	13.896	10.249	OK
94	0.170	8.249	ERR
95	9.757	7.844	OK
96	4.589	7.856	OK
97	6.343	6.887	OK
98	0.222	5.699	ERR
99	0.185	5.580	ERR
100	6.432	5.780	OK
101	0.127	5.771	ERR
102	0.116	4.184	ERR
103	0.079	2.802	ERR
104	10.095	3.794	OK
105	0.161	2.835	ERR
106	2.086	2.584	OK
107	0.143	1.964	ERR
108	0.295	1.972	OK
109	0.135	1.967	ERR
110	5.453	1.869	OK
111	0.150	1.871	ERR
112	4.765	2.336	OK
113	0.093	2.338	ERR
114	6.722	2.000	OK
115	0.230	2.007	ERR
116	6.137	2.412	OK
117	6.076	3.006	OK
118	5.169	3.493	OK
119	0.369	3.516	ERR
120	7.647	3.736	OK
121	0.127	3.734	ERR
122	12.687	4.526	OK
123	6.458	5.162	OK
124	15.198	6.010	OK
125	5.115	6.498	OK
126	4.770	6.362	OK
127	0.195	5.773	ERR
128	1.381	5.395	OK
129	23.281	7.686	OK
130	8.465	7.768	OK
131	0.753	7.830	ERR
132	10.913	7.653	OK
133	0.432	7.050	ERR
134	9.525	6.483	OK
135	14.518	7.423	OK
136	1.456	7.092	ERR
137	8.948	7.967	OK
138	12.098	9.039	OK
139	0.019	6.713	ERR
140	0.208	5.887	ERR
141	0.163	5.828	ERR
142	0.995	4.836	ERR
143	3.213	5.114	OK
144	13.136	5.475	OK
145	0.152	4.039	ERR
146	0.019	3.895	ERR
147	2.560	3.256	OK
148	2.526	2.299	OK
149	1.514	2.449	OK
150	8.856	3.313	OK
151	0.172	3.314	ERR
152	25.113	5.726	OK
153	0.699	5.475	ERR
154	2.781	4.439	OK
155	0.232	4.447	ERR
156	0.104	4.456	ERR
157	0.177	4.217	ERR
158	0.820	4.047	OK
159	0.270	3.922	ERR
160	7.067	3.743	OK
161	0.318	3.758	OK
162	0.130	1.260	ERR
163	12.427	2.432	OK
164	11.652	3.320	OK
165	0.117	3.308	ERR
166	0.068	3.305	ERR
167	0.377	3.325	ERR
168	10.369	4.280	OK
169	2.279	4.480	OK
170	0.146	3.788	ERR
171	7.370	4.494	OK
172	7.300	5.211	OK
173	10.752	5.043	OK
174	3.885	4.266	OK
175	10.012	5.256	OK
176	1.970	5.446	OK
177	1.551	5.563	OK
178	11.802	5.707	OK
179	0.022	5.481	ERR
180	0.976	5.564	ERR
181	4.946	5.322	OK
182	4.947	5.086	OK
183	29.653	6.976	OK
184	2.196	6.808	OK
185	0.204	5.827	ERR
186	6.366	6.266	OK
187	10.833	7.195	OK
188	0.846	6.099	ERR
189	14.170	7.514	OK
190	4.183	7.835	OK
191	14.529	8.793	OK
192	5.771	8.875	OK
193	0.134	5.923	ERR
194	3.192	6.023	OK
195	0.296	6.032	OK
196	11.514	6.547	OK
197	8.273	6.291	OK
198	0.501	6.256	ERR
199	0.173	4.857	ERR
200	1.920	4.630	OK
201	0.293	3.207	OK
202	0.815	2.711	OK
203	6.379	3.336	OK
204	9.335	3.950	OK
205	9.762	4.897	OK
206	4.917	4.237	OK
207	0.018	3.411	ERR
208	7.642	4.125	OK
209	9.102	5.018	OK
210	15.622	6.389	OK
211	0.556	6.415	ERR
212	5.719	6.905	OK
213	1.404	6.408	OK
214	9.059	6.380	OK
215	4.573	5.861	OK
216	12.056	6.575	OK
217	0.437	6.617	ERR
218	0.704	5.923	ERR
219	0.097	5.023	ERR
220	0.071	3.468	ERR
221	3.357	3.748	OK
222	7.551	3.931	OK
223	2.479	4.038	OK
224	0.128	3.145	ERR
225	7.207	3.409	OK
226	0.283	2.231	ERR
227	0.021	2.190	ERR
228	0.470	2.166	ERR
229	14.080	3.565	OK
230	0.147	3.572	ERR
231	1.201	3.357	OK
232	13.615	3.963	OK
233	10.453	4.760	OK
234	0.098	4.758	ERR
235	0.340	4.071	OK
236	3.637	4.406	OK
237	12.482	5.652	OK
238	1.511	5.756	OK
239	11.476	5.496	OK
240	6.258	6.107	OK
241	0.374	6.024	ERR
242	12.770	5.940	OK
243	10.401	5.935	OK
244	1.807	6.106	ERR
245	12.980	7.370	OK
246	11.684	8.174	OK
247	0.123	6.938	ERR
248	0.945	6.882	ERR
249	0.527	5.787	ERR
250	0.110	5.172	ERR
251	4.598	5.594	OK
252	2.389	4.556	OK
253	0.606	3.577	ERR
254	0.081	3.404	ERR
255	3.108	2.417	OK
256	0.039	1.252	ERR
257	10.393	2.279	OK
258	2.548	2.440	OK
259	3.704	2.757	OK
260	6.353	3.382	OK
261	12.982	4.220	OK
262	0.079	3.989	ERR
263	0.018	3.930	ERR
264	5.335	4.456	OK
265	11.739	5.319	OK
266	1.579	5.473	OK
267	0.305	4.464	ERR
268	4.620	4.671	OK
269	1.447	4.446	OK
270	3.556	4.166	OK
271	0.452	2.913	ERR
272	12.010	4.106	OK
273	2.825	4.387	OK
274	0.021	3.855	ERR
275	1.980	2.879	OK
276	0.134	2.735	ERR
277	11.135	3.818	OK
278	0.186	3.375	ERR
279	0.436	3.274	ERR
280	0.012	2.919	ERR
281	10.788	3.953	OK
282	18.027	4.555	OK
283	0.058	4.278	ERR
284	0.164	4.292	ERR
285	0.157	4.110	ERR
286	0.372	4.134	OK
287	0.368	3.057	ERR
288	11.739	4.212	OK
289	0.152	4.184	ERR
290	3.636	4.546	OK
291	0.195	3.487	ERR
292	13.611	3.045	OK
293	7.674	3.807	OK
294	1.139	3.904	ERR
295	9.209	4.809	OK
296	11.626	5.935	OK
297	0.099	5.908	ERR
298	0.123	4.746	ERR
299	0.562	4.787	ERR
300	0.074	4.431	ERR
301	0.460	4.458	ERR
302	0.202	3.117	ERR
303	6.307	2.980	OK
304	1.267	2.993	OK
305	5.122	2.584	OK
306	0.213	1.443	ERR
307	6.531	2.086	OK
308	6.897	2.764	OK
309	10.409	3.748	OK
310	18.414	5.582	OK
311	9.689	6.505	OK
312	0.606	6.546	ERR
313	6.536	6.569	OK
314	0.228	6.465	ERR
315	4.648	6.417	OK
316	0.483	6.444	ERR
317	11.741	6.965	OK
318	0.197	6.295	ERR
319	5.557	5.810	OK
320	0.398	4.008	ERR
321	0.113	3.051	ERR
322	17.101	4.700	OK
323	0.695	4.116	ERR
324	0.464	4.140	ERR
325	0.031	3.678	ERR
326	5.340	4.164	OK
327	0.016	2.991	ERR
328	14.555	4.427	OK
329	13.379	5.209	OK
330	6.552	5.824	OK
331	7.499	6.563	OK
332	16.736	6.527	OK
333	21.078	8.565	OK
334	0.113	8.530	ERR
335	1.082	8.635	ERR
336	14.485	9.549	OK
337	6.546	10.202	OK
338	0.123	8.759	ERR
339	4.590	7.880	OK
340	5.202	7.745	OK
341	0.512	7.047	OK
342	1.698	5.543	ERR
343	1.453	3.580	OK
344	1.018	3.671	ERR
345	8.433	4.406	OK
346	19.620	4.919	OK
347	0.038	4.269	ERR
348	0.718	4.328	ERR
349	1.514	4.021	OK
350	0.506	3.551	ERR
351	0.177	3.517	ERR
352	8.228	4.170	OK
353	6.286	4.654	OK
354	1.091	4.661	ERR
355	6.264	4.444	OK
356	0.058	2.488	ERR
357	0.161	2.500	ERR
358	0.147	2.443	ERR
359	0.162	2.308	ERR
360	11.661	3.424	OK
361	4.458	3.852	OK
362	15.862	4.615	OK
363	0.263	4.013	ERR
364	0.127	3.916	ERR
365	0.123	3.302	ERR
366	14.435	4.740	OK
367	4.112	5.135	OK
368	0.192	5.140	ERR
369	3.658	5.489	OK
370	0.016	4.325	ERR
371	11.644	5.043	OK
372	11.804	4.637	OK
373	0.582	4.669	ERR
374	1.307	4.787	OK
375	3.640	5.139	OK
376	0.051	3.701	ERR
377	8.987	4.188	OK
378	0.491	4.218	ERR
379	16.347	5.487	OK
380	1.251	5.610	ERR
381	8.140	5.260	OK
382	0.025	4.082	ERR
383	0.205	4.044	ERR
384	7.120	4.626	OK
385	4.796	4.741	OK
386	4.979	5.234	OK
387	0.350	4.371	ERR
388	6.949	5.016	OK
389	0.363	3.418	ERR
390	17.511	5.044	OK
391	3.118	4.542	OK
392	5.937	5.133	OK
393	1.214	5.234	ERR
394	5.953	5.117	OK
395	15.737	6.211	OK
396	2.170	5.930	OK
397	0.713	5.967	ERR
398	11.508	6.422	OK
399	0.068	6.393	ERR

---- Final results ----
400 NS requests
149 failed requests
251 success requests
27 improved requests
2060.036 ellapsed time
