#req	time (sec)	avg. time (sec)	mapping
0	0.148	0.000	ERR
1	1.271	0.000	OK
2	4.925	0.000	OK
3	6.436	0.000	OK
4	4.248	0.000	OK
5	4.063	0.000	OK
6	0.101	0.000	ERR
7	7.259	0.000	OK
8	7.354	0.000	OK
9	6.383	0.000	OK
10	0.251	4.229	ERR
11	1.539	4.256	OK
12	5.032	4.267	OK
13	1.954	3.818	OK
14	0.763	3.470	OK
15	2.982	3.362	OK
16	4.092	3.761	OK
17	1.237	3.159	OK
18	0.239	2.447	ERR
19	5.567	2.366	OK
20	2.188	2.559	OK
21	1.681	2.573	OK
22	4.321	2.502	OK
23	2.197	2.527	OK
24	2.724	2.723	OK
25	0.194	2.444	ERR
26	0.905	2.125	OK
27	9.679	2.970	OK
28	0.091	2.955	ERR
29	1.192	2.517	OK
30	0.144	2.313	ERR
31	4.709	2.616	OK
32	1.876	2.371	OK
33	5.315	2.683	OK
34	4.427	2.853	OK
35	1.171	2.951	OK
36	3.612	3.222	OK
37	0.836	2.337	OK
38	1.382	2.466	ERR
39	2.753	2.623	OK
40	5.687	3.177	OK
41	2.309	2.937	OK
42	6.696	3.419	OK
43	2.602	3.148	OK
44	0.169	2.722	ERR
45	1.547	2.759	OK
46	0.208	2.419	ERR
47	2.345	2.570	OK
48	3.525	2.784	OK
49	0.155	2.524	ERR
50	0.093	1.965	ERR
51	2.157	1.950	OK
52	1.154	1.396	OK
53	0.133	1.149	ERR
54	2.090	1.341	OK
55	0.233	1.209	ERR
56	1.472	1.336	OK
57	2.031	1.304	OK
58	2.480	1.200	OK
59	3.441	1.528	OK
60	5.730	2.092	OK
61	6.154	2.492	OK
62	4.170	2.793	OK
63	0.081	2.788	ERR
64	5.481	3.127	OK
65	1.149	3.219	OK
66	1.638	3.236	OK
67	0.128	3.045	ERR
68	4.325	3.230	OK
69	1.467	3.032	OK
70	0.156	2.475	ERR
71	0.585	1.918	OK
72	0.630	1.564	OK
73	9.338	2.490	OK
74	4.945	2.436	OK
75	4.783	2.799	OK
76	0.122	2.648	ERR
77	0.176	2.653	ERR
78	0.285	2.249	OK
79	0.188	2.121	ERR
80	1.111	2.216	OK
81	0.065	2.164	ERR
82	3.995	2.501	OK
83	5.232	2.090	OK
84	7.916	2.387	OK
85	8.177	2.727	OK
86	1.088	2.823	OK
87	5.863	3.392	OK
88	6.047	3.968	OK
89	1.300	4.079	ERR
90	1.155	4.084	OK
91	0.207	4.098	ERR
92	7.390	4.437	OK
93	6.847	4.599	OK
94	0.169	3.824	ERR
95	4.858	3.492	OK
96	4.707	3.854	OK
97	2.518	3.520	OK
98	0.221	2.937	ERR
99	0.186	2.826	ERR
100	1.153	2.826	OK
101	0.127	2.818	ERR
102	0.116	2.090	ERR
103	0.079	1.413	ERR
104	3.328	1.729	OK
105	0.157	1.259	ERR
106	0.531	0.842	OK
107	0.137	0.603	ERR
108	0.271	0.608	OK
109	0.131	0.603	ERR
110	1.330	0.621	OK
111	1.652	0.773	ERR
112	2.688	1.030	OK
113	6.008	1.623	OK
114	1.322	1.423	OK
115	0.222	1.429	ERR
116	1.454	1.522	OK
117	2.894	1.797	OK
118	0.958	1.866	OK
119	0.371	1.890	ERR
120	2.874	2.044	OK
121	0.127	1.892	ERR
122	5.584	2.181	OK
123	2.718	1.852	OK
124	7.639	2.484	OK
125	3.812	2.843	OK
126	2.240	2.922	OK
127	0.183	2.651	ERR
128	1.218	2.677	OK
129	11.024	3.742	OK
130	1.535	3.608	OK
131	0.729	3.668	ERR
132	5.572	3.667	OK
133	0.430	3.438	ERR
134	1.641	2.838	OK
135	7.301	3.187	OK
136	1.506	3.114	ERR
137	2.446	3.340	OK
138	6.076	3.826	OK
139	2.341	2.958	ERR
140	0.208	2.825	ERR
141	0.163	2.768	ERR
142	0.999	2.311	ERR
143	1.701	2.438	OK
144	7.237	2.998	OK
145	0.151	2.283	ERR
146	0.019	2.134	ERR
147	1.607	2.050	OK
148	1.112	1.554	OK
149	1.491	1.469	OK
150	4.519	1.900	OK
151	0.166	1.900	ERR
152	9.208	2.721	OK
153	0.450	2.596	ERR
154	0.925	1.965	OK
155	0.231	1.973	ERR
156	0.103	1.981	ERR
157	0.177	1.838	ERR
158	0.807	1.808	OK
159	0.272	1.686	ERR
160	4.055	1.639	OK
161	0.296	1.652	OK
162	0.126	0.744	ERR
163	3.259	1.025	OK
164	5.510	1.484	OK
165	0.115	1.472	ERR
166	0.068	1.468	ERR
167	0.396	1.490	ERR
168	4.393	1.849	OK
169	1.963	2.018	OK
170	0.141	1.627	ERR
171	1.310	1.728	OK
172	3.050	2.020	OK
173	3.848	2.079	OK
174	2.036	1.732	OK
175	8.287	2.549	OK
176	1.962	2.738	OK
177	0.289	2.728	ERR
178	2.801	2.569	OK
179	0.021	2.374	ERR
180	0.866	2.447	ERR
181	0.932	2.409	OK
182	1.125	2.217	OK
183	13.532	3.185	OK
184	2.118	3.193	OK
185	1.265	2.491	OK
186	3.342	2.629	OK
187	4.666	3.067	OK
188	0.492	2.836	ERR
189	7.020	3.536	OK
190	2.421	3.691	OK
191	7.163	4.314	OK
192	1.966	4.398	OK
193	0.134	3.058	ERR
194	2.770	3.124	OK
195	0.278	3.025	OK
196	7.683	3.459	OK
197	0.905	3.083	OK
198	0.494	3.083	ERR
199	0.164	2.398	ERR
200	1.825	2.338	OK
201	0.269	1.649	OK
202	0.178	1.470	ERR
203	3.648	1.821	OK
204	6.027	2.147	OK
205	5.916	2.711	OK
206	4.028	2.345	OK
207	0.223	2.277	ERR
208	4.418	2.670	OK
209	7.438	3.397	OK
210	7.319	3.946	OK
211	0.559	3.975	ERR
212	1.040	4.062	OK
213	1.355	3.832	OK
214	5.095	3.739	OK
215	3.336	3.481	OK
216	7.409	3.819	OK
217	0.069	3.804	ERR
218	0.704	3.432	ERR
219	0.097	2.698	ERR
220	0.071	1.973	ERR
221	0.975	2.015	OK
222	3.423	2.253	OK
223	1.321	2.250	OK
224	0.124	1.753	ERR
225	1.336	1.553	OK
226	0.274	0.839	ERR
227	0.021	0.834	ERR
228	0.116	0.776	ERR
229	7.448	1.511	OK
230	0.198	1.524	ERR
231	0.852	1.511	OK
232	5.669	1.736	OK
233	6.475	2.251	OK
234	0.099	2.249	ERR
235	0.977	2.213	OK
236	3.679	2.553	OK
237	5.218	3.073	OK
238	0.883	3.150	OK
239	5.215	2.926	OK
240	2.054	3.112	OK
241	0.370	3.064	ERR
242	3.561	2.853	OK
243	3.824	2.588	OK
244	1.784	2.756	ERR
245	7.367	3.395	OK
246	5.637	3.591	OK
247	0.119	3.081	ERR
248	0.947	3.088	ERR
249	0.529	2.619	ERR
250	0.772	2.491	ERR
251	2.098	2.664	OK
252	1.445	2.452	OK
253	0.579	2.128	ERR
254	0.081	1.957	ERR
255	1.404	1.361	OK
256	0.010	0.798	ERR
257	7.598	1.546	OK
258	1.585	1.610	OK
259	1.031	1.660	OK
260	3.636	1.947	OK
261	7.908	2.528	OK
262	0.082	2.391	ERR
263	0.019	2.335	ERR
264	3.790	2.706	OK
265	7.377	3.303	OK
266	1.634	3.466	OK
267	0.068	2.713	ERR
268	2.691	2.823	OK
269	1.434	2.864	OK
270	1.146	2.615	OK
271	0.110	1.835	ERR
272	6.640	2.491	OK
273	1.152	2.604	OK
274	0.682	2.293	ERR
275	0.959	1.651	OK
276	0.138	1.502	ERR
277	5.717	2.067	OK
278	0.192	1.817	ERR
279	0.469	1.720	ERR
280	0.012	1.607	ERR
281	7.470	2.343	OK
282	0.018	1.681	ERR
283	0.144	1.580	ERR
284	0.170	1.529	ERR
285	0.163	1.449	ERR
286	0.371	1.473	OK
287	0.386	0.939	ERR
288	6.460	1.566	OK
289	0.152	1.535	ERR
290	1.653	1.699	OK
291	0.196	0.971	ERR
292	6.987	1.668	OK
293	3.991	2.053	OK
294	3.839	2.420	OK
295	5.720	2.975	OK
296	4.444	3.383	OK
297	0.099	3.354	ERR
298	0.122	2.720	ERR
299	0.934	2.798	ERR
300	3.975	3.031	OK
301	0.462	3.057	ERR
302	0.199	2.378	ERR
303	4.244	2.404	OK
304	0.761	2.096	OK
305	2.167	1.741	OK
306	0.212	1.317	ERR
307	0.985	1.406	ERR
308	2.238	1.618	OK
309	0.377	1.562	ERR
310	8.164	1.981	OK
311	3.481	2.283	OK
312	4.882	2.751	OK
313	0.471	2.374	ERR
314	0.236	2.321	ERR
315	1.617	2.266	OK
316	0.360	2.281	ERR
317	4.888	2.671	OK
318	0.193	2.467	ERR
319	2.634	2.693	OK
320	0.027	1.879	ERR
321	0.109	1.542	ERR
322	5.804	1.634	OK
323	0.844	1.671	ERR
324	0.463	1.694	ERR
325	0.777	1.610	OK
326	2.105	1.784	OK
327	1.289	1.424	ERR
328	3.900	1.795	OK
329	0.782	1.610	ERR
330	4.557	2.063	OK
331	3.021	2.354	OK
332	7.741	2.548	OK
333	9.721	3.436	OK
334	0.113	3.401	ERR
335	0.464	3.369	ERR
336	7.893	3.948	OK
337	2.939	4.113	OK
338	0.122	3.735	ERR
339	1.976	3.855	OK
340	2.667	3.666	OK
341	0.500	3.414	OK
342	0.957	2.735	ERR
343	0.404	1.803	OK
344	11.777	2.970	OK
345	3.745	3.298	OK
346	0.207	2.529	ERR
347	0.600	2.295	ERR
348	0.630	2.346	ERR
349	1.543	2.303	OK
350	1.077	2.144	ERR
351	0.181	2.112	ERR
352	3.332	2.350	OK
353	1.329	2.442	OK
354	1.127	1.377	ERR
355	1.220	1.125	OK
356	10.496	2.153	OK
357	0.168	2.110	ERR
358	0.152	2.062	ERR
359	0.167	1.925	ERR
360	5.896	2.407	OK
361	0.167	2.405	ERR
362	6.998	2.772	OK
363	0.271	2.666	ERR
364	0.021	2.556	ERR
365	0.127	2.446	ERR
366	0.800	1.477	ERR
367	3.373	1.797	OK
368	0.198	1.802	ERR
369	2.471	2.032	OK
370	0.119	1.455	ERR
371	5.881	2.026	OK
372	7.269	2.053	OK
373	0.517	2.078	ERR
374	1.948	2.270	OK
375	6.106	2.868	OK
376	0.016	2.790	ERR
377	6.793	3.132	OK
378	0.110	3.123	ERR
379	7.570	3.633	OK
380	1.315	3.753	ERR
381	4.566	3.621	OK
382	0.026	2.897	ERR
383	0.216	2.867	ERR
384	0.965	2.768	OK
385	1.931	2.351	OK
386	2.108	2.560	OK
387	5.341	2.415	OK
388	2.245	2.628	OK
389	0.045	1.876	ERR
390	12.060	2.950	OK
391	1.895	2.683	OK
392	1.178	2.798	OK
393	0.041	2.781	ERR
394	2.651	2.949	OK
395	6.781	3.434	OK
396	2.748	3.498	OK
397	4.389	3.403	OK
398	3.699	3.549	OK
399	0.067	3.551	ERR

---- Final results ----
400 NS requests
149 failed requests
251 success requests
25 improved requests
992.757 ellapsed time
