#req	time (sec)	avg. time (sec)	mapping
0	0.020	0.000	ERR
MEJORA: 10 better than: 8
1	0.799	0.000	OK
2	1.838	0.000	OK
3	0.021	0.000	ERR
4	12.477	0.000	OK
MEJORA: 48 better than: 40
5	2.667	0.000	OK
MEJORA: 48 better than: 40
MEJORA: 40 better than: 32
6	8.934	0.000	OK
MEJORA: 48 better than: 40
MEJORA: 40 better than: 24
7	7.374	0.000	OK
8	0.025	0.000	ERR
9	0.026	0.000	ERR
10	0.020	3.418	ERR
MEJORA: 32 better than: 24
11	8.449	4.183	OK
12	5.173	4.517	OK
13	0.022	4.517	ERR
14	0.741	3.343	ERR
MEJORA: 24 better than: 20
15	2.630	3.339	OK
16	8.670	3.313	OK
17	0.028	2.578	ERR
18	3.066	2.883	OK
19	0.479	2.928	ERR
20	4.615	3.387	OK
21	0.027	2.545	ERR
MEJORA: 40 better than: 32
22	3.630	2.391	OK
23	0.017	2.390	ERR
24	9.877	3.304	OK
MEJORA: 96 better than: 82
MEJORA: 82 better than: 80
MEJORA: 80 better than: 63
25	20.533	5.094	OK
26	0.022	4.229	ERR
27	0.014	4.228	ERR
28	0.021	3.923	ERR
MEJORA: 80 better than: 60
MEJORA: 60 better than: 50
29	5.679	4.443	OK
30	0.025	3.984	ERR
31	3.364	4.318	OK
MEJORA: 20 better than: 16
32	1.615	4.117	OK
MEJORA: 24 better than: 20
MEJORA: 20 better than: 16
33	3.180	4.433	OK
34	10.353	4.480	OK
35	12.833	3.710	OK
36	10.613	4.770	OK
37	6.768	5.445	OK
38	0.015	5.444	ERR
39	6.699	5.546	OK
40	0.024	5.546	ERR
MEJORA: 24 better than: 18
41	7.013	5.911	OK
42	3.447	6.095	OK
43	0.018	5.778	ERR
44	0.017	4.745	ERR
45	0.016	3.463	ERR
46	6.393	3.041	OK
47	0.019	2.366	ERR
48	0.017	2.366	ERR
49	0.017	1.698	ERR
50	2.763	1.972	OK
51	0.033	1.274	ERR
52	5.157	1.445	OK
53	0.025	1.446	ERR
MEJORA: 16 better than: 12
54	5.929	2.037	OK
55	0.017	2.037	ERR
56	1.270	1.525	OK
57	0.023	1.525	ERR
58	0.025	1.526	ERR
59	0.032	1.527	ERR
MEJORA: 28 better than: 24
MEJORA: 24 better than: 20
60	3.833	1.635	OK
61	0.021	1.633	ERR
62	5.130	1.631	OK
63	0.018	1.630	ERR
MEJORA: 36 better than: 30
64	5.972	1.634	OK
65	12.050	2.837	OK
66	4.480	3.158	OK
67	0.015	3.158	ERR
68	0.027	3.158	ERR
69	0.015	3.156	ERR
70	0.022	2.775	ERR
71	0.013	2.774	ERR
72	2.540	2.515	OK
73	0.026	2.516	ERR
74	0.017	1.920	ERR
75	0.031	0.719	ERR
MEJORA: 40 better than: 30
76	12.130	1.484	OK
MEJORA: 20 better than: 16
77	9.394	2.421	OK
78	0.021	2.421	ERR
79	0.025	2.422	ERR
80	0.016	2.421	ERR
81	0.015	2.422	ERR
82	0.016	2.169	ERR
83	5.222	2.689	OK
84	1.763	2.863	OK
MEJORA: 36 better than: 32
MEJORA: 32 better than: 28
85	1.450	3.005	OK
MEJORA: 16 better than: 12
86	4.472	2.240	OK
87	0.017	1.302	ERR
88	0.020	1.302	ERR
89	0.022	1.302	ERR
MEJORA: 36 better than: 32
MEJORA: 32 better than: 28
90	2.045	1.504	OK
91	0.017	1.504	ERR
92	0.020	1.505	ERR
MEJORA: 45 better than: 41
MEJORA: 41 better than: 37
MEJORA: 37 better than: 16
93	10.908	2.073	OK
94	0.019	1.899	ERR
95	0.026	1.757	ERR
96	5.243	1.834	OK
MEJORA: 59 better than: 55
MEJORA: 55 better than: 51
97	6.348	2.467	OK
98	0.023	2.467	ERR
99	10.200	3.485	OK
100	0.017	3.282	ERR
101	0.020	3.282	ERR
102	0.020	3.282	ERR
103	0.016	2.193	ERR
104	8.132	3.004	OK
105	2.201	3.222	OK
106	10.392	3.737	OK
MEJORA: 40 better than: 30
107	15.141	4.616	OK
108	0.035	4.617	ERR
109	0.023	3.600	ERR
110	0.023	3.600	ERR
111	4.515	4.050	OK
112	0.032	4.051	ERR
113	4.007	4.450	OK
114	1.233	3.760	OK
115	0.020	3.542	ERR
116	12.072	3.710	OK
117	0.028	2.199	ERR
118	9.952	3.190	OK
119	6.360	3.824	OK
120	0.014	3.823	ERR
121	0.023	3.374	ERR
MEJORA: 8 better than: 6
122	11.193	4.490	OK
123	0.021	4.092	ERR
124	0.021	3.970	ERR
125	0.032	3.972	ERR
126	0.023	2.767	ERR
127	0.025	2.766	ERR
128	8.393	2.610	OK
MEJORA: 64 better than: 56
129	18.741	3.849	OK
130	0.010	3.848	ERR
131	0.033	3.849	ERR
132	0.010	2.731	ERR
133	0.019	2.731	ERR
134	21.218	4.850	OK
135	0.018	4.849	ERR
136	3.816	5.228	OK
MEJORA: 110 better than: 100
MEJORA: 100 better than: 90
137	6.819	5.908	OK
138	0.021	5.071	ERR
MEJORA: 72 better than: 60
MEJORA: 60 better than: 54
139	4.715	3.668	OK
140	0.015	3.668	ERR
141	9.403	4.605	OK
142	0.018	4.606	ERR
MEJORA: 24 better than: 20
143	5.563	5.161	OK
144	0.025	3.041	ERR
145	0.032	3.043	ERR
146	8.196	3.481	OK
MEJORA: 22 better than: 20
MEJORA: 20 better than: 18
147	4.651	3.264	OK
148	0.023	3.264	ERR
149	0.028	2.796	ERR
150	0.032	2.797	ERR
151	0.032	1.860	ERR
152	0.026	1.861	ERR
MEJORA: 56 better than: 52
MEJORA: 52 better than: 48
MEJORA: 48 better than: 32
153	5.240	1.829	OK
154	0.020	1.828	ERR
155	4.919	2.317	OK
156	0.018	1.499	ERR
157	0.020	1.036	ERR
158	0.028	1.036	ERR
159	0.032	1.037	ERR
160	0.022	1.036	ERR
161	5.567	1.589	OK
162	0.028	1.589	ERR
163	0.020	1.067	ERR
164	0.033	1.069	ERR
MEJORA: 36 better than: 30
165	5.087	1.086	OK
166	4.162	1.500	OK
167	0.011	1.499	ERR
MEJORA: 68 better than: 48
MEJORA: 48 better than: 40
168	17.203	3.217	OK
MEJORA: 28 better than: 24
169	6.274	3.841	OK
170	0.020	3.840	ERR
171	3.618	3.646	OK
172	0.023	3.645	ERR
173	0.017	3.645	ERR
174	0.019	3.643	ERR
175	0.018	3.137	ERR
176	5.528	3.273	OK
177	0.017	3.274	ERR
178	0.019	1.555	ERR
179	0.022	0.930	ERR
180	0.029	0.931	ERR
181	0.016	0.571	ERR
182	6.044	1.173	OK
183	0.017	1.173	ERR
184	0.021	1.173	ERR
MEJORA: 50 better than: 40
185	7.239	1.895	OK
186	4.449	1.787	OK
187	0.013	1.787	ERR
188	0.025	1.787	ERR
189	0.020	1.787	ERR
190	0.013	1.786	ERR
191	0.016	1.786	ERR
192	0.021	1.183	ERR
193	0.026	1.184	ERR
194	9.651	2.147	OK
MEJORA: 38 better than: 36
195	7.984	2.222	OK
196	11.788	2.956	OK
197	0.026	2.957	ERR
198	0.013	2.956	ERR
199	0.025	2.956	ERR
200	0.030	2.958	ERR
201	0.015	2.958	ERR
202	0.025	2.958	ERR
203	9.323	3.888	OK
204	7.499	3.673	OK
205	0.022	2.877	ERR
MEJORA: 24 better than: 18
206	6.314	2.329	OK
207	0.015	2.328	ERR
208	0.013	2.328	ERR
209	4.674	2.793	OK
210	0.033	2.793	ERR
211	0.025	2.794	ERR
212	0.032	2.795	ERR
213	0.025	1.865	ERR
MEJORA: 69 better than: 54
MEJORA: 54 better than: 34
MEJORA: 34 better than: 26
214	14.911	2.606	OK
215	0.779	2.682	OK
MEJORA: 88 better than: 80
MEJORA: 80 better than: 64
216	3.115	2.362	OK
MEJORA: 72 better than: 56
217	4.320	2.793	OK
218	0.032	2.795	ERR
219	0.022	2.329	ERR
220	0.015	2.328	ERR
221	0.010	2.326	ERR
222	0.031	2.326	ERR
MEJORA: 60 better than: 50
223	11.847	3.508	OK
MEJORA: 60 better than: 54
224	6.949	2.712	OK
225	5.668	3.201	OK
226	0.021	2.891	ERR
MEJORA: 40 better than: 30
227	6.385	3.098	OK
228	2.577	3.353	OK
229	0.021	3.352	ERR
230	0.020	3.353	ERR
231	7.873	4.139	OK
232	0.025	4.138	ERR
233	0.010	2.955	ERR
234	0.115	2.271	ERR
235	0.028	1.707	ERR
236	0.019	1.707	ERR
237	0.025	1.071	ERR
238	0.032	0.817	ERR
239	9.099	1.724	OK
240	0.013	1.724	ERR
241	0.278	0.964	ERR
242	0.016	0.963	ERR
243	1.447	1.107	OK
244	2.832	1.379	OK
245	0.019	1.378	ERR
246	0.022	1.378	ERR
247	1.654	1.541	ERR
MEJORA: 24 better than: 12
248	7.242	2.262	OK
249	3.115	1.664	OK
250	2.556	1.918	OK
251	0.020	1.892	ERR
252	0.025	1.893	ERR
253	0.024	1.751	ERR
254	0.024	1.470	ERR
255	0.019	1.470	ERR
256	1.789	1.647	OK
257	8.114	2.293	OK
258	0.025	1.571	ERR
MEJORA: 60 better than: 40
MEJORA: 40 better than: 30
259	11.758	2.435	OK
260	0.016	2.181	ERR
261	7.834	2.963	OK
262	1.892	3.150	ERR
263	3.766	3.524	OK
264	17.786	5.300	OK
265	13.237	6.622	OK
266	0.025	6.445	ERR
267	0.010	5.635	ERR
268	0.016	5.634	ERR
269	0.019	4.460	ERR
270	0.021	4.461	ERR
271	0.020	3.679	ERR
272	11.090	4.599	OK
273	13.965	5.619	OK
274	0.031	3.843	ERR
275	0.024	2.522	ERR
276	0.025	2.522	ERR
277	0.065	2.528	ERR
278	0.027	2.529	ERR
279	0.015	2.528	ERR
280	0.027	2.529	ERR
281	0.031	2.530	ERR
282	9.524	2.373	OK
MEJORA: 42 better than: 30
283	2.533	1.230	OK
284	0.016	1.229	ERR
285	0.012	1.227	ERR
286	8.448	2.070	OK
MEJORA: 24 better than: 20
287	10.287	3.092	OK
288	0.012	3.090	ERR
289	0.024	3.091	ERR
290	0.016	3.090	ERR
291	0.021	3.089	ERR
292	0.012	2.138	ERR
293	6.986	2.584	OK
294	0.016	2.584	ERR
295	0.020	2.584	ERR
296	6.948	2.434	OK
297	0.024	1.408	ERR
298	0.019	1.409	ERR
299	2.714	1.678	OK
300	7.264	2.402	OK
MEJORA: 20 better than: 16
301	5.659	2.966	OK
302	6.874	3.652	OK
303	0.023	2.956	ERR
MEJORA: 48 better than: 45
304	8.017	3.756	OK
305	0.015	3.756	ERR
306	5.065	3.567	OK
307	2.625	3.827	OK
308	0.875	3.913	OK
MEJORA: 70 better than: 68
MEJORA: 68 better than: 62
309	9.063	4.548	OK
310	0.024	3.824	ERR
311	0.021	3.260	ERR
312	0.020	2.575	ERR
313	7.080	3.280	OK
314	0.015	2.480	ERR
315	0.010	2.480	ERR
MEJORA: 70 better than: 51
316	13.884	3.362	OK
317	6.822	3.781	OK
318	0.024	3.696	ERR
319	0.010	2.791	ERR
320	0.016	2.790	ERR
321	0.019	2.790	ERR
322	0.018	2.790	ERR
323	0.031	2.085	ERR
MEJORA: 64 better than: 58
324	7.825	2.866	OK
325	1.820	3.047	OK
326	0.016	1.660	ERR
327	0.031	0.981	ERR
MEJORA: 60 better than: 54
MEJORA: 54 better than: 36
328	14.243	2.403	OK
329	0.020	2.404	ERR
330	0.021	2.404	ERR
331	0.024	2.405	ERR
332	0.016	2.405	ERR
333	0.031	2.405	ERR
334	0.962	1.718	OK
335	0.016	1.538	ERR
336	0.025	1.539	ERR
MEJORA: 51 better than: 48
337	10.567	2.592	OK
338	0.018	1.170	ERR
339	0.016	1.170	ERR
MEJORA: 32 better than: 28
MEJORA: 28 better than: 24
340	11.042	2.272	OK
MEJORA: 83 better than: 53
MEJORA: 53 better than: 50
MEJORA: 50 better than: 48
341	12.814	3.551	OK
MEJORA: 33 better than: 31
MEJORA: 31 better than: 28
MEJORA: 28 better than: 24
342	12.958	4.845	OK
343	1.173	4.959	OK
344	0.031	4.866	ERR
MEJORA: 60 better than: 56
MEJORA: 56 better than: 52
MEJORA: 52 better than: 44
345	6.386	5.503	OK
346	0.031	5.504	ERR
MEJORA: 40 better than: 32
347	3.019	4.749	OK
348	0.010	4.748	ERR
349	0.016	4.748	ERR
350	0.020	3.646	ERR
351	0.021	2.367	ERR
MEJORA: 36 better than: 32
MEJORA: 32 better than: 28
352	4.755	1.546	OK
353	2.529	1.682	OK
354	0.021	1.681	ERR
355	0.024	1.045	ERR
356	0.021	1.044	ERR
357	0.425	0.784	ERR
358	6.309	1.414	OK
359	0.016	1.414	ERR
360	0.019	1.414	ERR
361	12.885	2.701	OK
MEJORA: 51 better than: 43
MEJORA: 43 better than: 24
362	13.295	3.555	OK
363	13.600	4.662	OK
MEJORA: 34 better than: 26
364	9.006	5.560	OK
365	15.601	7.118	OK
366	0.016	7.117	ERR
367	0.017	7.076	ERR
368	0.010	6.446	ERR
369	0.016	6.446	ERR
370	2.997	6.744	OK
371	8.815	6.337	OK
372	0.020	5.010	ERR
373	0.021	3.652	ERR
374	0.016	2.753	ERR
375	0.022	1.195	ERR
376	4.015	1.595	OK
377	0.025	1.596	ERR
MEJORA: 90 better than: 80
MEJORA: 80 better than: 70
378	5.319	2.127	OK
379	0.025	2.127	ERR
380	0.020	1.830	ERR
381	0.019	0.950	ERR
382	1.199	1.068	ERR
383	0.026	1.069	ERR
384	6.584	1.725	OK
385	0.019	1.725	ERR
386	0.591	1.383	ERR
387	0.031	1.383	ERR
388	0.016	0.853	ERR
389	0.370	0.887	ERR
MEJORA: 14 better than: 12
390	5.552	1.441	OK
391	0.031	1.442	ERR
392	0.012	1.323	ERR
393	0.767	1.397	ERR
394	0.021	0.741	ERR
395	0.016	0.741	ERR
396	0.018	0.684	ERR
397	0.019	0.682	ERR
MEJORA: 62 better than: 40
MEJORA: 40 better than: 30
MEJORA: 30 better than: 24
398	17.414	2.422	OK
399	0.019	2.387	ERR

---- Final results ----
400 NS requests
243 failed requests
157 success requests
64 improved requests
1131.914 ellapsed time
