#req	time (sec)	avg. time (sec)	mapping
0	0.020	0.000	ERR
1	0.613	0.000	OK
2	1.362	0.000	OK
3	0.020	0.000	ERR
4	8.427	0.000	OK
5	1.740	0.000	OK
MEJORA: 48 better than: 40
6	6.000	0.000	OK
MEJORA: 48 better than: 40
MEJORA: 40 better than: 24
7	4.634	0.000	OK
8	0.024	0.000	ERR
9	0.024	0.000	ERR
10	0.019	2.286	ERR
MEJORA: 32 better than: 24
11	6.642	2.889	OK
12	3.539	3.107	OK
13	0.021	3.107	ERR
14	0.725	2.337	ERR
MEJORA: 24 better than: 20
15	1.855	2.348	OK
16	5.894	2.338	OK
17	0.027	1.877	ERR
18	2.235	2.098	OK
19	0.485	2.144	ERR
20	2.580	2.400	OK
21	0.026	1.739	ERR
MEJORA: 40 better than: 32
22	1.986	1.583	OK
23	0.016	1.583	ERR
24	7.280	2.238	OK
MEJORA: 96 better than: 82
MEJORA: 82 better than: 80
MEJORA: 80 better than: 63
25	13.919	3.445	OK
26	0.021	2.857	ERR
27	0.013	2.856	ERR
28	0.020	2.635	ERR
MEJORA: 80 better than: 60
MEJORA: 60 better than: 50
29	4.024	2.988	OK
30	0.024	2.733	ERR
31	2.364	2.967	OK
32	1.023	2.870	OK
MEJORA: 24 better than: 20
MEJORA: 20 better than: 16
33	2.139	3.083	OK
34	5.927	2.947	OK
35	7.708	2.326	OK
36	7.066	3.031	OK
37	4.190	3.448	OK
38	0.015	3.448	ERR
39	4.629	3.508	OK
40	0.025	3.508	ERR
41	4.226	3.695	OK
42	2.106	3.803	OK
43	0.018	3.591	ERR
44	0.017	3.000	ERR
45	0.016	2.231	ERR
46	5.123	2.036	OK
47	0.017	1.619	ERR
48	0.016	1.619	ERR
49	0.016	1.158	ERR
50	1.760	1.331	OK
51	0.033	0.912	ERR
52	4.481	1.150	OK
53	0.024	1.150	ERR
MEJORA: 16 better than: 12
54	4.179	1.566	OK
55	0.017	1.567	ERR
56	0.946	1.149	OK
57	0.022	1.149	ERR
58	0.025	1.150	ERR
59	0.031	1.152	ERR
60	1.858	1.162	OK
61	0.021	1.160	ERR
62	3.160	1.028	OK
63	0.017	1.028	ERR
MEJORA: 36 better than: 30
64	3.934	1.003	OK
MEJORA: 70 better than: 60
65	5.056	1.507	OK
66	4.162	1.829	OK
67	0.015	1.828	ERR
68	0.026	1.828	ERR
69	0.015	1.826	ERR
70	0.022	1.643	ERR
71	0.013	1.642	ERR
72	2.342	1.560	OK
73	0.026	1.561	ERR
74	0.017	1.169	ERR
75	0.032	0.667	ERR
MEJORA: 40 better than: 30
76	7.696	1.020	OK
77	0.540	1.073	OK
78	0.021	1.072	ERR
79	0.024	1.073	ERR
80	0.016	1.073	ERR
81	0.015	1.073	ERR
82	0.016	0.840	ERR
83	3.788	1.216	OK
84	3.040	1.519	OK
MEJORA: 36 better than: 32
MEJORA: 32 better than: 24
85	2.278	1.743	OK
MEJORA: 16 better than: 12
86	2.991	1.273	OK
87	0.017	1.221	ERR
88	0.020	1.221	ERR
89	0.022	1.220	ERR
MEJORA: 36 better than: 32
MEJORA: 32 better than: 28
90	1.737	1.392	OK
91	0.016	1.393	ERR
92	0.019	1.393	ERR
93	7.111	1.725	OK
94	0.020	1.423	ERR
95	0.026	1.198	ERR
96	4.181	1.317	OK
97	0.069	1.322	ERR
98	0.022	1.322	ERR
99	7.156	2.036	OK
100	0.016	1.864	ERR
101	0.020	1.864	ERR
102	0.019	1.864	ERR
103	0.015	1.154	ERR
104	5.799	1.732	OK
105	1.607	1.890	OK
106	7.544	2.227	OK
MEJORA: 40 better than: 30
107	10.320	3.252	OK
108	0.032	3.253	ERR
109	0.021	2.539	ERR
110	0.022	2.540	ERR
111	1.646	2.702	OK
112	0.032	2.704	ERR
113	2.785	2.981	OK
114	1.012	2.502	OK
115	0.020	2.343	ERR
116	7.712	2.360	OK
117	0.027	1.331	ERR
118	6.839	2.011	OK
119	4.235	2.433	OK
120	0.013	2.432	ERR
121	0.022	2.270	ERR
122	4.365	2.703	OK
123	0.021	2.427	ERR
124	0.019	2.327	ERR
125	0.032	2.329	ERR
126	0.022	1.559	ERR
127	0.024	1.559	ERR
128	6.357	1.511	OK
MEJORA: 96 better than: 88
MEJORA: 88 better than: 72
129	11.210	2.208	OK
130	0.010	2.208	ERR
131	0.032	2.209	ERR
MEJORA: 28 better than: 24
132	1.860	1.959	OK
133	0.018	1.958	ERR
134	14.236	3.380	OK
135	0.016	3.379	ERR
136	1.927	3.569	OK
MEJORA: 110 better than: 100
137	4.774	4.044	OK
138	0.019	3.410	ERR
MEJORA: 72 better than: 60
MEJORA: 60 better than: 54
139	4.120	2.701	OK
140	0.015	2.702	ERR
141	6.178	3.316	OK
142	0.018	3.132	ERR
143	1.356	3.266	OK
144	0.025	1.845	ERR
145	0.032	1.847	ERR
146	4.024	2.056	OK
MEJORA: 22 better than: 20
MEJORA: 20 better than: 18
147	3.840	1.963	OK
148	0.022	1.963	ERR
149	0.027	1.554	ERR
150	0.031	1.555	ERR
151	0.032	0.941	ERR
152	0.026	0.942	ERR
MEJORA: 32 better than: 28
153	2.616	1.068	OK
154	0.019	1.067	ERR
155	3.800	1.444	OK
156	0.017	1.043	ERR
157	0.020	0.661	ERR
158	0.027	0.662	ERR
159	7.371	1.396	OK
160	0.023	1.395	ERR
161	5.323	1.924	OK
162	0.028	1.924	ERR
163	0.020	1.665	ERR
164	0.032	1.666	ERR
165	2.798	1.566	OK
166	2.714	1.835	OK
167	0.010	1.834	ERR
MEJORA: 58 better than: 44
168	11.913	3.023	OK
169	4.091	2.695	OK
170	0.020	2.695	ERR
171	2.141	2.377	OK
172	0.022	2.376	ERR
173	0.016	2.376	ERR
174	0.018	2.374	ERR
175	0.017	2.096	ERR
MEJORA: 51 better than: 30
176	4.313	2.256	OK
177	0.016	2.257	ERR
178	0.018	1.067	ERR
179	0.021	0.660	ERR
180	0.028	0.661	ERR
181	0.016	0.448	ERR
182	3.076	0.754	OK
183	0.016	0.754	ERR
184	0.021	0.754	ERR
MEJORA: 50 better than: 40
185	4.901	1.242	OK
186	2.622	1.073	OK
187	0.013	1.073	ERR
188	0.024	1.074	ERR
189	0.020	1.074	ERR
190	0.013	1.072	ERR
191	0.016	1.072	ERR
192	0.021	0.767	ERR
193	0.026	0.768	ERR
194	6.358	1.401	OK
MEJORA: 47 better than: 36
195	5.713	1.483	OK
196	7.874	2.008	OK
197	0.026	2.009	ERR
198	0.013	2.008	ERR
199	0.024	2.008	ERR
200	0.027	2.010	ERR
201	0.015	2.010	ERR
202	0.024	2.010	ERR
MEJORA: 16 better than: 14
203	2.454	2.253	OK
204	3.739	1.991	OK
205	0.022	1.422	ERR
MEJORA: 24 better than: 20
MEJORA: 20 better than: 18
206	5.564	1.191	OK
207	0.015	1.190	ERR
208	0.013	1.190	ERR
209	3.290	1.516	OK
210	0.032	1.517	ERR
211	0.024	1.518	ERR
212	0.031	1.519	ERR
213	0.025	1.276	ERR
214	7.437	1.645	OK
215	0.560	1.699	OK
MEJORA: 96 better than: 80
MEJORA: 80 better than: 64
MEJORA: 64 better than: 56
216	1.120	1.255	OK
MEJORA: 72 better than: 64
MEJORA: 64 better than: 56
217	3.877	1.641	OK
218	0.031	1.643	ERR
219	0.022	1.316	ERR
220	0.015	1.314	ERR
221	0.010	1.313	ERR
222	0.031	1.313	ERR
223	8.419	2.152	OK
224	4.187	1.827	OK
225	2.642	2.035	OK
226	0.021	1.926	ERR
227	2.682	1.806	OK
228	0.339	1.837	ERR
229	0.021	1.837	ERR
230	0.019	1.837	ERR
231	0.400	1.876	ERR
232	0.024	1.875	ERR
233	0.010	1.035	ERR
MEJORA: 60 better than: 54
MEJORA: 54 better than: 52
234	4.323	1.048	OK
235	0.028	0.787	ERR
236	0.020	0.787	ERR
237	0.025	0.521	ERR
238	0.032	0.490	ERR
MEJORA: 38 better than: 36
MEJORA: 36 better than: 14
239	7.591	1.247	OK
240	0.013	1.246	ERR
241	0.543	1.261	ERR
242	0.016	1.260	ERR
243	0.948	1.354	OK
244	5.441	1.465	OK
245	0.019	1.465	ERR
246	0.022	1.465	ERR
247	1.025	1.565	ERR
MEJORA: 24 better than: 12
248	4.601	2.022	OK
249	0.417	1.305	OK
250	0.033	1.307	ERR
251	0.019	1.254	ERR
252	0.024	1.255	ERR
253	0.024	1.163	ERR
254	0.024	0.621	ERR
255	0.019	0.621	ERR
256	0.769	0.696	OK
257	5.800	1.173	OK
258	0.025	0.715	ERR
MEJORA: 60 better than: 58
MEJORA: 58 better than: 56
MEJORA: 56 better than: 40
MEJORA: 40 better than: 30
259	6.799	1.354	OK
260	0.016	1.352	ERR
261	5.100	1.860	OK
262	1.570	2.014	ERR
MEJORA: 36 better than: 28
263	3.812	2.393	OK
264	11.976	3.588	OK
265	8.960	4.483	OK
266	0.025	4.408	ERR
MEJORA: 35 better than: 24
267	2.193	4.048	OK
268	0.016	4.047	ERR
269	0.019	3.369	ERR
270	0.021	3.369	ERR
271	0.020	2.861	ERR
272	7.589	3.463	OK
273	10.120	4.094	OK
274	0.032	2.900	ERR
275	0.024	2.006	ERR
276	0.026	2.006	ERR
MEJORA: 79 better than: 76
MEJORA: 76 better than: 53
MEJORA: 53 better than: 33
277	4.134	2.200	OK
278	0.027	2.201	ERR
279	0.015	2.201	ERR
280	0.027	2.201	ERR
281	0.032	2.203	ERR
282	6.649	2.109	OK
MEJORA: 42 better than: 30
283	1.825	1.279	OK
284	0.016	1.277	ERR
285	0.013	1.276	ERR
MEJORA: 71 better than: 65
MEJORA: 65 better than: 59
286	6.092	1.883	OK
MEJORA: 20 better than: 14
287	7.013	2.171	OK
288	0.013	2.169	ERR
289	0.024	2.170	ERR
290	0.016	2.169	ERR
291	0.022	2.168	ERR
292	0.012	1.505	ERR
293	5.648	1.887	OK
294	0.016	1.887	ERR
295	0.021	1.888	ERR
296	3.519	1.630	OK
297	0.025	0.932	ERR
298	0.019	0.932	ERR
MEJORA: 44 better than: 40
MEJORA: 40 better than: 36
MEJORA: 36 better than: 32
MEJORA: 32 better than: 28
299	4.011	1.331	OK
300	5.128	1.842	OK
301	6.540	2.494	OK
302	4.820	2.975	OK
303	0.023	2.412	ERR
MEJORA: 91 better than: 83
MEJORA: 83 better than: 75
MEJORA: 75 better than: 67
MEJORA: 67 better than: 59
304	3.184	2.729	OK
305	0.015	2.728	ERR
306	8.259	3.202	OK
MEJORA: 14 better than: 12
307	2.346	3.434	OK
308	0.312	3.464	OK
MEJORA: 54 better than: 48
309	4.918	3.554	OK
310	0.024	3.044	ERR
311	0.022	2.392	ERR
312	0.021	1.912	ERR
313	5.506	2.461	OK
314	0.015	2.144	ERR
315	0.010	2.143	ERR
MEJORA: 59 better than: 53
316	9.042	2.222	OK
MEJORA: 62 better than: 58
317	5.799	2.567	OK
318	0.025	2.538	ERR
319	0.010	2.047	ERR
320	0.016	2.047	ERR
321	0.020	2.046	ERR
322	0.018	2.046	ERR
323	0.032	1.499	ERR
324	0.507	1.548	ERR
MEJORA: 12 better than: 6
325	1.269	1.674	OK
326	0.016	0.771	ERR
327	0.032	0.195	ERR
MEJORA: 42 better than: 36
328	8.999	1.092	OK
329	0.021	1.093	ERR
330	0.022	1.094	ERR
331	0.024	1.094	ERR
332	0.016	1.094	ERR
333	0.031	1.094	ERR
334	0.791	1.122	OK
335	0.016	0.997	ERR
336	0.026	0.998	ERR
337	6.386	1.633	OK
338	0.019	0.735	ERR
339	0.016	0.735	ERR
MEJORA: 32 better than: 28
340	6.860	1.419	OK
341	10.096	2.426	OK
342	0.863	2.510	ERR
MEJORA: 64 better than: 48
343	1.619	2.669	OK
344	0.032	2.593	ERR
MEJORA: 48 better than: 44
MEJORA: 44 better than: 40
345	4.582	3.050	OK
346	0.032	3.051	ERR
347	2.846	2.697	OK
348	0.010	2.696	ERR
349	0.016	2.696	ERR
350	0.020	2.012	ERR
351	0.021	1.004	ERR
MEJORA: 16 better than: 12
352	4.922	1.410	OK
353	2.219	1.470	OK
354	0.022	1.469	ERR
355	0.024	1.013	ERR
356	0.021	1.012	ERR
357	0.443	0.772	ERR
358	5.986	1.370	OK
359	0.017	1.370	ERR
360	0.020	1.370	ERR
361	6.811	2.049	OK
362	11.201	2.676	OK
MEJORA: 36 better than: 32
363	9.413	3.396	OK
364	3.863	3.780	OK
365	14.206	5.198	OK
366	0.016	5.198	ERR
367	0.017	5.155	ERR
368	0.010	4.557	ERR
369	0.016	4.557	ERR
370	1.870	4.742	OK
MEJORA: 60 better than: 50
371	6.579	4.719	OK
372	0.019	3.601	ERR
373	0.021	2.662	ERR
374	0.017	2.277	ERR
375	0.022	0.859	ERR
376	4.253	1.282	OK
377	0.027	1.283	ERR
MEJORA: 90 better than: 70
378	3.726	1.655	OK
379	0.024	1.656	ERR
380	0.019	1.471	ERR
381	0.019	0.815	ERR
382	0.010	0.814	ERR
383	0.026	0.814	ERR
384	8.248	1.637	OK
385	0.019	1.637	ERR
MEJORA: 89 better than: 85
MEJORA: 85 better than: 79
386	6.971	1.909	OK
387	0.031	1.909	ERR
388	0.016	1.538	ERR
389	0.416	1.578	ERR
MEJORA: 14 better than: 12
390	4.336	2.009	OK
391	0.033	2.011	ERR
392	0.323	2.042	ERR
393	0.821	2.122	ERR
394	0.025	1.299	ERR
395	0.017	1.299	ERR
396	0.019	0.604	ERR
397	0.020	0.603	ERR
398	8.443	1.445	OK
399	0.020	1.406	ERR

---- Final results ----
400 NS requests
243 failed requests
157 success requests
57 improved requests
769.978 ellapsed time
