#req	time (sec)	avg. time (sec)	mapping
0	0.019	0.000	ERR
1	6.694	0.000	OK
2	1.247	0.000	OK
3	0.020	0.000	ERR
4	8.920	0.000	OK
MEJORA: 32 better than: 30
MEJORA: 30 better than: 28
5	10.542	0.000	OK
MEJORA: 32 better than: 24
6	2.061	0.000	OK
MEJORA: 32 better than: 24
7	1.803	0.000	OK
8	0.025	0.000	ERR
9	0.025	0.000	ERR
10	0.019	3.136	ERR
11	1.514	2.618	OK
12	1.387	2.632	OK
13	0.021	2.632	ERR
14	13.166	3.056	OK
15	5.838	2.586	OK
16	0.977	2.477	OK
17	0.029	2.300	ERR
18	3.282	2.626	OK
19	5.213	3.145	OK
20	4.690	3.612	OK
21	0.027	3.463	ERR
22	3.660	3.690	OK
23	0.017	3.690	ERR
24	8.226	3.196	OK
25	12.834	3.895	OK
26	0.022	3.800	ERR
27	0.014	3.798	ERR
28	0.021	3.472	ERR
29	2.996	3.251	OK
30	0.025	2.784	ERR
MEJORA: 65 better than: 43
31	8.617	3.643	OK
MEJORA: 16 better than: 12
32	1.718	3.449	OK
33	9.054	4.353	OK
MEJORA: 48 better than: 40
34	7.570	4.287	OK
MEJORA: 40 better than: 34
MEJORA: 34 better than: 32
35	15.213	4.525	OK
MEJORA: 32 better than: 24
36	5.451	5.068	OK
37	7.945	5.861	OK
38	0.015	5.860	ERR
39	8.143	6.375	OK
40	0.025	6.375	ERR
41	6.732	6.187	OK
42	8.753	6.890	OK
43	0.018	5.987	ERR
44	0.016	5.231	ERR
45	0.016	3.712	ERR
46	9.105	4.077	OK
47	0.018	3.284	ERR
48	0.016	3.284	ERR
49	0.017	2.472	ERR
MEJORA: 14 better than: 12
50	8.127	3.282	OK
51	0.032	2.612	ERR
52	9.288	2.665	OK
53	0.025	2.666	ERR
54	15.448	4.209	OK
55	0.018	4.209	ERR
MEJORA: 54 better than: 46
MEJORA: 46 better than: 44
56	13.076	4.606	OK
57	0.022	4.607	ERR
58	0.025	4.608	ERR
59	0.032	4.609	ERR
60	9.352	4.732	OK
61	0.021	4.731	ERR
62	12.115	5.013	OK
63	0.017	5.013	ERR
MEJORA: 30 better than: 24
64	9.426	4.410	OK
MEJORA: 30 better than: 29
65	12.876	5.696	OK
66	2.461	4.635	OK
67	0.016	4.634	ERR
68	0.026	4.634	ERR
69	0.015	4.632	ERR
70	0.022	3.699	ERR
71	0.013	3.699	ERR
72	1.629	2.650	OK
73	0.026	2.651	ERR
74	0.017	1.710	ERR
75	0.032	0.426	ERR
76	1.493	0.329	OK
77	1.592	0.486	OK
78	0.021	0.486	ERR
79	0.025	0.487	ERR
80	0.016	0.486	ERR
81	0.015	0.486	ERR
82	0.016	0.325	ERR
83	1.579	0.481	OK
84	4.479	0.927	OK
MEJORA: 24 better than: 20
MEJORA: 20 better than: 16
85	3.639	1.287	OK
86	0.033	1.141	ERR
87	0.018	0.984	ERR
88	0.020	0.984	ERR
89	0.022	0.984	ERR
90	10.696	2.052	OK
91	0.017	2.052	ERR
92	0.020	2.052	ERR
93	4.061	2.301	OK
94	0.019	1.855	ERR
95	0.026	1.493	ERR
96	7.278	2.218	OK
97	8.457	3.062	OK
98	0.022	3.062	ERR
99	2.111	3.271	OK
100	0.016	2.203	ERR
101	0.020	2.203	ERR
102	0.019	2.203	ERR
103	0.015	1.798	ERR
104	13.005	3.097	OK
105	3.572	3.452	OK
106	1.513	2.875	OK
MEJORA: 40 better than: 30
107	1.906	2.220	OK
108	0.032	2.221	ERR
109	0.021	2.012	ERR
110	0.022	2.013	ERR
111	1.495	2.160	OK
112	0.032	2.161	ERR
MEJORA: 44 better than: 40
113	12.804	3.440	OK
MEJORA: 32 better than: 28
MEJORA: 28 better than: 20
114	9.239	3.064	OK
115	0.019	2.708	ERR
116	5.621	3.119	OK
117	0.027	2.931	ERR
118	2.398	3.168	OK
119	1.420	3.308	OK
120	0.013	3.307	ERR
121	0.022	3.160	ERR
122	1.598	3.316	OK
123	0.020	2.038	ERR
124	0.019	1.116	ERR
125	0.031	1.117	ERR
126	0.021	0.557	ERR
127	0.024	0.557	ERR
128	10.617	1.379	OK
129	12.290	2.466	OK
130	0.010	2.465	ERR
131	0.032	2.466	ERR
132	5.256	2.832	OK
133	0.018	2.832	ERR
134	0.639	2.894	ERR
135	0.016	2.892	ERR
136	2.234	3.114	OK
MEJORA: 68 better than: 48
137	14.280	4.539	OK
138	0.020	3.479	ERR
139	7.741	3.025	OK
140	0.015	3.025	ERR
141	10.563	4.078	OK
142	0.017	3.554	ERR
MEJORA: 40 better than: 36
MEJORA: 36 better than: 24
143	7.083	4.261	OK
144	0.025	4.199	ERR
145	0.032	4.201	ERR
146	11.068	5.084	OK
MEJORA: 20 better than: 16
147	14.594	5.116	OK
148	0.022	5.116	ERR
149	0.027	4.345	ERR
150	0.031	4.346	ERR
151	0.031	3.293	ERR
152	0.025	3.294	ERR
153	9.181	3.504	OK
154	0.019	3.503	ERR
155	2.040	3.704	OK
156	0.017	2.599	ERR
157	0.019	1.141	ERR
158	0.027	1.142	ERR
MEJORA: 32 better than: 29
MEJORA: 29 better than: 26
159	19.927	3.132	OK
160	0.022	3.131	ERR
161	1.187	3.246	OK
162	0.028	3.247	ERR
163	0.019	2.330	ERR
164	0.032	2.332	ERR
165	9.830	3.111	OK
166	2.085	3.318	OK
167	0.010	3.317	ERR
168	5.591	3.873	OK
169	7.357	2.616	OK
170	0.020	2.616	ERR
171	3.010	2.798	OK
172	0.022	2.798	ERR
173	0.016	2.797	ERR
174	0.018	2.796	ERR
175	0.017	1.815	ERR
176	6.575	2.264	OK
177	0.016	2.264	ERR
178	0.018	1.707	ERR
179	0.021	0.973	ERR
180	0.027	0.974	ERR
181	0.016	0.675	ERR
MEJORA: 41 better than: 36
182	9.182	1.591	OK
183	0.016	1.591	ERR
184	0.021	1.591	ERR
185	1.039	1.693	OK
186	1.526	1.188	OK
187	0.013	1.188	ERR
188	0.024	1.189	ERR
189	0.019	1.188	ERR
190	0.012	1.187	ERR
191	0.016	1.187	ERR
192	0.021	0.271	ERR
193	0.025	0.272	ERR
194	2.431	0.513	OK
MEJORA: 20 better than: 18
195	2.762	0.685	OK
196	5.796	1.112	OK
197	0.026	1.113	ERR
198	0.013	1.112	ERR
199	0.024	1.113	ERR
200	0.027	1.114	ERR
201	0.015	1.114	ERR
202	0.024	1.114	ERR
203	0.127	1.125	ERR
204	1.196	1.001	OK
205	0.022	0.727	ERR
206	7.666	0.914	OK
207	0.015	0.913	ERR
208	0.013	0.913	ERR
209	7.044	1.615	OK
210	0.032	1.615	ERR
211	0.024	1.616	ERR
212	0.032	1.617	ERR
213	0.024	1.607	ERR
MEJORA: 14 better than: 12
214	6.321	2.119	OK
215	1.287	2.246	OK
MEJORA: 90 better than: 80
MEJORA: 80 better than: 74
MEJORA: 74 better than: 58
MEJORA: 58 better than: 36
216	14.822	2.961	OK
MEJORA: 60 better than: 57
MEJORA: 57 better than: 54
MEJORA: 54 better than: 38
MEJORA: 38 better than: 36
MEJORA: 36 better than: 30
217	16.458	4.606	OK
218	0.032	4.608	ERR
219	0.022	3.906	ERR
220	0.015	3.904	ERR
221	0.010	3.902	ERR
222	0.031	3.902	ERR
223	8.375	4.737	OK
224	14.597	5.565	OK
225	2.133	5.650	OK
226	0.021	4.169	ERR
227	1.159	2.639	OK
MEJORA: 56 better than: 52
MEJORA: 52 better than: 30
228	7.448	3.381	OK
229	0.021	3.381	ERR
230	0.019	3.381	ERR
231	0.110	3.391	ERR
232	0.024	3.391	ERR
233	0.010	2.554	ERR
234	2.628	1.357	OK
235	0.027	1.147	ERR
236	0.019	1.147	ERR
237	0.025	1.033	ERR
238	0.032	0.292	ERR
MEJORA: 16 better than: 15
239	12.176	1.507	OK
240	0.013	1.506	ERR
241	0.619	1.557	ERR
242	0.016	1.556	ERR
243	0.836	1.639	OK
244	4.593	1.836	OK
245	0.019	1.835	ERR
246	0.022	1.835	ERR
247	1.871	2.020	OK
248	3.115	2.328	OK
249	1.052	1.216	OK
250	0.329	1.247	ERR
251	0.020	1.187	ERR
252	0.024	1.188	ERR
253	0.024	1.107	ERR
254	0.024	0.650	ERR
255	0.019	0.650	ERR
256	10.265	1.674	OK
257	8.790	2.366	OK
258	0.024	2.057	ERR
259	1.588	2.111	OK
260	0.016	2.079	ERR
261	0.099	2.087	ERR
262	0.834	2.168	ERR
263	3.820	2.548	OK
264	8.306	3.376	OK
MEJORA: 50 better than: 46
265	11.219	4.496	OK
266	0.026	3.472	ERR
267	0.010	2.594	ERR
268	0.017	2.594	ERR
269	0.020	2.437	ERR
270	0.022	2.437	ERR
271	0.021	2.429	ERR
272	5.138	2.860	OK
273	1.646	2.642	OK
274	0.033	1.815	ERR
275	0.025	0.696	ERR
276	0.026	0.696	ERR
277	7.228	1.417	OK
278	0.028	1.419	ERR
279	0.015	1.418	ERR
280	0.028	1.419	ERR
281	0.032	1.420	ERR
282	13.938	2.300	OK
MEJORA: 30 better than: 24
MEJORA: 24 better than: 18
283	3.389	2.474	OK
284	0.016	2.473	ERR
285	0.013	2.471	ERR
286	0.617	2.530	ERR
287	7.683	2.576	OK
288	0.013	2.574	ERR
289	0.025	2.575	ERR
290	0.016	2.574	ERR
291	0.022	2.573	ERR
292	0.013	1.181	ERR
293	5.693	1.411	OK
294	0.016	1.411	ERR
295	0.021	1.412	ERR
296	1.706	1.521	OK
297	0.025	0.755	ERR
298	0.020	0.756	ERR
MEJORA: 32 better than: 28
299	12.530	2.006	OK
300	7.173	2.722	OK
301	1.654	2.885	OK
302	0.883	2.972	OK
303	0.023	2.405	ERR
304	10.246	3.428	OK
305	0.016	3.427	ERR
306	8.812	4.138	OK
MEJORA: 54 better than: 46
307	7.754	4.911	OK
308	2.612	5.170	OK
MEJORA: 38 better than: 36
309	12.536	5.171	OK
310	0.025	4.456	ERR
311	0.022	4.293	ERR
312	0.021	4.207	ERR
MEJORA: 82 better than: 74
MEJORA: 74 better than: 62
313	17.669	5.971	OK
314	0.015	4.948	ERR
315	0.010	4.947	ERR
MEJORA: 45 better than: 39
316	3.067	4.373	OK
317	11.381	4.736	OK
318	0.025	4.477	ERR
319	0.010	3.224	ERR
320	0.016	3.224	ERR
321	0.019	3.223	ERR
322	0.018	3.223	ERR
323	0.032	1.459	ERR
324	0.634	1.521	ERR
MEJORA: 31 better than: 30
325	14.480	2.968	OK
326	0.016	2.663	ERR
327	0.032	1.528	ERR
328	2.105	1.736	OK
329	0.021	1.737	ERR
330	0.022	1.738	ERR
331	0.024	1.738	ERR
332	0.016	1.738	ERR
333	0.032	1.738	ERR
334	1.751	1.850	OK
335	0.016	0.403	ERR
336	0.025	0.404	ERR
337	19.349	2.336	OK
338	0.019	2.127	ERR
339	0.017	2.127	ERR
340	15.561	3.681	OK
MEJORA: 70 better than: 46
MEJORA: 46 better than: 38
341	16.186	5.297	OK
MEJORA: 25 better than: 23
342	13.342	6.630	OK
343	11.853	7.812	OK
344	5.614	8.198	OK
345	12.913	9.488	OK
346	0.032	9.489	ERR
MEJORA: 32 better than: 24
347	2.513	7.805	OK
348	0.010	7.804	ERR
349	0.016	7.804	ERR
350	0.020	6.250	ERR
351	0.021	4.633	ERR
352	9.503	4.249	OK
353	1.698	3.234	OK
354	0.022	2.675	ERR
355	0.024	1.386	ERR
356	0.021	1.385	ERR
MEJORA: 36 better than: 32
357	12.800	2.413	OK
358	7.052	3.118	OK
359	0.016	3.118	ERR
360	0.019	3.118	ERR
361	13.125	4.428	OK
MEJORA: 20 better than: 19
362	12.453	4.723	OK
363	2.371	4.790	ERR
364	8.918	5.680	OK
365	13.193	6.997	OK
366	0.016	6.996	ERR
367	0.017	5.718	ERR
368	0.010	5.014	ERR
369	0.016	5.014	ERR
370	1.303	5.142	OK
371	1.996	4.029	OK
372	0.019	2.786	ERR
373	0.021	2.551	ERR
374	0.016	1.661	ERR
375	0.022	0.343	ERR
MEJORA: 47 better than: 40
MEJORA: 40 better than: 30
376	7.899	1.132	OK
377	0.025	1.133	ERR
MEJORA: 97 better than: 95
378	12.147	2.346	OK
379	0.024	2.347	ERR
380	0.019	2.219	ERR
381	0.018	2.021	ERR
382	2.051	2.224	ERR
383	0.025	2.225	ERR
384	3.007	2.524	OK
385	0.019	2.523	ERR
386	0.031	1.737	ERR
387	0.030	1.737	ERR
388	0.016	0.524	ERR
389	0.759	0.597	ERR
MEJORA: 18 better than: 16
MEJORA: 16 better than: 12
390	10.010	1.597	OK
391	0.031	1.598	ERR
MEJORA: 38 better than: 35
392	9.311	2.324	OK
393	4.828	2.804	OK
394	0.021	2.506	ERR
395	0.015	2.505	ERR
396	0.018	2.504	ERR
397	0.019	2.503	ERR
MEJORA: 25 better than: 21
398	12.967	3.798	OK
399	0.019	3.724	ERR

---- Final results ----
400 NS requests
241 failed requests
159 success requests
45 improved requests
1135.720 ellapsed time
