#req	time (sec)	avg. time (sec)	mapping
0	0.020	0.000	ERR
1	0.797	0.000	OK
2	1.215	0.000	OK
3	0.020	0.000	ERR
4	11.432	0.000	OK
MEJORA: 48 better than: 40
5	2.663	0.000	OK
MEJORA: 48 better than: 40
MEJORA: 40 better than: 32
6	5.494	0.000	OK
MEJORA: 48 better than: 40
MEJORA: 40 better than: 24
7	7.168	0.000	OK
8	0.024	0.000	ERR
9	0.024	0.000	ERR
10	0.019	2.886	ERR
11	12.480	4.054	OK
MEJORA: 42 better than: 36
12	4.033	4.336	OK
13	0.021	4.336	ERR
14	0.718	3.264	ERR
MEJORA: 24 better than: 20
MEJORA: 20 better than: 16
15	2.007	3.199	OK
16	7.628	3.412	OK
17	0.027	2.698	ERR
18	3.046	3.000	OK
19	0.479	3.046	ERR
20	6.268	3.671	OK
21	0.026	2.425	ERR
MEJORA: 40 better than: 32
22	2.523	2.274	OK
23	0.016	2.274	ERR
MEJORA: 12 better than: 10
MEJORA: 10 better than: 8
24	12.793	3.481	OK
MEJORA: 96 better than: 82
MEJORA: 82 better than: 80
MEJORA: 80 better than: 63
25	19.972	5.278	OK
26	0.021	4.517	ERR
27	0.014	4.516	ERR
28	0.021	4.213	ERR
MEJORA: 80 better than: 60
MEJORA: 60 better than: 50
MEJORA: 50 better than: 30
29	6.408	4.806	OK
30	0.025	4.182	ERR
31	3.848	4.564	OK
MEJORA: 20 better than: 16
32	1.220	4.434	OK
MEJORA: 24 better than: 20
MEJORA: 20 better than: 16
33	3.180	4.750	OK
34	7.545	4.225	OK
35	11.708	3.399	OK
36	11.332	4.530	OK
37	7.530	5.282	OK
38	0.016	5.281	ERR
39	6.353	5.276	OK
40	0.025	5.276	ERR
41	3.697	5.261	OK
MEJORA: 40 better than: 32
42	3.114	5.450	OK
43	0.018	5.134	ERR
44	0.017	4.381	ERR
45	0.016	3.212	ERR
MEJORA: 40 better than: 36
MEJORA: 36 better than: 32
46	4.116	2.490	OK
47	0.017	1.739	ERR
48	0.016	1.739	ERR
49	0.016	1.105	ERR
50	3.062	1.409	OK
51	0.032	1.042	ERR
52	5.525	1.283	OK
53	0.025	1.284	ERR
MEJORA: 16 better than: 12
54	6.024	1.885	OK
55	0.018	1.885	ERR
56	1.280	1.601	OK
57	0.022	1.602	ERR
58	0.025	1.603	ERR
59	0.033	1.604	ERR
60	3.495	1.648	OK
61	0.021	1.647	ERR
62	4.720	1.566	OK
63	0.018	1.565	ERR
MEJORA: 36 better than: 30
64	5.916	1.555	OK
MEJORA: 50 better than: 40
65	12.960	2.849	OK
66	5.002	3.221	OK
67	0.015	3.221	ERR
68	0.026	3.221	ERR
69	0.015	3.219	ERR
70	0.022	2.872	ERR
71	0.013	2.871	ERR
72	6.286	3.028	OK
73	0.026	3.028	ERR
74	0.017	2.439	ERR
75	0.032	1.146	ERR
MEJORA: 40 better than: 30
76	10.881	1.734	OK
MEJORA: 20 better than: 16
77	9.515	2.684	OK
78	0.021	2.683	ERR
79	0.025	2.684	ERR
80	0.016	2.683	ERR
81	0.015	2.684	ERR
82	0.016	2.057	ERR
83	4.794	2.533	OK
84	3.995	2.931	OK
MEJORA: 36 better than: 32
MEJORA: 32 better than: 28
MEJORA: 28 better than: 24
85	1.318	3.060	OK
MEJORA: 16 better than: 12
86	5.301	2.502	OK
87	0.018	1.552	ERR
88	0.020	1.552	ERR
89	0.022	1.552	ERR
MEJORA: 36 better than: 32
MEJORA: 32 better than: 28
90	2.059	1.756	OK
91	0.016	1.756	ERR
92	0.020	1.756	ERR
93	6.725	1.949	OK
94	0.019	1.552	ERR
95	0.026	1.423	ERR
96	5.912	1.484	OK
MEJORA: 55 better than: 51
MEJORA: 51 better than: 44
97	7.875	2.269	OK
98	0.023	2.270	ERR
99	10.637	3.331	OK
100	0.016	3.127	ERR
101	0.020	3.127	ERR
102	0.020	3.127	ERR
103	0.015	2.456	ERR
104	9.388	3.393	OK
105	1.086	3.499	OK
106	11.859	4.094	OK
MEJORA: 40 better than: 30
107	15.221	4.828	OK
108	0.033	4.829	ERR
109	0.021	3.768	ERR
110	0.022	3.768	ERR
MEJORA: 36 better than: 30
111	7.671	4.534	OK
112	0.032	4.535	ERR
113	5.085	5.042	OK
114	0.898	4.193	OK
115	0.020	4.086	ERR
116	12.173	4.118	OK
117	0.028	2.598	ERR
118	10.445	3.640	OK
119	5.042	4.142	OK
120	0.013	4.141	ERR
121	0.022	3.376	ERR
MEJORA: 6 better than: 4
122	2.049	3.578	OK
123	0.022	3.071	ERR
124	0.020	2.983	ERR
125	0.033	2.985	ERR
126	0.022	1.770	ERR
127	0.025	1.769	ERR
128	8.250	1.550	OK
MEJORA: 72 better than: 56
MEJORA: 56 better than: 48
129	12.158	2.261	OK
130	0.010	2.261	ERR
131	0.032	2.262	ERR
132	4.091	2.466	OK
133	0.019	2.466	ERR
134	21.381	4.602	OK
135	0.017	4.600	ERR
136	1.293	4.728	OK
MEJORA: 110 better than: 100
MEJORA: 100 better than: 90
137	6.789	5.404	OK
138	0.021	4.581	ERR
MEJORA: 72 better than: 60
MEJORA: 60 better than: 54
MEJORA: 54 better than: 36
139	3.298	3.695	OK
140	0.015	3.696	ERR
141	7.721	4.464	OK
142	0.017	4.057	ERR
MEJORA: 24 better than: 20
143	3.939	4.449	OK
144	0.025	2.314	ERR
145	0.033	2.315	ERR
MEJORA: 36 better than: 32
146	2.978	2.484	OK
MEJORA: 22 better than: 20
MEJORA: 20 better than: 18
147	4.739	2.279	OK
148	0.022	2.279	ERR
149	0.027	1.952	ERR
150	0.031	1.953	ERR
151	0.032	1.184	ERR
152	0.026	1.185	ERR
153	2.088	1.000	OK
154	0.020	1.000	ERR
155	4.585	1.455	OK
156	0.018	1.159	ERR
157	0.020	0.687	ERR
158	0.028	0.688	ERR
159	9.658	1.651	OK
160	0.022	1.650	ERR
161	6.161	2.263	OK
162	0.028	2.263	ERR
163	0.020	2.056	ERR
164	0.033	2.057	ERR
MEJORA: 36 better than: 30
MEJORA: 30 better than: 24
165	5.113	2.110	OK
166	4.565	2.565	OK
167	0.010	2.564	ERR
168	14.800	4.041	OK
MEJORA: 28 better than: 24
169	6.370	3.712	OK
170	0.020	3.712	ERR
171	4.412	3.537	OK
172	0.022	3.537	ERR
173	0.016	3.536	ERR
174	0.019	3.535	ERR
175	0.017	3.025	ERR
176	5.111	3.080	OK
177	0.017	3.080	ERR
178	0.019	1.602	ERR
179	0.021	0.968	ERR
180	0.028	0.968	ERR
181	0.016	0.529	ERR
MEJORA: 72 better than: 60
182	8.339	1.360	OK
183	0.017	1.360	ERR
184	0.021	1.361	ERR
MEJORA: 50 better than: 40
185	6.257	1.985	OK
MEJORA: 32 better than: 24
186	4.145	1.888	OK
187	0.013	1.888	ERR
188	0.025	1.888	ERR
189	0.020	1.888	ERR
190	0.013	1.887	ERR
191	0.017	1.887	ERR
192	0.021	1.055	ERR
193	0.027	1.056	ERR
MEJORA: 8 better than: 6
194	14.596	2.513	OK
MEJORA: 38 better than: 36
195	9.384	2.826	OK
196	11.475	3.559	OK
197	0.026	3.560	ERR
198	0.013	3.559	ERR
199	0.024	3.560	ERR
200	0.028	3.561	ERR
201	0.015	3.561	ERR
202	0.025	3.561	ERR
MEJORA: 14 better than: 12
203	3.029	3.862	OK
MEJORA: 12 better than: 10
204	8.715	3.273	OK
205	0.022	2.337	ERR
MEJORA: 30 better than: 22
MEJORA: 22 better than: 20
206	7.551	1.945	OK
207	0.015	1.944	ERR
208	0.013	1.944	ERR
209	5.391	2.480	OK
210	0.033	2.481	ERR
211	0.025	2.482	ERR
212	0.032	2.483	ERR
213	0.025	2.182	ERR
MEJORA: 42 better than: 24
MEJORA: 24 better than: 22
MEJORA: 22 better than: 18
214	12.300	2.541	OK
215	0.700	2.609	OK
MEJORA: 72 better than: 56
MEJORA: 56 better than: 48
216	5.264	2.380	OK
MEJORA: 72 better than: 64
MEJORA: 64 better than: 56
217	4.411	2.820	OK
218	0.033	2.821	ERR
219	0.022	2.285	ERR
220	0.015	2.283	ERR
221	0.010	2.281	ERR
222	0.032	2.281	ERR
MEJORA: 60 better than: 50
223	13.437	3.622	OK
MEJORA: 72 better than: 68
224	4.236	2.816	OK
225	3.077	3.054	OK
226	0.022	2.529	ERR
MEJORA: 40 better than: 30
227	8.636	2.952	OK
228	0.594	3.008	ERR
229	0.022	3.008	ERR
230	0.020	3.009	ERR
231	0.735	3.081	ERR
232	0.025	3.080	ERR
233	0.010	1.738	ERR
MEJORA: 60 better than: 52
234	0.564	1.370	OK
235	0.029	1.066	ERR
236	0.020	1.065	ERR
237	0.025	0.204	ERR
238	0.033	0.148	ERR
MEJORA: 38 better than: 36
MEJORA: 36 better than: 14
239	11.227	1.269	OK
240	0.013	1.268	ERR
241	0.276	1.222	ERR
242	0.016	1.221	ERR
243	1.512	1.371	OK
MEJORA: 51 better than: 43
244	4.173	1.732	OK
245	0.020	1.731	ERR
246	0.022	1.732	ERR
247	1.024	1.832	ERR
MEJORA: 24 better than: 12
248	7.214	2.550	OK
249	0.921	1.519	OK
250	0.068	1.525	ERR
251	0.020	1.499	ERR
252	0.024	1.500	ERR
253	0.024	1.351	ERR
254	0.024	0.936	ERR
255	0.019	0.936	ERR
256	1.780	1.112	OK
257	7.732	1.783	OK
258	0.026	1.064	ERR
MEJORA: 60 better than: 58
MEJORA: 58 better than: 40
MEJORA: 40 better than: 30
259	8.375	1.809	OK
260	0.017	1.804	ERR
261	6.651	2.467	OK
262	1.907	2.656	ERR
263	4.524	3.106	OK
264	17.674	4.871	OK
MEJORA: 70 better than: 60
265	13.640	6.233	OK
266	0.025	6.057	ERR
267	0.010	5.285	ERR
268	0.016	5.284	ERR
269	0.020	4.448	ERR
270	0.021	4.449	ERR
271	0.021	3.786	ERR
MEJORA: 56 better than: 55
272	5.967	4.192	OK
273	13.978	5.137	OK
274	0.031	3.373	ERR
275	0.024	2.011	ERR
276	0.025	2.011	ERR
277	0.065	2.017	ERR
278	0.027	2.018	ERR
279	0.015	2.017	ERR
280	0.027	2.018	ERR
281	0.031	2.019	ERR
MEJORA: 42 better than: 36
282	9.952	2.417	OK
MEJORA: 42 better than: 30
MEJORA: 30 better than: 24
283	2.079	1.228	OK
284	0.016	1.226	ERR
285	0.013	1.225	ERR
286	0.295	1.252	ERR
MEJORA: 16 better than: 14
287	12.017	2.447	OK
288	0.013	2.446	ERR
289	0.025	2.447	ERR
290	0.016	2.446	ERR
291	0.022	2.445	ERR
292	0.013	1.451	ERR
MEJORA: 36 better than: 24
293	5.638	1.807	OK
294	0.016	1.807	ERR
295	0.021	1.807	ERR
296	5.885	2.366	OK
297	0.025	1.167	ERR
298	0.019	1.168	ERR
MEJORA: 36 better than: 32
MEJORA: 32 better than: 28
299	4.904	1.656	OK
300	5.290	2.183	OK
301	8.090	2.990	OK
302	5.737	3.563	OK
303	0.021	3.001	ERR
304	5.818	3.581	OK
305	0.015	3.581	ERR
MEJORA: 80 better than: 72
MEJORA: 72 better than: 50
306	14.955	4.488	OK
307	4.576	4.943	OK
308	0.902	5.031	OK
309	6.379	5.179	OK
310	0.025	4.652	ERR
311	0.022	3.845	ERR
312	0.021	3.274	ERR
313	6.943	3.966	OK
314	0.015	3.385	ERR
315	0.010	3.385	ERR
MEJORA: 75 better than: 74
MEJORA: 74 better than: 70
MEJORA: 70 better than: 51
316	12.437	3.133	OK
317	7.455	3.421	OK
318	0.025	3.333	ERR
319	0.010	2.696	ERR
320	0.016	2.695	ERR
321	0.020	2.695	ERR
322	0.019	2.695	ERR
323	0.032	2.004	ERR
324	0.490	2.051	ERR
325	6.015	2.652	OK
326	0.016	1.410	ERR
327	0.032	0.667	ERR
MEJORA: 60 better than: 54
MEJORA: 54 better than: 30
328	14.210	2.086	OK
329	0.021	2.087	ERR
330	0.022	2.088	ERR
331	0.025	2.088	ERR
332	0.016	2.088	ERR
333	0.032	2.088	ERR
334	0.994	2.138	OK
335	0.016	1.538	ERR
336	0.025	1.539	ERR
337	8.709	2.407	OK
338	0.019	0.988	ERR
339	0.016	0.987	ERR
MEJORA: 32 better than: 28
MEJORA: 28 better than: 24
340	11.381	2.123	OK
MEJORA: 70 better than: 59
MEJORA: 59 better than: 53
341	16.192	3.740	OK
MEJORA: 37 better than: 33
342	15.262	5.265	OK
MEJORA: 72 better than: 56
343	2.265	5.488	OK
344	0.031	5.392	ERR
345	4.248	5.815	OK
346	0.031	5.815	ERR
347	2.014	5.146	OK
348	0.010	5.145	ERR
349	0.016	5.145	ERR
350	0.019	4.009	ERR
351	0.020	2.391	ERR
MEJORA: 20 better than: 16
352	5.173	1.383	OK
353	3.102	1.466	OK
354	0.021	1.465	ERR
355	0.024	1.043	ERR
356	0.021	1.042	ERR
357	0.321	0.873	ERR
MEJORA: 36 better than: 32
358	7.703	1.642	OK
359	0.016	1.642	ERR
360	0.019	1.642	ERR
361	14.380	3.078	OK
MEJORA: 51 better than: 30
362	16.015	4.162	OK
363	12.768	5.129	OK
364	4.762	5.603	OK
365	13.201	6.921	OK
366	0.016	6.920	ERR
367	0.017	6.890	ERR
368	0.010	6.120	ERR
369	0.016	6.120	ERR
370	2.638	6.382	OK
371	10.954	6.040	OK
372	0.019	4.440	ERR
373	0.020	3.165	ERR
374	0.016	2.691	ERR
375	0.021	1.373	ERR
MEJORA: 62 better than: 52
376	7.411	2.112	OK
377	0.025	2.113	ERR
MEJORA: 90 better than: 80
378	4.055	2.518	OK
379	0.024	2.518	ERR
380	0.019	2.256	ERR
381	0.019	1.163	ERR
382	1.139	1.275	ERR
383	0.025	1.275	ERR
MEJORA: 30 better than: 20
384	11.906	2.464	OK
385	0.019	2.464	ERR
386	11.921	2.915	OK
387	0.032	2.916	ERR
388	0.016	2.512	ERR
389	0.722	2.582	ERR
MEJORA: 14 better than: 12
390	5.244	3.104	OK
391	0.032	3.106	ERR
392	0.311	3.023	ERR
393	0.809	3.101	ERR
394	0.022	1.913	ERR
395	0.016	1.912	ERR
396	0.018	0.722	ERR
397	0.019	0.721	ERR
MEJORA: 24 better than: 18
MEJORA: 18 better than: 16
398	12.975	2.017	OK
399	0.019	1.947	ERR

---- Final results ----
400 NS requests
244 failed requests
156 success requests
74 improved requests
1109.463 ellapsed time
