#req	time (sec)	avg. time (sec)	mapping
0	0.021	0.000	ERR
1	0.631	0.000	OK
2	0.457	0.000	OK
3	0.020	0.000	ERR
4	8.423	0.000	OK
5	1.749	0.000	OK
MEJORA: 48 better than: 40
6	3.363	0.000	OK
MEJORA: 48 better than: 40
MEJORA: 40 better than: 24
7	4.744	0.000	OK
8	0.025	0.000	ERR
9	0.026	0.000	ERR
10	0.020	1.946	ERR
11	8.368	2.720	OK
MEJORA: 42 better than: 36
12	1.648	2.839	OK
13	0.021	2.839	ERR
14	0.726	2.069	ERR
MEJORA: 24 better than: 20
15	1.549	2.049	OK
16	5.450	2.258	OK
17	0.027	1.786	ERR
18	2.216	2.005	OK
19	0.498	2.052	ERR
20	4.018	2.452	OK
21	0.026	1.618	ERR
22	2.066	1.660	OK
23	0.016	1.659	ERR
MEJORA: 12 better than: 10
24	9.961	2.583	OK
MEJORA: 96 better than: 82
MEJORA: 82 better than: 80
MEJORA: 80 better than: 63
25	14.375	3.865	OK
26	0.021	3.323	ERR
27	0.013	3.321	ERR
28	0.021	3.102	ERR
MEJORA: 80 better than: 60
MEJORA: 60 better than: 50
29	4.457	3.498	OK
30	0.025	3.098	ERR
31	2.151	3.311	OK
MEJORA: 20 better than: 16
32	1.052	3.209	OK
MEJORA: 24 better than: 20
MEJORA: 20 better than: 16
33	2.214	3.429	OK
MEJORA: 72 better than: 56
34	4.048	2.838	OK
35	8.463	2.247	OK
36	7.951	3.040	OK
37	4.729	3.511	OK
38	0.016	3.511	ERR
39	5.244	3.589	OK
40	0.025	3.589	ERR
41	3.518	3.726	OK
MEJORA: 40 better than: 32
42	2.110	3.832	OK
43	0.018	3.612	ERR
44	0.016	3.209	ERR
45	0.016	2.364	ERR
MEJORA: 40 better than: 28
46	4.886	2.058	OK
47	0.018	1.587	ERR
48	0.017	1.587	ERR
49	0.017	1.064	ERR
50	1.815	1.243	OK
51	0.033	0.895	ERR
52	3.924	1.076	OK
53	0.024	1.077	ERR
MEJORA: 16 better than: 12
54	4.300	1.505	OK
55	0.017	1.505	ERR
56	0.976	1.114	OK
57	0.023	1.115	ERR
58	0.025	1.115	ERR
59	0.032	1.117	ERR
60	0.872	1.023	OK
61	0.021	1.021	ERR
62	3.276	0.957	OK
63	0.018	0.956	ERR
MEJORA: 36 better than: 30
64	3.966	0.923	OK
MEJORA: 50 better than: 40
65	9.093	1.830	OK
66	4.768	2.210	OK
67	0.015	2.209	ERR
68	0.027	2.209	ERR
69	0.015	2.207	ERR
70	0.023	2.122	ERR
71	0.013	2.121	ERR
72	4.287	2.223	OK
73	0.026	2.223	ERR
74	0.017	1.829	ERR
75	0.033	0.922	ERR
MEJORA: 40 better than: 30
76	7.326	1.178	OK
77	6.167	1.793	OK
78	0.021	1.793	ERR
79	0.025	1.794	ERR
80	0.016	1.793	ERR
81	0.015	1.793	ERR
82	0.017	1.366	ERR
83	3.854	1.749	OK
84	3.045	2.052	OK
MEJORA: 36 better than: 32
MEJORA: 32 better than: 24
85	1.423	2.191	OK
86	3.848	1.843	OK
87	0.018	1.228	ERR
88	0.020	1.228	ERR
89	0.023	1.228	ERR
MEJORA: 36 better than: 32
MEJORA: 32 better than: 28
90	1.753	1.402	OK
91	0.017	1.402	ERR
92	0.020	1.402	ERR
MEJORA: 24 better than: 20
93	4.836	1.500	OK
94	0.020	1.198	ERR
95	0.027	1.058	ERR
96	4.223	1.096	OK
97	7.663	1.860	OK
98	0.022	1.860	ERR
99	7.365	2.595	OK
100	0.017	2.421	ERR
101	0.020	2.421	ERR
102	0.020	2.421	ERR
103	0.015	1.939	ERR
104	6.004	2.537	OK
105	0.949	2.630	OK
106	8.183	3.026	OK
MEJORA: 40 better than: 30
107	10.621	3.322	OK
108	0.032	3.323	ERR
109	0.021	2.588	ERR
110	0.022	2.589	ERR
111	3.924	2.979	OK
112	0.032	2.980	ERR
113	3.264	3.305	OK
114	0.662	2.771	OK
115	0.020	2.678	ERR
116	8.025	2.662	OK
117	0.028	1.603	ERR
118	6.605	2.260	OK
119	3.088	2.567	OK
120	0.013	2.566	ERR
121	0.022	2.176	ERR
MEJORA: 10 better than: 4
122	6.972	2.870	OK
123	0.021	2.545	ERR
124	0.019	2.481	ERR
125	0.032	2.482	ERR
126	0.022	1.682	ERR
127	0.024	1.682	ERR
128	5.607	1.582	OK
MEJORA: 88 better than: 80
MEJORA: 80 better than: 72
129	13.738	2.647	OK
130	0.010	2.647	ERR
131	0.033	2.648	ERR
MEJORA: 40 better than: 36
132	2.636	2.214	OK
133	0.019	2.214	ERR
134	14.407	3.653	OK
135	0.016	3.651	ERR
136	1.889	3.838	OK
MEJORA: 110 better than: 100
MEJORA: 100 better than: 90
137	4.830	4.318	OK
138	0.020	3.760	ERR
MEJORA: 72 better than: 60
MEJORA: 60 better than: 54
MEJORA: 54 better than: 36
139	1.680	2.554	OK
140	0.015	2.554	ERR
141	5.627	3.114	OK
142	0.017	2.852	ERR
143	1.272	2.977	OK
144	0.024	1.539	ERR
145	0.032	1.541	ERR
146	4.260	1.778	OK
MEJORA: 22 better than: 20
147	3.874	1.682	OK
148	0.022	1.682	ERR
149	0.027	1.517	ERR
150	0.031	1.519	ERR
151	0.031	0.959	ERR
152	0.026	0.960	ERR
153	2.270	1.060	OK
154	0.020	1.059	ERR
155	3.318	1.388	OK
156	0.017	0.964	ERR
157	0.019	0.578	ERR
158	0.027	0.579	ERR
159	9.876	1.564	OK
160	0.021	1.563	ERR
161	5.191	2.078	OK
162	0.026	2.079	ERR
163	0.019	1.853	ERR
164	0.031	1.855	ERR
165	2.734	1.796	OK
166	3.074	2.102	OK
167	0.010	2.101	ERR
MEJORA: 48 better than: 44
168	10.691	3.167	OK
169	4.118	2.591	OK
170	0.019	2.591	ERR
171	2.687	2.341	OK
172	0.022	2.340	ERR
173	0.016	2.340	ERR
174	0.018	2.339	ERR
175	0.017	2.067	ERR
176	3.860	2.146	OK
177	0.016	2.147	ERR
178	0.018	1.079	ERR
179	0.021	0.670	ERR
180	0.027	0.670	ERR
181	0.016	0.403	ERR
182	2.755	0.677	OK
183	0.016	0.677	ERR
184	0.021	0.677	ERR
MEJORA: 50 better than: 40
185	4.390	1.114	OK
186	1.877	0.916	OK
187	0.013	0.915	ERR
188	0.025	0.916	ERR
189	0.019	0.916	ERR
190	0.012	0.914	ERR
191	0.016	0.914	ERR
192	0.020	0.641	ERR
193	0.025	0.642	ERR
MEJORA: 8 better than: 6
194	9.992	1.639	OK
MEJORA: 39 better than: 36
195	5.665	1.766	OK
196	7.898	2.369	OK
197	0.026	2.370	ERR
198	0.013	2.369	ERR
199	0.024	2.369	ERR
200	0.028	2.371	ERR
201	0.015	2.371	ERR
202	0.024	2.371	ERR
MEJORA: 22 better than: 18
MEJORA: 18 better than: 16
MEJORA: 16 better than: 14
203	2.747	2.643	OK
MEJORA: 12 better than: 10
204	5.828	2.227	OK
205	0.022	1.662	ERR
MEJORA: 30 better than: 22
MEJORA: 22 better than: 20
206	5.180	1.391	OK
207	0.015	1.390	ERR
208	0.013	1.390	ERR
209	3.381	1.725	OK
210	0.031	1.726	ERR
211	0.024	1.727	ERR
212	0.031	1.727	ERR
213	0.024	1.455	ERR
MEJORA: 16 better than: 14
214	7.994	1.672	OK
215	0.542	1.724	OK
MEJORA: 88 better than: 80
MEJORA: 80 better than: 56
216	2.900	1.496	OK
MEJORA: 72 better than: 64
MEJORA: 64 better than: 56
217	2.830	1.777	OK
218	0.032	1.779	ERR
219	0.022	1.443	ERR
220	0.015	1.441	ERR
221	0.010	1.440	ERR
222	0.031	1.440	ERR
MEJORA: 60 better than: 50
223	8.956	2.333	OK
MEJORA: 68 better than: 62
MEJORA: 62 better than: 54
224	5.085	2.042	OK
225	2.094	2.197	OK
226	0.021	1.910	ERR
227	3.655	1.992	OK
228	0.342	2.023	ERR
229	0.021	2.023	ERR
230	0.020	2.023	ERR
231	2.711	2.294	OK
232	0.024	2.293	ERR
233	0.010	1.398	ERR
MEJORA: 60 better than: 52
234	0.468	0.937	OK
235	0.027	0.730	ERR
236	0.019	0.730	ERR
237	0.024	0.367	ERR
238	0.032	0.336	ERR
MEJORA: 38 better than: 36
MEJORA: 36 better than: 14
239	8.223	1.156	OK
240	0.013	1.155	ERR
241	0.653	0.949	ERR
242	0.016	0.949	ERR
243	1.049	1.053	OK
244	4.401	1.446	OK
245	0.019	1.445	ERR
246	0.022	1.445	ERR
247	1.032	1.546	ERR
MEJORA: 24 better than: 12
248	4.629	2.006	OK
249	0.407	1.224	OK
250	0.068	1.230	ERR
251	0.019	1.166	ERR
252	0.024	1.167	ERR
253	0.024	1.065	ERR
254	0.024	0.627	ERR
255	0.019	0.627	ERR
256	0.771	0.702	OK
257	5.337	1.132	OK
258	0.025	0.672	ERR
MEJORA: 60 better than: 58
MEJORA: 58 better than: 56
MEJORA: 56 better than: 40
MEJORA: 40 better than: 30
259	6.448	1.276	OK
260	0.016	1.271	ERR
261	3.938	1.663	OK
262	1.366	1.797	ERR
MEJORA: 36 better than: 28
263	3.841	2.178	OK
264	12.151	3.391	OK
MEJORA: 70 better than: 60
265	9.845	4.374	OK
266	0.025	4.299	ERR
267	0.010	3.766	ERR
268	0.016	3.766	ERR
269	0.019	3.123	ERR
270	0.021	3.123	ERR
271	0.020	2.731	ERR
MEJORA: 56 better than: 55
272	3.372	2.932	OK
273	10.882	3.636	OK
274	0.032	2.424	ERR
275	0.024	1.442	ERR
276	0.026	1.442	ERR
277	0.044	1.446	ERR
278	0.028	1.447	ERR
279	0.015	1.446	ERR
280	0.027	1.447	ERR
281	0.032	1.448	ERR
MEJORA: 42 better than: 36
282	7.910	1.902	OK
MEJORA: 42 better than: 30
MEJORA: 30 better than: 24
283	1.762	0.990	OK
284	0.016	0.988	ERR
285	0.013	0.987	ERR
286	7.360	1.721	OK
287	11.022	2.818	OK
288	0.013	2.817	ERR
289	0.025	2.818	ERR
290	0.016	2.817	ERR
291	0.022	2.816	ERR
292	0.013	2.026	ERR
293	5.319	2.382	OK
294	0.016	2.382	ERR
295	0.021	2.383	ERR
296	3.946	2.041	OK
297	0.024	0.942	ERR
298	0.019	0.942	ERR
299	2.450	1.185	OK
300	3.768	1.560	OK
301	6.089	2.166	OK
302	4.039	2.569	OK
303	0.022	2.039	ERR
MEJORA: 33 better than: 29
304	12.945	3.332	OK
305	0.015	3.332	ERR
306	4.922	3.429	OK
307	3.187	3.745	OK
308	0.417	3.785	OK
MEJORA: 72 better than: 66
MEJORA: 66 better than: 56
MEJORA: 56 better than: 54
309	5.724	4.113	OK
310	0.024	3.738	ERR
311	0.022	3.132	ERR
312	0.021	2.730	ERR
313	4.126	3.140	OK
314	0.015	1.847	ERR
315	0.010	1.847	ERR
MEJORA: 69 better than: 59
MEJORA: 59 better than: 51
316	6.740	2.029	OK
MEJORA: 50 better than: 44
MEJORA: 44 better than: 38
MEJORA: 38 better than: 32
317	5.193	2.229	OK
318	0.025	2.190	ERR
319	0.010	1.618	ERR
320	0.016	1.618	ERR
321	0.019	1.617	ERR
322	0.018	1.617	ERR
323	0.032	1.208	ERR
324	0.512	1.257	ERR
MEJORA: 12 better than: 10
325	2.669	1.523	OK
326	0.016	0.851	ERR
327	0.032	0.335	ERR
MEJORA: 30 better than: 24
328	6.623	0.995	OK
329	0.021	0.996	ERR
330	0.022	0.996	ERR
331	0.024	0.997	ERR
332	0.016	0.997	ERR
333	0.032	0.997	ERR
334	0.798	1.025	OK
335	0.016	0.760	ERR
336	0.026	0.761	ERR
MEJORA: 69 better than: 68
MEJORA: 68 better than: 66
337	8.361	1.594	OK
338	0.018	0.933	ERR
339	0.016	0.933	ERR
MEJORA: 32 better than: 28
340	6.846	1.615	OK
MEJORA: 81 better than: 62
MEJORA: 62 better than: 41
341	9.625	2.575	OK
342	10.817	3.655	OK
MEJORA: 64 better than: 48
343	1.279	3.780	OK
344	0.032	3.703	ERR
MEJORA: 60 better than: 52
MEJORA: 52 better than: 48
345	5.185	4.220	OK
346	0.032	4.221	ERR
347	1.870	3.572	OK
348	0.010	3.571	ERR
349	0.016	3.571	ERR
350	0.020	2.888	ERR
351	0.021	1.928	ERR
MEJORA: 20 better than: 16
352	2.717	1.118	OK
353	2.153	1.205	OK
354	0.022	1.204	ERR
355	0.025	0.689	ERR
356	0.022	0.688	ERR
357	0.752	0.576	ERR
MEJORA: 24 better than: 20
358	4.455	1.020	OK
359	0.017	1.020	ERR
360	0.020	1.020	ERR
361	9.154	1.934	OK
MEJORA: 51 better than: 30
MEJORA: 30 better than: 24
MEJORA: 24 better than: 18
362	8.820	2.544	OK
363	9.045	3.233	OK
364	4.874	3.718	OK
365	10.325	4.748	OK
366	0.016	4.748	ERR
367	0.017	4.674	ERR
368	0.010	4.230	ERR
369	0.016	4.230	ERR
370	1.579	4.386	OK
371	7.289	4.199	OK
372	0.020	3.319	ERR
373	0.021	2.417	ERR
374	0.017	1.931	ERR
375	0.023	0.901	ERR
MEJORA: 34 better than: 30
376	4.635	1.363	OK
377	0.027	1.364	ERR
378	3.407	1.703	OK
379	0.025	1.704	ERR
380	0.020	1.548	ERR
381	0.020	0.821	ERR
MEJORA: 98 better than: 88
382	7.440	1.563	OK
383	0.027	1.564	ERR
MEJORA: 30 better than: 20
384	8.770	2.439	OK
385	0.020	2.439	ERR
MEJORA: 67 better than: 54
386	8.618	2.837	OK
387	0.032	2.838	ERR
388	0.017	2.499	ERR
389	0.421	2.538	ERR
MEJORA: 14 better than: 12
390	3.170	2.853	OK
391	0.032	2.855	ERR
392	0.317	2.142	ERR
393	0.961	2.236	ERR
394	0.022	1.361	ERR
395	0.017	1.361	ERR
396	0.019	0.501	ERR
397	0.020	0.500	ERR
MEJORA: 28 better than: 26
MEJORA: 26 better than: 24
398	5.866	1.084	OK
399	0.020	1.044	ERR

---- Final results ----
400 NS requests
241 failed requests
159 success requests
67 improved requests
802.591 ellapsed time
