#req	time (sec)	avg. time (sec)	mapping
0	0.020	0.000	ERR
MEJORA: 10 better than: 8
1	0.788	0.000	OK
2	1.489	0.000	OK
3	0.019	0.000	ERR
4	12.394	0.000	OK
MEJORA: 48 better than: 40
5	2.226	0.000	OK
MEJORA: 48 better than: 40
6	9.815	0.000	OK
MEJORA: 48 better than: 40
7	6.343	0.000	OK
8	0.024	0.000	ERR
9	0.024	0.000	ERR
10	0.019	3.314	ERR
MEJORA: 32 better than: 24
11	11.411	4.376	OK
12	5.596	4.787	OK
13	0.020	4.787	ERR
14	0.700	3.618	ERR
MEJORA: 24 better than: 20
15	2.040	3.599	OK
16	8.255	3.443	OK
17	0.027	2.812	ERR
18	3.409	3.150	OK
19	0.468	3.194	ERR
20	3.095	3.502	OK
21	0.025	2.364	ERR
22	2.128	2.017	OK
23	0.016	2.016	ERR
24	14.140	3.360	OK
MEJORA: 104 better than: 90
MEJORA: 90 better than: 74
MEJORA: 74 better than: 71
25	19.933	5.150	OK
26	0.020	4.326	ERR
27	0.013	4.325	ERR
28	0.020	3.986	ERR
MEJORA: 80 better than: 60
MEJORA: 60 better than: 50
29	6.275	4.567	OK
30	0.024	4.259	ERR
31	4.173	4.674	OK
32	1.643	4.626	OK
MEJORA: 24 better than: 20
33	2.991	4.923	OK
34	9.701	4.479	OK
35	12.169	3.703	OK
36	8.373	4.538	OK
37	5.792	5.116	OK
38	0.015	5.115	ERR
39	6.352	5.123	OK
40	0.024	5.123	ERR
41	2.215	4.927	OK
42	2.417	5.005	OK
43	0.017	4.707	ERR
44	0.016	3.739	ERR
45	0.015	2.523	ERR
MEJORA: 40 better than: 32
46	6.569	2.343	OK
47	0.017	1.766	ERR
48	0.016	1.766	ERR
49	0.016	1.132	ERR
50	2.582	1.388	OK
51	0.031	1.169	ERR
52	5.368	1.465	OK
53	0.024	1.465	ERR
MEJORA: 16 better than: 12
54	5.670	2.031	OK
55	0.017	2.031	ERR
56	1.223	1.496	OK
57	0.021	1.497	ERR
58	0.024	1.498	ERR
59	0.030	1.499	ERR
MEJORA: 28 better than: 24
MEJORA: 24 better than: 20
60	3.595	1.600	OK
61	0.020	1.599	ERR
62	4.816	1.544	OK
63	0.016	1.543	ERR
MEJORA: 36 better than: 30
64	5.319	1.508	OK
65	9.282	2.435	OK
MEJORA: 16 better than: 12
66	7.431	3.055	OK
67	0.015	3.055	ERR
68	0.025	3.055	ERR
69	0.014	3.053	ERR
70	0.022	2.696	ERR
71	0.013	2.695	ERR
72	3.861	2.600	OK
73	0.025	2.601	ERR
74	0.017	2.070	ERR
75	0.030	1.145	ERR
MEJORA: 40 better than: 30
76	11.588	1.561	OK
MEJORA: 20 better than: 16
77	6.342	2.194	OK
78	0.020	2.193	ERR
79	0.024	2.194	ERR
80	0.015	2.193	ERR
81	0.014	2.194	ERR
82	0.015	1.809	ERR
83	4.151	2.222	OK
84	1.660	2.386	OK
MEJORA: 36 better than: 32
MEJORA: 32 better than: 28
85	2.139	2.597	OK
MEJORA: 16 better than: 12
86	4.218	1.860	OK
87	0.017	1.227	ERR
88	0.019	1.227	ERR
89	0.021	1.227	ERR
MEJORA: 36 better than: 32
MEJORA: 32 better than: 28
90	1.927	1.418	OK
91	0.016	1.418	ERR
92	0.019	1.419	ERR
93	11.327	2.136	OK
94	0.019	1.972	ERR
95	0.025	1.761	ERR
96	7.007	2.040	OK
MEJORA: 59 better than: 55
MEJORA: 55 better than: 51
97	4.891	2.527	OK
98	0.021	2.527	ERR
99	9.713	3.497	OK
100	0.016	3.305	ERR
101	0.019	3.306	ERR
102	0.019	3.306	ERR
103	0.014	2.174	ERR
104	7.672	2.940	OK
105	4.756	3.413	OK
MEJORA: 38 better than: 30
106	9.210	3.633	OK
MEJORA: 40 better than: 30
107	14.506	4.595	OK
108	0.031	4.596	ERR
109	0.020	3.626	ERR
110	0.021	3.627	ERR
111	7.342	4.359	OK
112	0.034	4.361	ERR
113	7.624	5.122	OK
114	1.983	4.553	OK
115	0.020	4.079	ERR
116	11.681	4.326	OK
117	0.026	2.878	ERR
118	9.984	3.874	OK
119	6.079	4.479	OK
120	0.013	4.479	ERR
121	0.021	3.747	ERR
122	13.856	5.129	OK
123	0.020	4.368	ERR
124	0.019	4.172	ERR
125	0.031	4.173	ERR
126	0.021	3.007	ERR
127	0.024	3.007	ERR
128	8.678	2.876	OK
MEJORA: 96 better than: 80
MEJORA: 80 better than: 72
129	20.415	4.310	OK
130	0.010	4.309	ERR
131	0.031	4.310	ERR
132	0.855	3.010	ERR
133	0.018	3.010	ERR
134	19.788	4.987	OK
135	0.016	4.985	ERR
136	5.663	5.550	OK
MEJORA: 110 better than: 100
137	6.524	6.200	OK
138	0.019	5.334	ERR
MEJORA: 72 better than: 60
MEJORA: 60 better than: 54
MEJORA: 54 better than: 48
139	6.513	3.944	OK
140	0.015	3.944	ERR
141	9.059	4.847	OK
142	0.017	4.763	ERR
143	5.116	5.273	OK
144	0.023	3.296	ERR
145	0.030	3.298	ERR
146	5.423	3.274	OK
MEJORA: 22 better than: 20
147	3.969	3.018	OK
148	0.021	3.019	ERR
149	0.026	2.370	ERR
150	0.030	2.371	ERR
151	0.030	1.468	ERR
152	0.025	1.469	ERR
MEJORA: 36 better than: 28
153	4.167	1.374	OK
154	0.018	1.374	ERR
155	4.667	1.838	OK
156	0.016	1.297	ERR
157	0.018	0.902	ERR
158	0.026	0.902	ERR
159	0.030	0.903	ERR
160	0.021	0.902	ERR
161	13.009	2.200	OK
162	0.026	2.200	ERR
163	0.018	1.785	ERR
164	0.030	1.786	ERR
MEJORA: 36 better than: 30
165	4.700	1.789	OK
166	3.899	2.178	OK
167	0.009	2.177	ERR
MEJORA: 58 better than: 48
MEJORA: 48 better than: 42
168	15.434	3.718	OK
MEJORA: 28 better than: 24
169	5.871	4.302	OK
170	0.019	4.302	ERR
MEJORA: 40 better than: 32
171	2.837	3.284	OK
172	0.021	3.284	ERR
173	0.015	3.283	ERR
174	0.017	3.282	ERR
175	0.016	2.814	ERR
176	5.894	3.013	OK
177	0.015	3.014	ERR
178	0.018	1.472	ERR
179	0.020	0.887	ERR
180	0.027	0.888	ERR
181	0.016	0.606	ERR
182	5.649	1.169	OK
183	0.015	1.169	ERR
184	0.020	1.169	ERR
MEJORA: 50 better than: 40
185	6.955	1.863	OK
186	4.596	1.733	OK
187	0.012	1.733	ERR
188	0.023	1.733	ERR
189	0.018	1.733	ERR
190	0.012	1.731	ERR
191	0.016	1.731	ERR
192	0.020	1.169	ERR
193	0.024	1.169	ERR
194	9.381	2.106	OK
195	10.205	2.431	OK
196	11.299	3.101	OK
197	0.024	3.102	ERR
198	0.012	3.101	ERR
199	0.023	3.102	ERR
200	0.026	3.103	ERR
201	0.014	3.103	ERR
202	0.023	3.103	ERR
MEJORA: 14 better than: 12
203	3.436	3.444	OK
204	5.006	3.007	OK
205	0.021	1.988	ERR
MEJORA: 24 better than: 18
MEJORA: 18 better than: 16
206	8.175	1.676	OK
207	0.014	1.675	ERR
208	0.012	1.675	ERR
MEJORA: 8 better than: 4
209	3.166	1.989	OK
210	0.030	1.990	ERR
211	0.023	1.991	ERR
212	0.030	1.991	ERR
213	0.023	1.650	ERR
214	15.633	2.713	OK
215	3.319	3.043	OK
MEJORA: 88 better than: 80
MEJORA: 80 better than: 64
MEJORA: 64 better than: 56
216	2.555	2.481	OK
MEJORA: 64 better than: 56
217	3.876	2.867	OK
218	0.030	2.869	ERR
219	0.021	2.554	ERR
220	0.014	2.553	ERR
221	0.009	2.551	ERR
222	0.030	2.551	ERR
223	10.156	3.564	OK
MEJORA: 80 better than: 74
MEJORA: 74 better than: 72
MEJORA: 72 better than: 68
MEJORA: 68 better than: 66
224	4.424	2.443	OK
225	5.387	2.650	OK
226	0.020	2.397	ERR
MEJORA: 40 better than: 30
227	7.575	2.767	OK
228	0.509	2.814	ERR
229	0.019	2.814	ERR
230	0.018	2.815	ERR
231	7.610	3.575	OK
232	0.025	3.574	ERR
233	0.010	2.560	ERR
MEJORA: 60 better than: 52
234	0.532	2.171	OK
235	0.028	1.635	ERR
236	0.020	1.635	ERR
237	0.025	0.880	ERR
238	0.032	0.832	ERR
239	10.528	1.883	OK
240	0.013	1.882	ERR
241	0.277	1.149	ERR
242	0.016	1.148	ERR
243	0.233	1.170	OK
244	7.903	1.908	OK
245	0.020	1.907	ERR
246	0.022	1.907	ERR
247	1.651	2.070	ERR
248	6.449	2.711	OK
249	5.239	2.182	OK
250	0.670	2.248	ERR
251	0.019	2.222	ERR
252	0.023	2.223	ERR
253	0.023	2.202	ERR
254	0.023	1.414	ERR
255	0.018	1.414	ERR
256	1.684	1.580	OK
MEJORA: 42 better than: 36
MEJORA: 36 better than: 30
257	8.063	2.221	OK
258	0.023	1.578	ERR
259	11.300	2.185	OK
260	0.015	2.119	ERR
261	6.548	2.772	OK
262	0.021	2.772	ERR
263	3.558	3.125	OK
264	16.643	4.787	OK
265	12.041	5.990	OK
266	0.023	5.824	ERR
267	0.009	5.018	ERR
268	0.015	5.017	ERR
269	0.018	3.889	ERR
270	0.020	3.890	ERR
271	0.019	3.237	ERR
272	11.333	4.368	OK
273	16.074	5.620	OK
274	0.030	3.958	ERR
275	0.023	2.757	ERR
276	0.025	2.757	ERR
277	6.565	3.412	OK
278	0.026	3.413	ERR
279	0.014	3.413	ERR
280	0.026	3.414	ERR
281	0.030	3.415	ERR
MEJORA: 42 better than: 36
282	11.488	3.430	OK
MEJORA: 42 better than: 36
283	5.574	2.380	OK
284	0.015	2.379	ERR
285	0.012	2.378	ERR
286	0.735	2.449	ERR
MEJORA: 24 better than: 20
287	13.728	3.165	OK
288	0.012	3.163	ERR
289	0.023	3.164	ERR
290	0.015	3.163	ERR
291	0.021	3.162	ERR
292	0.012	2.015	ERR
293	7.015	2.159	OK
294	0.016	2.159	ERR
295	0.020	2.160	ERR
296	4.361	2.522	OK
297	0.024	1.152	ERR
298	0.019	1.153	ERR
299	3.770	1.527	OK
300	5.397	2.065	OK
301	6.448	2.708	OK
302	8.030	3.510	OK
303	0.021	2.811	ERR
MEJORA: 83 better than: 75
MEJORA: 75 better than: 67
MEJORA: 67 better than: 52
MEJORA: 52 better than: 48
MEJORA: 48 better than: 30
MEJORA: 30 better than: 28
304	5.212	3.330	OK
305	0.014	3.330	ERR
306	11.958	4.089	OK
307	6.596	4.746	OK
308	0.237	4.768	OK
309	8.653	5.257	OK
310	0.023	4.719	ERR
311	0.021	4.076	ERR
312	0.020	3.275	ERR
313	6.044	3.878	OK
314	0.014	3.358	ERR
315	0.009	3.358	ERR
316	14.575	3.619	OK
317	10.242	3.984	OK
318	0.023	3.962	ERR
319	0.009	3.098	ERR
320	0.015	3.097	ERR
321	0.018	3.097	ERR
322	0.017	3.097	ERR
323	0.030	2.495	ERR
324	0.244	2.518	ERR
MEJORA: 14 better than: 12
MEJORA: 12 better than: 10
325	4.092	2.927	OK
326	0.015	1.471	ERR
327	0.030	0.450	ERR
328	6.703	1.118	OK
329	0.020	1.119	ERR
330	0.021	1.119	ERR
331	0.024	1.120	ERR
332	0.016	1.120	ERR
333	0.031	1.120	ERR
334	2.521	1.347	OK
335	0.015	0.940	ERR
336	0.024	0.940	ERR
MEJORA: 47 better than: 42
337	9.745	1.912	OK
338	0.017	1.243	ERR
339	0.015	1.243	ERR
MEJORA: 32 better than: 28
MEJORA: 28 better than: 24
340	10.675	2.308	OK
MEJORA: 92 better than: 85
MEJORA: 85 better than: 73
MEJORA: 73 better than: 49
MEJORA: 49 better than: 45
341	8.553	3.161	OK
MEJORA: 60 better than: 31
MEJORA: 31 better than: 25
342	13.614	4.521	OK
MEJORA: 64 better than: 48
343	2.149	4.733	OK
344	0.030	4.484	ERR
MEJORA: 60 better than: 48
MEJORA: 48 better than: 44
345	9.377	5.420	OK
346	0.030	5.421	ERR
347	3.796	4.826	OK
348	0.009	4.825	ERR
349	0.015	4.825	ERR
350	0.018	3.759	ERR
351	0.020	2.906	ERR
MEJORA: 16 better than: 12
352	6.160	2.161	OK
353	2.712	2.217	OK
354	0.021	2.216	ERR
355	0.023	1.281	ERR
356	0.020	1.280	ERR
357	0.412	0.941	ERR
MEJORA: 36 better than: 32
MEJORA: 32 better than: 20
358	9.607	1.901	OK
359	0.015	1.901	ERR
360	0.019	1.901	ERR
361	9.142	2.813	OK
362	7.344	2.932	OK
363	13.609	4.021	OK
364	4.867	4.506	OK
365	0.827	4.586	ERR
366	0.015	4.586	ERR
367	0.016	4.546	ERR
368	0.009	3.586	ERR
369	0.015	3.586	ERR
370	2.300	3.814	OK
371	11.572	4.057	OK
372	0.018	3.325	ERR
373	0.020	1.966	ERR
374	0.015	1.481	ERR
375	0.021	1.400	ERR
376	5.832	1.982	OK
377	0.024	1.983	ERR
MEJORA: 100 better than: 90
378	4.276	2.409	OK
379	0.023	2.410	ERR
380	0.018	2.182	ERR
381	0.018	1.027	ERR
MEJORA: 92 better than: 88
382	17.895	2.814	OK
383	0.024	2.815	ERR
384	9.519	3.765	OK
385	0.018	3.765	ERR
386	0.030	3.185	ERR
387	0.030	3.185	ERR
388	0.015	2.759	ERR
389	0.396	2.796	ERR
390	3.511	3.146	OK
391	0.030	3.147	ERR
392	0.293	1.387	ERR
393	0.882	1.472	ERR
394	0.021	0.523	ERR
395	0.015	0.522	ERR
396	0.017	0.521	ERR
397	0.018	0.520	ERR
398	1.240	0.642	ERR
399	0.019	0.605	ERR

---- Final results ----
400 NS requests
246 failed requests
154 success requests
56 improved requests
1108.963 ellapsed time
