#req	time (sec)	avg. time (sec)	mapping
0	0.020	0.000	ERR
1	10.655	0.000	OK
2	1.779	0.000	OK
3	0.020	0.000	ERR
4	12.569	0.000	OK
MEJORA: 32 better than: 30
5	16.207	0.000	OK
MEJORA: 32 better than: 24
6	2.925	0.000	OK
MEJORA: 32 better than: 24
7	2.495	0.000	OK
8	0.026	0.000	ERR
9	0.026	0.000	ERR
10	0.020	4.672	ERR
11	2.412	3.848	OK
12	3.354	4.005	OK
13	0.022	4.006	ERR
14	21.212	4.870	OK
15	10.338	4.283	OK
16	1.406	4.131	OK
17	0.029	3.884	ERR
18	4.677	4.350	OK
19	9.125	5.260	OK
20	5.301	5.788	OK
21	0.027	5.549	ERR
22	4.978	5.712	OK
23	0.016	5.711	ERR
24	12.163	4.806	OK
25	20.569	5.829	OK
26	0.022	5.691	ERR
27	0.014	5.689	ERR
28	0.021	5.224	ERR
MEJORA: 70 better than: 60
MEJORA: 60 better than: 50
MEJORA: 50 better than: 40
29	4.916	4.803	OK
30	0.026	4.275	ERR
MEJORA: 37 better than: 29
31	6.628	4.935	OK
32	2.647	4.702	OK
33	13.509	6.051	OK
MEJORA: 40 better than: 32
34	13.303	6.165	OK
MEJORA: 40 better than: 34
MEJORA: 34 better than: 32
35	22.783	6.387	OK
MEJORA: 32 better than: 24
36	12.349	7.620	OK
37	10.550	8.673	OK
38	0.016	8.673	ERR
39	10.506	9.232	OK
40	0.026	9.232	ERR
41	7.524	9.321	OK
42	12.183	10.275	OK
43	0.018	8.926	ERR
44	0.017	7.597	ERR
45	0.016	5.321	ERR
46	13.621	5.448	OK
47	0.018	4.395	ERR
48	0.017	4.395	ERR
49	0.017	3.346	ERR
MEJORA: 16 better than: 14
MEJORA: 14 better than: 12
50	13.747	4.718	OK
51	0.033	3.969	ERR
52	13.920	4.142	OK
53	0.025	4.143	ERR
54	22.772	6.419	OK
55	0.018	6.419	ERR
MEJORA: 54 better than: 46
MEJORA: 46 better than: 44
56	19.452	7.002	OK
57	0.023	7.002	ERR
58	0.026	7.003	ERR
59	0.033	7.005	ERR
MEJORA: 32 better than: 28
60	11.591	6.789	OK
61	0.022	6.788	ERR
MEJORA: 32 better than: 30
MEJORA: 30 better than: 28
62	21.428	7.539	OK
63	0.019	7.538	ERR
MEJORA: 30 better than: 24
MEJORA: 24 better than: 18
64	13.751	6.636	OK
MEJORA: 30 better than: 29
65	22.125	8.847	OK
66	3.550	7.257	OK
67	0.015	7.256	ERR
68	0.026	7.256	ERR
69	0.015	7.254	ERR
70	0.022	6.097	ERR
71	0.013	6.096	ERR
72	2.268	4.180	OK
73	0.026	4.181	ERR
74	0.017	2.808	ERR
75	0.032	0.598	ERR
76	2.219	0.465	OK
77	2.533	0.717	OK
78	0.022	0.717	ERR
79	0.025	0.718	ERR
80	0.017	0.717	ERR
81	0.016	0.717	ERR
82	0.017	0.492	ERR
83	2.253	0.715	OK
84	7.232	1.436	OK
MEJORA: 24 better than: 20
85	5.341	1.967	OK
86	0.033	1.749	ERR
87	0.018	1.497	ERR
88	0.020	1.497	ERR
89	0.023	1.497	ERR
90	17.225	3.218	OK
91	0.017	3.218	ERR
92	0.020	3.218	ERR
93	13.031	4.296	OK
94	0.021	3.575	ERR
95	0.027	3.044	ERR
96	10.171	4.057	OK
97	0.734	4.129	ERR
98	0.022	4.129	ERR
99	2.960	4.423	OK
100	0.017	2.702	ERR
101	0.020	2.702	ERR
102	0.020	2.702	ERR
103	0.016	1.401	ERR
MEJORA: 40 better than: 34
104	20.418	3.441	OK
105	4.105	3.848	OK
106	5.233	3.354	OK
MEJORA: 40 better than: 30
107	2.778	3.559	OK
108	0.032	3.560	ERR
109	0.021	3.266	ERR
110	0.022	3.266	ERR
111	6.425	3.907	OK
112	0.034	3.908	ERR
113	18.761	5.783	OK
MEJORA: 24 better than: 20
114	12.679	5.009	OK
115	0.019	4.600	ERR
116	8.323	4.909	OK
117	0.029	4.635	ERR
118	2.075	4.839	OK
119	2.112	5.048	OK
120	0.014	5.047	ERR
121	0.023	4.407	ERR
MEJORA: 8 better than: 6
122	5.271	4.931	OK
123	0.022	3.057	ERR
124	0.020	1.791	ERR
125	0.033	1.792	ERR
126	0.023	0.962	ERR
127	0.026	0.962	ERR
128	18.726	2.627	OK
129	9.992	3.415	OK
130	0.010	3.415	ERR
131	0.032	3.415	ERR
132	0.190	2.907	ERR
133	0.019	2.907	ERR
134	0.653	2.970	ERR
135	0.016	2.969	ERR
136	3.275	3.294	OK
MEJORA: 54 better than: 40
137	17.031	4.995	OK
138	0.020	3.124	ERR
MEJORA: 36 better than: 24
139	14.591	3.584	OK
140	0.015	3.584	ERR
141	19.380	5.519	OK
142	0.018	5.502	ERR
143	11.603	6.660	OK
144	0.026	6.597	ERR
145	0.033	6.599	ERR
MEJORA: 28 better than: 24
MEJORA: 24 better than: 20
146	9.333	7.205	OK
147	18.310	7.333	OK
148	0.023	7.333	ERR
149	0.029	5.877	ERR
150	0.033	5.879	ERR
151	0.033	3.944	ERR
152	0.027	3.945	ERR
MEJORA: 32 better than: 28
153	11.107	3.895	OK
154	0.020	3.895	ERR
155	3.079	4.199	OK
156	0.018	3.268	ERR
157	0.020	1.439	ERR
158	0.028	1.439	ERR
159	26.158	4.052	OK
160	0.022	4.051	ERR
161	1.815	4.229	OK
162	0.028	4.230	ERR
163	0.020	3.121	ERR
164	0.033	3.122	ERR
165	13.976	4.212	OK
166	3.079	4.518	OK
167	0.010	4.517	ERR
168	7.827	5.297	OK
169	2.861	2.967	OK
170	0.020	2.967	ERR
171	5.720	3.358	OK
172	0.023	3.357	ERR
173	0.017	3.357	ERR
174	0.019	3.355	ERR
175	0.018	1.959	ERR
176	9.421	2.594	OK
177	0.016	2.594	ERR
178	0.019	1.813	ERR
179	0.022	1.529	ERR
180	0.028	1.530	ERR
181	0.016	0.960	ERR
MEJORA: 41 better than: 36
182	12.859	2.244	OK
183	0.016	2.243	ERR
184	0.021	2.244	ERR
185	1.791	2.421	OK
186	2.299	1.709	OK
187	0.013	1.708	ERR
188	0.024	1.709	ERR
189	0.019	1.709	ERR
190	0.012	1.707	ERR
191	0.016	1.707	ERR
192	0.020	0.423	ERR
193	0.025	0.424	ERR
194	3.437	0.766	OK
195	0.018	0.588	ERR
196	8.633	1.222	OK
197	0.025	1.223	ERR
198	0.012	1.222	ERR
199	0.024	1.222	ERR
200	0.027	1.224	ERR
201	0.015	1.224	ERR
202	0.024	1.224	ERR
203	0.125	1.234	ERR
204	3.886	1.279	OK
205	0.021	1.279	ERR
MEJORA: 18 better than: 16
MEJORA: 16 better than: 14
206	10.140	1.430	OK
207	0.015	1.429	ERR
208	0.013	1.429	ERR
MEJORA: 14 better than: 12
209	9.953	2.422	OK
210	0.032	2.422	ERR
211	0.025	2.423	ERR
212	0.032	2.424	ERR
213	0.025	2.414	ERR
214	5.657	2.591	OK
215	2.991	2.888	OK
MEJORA: 82 better than: 80
216	15.071	3.381	OK
MEJORA: 60 better than: 57
MEJORA: 57 better than: 44
MEJORA: 44 better than: 43
MEJORA: 43 better than: 40
217	24.671	5.847	OK
218	0.032	5.849	ERR
219	0.022	4.856	ERR
220	0.015	4.854	ERR
221	0.010	4.853	ERR
222	0.032	4.853	ERR
223	12.017	6.052	OK
MEJORA: 47 better than: 39
224	20.018	7.488	OK
225	2.621	7.451	OK
226	0.021	5.946	ERR
227	1.338	3.613	OK
228	4.909	4.100	OK
229	0.020	4.100	ERR
230	0.019	4.100	ERR
MEJORA: 60 better than: 57
231	14.162	5.516	OK
232	0.024	5.515	ERR
233	0.010	4.314	ERR
234	7.447	3.057	OK
235	0.026	2.798	ERR
236	0.019	2.797	ERR
237	0.023	2.666	ERR
238	0.030	2.178	ERR
239	19.730	4.149	OK
240	0.013	4.148	ERR
241	0.704	2.803	ERR
242	0.016	2.802	ERR
243	1.393	2.940	OK
MEJORA: 33 better than: 28
MEJORA: 28 better than: 26
244	10.197	3.215	OK
245	0.019	3.214	ERR
246	0.021	3.215	ERR
247	2.678	3.480	OK
248	5.060	3.983	OK
249	1.464	2.157	OK
250	0.107	2.166	ERR
251	0.019	2.098	ERR
252	0.024	2.098	ERR
253	0.024	1.961	ERR
254	0.024	0.944	ERR
255	0.019	0.944	ERR
256	15.034	2.445	OK
257	15.131	3.691	OK
258	0.024	3.187	ERR
259	2.177	3.258	OK
260	0.016	3.249	ERR
MEJORA: 62 better than: 50
MEJORA: 50 better than: 43
261	22.177	5.465	OK
262	0.784	5.541	ERR
263	8.944	6.433	OK
264	12.662	7.697	OK
265	17.029	9.398	OK
266	0.024	7.897	ERR
267	9.386	7.322	OK
268	0.016	7.322	ERR
269	0.019	7.106	ERR
270	0.020	7.106	ERR
271	0.020	4.890	ERR
272	10.743	5.886	OK
273	2.035	5.195	OK
274	0.031	3.932	ERR
275	0.024	2.232	ERR
276	0.025	2.232	ERR
277	0.165	1.310	ERR
278	0.027	1.311	ERR
279	0.015	1.310	ERR
280	0.027	1.311	ERR
281	0.031	1.312	ERR
282	19.400	2.178	OK
MEJORA: 30 better than: 24
MEJORA: 24 better than: 18
283	4.143	2.389	OK
284	0.016	2.387	ERR
285	0.012	2.386	ERR
MEJORA: 83 better than: 75
MEJORA: 75 better than: 67
286	17.996	4.183	OK
287	9.540	5.121	OK
288	0.012	5.119	ERR
289	0.024	5.120	ERR
290	0.016	5.119	ERR
291	0.021	5.118	ERR
292	0.012	3.179	ERR
293	10.915	3.856	OK
294	0.016	3.857	ERR
295	0.020	3.857	ERR
296	2.293	2.287	OK
297	0.024	1.335	ERR
298	0.019	1.336	ERR
MEJORA: 28 better than: 24
299	17.064	3.040	OK
300	10.852	4.124	OK
301	2.268	4.348	OK
302	1.212	4.468	OK
303	0.022	3.379	ERR
MEJORA: 40 better than: 36
MEJORA: 36 better than: 34
304	13.140	4.691	OK
305	0.015	4.691	ERR
306	0.686	4.530	ERR
307	15.555	6.083	OK
308	3.680	6.449	OK
309	10.967	5.840	OK
310	0.026	4.757	ERR
311	0.023	4.532	ERR
312	0.022	4.413	ERR
313	17.082	6.120	OK
314	0.015	4.807	ERR
315	0.010	4.807	ERR
MEJORA: 40 better than: 37
MEJORA: 37 better than: 33
316	4.970	5.235	OK
317	16.243	5.304	OK
318	0.024	4.938	ERR
319	0.010	3.843	ERR
320	0.016	3.841	ERR
321	0.019	3.841	ERR
322	0.018	3.841	ERR
323	0.031	2.136	ERR
MEJORA: 55 better than: 51
MEJORA: 51 better than: 43
324	12.961	3.430	OK
325	17.042	5.133	OK
326	0.015	4.638	ERR
327	0.030	3.017	ERR
328	8.815	3.896	OK
329	0.020	3.897	ERR
330	0.022	3.897	ERR
331	0.024	3.898	ERR
332	0.016	3.898	ERR
333	0.031	3.898	ERR
334	2.421	2.844	OK
335	0.016	1.141	ERR
336	0.025	1.142	ERR
337	0.015	1.141	ERR
338	0.018	0.261	ERR
339	0.016	0.260	ERR
340	21.808	2.439	OK
MEJORA: 58 better than: 50
MEJORA: 50 better than: 46
341	23.016	4.738	OK
MEJORA: 21 better than: 19
342	20.489	6.786	OK
343	15.180	8.300	OK
MEJORA: 20 better than: 16
344	9.773	9.036	OK
345	17.992	10.833	OK
346	0.031	10.834	ERR
347	5.552	11.388	OK
348	0.010	11.387	ERR
349	0.016	11.387	ERR
350	0.019	9.208	ERR
351	0.020	6.908	ERR
MEJORA: 28 better than: 24
352	13.562	6.216	OK
353	3.100	5.007	OK
354	0.021	4.032	ERR
355	0.024	2.236	ERR
356	0.021	2.234	ERR
357	0.128	1.692	ERR
358	7.250	2.416	OK
359	0.016	2.416	ERR
360	0.020	2.416	ERR
361	16.160	4.030	OK
362	11.904	3.864	OK
363	1.914	3.746	ERR
MEJORA: 27 better than: 25
MEJORA: 25 better than: 23
MEJORA: 23 better than: 22
364	18.855	5.629	OK
365	15.946	7.221	OK
366	0.016	7.221	ERR
367	0.017	7.210	ERR
368	0.010	6.486	ERR
369	0.016	6.486	ERR
370	1.643	6.648	OK
371	3.360	5.368	OK
372	0.019	4.179	ERR
373	0.020	3.990	ERR
374	0.016	2.106	ERR
375	0.021	0.514	ERR
376	3.501	0.862	OK
377	0.025	0.863	ERR
378	12.355	2.097	OK
379	0.024	2.098	ERR
380	0.019	1.936	ERR
381	0.019	1.602	ERR
382	16.124	3.212	OK
383	0.026	3.213	ERR
384	3.845	3.596	OK
385	0.019	3.596	ERR
386	0.031	3.249	ERR
387	0.031	3.249	ERR
388	0.016	2.015	ERR
389	0.811	2.094	ERR
390	12.576	3.350	OK
391	0.031	3.351	ERR
392	13.911	3.130	OK
393	3.647	3.492	OK
394	0.021	3.110	ERR
395	0.016	3.109	ERR
396	0.018	3.108	ERR
397	0.019	3.107	ERR
398	22.481	5.353	OK
399	0.019	5.274	ERR

---- Final results ----
400 NS requests
242 failed requests
158 success requests
43 improved requests
1619.898 ellapsed time
