#req	time (sec)	avg. time (sec)	mapping
0	0.019	0.000	ERR
1	10.549	0.000	OK
2	3.411	0.000	OK
3	0.019	0.000	ERR
4	12.744	0.000	OK
MEJORA: 32 better than: 30
5	15.869	0.000	OK
MEJORA: 32 better than: 24
6	2.853	0.000	OK
7	5.007	0.000	OK
8	0.025	0.000	ERR
9	0.024	0.000	ERR
10	0.019	5.052	ERR
11	2.346	4.232	OK
12	3.279	4.219	OK
13	0.020	4.219	ERR
14	20.878	5.032	OK
15	10.441	4.489	OK
16	1.422	4.346	OK
17	0.028	3.848	ERR
18	5.714	4.417	OK
19	9.204	5.335	OK
20	10.397	6.373	OK
21	0.026	6.141	ERR
22	8.418	6.655	OK
23	0.017	6.654	ERR
24	12.189	5.786	OK
25	20.230	6.764	OK
26	0.021	6.624	ERR
27	0.013	6.623	ERR
28	0.020	6.053	ERR
MEJORA: 70 better than: 60
MEJORA: 60 better than: 50
29	6.355	5.769	OK
30	0.024	4.731	ERR
MEJORA: 35 better than: 29
31	9.195	5.648	OK
32	2.611	5.068	OK
33	13.573	6.423	OK
34	12.492	6.453	OK
MEJORA: 40 better than: 34
MEJORA: 34 better than: 32
35	22.948	6.725	OK
MEJORA: 32 better than: 24
36	12.865	8.010	OK
37	12.452	9.254	OK
38	0.016	9.253	ERR
MEJORA: 40 better than: 38
39	9.713	9.589	OK
40	0.025	9.589	ERR
41	7.584	9.428	OK
42	12.295	10.396	OK
43	0.018	9.041	ERR
44	0.016	7.793	ERR
45	0.016	5.500	ERR
MEJORA: 28 better than: 16
46	13.676	5.581	OK
47	0.018	4.338	ERR
48	0.016	4.338	ERR
49	0.016	3.368	ERR
MEJORA: 16 better than: 14
MEJORA: 14 better than: 12
50	13.375	4.703	OK
51	0.033	3.948	ERR
52	14.348	4.153	OK
53	0.026	4.154	ERR
54	22.402	6.393	OK
55	0.017	6.393	ERR
MEJORA: 54 better than: 46
MEJORA: 46 better than: 44
56	19.023	6.927	OK
57	0.022	6.928	ERR
58	0.025	6.929	ERR
59	0.032	6.930	ERR
MEJORA: 32 better than: 28
60	11.462	6.739	OK
61	0.021	6.738	ERR
62	18.964	7.199	OK
63	0.017	7.198	ERR
MEJORA: 30 better than: 24
MEJORA: 24 better than: 18
64	12.409	6.199	OK
65	21.398	8.337	OK
66	3.729	6.808	OK
67	0.016	6.807	ERR
68	0.027	6.808	ERR
69	0.015	6.806	ERR
70	0.023	5.662	ERR
71	0.013	5.661	ERR
72	2.307	3.995	OK
73	0.027	3.996	ERR
74	0.018	2.757	ERR
75	0.033	0.621	ERR
76	2.125	0.460	OK
77	2.501	0.709	OK
78	0.020	0.708	ERR
79	0.024	0.709	ERR
80	0.016	0.709	ERR
81	0.015	0.709	ERR
82	0.016	0.480	ERR
83	2.221	0.699	OK
84	7.241	1.421	OK
MEJORA: 24 better than: 20
85	4.609	1.879	OK
86	0.033	1.670	ERR
87	0.018	1.421	ERR
88	0.020	1.421	ERR
89	0.023	1.421	ERR
90	16.820	3.102	OK
91	0.016	3.102	ERR
92	0.019	3.102	ERR
93	14.126	4.293	OK
94	0.019	3.570	ERR
95	0.025	3.112	ERR
96	9.865	4.095	OK
MEJORA: 42 better than: 41
97	14.112	5.505	OK
98	0.021	5.505	ERR
99	2.834	5.786	OK
100	0.016	4.105	ERR
101	0.019	4.106	ERR
102	0.019	4.106	ERR
103	0.015	2.694	ERR
MEJORA: 40 better than: 32
104	19.042	4.597	OK
105	6.433	5.238	OK
106	5.153	4.766	OK
MEJORA: 40 better than: 30
107	2.698	3.625	OK
108	0.031	3.626	ERR
109	0.020	3.345	ERR
110	0.021	3.345	ERR
111	5.399	3.883	OK
112	0.031	3.884	ERR
113	18.503	5.733	OK
MEJORA: 24 better than: 20
114	10.812	4.910	OK
115	0.019	4.269	ERR
116	8.292	4.582	OK
117	0.028	4.315	ERR
118	4.150	4.727	OK
119	2.086	4.934	OK
120	0.013	4.933	ERR
121	0.022	4.396	ERR
122	2.848	4.677	OK
123	0.020	2.829	ERR
124	0.019	1.750	ERR
125	0.031	1.751	ERR
126	0.021	0.924	ERR
127	0.024	0.923	ERR
128	15.602	2.069	OK
129	16.392	3.499	OK
130	0.010	3.499	ERR
131	0.031	3.500	ERR
132	6.921	3.907	OK
133	0.018	3.907	ERR
134	0.637	3.969	ERR
135	0.016	3.967	ERR
136	3.284	4.293	OK
MEJORA: 82 better than: 44
MEJORA: 44 better than: 40
137	21.204	6.411	OK
138	0.019	4.853	ERR
MEJORA: 36 better than: 24
139	14.231	4.637	OK
140	0.015	4.637	ERR
141	19.327	6.567	OK
142	0.017	5.877	ERR
143	4.620	6.337	OK
144	0.024	6.276	ERR
145	0.032	6.277	ERR
146	14.720	7.421	OK
MEJORA: 18 better than: 16
MEJORA: 16 better than: 14
147	20.643	7.365	OK
148	0.022	7.365	ERR
149	0.027	5.945	ERR
150	0.032	5.946	ERR
151	0.032	4.017	ERR
152	0.026	4.018	ERR
MEJORA: 36 better than: 32
153	13.619	4.918	OK
154	0.019	4.917	ERR
155	4.342	5.348	OK
156	0.017	3.878	ERR
157	0.019	1.815	ERR
158	0.026	1.816	ERR
MEJORA: 44 better than: 38
MEJORA: 38 better than: 28
MEJORA: 28 better than: 23
159	20.416	3.855	OK
160	0.022	3.854	ERR
161	5.150	4.366	OK
162	0.027	4.366	ERR
163	0.019	3.006	ERR
164	0.032	3.007	ERR
165	13.394	3.912	OK
166	2.963	4.207	OK
167	0.010	4.206	ERR
MEJORA: 37 better than: 33
MEJORA: 33 better than: 31
168	11.457	5.349	OK
169	11.324	4.440	OK
170	0.019	4.440	ERR
171	5.433	4.468	OK
172	0.021	4.467	ERR
173	0.016	4.467	ERR
174	0.018	4.465	ERR
175	0.017	3.128	ERR
176	9.670	3.798	OK
177	0.016	3.799	ERR
178	0.018	2.655	ERR
179	0.020	1.525	ERR
180	0.027	1.525	ERR
181	0.015	0.984	ERR
MEJORA: 41 better than: 36
182	10.916	2.073	OK
183	0.016	2.073	ERR
184	0.020	2.073	ERR
185	1.834	2.255	OK
186	5.859	1.874	OK
187	0.012	1.874	ERR
188	0.024	1.874	ERR
189	0.019	1.874	ERR
190	0.012	1.873	ERR
191	0.016	1.873	ERR
192	0.020	0.783	ERR
193	0.025	0.784	ERR
194	6.162	1.398	OK
MEJORA: 20 better than: 18
195	4.448	1.660	OK
196	8.954	1.969	OK
197	0.026	1.971	ERR
198	0.013	1.969	ERR
199	0.025	1.970	ERR
200	0.027	1.972	ERR
201	0.015	1.971	ERR
202	0.024	1.972	ERR
MEJORA: 25 better than: 23
MEJORA: 23 better than: 21
MEJORA: 21 better than: 15
203	14.406	3.410	OK
204	1.796	2.973	OK
205	0.022	2.531	ERR
MEJORA: 22 better than: 20
MEJORA: 20 better than: 14
MEJORA: 14 better than: 10
206	15.161	3.151	OK
207	0.015	3.150	ERR
208	0.013	3.150	ERR
209	10.166	4.165	OK
210	0.032	4.165	ERR
211	0.025	4.166	ERR
212	0.031	4.167	ERR
213	0.024	2.729	ERR
214	3.836	2.933	OK
215	4.021	3.332	OK
MEJORA: 34 better than: 32
216	15.567	3.373	OK
MEJORA: 60 better than: 59
MEJORA: 59 better than: 52
MEJORA: 52 better than: 36
217	25.090	5.881	OK
218	0.032	5.883	ERR
219	0.022	4.868	ERR
220	0.015	4.866	ERR
221	0.010	4.865	ERR
222	0.032	4.865	ERR
223	14.322	6.295	OK
224	0.426	5.954	ERR
225	5.694	6.121	OK
226	0.021	4.566	ERR
227	1.407	2.198	OK
228	5.963	2.791	OK
229	0.021	2.791	ERR
230	0.020	2.791	ERR
231	13.788	4.169	OK
232	0.025	4.169	ERR
233	0.010	2.737	ERR
234	8.925	3.587	OK
235	0.028	3.021	ERR
236	0.019	3.021	ERR
237	0.025	2.882	ERR
238	0.032	2.289	ERR
239	18.467	4.134	OK
240	0.013	4.133	ERR
241	0.413	2.796	ERR
242	0.016	2.795	ERR
243	0.864	2.880	OK
244	14.669	3.455	OK
245	0.020	3.454	ERR
246	0.022	3.454	ERR
247	2.779	3.729	OK
248	5.277	4.254	OK
249	1.533	2.561	OK
250	0.766	2.636	ERR
251	0.019	2.597	ERR
252	0.025	2.597	ERR
253	0.024	2.513	ERR
254	0.024	1.049	ERR
255	0.019	1.049	ERR
256	15.659	2.613	OK
257	15.035	3.838	OK
258	0.025	3.313	ERR
259	2.291	3.389	OK
260	0.016	3.314	ERR
261	0.098	3.322	ERR
262	0.857	3.405	ERR
MEJORA: 16 better than: 12
263	9.337	4.336	OK
MEJORA: 40 better than: 37
264	17.863	6.120	OK
265	16.221	7.740	OK
266	0.025	6.177	ERR
267	0.010	4.674	ERR
268	0.016	4.673	ERR
269	0.019	4.446	ERR
270	0.021	4.447	ERR
271	0.020	4.439	ERR
272	11.192	5.472	OK
273	2.141	4.753	OK
274	0.032	2.970	ERR
275	0.025	1.350	ERR
276	0.026	1.350	ERR
277	0.437	1.393	ERR
278	0.028	1.394	ERR
279	0.015	1.393	ERR
280	0.027	1.394	ERR
281	0.032	1.395	ERR
282	18.552	2.131	OK
MEJORA: 30 better than: 24
MEJORA: 24 better than: 18
283	5.490	2.466	OK
284	0.016	2.465	ERR
285	0.013	2.464	ERR
286	0.731	2.534	ERR
287	14.250	3.915	OK
288	0.013	3.914	ERR
289	0.025	3.915	ERR
290	0.016	3.914	ERR
291	0.022	3.913	ERR
292	0.013	2.059	ERR
293	11.302	2.640	OK
294	0.016	2.640	ERR
295	0.021	2.641	ERR
296	2.362	2.804	OK
297	0.025	1.381	ERR
298	0.019	1.382	ERR
299	18.828	3.262	OK
300	11.893	4.450	OK
301	2.374	4.685	OK
302	1.273	4.811	OK
303	0.023	3.683	ERR
304	0.097	3.691	ERR
305	0.016	3.691	ERR
306	5.509	4.006	OK
MEJORA: 55 better than: 47
307	19.465	5.950	OK
308	2.697	6.217	OK
309	14.932	5.828	OK
310	0.025	4.641	ERR
311	0.022	4.406	ERR
312	0.021	4.281	ERR
313	3.065	4.585	ERR
314	0.015	4.577	ERR
315	0.010	4.576	ERR
MEJORA: 46 better than: 45
316	15.155	5.541	OK
MEJORA: 47 better than: 44
MEJORA: 44 better than: 37
317	15.731	5.167	OK
318	0.025	4.900	ERR
319	0.010	3.408	ERR
320	0.016	3.407	ERR
321	0.019	3.407	ERR
322	0.018	3.406	ERR
323	0.032	3.103	ERR
324	13.378	4.439	OK
MEJORA: 30 better than: 28
MEJORA: 28 better than: 24
325	12.024	5.641	OK
326	0.016	4.127	ERR
327	0.032	2.557	ERR
328	9.024	3.457	OK
329	0.021	3.458	ERR
330	0.022	3.459	ERR
331	0.025	3.459	ERR
332	0.016	3.459	ERR
333	0.032	3.459	ERR
334	3.945	2.516	OK
335	0.016	1.315	ERR
336	0.026	1.316	ERR
337	0.474	1.360	ERR
338	0.018	0.459	ERR
339	0.016	0.459	ERR
MEJORA: 28 better than: 24
340	22.294	2.686	OK
MEJORA: 52 better than: 46
MEJORA: 46 better than: 42
MEJORA: 42 better than: 40
341	23.435	5.027	OK
MEJORA: 27 better than: 25
MEJORA: 25 better than: 19
342	22.838	7.309	OK
343	15.542	8.861	OK
MEJORA: 20 better than: 16
344	9.779	9.444	OK
MEJORA: 44 better than: 40
345	21.573	11.600	OK
346	0.032	11.600	ERR
347	5.755	12.128	OK
348	0.010	12.127	ERR
349	0.016	12.127	ERR
350	0.019	9.900	ERR
351	0.021	7.558	ERR
352	15.080	6.783	OK
353	2.776	5.506	OK
354	0.022	4.530	ERR
355	0.025	2.376	ERR
356	0.022	2.375	ERR
357	12.023	3.001	OK
358	14.337	4.434	OK
359	0.016	4.434	ERR
360	0.019	4.434	ERR
361	17.613	6.193	OK
362	14.167	6.102	OK
363	2.044	6.029	ERR
MEJORA: 34 better than: 30
MEJORA: 30 better than: 26
364	17.072	7.734	OK
365	16.150	9.347	OK
366	0.016	9.346	ERR
367	0.017	8.145	ERR
368	0.010	6.713	ERR
369	0.016	6.713	ERR
370	1.679	6.879	OK
371	4.557	5.573	OK
372	0.019	4.158	ERR
373	0.021	3.956	ERR
374	0.016	2.250	ERR
375	0.022	0.637	ERR
376	3.625	0.998	OK
377	0.026	0.999	ERR
378	12.039	2.202	OK
379	0.024	2.203	ERR
380	0.019	2.037	ERR
381	0.019	1.583	ERR
382	15.697	3.151	OK
383	0.026	3.151	ERR
384	14.434	4.593	OK
385	0.019	4.593	ERR
386	0.032	4.234	ERR
387	0.032	4.234	ERR
388	0.016	3.032	ERR
389	0.125	3.042	ERR
390	7.532	3.793	OK
391	0.032	3.794	ERR
392	0.735	2.298	ERR
393	3.770	2.673	OK
394	0.022	1.231	ERR
395	0.016	1.231	ERR
396	0.018	1.230	ERR
397	0.019	1.229	ERR
MEJORA: 25 better than: 23
398	24.563	3.683	OK
399	0.019	3.673	ERR

---- Final results ----
400 NS requests
243 failed requests
157 success requests
43 improved requests
1670.556 ellapsed time
