#req	time (sec)	avg. time (sec)	mapping
0	0.020	0.000	ERR
1	0.728	0.000	OK
2	0.825	0.000	OK
3	0.020	0.000	ERR
4	10.455	0.000	OK
MEJORA: 48 better than: 40
5	2.245	0.000	OK
MEJORA: 48 better than: 40
MEJORA: 40 better than: 32
6	4.857	0.000	OK
MEJORA: 48 better than: 40
MEJORA: 40 better than: 24
7	4.860	0.000	OK
8	0.025	0.000	ERR
9	0.025	0.000	ERR
10	0.020	2.406	ERR
11	10.149	3.348	OK
MEJORA: 42 better than: 36
12	3.172	3.583	OK
13	0.020	3.583	ERR
14	0.698	2.607	ERR
MEJORA: 24 better than: 20
15	1.845	2.567	OK
16	6.124	2.694	OK
17	0.027	2.211	ERR
18	2.593	2.467	OK
19	0.479	2.513	ERR
20	4.833	2.994	OK
21	0.025	1.982	ERR
MEJORA: 40 better than: 32
22	2.412	1.906	OK
23	0.016	1.905	ERR
MEJORA: 12 better than: 10
MEJORA: 10 better than: 8
24	12.008	3.036	OK
MEJORA: 104 better than: 90
MEJORA: 90 better than: 88
MEJORA: 88 better than: 71
25	16.738	4.526	OK
26	0.021	3.915	ERR
27	0.013	3.914	ERR
28	0.020	3.657	ERR
MEJORA: 80 better than: 60
MEJORA: 60 better than: 50
29	4.657	4.074	OK
30	0.025	3.593	ERR
31	2.729	3.864	OK
MEJORA: 20 better than: 16
32	1.078	3.730	OK
MEJORA: 24 better than: 20
MEJORA: 20 better than: 16
33	2.181	3.947	OK
34	7.834	3.529	OK
35	10.425	2.898	OK
36	10.327	3.929	OK
37	5.815	4.509	OK
38	0.015	4.508	ERR
39	5.753	4.618	OK
40	0.024	4.618	ERR
41	3.490	4.694	OK
MEJORA: 40 better than: 32
42	2.685	4.855	OK
43	0.017	4.639	ERR
44	0.016	3.857	ERR
45	0.016	2.816	ERR
MEJORA: 40 better than: 32
46	5.765	2.360	OK
47	0.017	1.780	ERR
48	0.016	1.780	ERR
49	0.016	1.206	ERR
50	2.435	1.447	OK
51	0.031	1.101	ERR
52	3.550	1.188	OK
53	0.024	1.189	ERR
MEJORA: 16 better than: 12
54	5.226	1.710	OK
55	0.017	1.710	ERR
56	1.094	1.243	OK
57	0.021	1.243	ERR
58	0.024	1.244	ERR
59	0.031	1.245	ERR
60	3.050	1.307	OK
61	0.021	1.306	ERR
62	3.669	1.318	OK
63	0.016	1.317	ERR
64	5.598	1.354	OK
MEJORA: 50 better than: 40
65	10.873	2.440	OK
66	4.737	2.804	OK
67	0.015	2.803	ERR
68	0.026	2.804	ERR
69	0.015	2.802	ERR
70	0.022	2.499	ERR
71	0.013	2.498	ERR
72	4.872	2.619	OK
73	0.026	2.620	ERR
74	0.017	2.061	ERR
75	0.031	0.977	ERR
MEJORA: 40 better than: 30
76	8.379	1.342	OK
77	2.099	1.550	OK
78	0.020	1.549	ERR
79	0.024	1.550	ERR
80	0.015	1.550	ERR
81	0.014	1.550	ERR
82	0.015	1.064	ERR
83	3.765	1.438	OK
84	2.366	1.673	OK
MEJORA: 36 better than: 28
85	3.100	1.980	OK
86	4.662	1.608	OK
87	0.017	1.400	ERR
88	0.019	1.400	ERR
89	0.022	1.400	ERR
MEJORA: 36 better than: 32
MEJORA: 32 better than: 28
90	1.862	1.584	OK
91	0.016	1.585	ERR
92	0.019	1.585	ERR
93	5.201	1.728	OK
94	0.019	1.494	ERR
95	0.026	1.186	ERR
MEJORA: 44 better than: 40
96	4.949	1.215	OK
MEJORA: 51 better than: 35
MEJORA: 35 better than: 32
97	6.028	1.816	OK
98	0.022	1.816	ERR
99	9.186	2.733	OK
100	0.016	2.548	ERR
101	0.020	2.549	ERR
102	0.019	2.549	ERR
103	0.015	2.030	ERR
104	7.133	2.741	OK
105	0.984	2.837	OK
106	9.835	3.326	OK
MEJORA: 40 better than: 30
107	12.023	3.925	OK
108	0.032	3.926	ERR
109	0.021	3.010	ERR
110	0.022	3.010	ERR
MEJORA: 36 better than: 24
111	3.612	3.369	OK
112	0.031	3.371	ERR
MEJORA: 40 better than: 28
113	2.559	3.625	OK
114	1.498	3.062	OK
115	0.019	2.965	ERR
116	9.463	2.928	OK
117	0.027	1.728	ERR
118	8.099	2.535	OK
119	4.966	3.030	OK
120	0.013	3.029	ERR
121	0.022	2.670	ERR
MEJORA: 8 better than: 6
122	11.518	3.818	OK
123	0.021	3.565	ERR
124	0.020	3.417	ERR
125	0.032	3.418	ERR
126	0.022	2.474	ERR
127	0.024	2.474	ERR
128	6.451	2.309	OK
129	19.928	3.805	OK
130	0.010	3.805	ERR
131	0.031	3.806	ERR
132	0.009	2.655	ERR
133	0.018	2.655	ERR
134	17.714	4.424	OK
135	0.016	4.423	ERR
136	2.278	4.648	OK
MEJORA: 110 better than: 100
137	3.545	5.000	OK
138	0.019	4.357	ERR
MEJORA: 72 better than: 60
MEJORA: 60 better than: 54
MEJORA: 54 better than: 36
139	2.600	2.624	OK
140	0.015	2.625	ERR
141	7.018	3.323	OK
142	0.017	3.324	ERR
143	2.611	3.583	OK
144	0.025	1.814	ERR
145	0.032	1.816	ERR
146	5.646	2.153	OK
MEJORA: 18 better than: 16
147	3.088	2.107	OK
148	0.022	2.107	ERR
149	0.027	1.850	ERR
150	0.031	1.852	ERR
151	0.032	1.153	ERR
152	0.026	1.154	ERR
153	1.927	1.086	OK
154	0.019	1.085	ERR
155	3.349	1.417	OK
156	0.017	0.854	ERR
157	0.020	0.547	ERR
158	0.027	0.547	ERR
MEJORA: 54 better than: 48
159	5.376	1.082	OK
160	0.022	1.081	ERR
161	5.894	1.668	OK
162	0.027	1.668	ERR
163	0.019	1.477	ERR
164	0.032	1.478	ERR
MEJORA: 36 better than: 24
165	5.285	1.672	OK
166	4.321	2.102	OK
167	0.010	2.101	ERR
168	11.943	3.293	OK
MEJORA: 28 better than: 24
169	5.274	3.283	OK
170	0.020	3.282	ERR
MEJORA: 48 better than: 40
171	1.791	2.872	OK
172	0.022	2.872	ERR
173	0.016	2.871	ERR
174	0.018	2.870	ERR
175	0.017	2.343	ERR
MEJORA: 50 better than: 30
176	3.995	2.311	OK
177	0.017	2.311	ERR
178	0.019	1.119	ERR
179	0.021	0.594	ERR
180	0.028	0.594	ERR
181	0.016	0.417	ERR
182	3.470	0.762	OK
183	0.016	0.762	ERR
184	0.021	0.762	ERR
MEJORA: 50 better than: 40
185	5.900	1.350	OK
186	0.791	1.030	OK
187	0.013	1.030	ERR
188	0.025	1.030	ERR
189	0.019	1.030	ERR
190	0.013	1.028	ERR
191	0.016	1.028	ERR
192	0.021	0.683	ERR
193	0.026	0.684	ERR
MEJORA: 8 better than: 6
194	12.038	1.886	OK
MEJORA: 38 better than: 36
195	8.056	2.102	OK
196	9.408	2.963	OK
197	0.026	2.965	ERR
198	0.013	2.964	ERR
199	0.024	2.964	ERR
200	0.028	2.966	ERR
201	0.015	2.965	ERR
202	0.024	2.966	ERR
203	2.740	3.237	OK
204	9.505	2.984	OK
205	0.022	2.181	ERR
MEJORA: 24 better than: 20
MEJORA: 20 better than: 18
206	6.097	1.849	OK
207	0.015	1.848	ERR
208	0.013	1.848	ERR
209	4.945	2.340	OK
210	0.032	2.341	ERR
211	0.024	2.342	ERR
212	0.031	2.342	ERR
213	0.024	2.071	ERR
MEJORA: 18 better than: 16
214	12.990	2.419	OK
215	0.604	2.477	OK
MEJORA: 72 better than: 56
216	5.857	2.454	OK
217	2.388	2.691	OK
218	0.033	2.693	ERR
219	0.022	2.201	ERR
220	0.015	2.199	ERR
221	0.010	2.198	ERR
222	0.033	2.198	ERR
MEJORA: 60 better than: 50
223	10.834	3.279	OK
MEJORA: 80 better than: 74
MEJORA: 74 better than: 66
224	6.148	2.595	OK
225	2.748	2.809	OK
226	0.021	2.225	ERR
MEJORA: 70 better than: 50
227	3.389	2.325	OK
228	5.594	2.882	OK
229	0.021	2.881	ERR
230	0.020	2.882	ERR
231	6.231	3.504	OK
232	0.024	3.503	ERR
233	0.010	2.421	ERR
234	7.729	2.579	OK
235	0.028	2.307	ERR
236	0.019	2.306	ERR
237	0.025	1.970	ERR
238	0.031	1.414	ERR
239	7.562	2.168	OK
240	0.013	2.167	ERR
241	0.286	1.573	ERR
242	0.016	1.572	ERR
243	1.428	1.714	OK
MEJORA: 51 better than: 48
MEJORA: 48 better than: 30
MEJORA: 30 better than: 26
244	5.115	1.452	OK
245	0.019	1.451	ERR
246	0.022	1.452	ERR
247	1.031	1.552	ERR
MEJORA: 24 better than: 12
248	5.097	2.059	OK
MEJORA: 42 better than: 30
MEJORA: 30 better than: 24
249	5.907	1.893	OK
250	0.055	1.898	ERR
251	0.019	1.871	ERR
252	0.024	1.872	ERR
253	0.024	1.731	ERR
254	0.024	1.222	ERR
255	0.019	1.222	ERR
256	1.663	1.386	OK
257	7.533	2.037	OK
258	0.025	1.529	ERR
MEJORA: 60 better than: 58
MEJORA: 58 better than: 56
MEJORA: 56 better than: 40
MEJORA: 40 better than: 30
259	7.452	1.684	OK
260	0.016	1.680	ERR
261	5.211	2.199	OK
262	2.194	2.416	ERR
MEJORA: 44 better than: 32
263	5.527	2.966	OK
264	15.057	4.470	OK
MEJORA: 70 better than: 60
265	11.051	5.573	OK
266	0.024	5.409	ERR
MEJORA: 47 better than: 43
MEJORA: 43 better than: 36
267	6.421	5.298	OK
268	0.016	5.297	ERR
269	0.019	4.554	ERR
270	0.020	4.554	ERR
271	0.020	4.035	ERR
MEJORA: 51 better than: 48
MEJORA: 48 better than: 40
MEJORA: 40 better than: 32
MEJORA: 32 better than: 24
272	5.485	4.364	OK
273	13.195	5.131	OK
274	0.032	3.628	ERR
275	0.024	2.526	ERR
276	0.026	2.526	ERR
277	5.836	2.467	OK
278	0.028	2.468	ERR
279	0.015	2.468	ERR
280	0.027	2.469	ERR
281	0.032	2.470	ERR
MEJORA: 42 better than: 36
282	9.149	2.836	OK
MEJORA: 42 better than: 30
MEJORA: 30 better than: 24
283	1.884	1.705	OK
284	0.016	1.704	ERR
285	0.013	1.702	ERR
MEJORA: 91 better than: 90
MEJORA: 90 better than: 81
MEJORA: 81 better than: 71
MEJORA: 71 better than: 67
286	9.950	2.695	OK
MEJORA: 24 better than: 20
287	4.911	2.602	OK
288	0.012	2.601	ERR
289	0.024	2.602	ERR
290	0.016	2.601	ERR
291	0.021	2.600	ERR
292	0.012	1.686	ERR
MEJORA: 36 better than: 35
293	6.737	2.171	OK
294	0.016	2.171	ERR
295	0.020	2.172	ERR
296	5.596	1.737	OK
297	0.024	1.248	ERR
298	0.019	1.248	ERR
MEJORA: 40 better than: 36
MEJORA: 36 better than: 28
299	2.914	1.537	OK
300	4.805	2.016	OK
301	4.978	2.512	OK
302	5.037	3.015	OK
303	0.021	2.343	ERR
MEJORA: 75 better than: 59
304	4.140	2.755	OK
305	0.015	2.755	ERR
306	8.133	3.009	OK
307	2.031	3.209	OK
308	0.788	3.286	OK
309	7.326	3.728	OK
310	0.024	3.249	ERR
311	0.021	2.754	ERR
312	0.020	2.252	ERR
313	5.573	2.807	OK
314	0.015	2.395	ERR
315	0.009	2.394	ERR
MEJORA: 59 better than: 51
316	8.242	2.405	OK
317	3.945	2.596	OK
318	0.024	2.520	ERR
319	0.009	1.788	ERR
320	0.016	1.787	ERR
321	0.019	1.787	ERR
322	0.018	1.787	ERR
323	0.031	1.233	ERR
324	0.471	1.278	ERR
MEJORA: 16 better than: 14
MEJORA: 14 better than: 12
325	4.427	1.720	OK
326	0.016	0.897	ERR
327	0.031	0.506	ERR
MEJORA: 60 better than: 54
MEJORA: 54 better than: 42
328	7.554	1.259	OK
329	0.020	1.260	ERR
330	0.021	1.261	ERR
331	0.024	1.261	ERR
332	0.016	1.261	ERR
333	0.031	1.261	ERR
334	3.965	1.610	OK
335	0.016	1.169	ERR
336	0.025	1.170	ERR
MEJORA: 69 better than: 60
337	7.244	1.892	OK
338	0.018	1.138	ERR
339	0.016	1.138	ERR
MEJORA: 32 better than: 28
340	9.098	2.045	OK
MEJORA: 70 better than: 49
341	9.465	2.989	OK
MEJORA: 64 better than: 35
MEJORA: 35 better than: 31
MEJORA: 31 better than: 27
342	10.122	4.000	OK
MEJORA: 72 better than: 56
343	4.186	4.415	OK
344	0.031	4.022	ERR
MEJORA: 60 better than: 52
MEJORA: 52 better than: 44
345	5.451	4.566	OK
346	0.031	4.566	ERR
347	1.930	4.035	OK
348	0.009	4.034	ERR
349	0.016	4.034	ERR
350	0.019	3.126	ERR
351	0.020	2.182	ERR
MEJORA: 32 better than: 28
352	1.504	1.320	OK
353	5.342	1.435	OK
354	0.021	1.434	ERR
355	0.024	0.892	ERR
356	0.021	0.891	ERR
357	0.071	0.705	ERR
MEJORA: 28 better than: 16
358	4.963	1.200	OK
359	0.016	1.200	ERR
360	0.019	1.200	ERR
361	13.266	2.525	OK
MEJORA: 52 better than: 51
MEJORA: 51 better than: 42
MEJORA: 42 better than: 18
362	13.307	3.705	OK
363	6.526	3.823	OK
364	3.867	4.208	OK
365	18.173	6.023	OK
366	0.016	6.022	ERR
367	0.017	6.017	ERR
368	0.009	5.521	ERR
369	0.015	5.521	ERR
370	2.225	5.742	OK
MEJORA: 60 better than: 50
371	8.782	5.294	OK
372	0.019	3.965	ERR
373	0.021	3.314	ERR
374	0.016	2.929	ERR
375	0.022	1.114	ERR
MEJORA: 72 better than: 60
376	4.617	1.574	OK
377	0.026	1.575	ERR
MEJORA: 110 better than: 100
378	3.986	1.973	OK
379	0.025	1.974	ERR
380	0.020	1.753	ERR
381	0.019	0.877	ERR
382	0.822	0.957	ERR
383	0.026	0.958	ERR
MEJORA: 30 better than: 20
384	10.451	2.001	OK
385	0.019	2.001	ERR
386	6.738	2.213	OK
387	0.031	2.214	ERR
388	0.016	1.817	ERR
389	0.401	1.854	ERR
MEJORA: 12 better than: 10
MEJORA: 10 better than: 8
390	2.065	2.059	OK
391	0.031	2.060	ERR
MEJORA: 49 better than: 45
MEJORA: 45 better than: 43
392	7.917	2.770	OK
393	0.785	2.846	ERR
394	0.021	1.802	ERR
395	0.016	1.802	ERR
396	0.018	1.130	ERR
397	0.019	1.129	ERR
398	1.082	1.236	ERR
399	0.019	1.197	ERR

---- Final results ----
400 NS requests
240 failed requests
160 success requests
74 improved requests
958.410 ellapsed time
