#req	time (sec)	avg. time (sec)	mapping
0	0.019	0.000	ERR
1	5.626	0.000	OK
2	1.015	0.000	OK
3	0.020	0.000	ERR
4	6.275	0.000	OK
MEJORA: 32 better than: 30
5	8.683	0.000	OK
6	1.720	0.000	OK
7	1.465	0.000	OK
8	0.025	0.000	ERR
9	0.025	0.000	ERR
10	0.020	2.487	ERR
11	1.297	2.054	OK
12	1.106	2.064	OK
13	0.021	2.064	ERR
14	11.383	2.575	OK
15	4.745	2.181	OK
16	0.806	2.089	OK
17	0.029	1.946	ERR
18	2.645	2.208	OK
19	4.746	2.680	OK
20	3.508	3.029	OK
21	0.027	2.902	ERR
22	3.062	3.097	OK
23	0.017	3.097	ERR
24	5.954	2.554	OK
25	10.889	3.168	OK
26	0.022	3.090	ERR
27	0.014	3.088	ERR
28	0.021	2.826	ERR
29	2.278	2.579	OK
30	0.024	2.231	ERR
31	6.272	2.855	OK
32	1.320	2.681	OK
33	6.860	3.365	OK
MEJORA: 64 better than: 56
34	6.057	3.376	OK
MEJORA: 40 better than: 34
35	11.947	3.481	OK
MEJORA: 32 better than: 24
36	4.466	3.926	OK
37	5.511	4.476	OK
38	0.016	4.475	ERR
39	4.039	4.651	OK
40	0.025	4.651	ERR
41	6.193	4.643	OK
42	6.745	5.186	OK
43	0.017	4.502	ERR
44	0.016	3.898	ERR
45	0.016	2.704	ERR
46	6.848	2.943	OK
47	0.017	2.393	ERR
48	0.016	2.393	ERR
49	0.016	1.991	ERR
MEJORA: 8 better than: 6
50	5.611	2.550	OK
51	0.032	1.933	ERR
MEJORA: 24 better than: 20
52	7.882	2.047	OK
53	0.024	2.048	ERR
54	11.942	3.240	OK
55	0.017	3.240	ERR
MEJORA: 54 better than: 46
56	9.955	3.551	OK
57	0.022	3.552	ERR
58	0.024	3.552	ERR
59	0.031	3.554	ERR
60	0.654	3.058	ERR
61	0.021	3.057	ERR
62	9.764	3.245	OK
63	0.018	3.245	ERR
MEJORA: 30 better than: 24
64	6.957	2.746	OK
65	11.615	3.906	OK
66	2.040	3.115	OK
67	0.015	3.114	ERR
68	0.026	3.114	ERR
69	0.015	3.112	ERR
70	0.022	3.049	ERR
71	0.013	3.048	ERR
72	1.247	2.197	OK
73	0.025	2.197	ERR
74	0.017	1.503	ERR
75	0.031	0.345	ERR
76	1.288	0.270	OK
77	1.380	0.406	OK
78	0.021	0.406	ERR
79	0.025	0.407	ERR
80	0.016	0.406	ERR
81	0.015	0.407	ERR
82	0.017	0.284	ERR
83	1.315	0.413	OK
84	3.720	0.783	OK
MEJORA: 24 better than: 20
85	2.466	1.026	OK
86	0.032	0.901	ERR
87	0.017	0.764	ERR
88	0.019	0.764	ERR
89	0.022	0.764	ERR
90	8.560	1.618	OK
91	0.016	1.618	ERR
92	0.019	1.619	ERR
93	6.732	2.160	OK
94	0.020	1.790	ERR
95	0.026	1.546	ERR
96	6.697	2.213	OK
97	5.962	2.807	OK
98	0.022	2.808	ERR
99	1.642	2.970	OK
100	0.016	2.115	ERR
101	0.019	2.115	ERR
102	0.019	2.115	ERR
103	0.015	1.444	ERR
MEJORA: 40 better than: 38
104	12.126	2.654	OK
105	3.341	2.986	OK
106	1.295	2.446	OK
107	1.584	2.008	OK
108	0.033	2.009	ERR
109	0.021	1.847	ERR
110	0.022	1.848	ERR
111	1.278	1.973	OK
112	0.033	1.975	ERR
113	9.520	2.925	OK
114	5.777	2.290	OK
115	0.020	1.958	ERR
116	4.084	2.237	OK
117	0.027	2.082	ERR
118	1.215	2.200	OK
119	1.172	2.315	OK
120	0.013	2.314	ERR
121	0.022	2.188	ERR
MEJORA: 16 better than: 14
MEJORA: 14 better than: 8
122	3.018	2.487	OK
123	0.021	1.537	ERR
124	0.020	0.961	ERR
125	0.031	0.962	ERR
126	0.022	0.556	ERR
127	0.024	0.556	ERR
128	8.369	1.271	OK
129	11.458	2.300	OK
130	0.010	2.299	ERR
131	0.032	2.300	ERR
132	6.861	2.685	OK
133	0.018	2.684	ERR
134	0.642	2.747	ERR
135	0.016	2.745	ERR
136	1.881	2.931	OK
137	9.497	3.878	OK
138	0.020	3.043	ERR
MEJORA: 36 better than: 24
139	7.263	2.624	OK
140	0.015	2.624	ERR
141	8.804	3.502	OK
142	0.018	2.817	ERR
MEJORA: 32 better than: 28
143	5.211	3.337	OK
144	0.025	3.275	ERR
145	0.032	3.276	ERR
146	7.874	3.876	OK
147	9.894	3.915	OK
148	0.022	3.916	ERR
149	0.028	3.192	ERR
150	0.032	3.194	ERR
151	0.032	2.317	ERR
152	0.026	2.318	ERR
153	7.008	2.497	OK
154	0.020	2.497	ERR
155	1.609	2.654	OK
156	0.017	1.869	ERR
157	0.020	0.881	ERR
158	0.028	0.882	ERR
MEJORA: 30 better than: 29
MEJORA: 29 better than: 26
159	10.737	1.953	OK
160	0.022	1.952	ERR
161	3.895	2.338	OK
162	0.028	2.338	ERR
163	0.020	1.640	ERR
164	0.033	1.641	ERR
165	8.174	2.297	OK
166	1.747	2.470	OK
167	0.010	2.470	ERR
MEJORA: 49 better than: 47
168	2.527	2.719	OK
169	1.183	1.764	OK
170	0.019	1.764	ERR
171	7.425	2.117	OK
172	0.022	2.116	ERR
173	0.016	2.116	ERR
174	0.018	2.114	ERR
175	0.017	1.299	ERR
176	4.291	1.553	OK
177	0.016	1.553	ERR
178	0.018	1.303	ERR
179	0.021	1.186	ERR
180	0.027	1.187	ERR
181	0.016	0.446	ERR
MEJORA: 41 better than: 36
182	6.900	1.134	OK
183	0.016	1.134	ERR
184	0.020	1.134	ERR
185	0.906	1.223	OK
186	1.368	0.931	OK
187	0.013	0.931	ERR
188	0.024	0.931	ERR
189	0.020	0.931	ERR
190	0.013	0.930	ERR
191	0.016	0.930	ERR
192	0.021	0.242	ERR
193	0.026	0.243	ERR
194	1.981	0.439	OK
MEJORA: 38 better than: 31
MEJORA: 31 better than: 20
MEJORA: 20 better than: 18
195	4.223	0.771	OK
196	4.908	1.124	OK
197	0.026	1.126	ERR
198	0.013	1.125	ERR
199	0.025	1.125	ERR
200	0.028	1.127	ERR
201	0.015	1.127	ERR
202	0.025	1.127	ERR
203	10.115	2.136	OK
204	4.883	2.426	OK
205	0.022	2.006	ERR
MEJORA: 18 better than: 16
206	5.042	2.020	OK
207	0.015	2.018	ERR
208	0.013	2.018	ERR
209	5.773	2.593	OK
210	0.032	2.594	ERR
211	0.024	2.594	ERR
212	0.031	2.595	ERR
213	0.024	1.586	ERR
214	8.221	1.920	OK
215	1.872	2.105	OK
216	8.635	2.464	OK
MEJORA: 60 better than: 59
MEJORA: 59 better than: 52
MEJORA: 52 better than: 39
217	15.285	3.991	OK
218	0.031	3.993	ERR
219	0.021	3.418	ERR
220	0.015	3.416	ERR
221	0.010	3.415	ERR
222	0.031	3.415	ERR
223	7.217	4.134	OK
224	11.416	4.453	OK
225	1.651	4.431	OK
226	0.021	3.570	ERR
227	0.749	2.116	OK
228	0.414	2.155	ERR
229	0.020	2.154	ERR
230	0.019	2.155	ERR
231	7.723	2.926	OK
232	0.025	2.926	ERR
233	0.010	2.205	ERR
234	0.454	1.109	ERR
235	0.028	0.946	ERR
236	0.020	0.946	ERR
237	0.025	0.874	ERR
238	0.032	0.836	ERR
239	9.921	1.826	OK
240	0.013	1.825	ERR
241	0.676	1.120	ERR
242	0.016	1.119	ERR
243	0.252	1.144	OK
244	9.810	2.079	OK
245	0.019	2.078	ERR
246	0.022	2.079	ERR
247	1.412	2.217	OK
248	1.536	2.368	OK
249	0.851	1.461	OK
250	4.455	1.905	OK
251	0.019	1.839	ERR
252	0.024	1.840	ERR
253	0.024	1.817	ERR
254	0.024	0.839	ERR
255	0.019	0.839	ERR
256	8.167	1.653	OK
257	6.331	2.145	OK
258	0.025	1.994	ERR
259	1.306	2.039	OK
260	0.017	1.596	ERR
261	11.730	2.767	OK
262	0.822	2.846	ERR
263	6.001	3.444	OK
264	6.962	4.138	OK
265	6.995	4.836	OK
266	0.024	4.021	ERR
267	0.010	3.389	ERR
268	0.016	3.388	ERR
269	0.019	3.260	ERR
270	0.021	3.260	ERR
271	0.020	2.089	ERR
272	4.980	2.505	OK
273	1.380	2.043	OK
274	0.032	1.350	ERR
275	0.024	0.653	ERR
276	0.025	0.653	ERR
277	5.976	1.249	OK
278	0.028	1.250	ERR
279	0.015	1.250	ERR
280	0.027	1.251	ERR
281	0.031	1.252	ERR
282	10.583	1.812	OK
MEJORA: 30 better than: 24
283	3.094	1.983	OK
284	0.016	1.982	ERR
285	0.013	1.981	ERR
286	1.006	2.079	ERR
287	5.522	2.033	OK
288	0.013	2.032	ERR
289	0.024	2.033	ERR
290	0.016	2.032	ERR
291	0.022	2.031	ERR
292	0.013	0.974	ERR
293	4.729	1.137	OK
294	0.016	1.137	ERR
295	0.021	1.138	ERR
296	1.406	1.178	OK
297	0.025	0.628	ERR
298	0.020	0.629	ERR
299	10.580	1.685	OK
300	9.157	2.599	OK
301	1.400	2.737	OK
302	0.713	2.807	OK
303	0.022	2.336	ERR
MEJORA: 64 better than: 60
MEJORA: 60 better than: 58
304	8.992	3.234	OK
305	0.015	3.233	ERR
306	5.402	3.633	OK
307	0.024	3.632	ERR
308	0.303	3.661	OK
309	6.605	3.263	OK
310	0.024	2.350	ERR
311	0.022	2.212	ERR
312	0.021	2.143	ERR
313	15.390	3.680	OK
314	0.015	2.782	ERR
315	0.010	2.782	ERR
316	0.707	2.312	ERR
317	10.018	3.311	OK
318	0.025	3.284	ERR
319	0.010	2.624	ERR
320	0.016	2.623	ERR
321	0.019	2.623	ERR
322	0.018	2.623	ERR
323	0.032	1.087	ERR
324	0.340	1.119	ERR
325	7.939	1.912	OK
326	0.016	1.843	ERR
327	0.032	0.845	ERR
MEJORA: 48 better than: 42
MEJORA: 42 better than: 24
328	8.468	1.689	OK
329	0.021	1.690	ERR
330	0.022	1.691	ERR
331	0.024	1.691	ERR
332	0.016	1.691	ERR
333	0.032	1.691	ERR
334	1.458	1.803	OK
335	0.016	1.010	ERR
336	0.026	1.011	ERR
337	10.092	2.018	OK
338	0.018	1.173	ERR
339	0.016	1.172	ERR
340	11.622	2.332	OK
MEJORA: 58 better than: 56
MEJORA: 56 better than: 46
341	12.377	3.567	OK
MEJORA: 32 better than: 30
MEJORA: 30 better than: 27
342	13.483	4.914	OK
343	5.311	5.442	OK
344	5.029	5.799	OK
345	10.887	6.886	OK
346	0.032	6.887	ERR
347	3.629	6.240	OK
348	0.010	6.239	ERR
349	0.016	6.239	ERR
350	0.019	5.079	ERR
351	0.021	3.844	ERR
352	8.986	3.394	OK
353	1.546	3.017	OK
354	0.022	2.517	ERR
355	0.024	1.430	ERR
356	0.022	1.429	ERR
MEJORA: 46 better than: 36
MEJORA: 36 better than: 34
357	9.943	2.061	OK
358	9.119	2.972	OK
359	0.016	2.972	ERR
360	0.019	2.972	ERR
361	9.450	3.915	OK
MEJORA: 21 better than: 19
362	8.509	3.867	OK
363	13.913	5.104	OK
364	5.249	5.626	OK
365	1.129	5.737	ERR
366	0.016	5.736	ERR
367	0.017	4.744	ERR
368	0.010	3.833	ERR
369	0.016	3.833	ERR
370	0.861	3.917	OK
371	1.629	3.135	OK
372	0.020	2.286	ERR
373	0.021	0.897	ERR
374	0.017	0.374	ERR
375	0.023	0.263	ERR
MEJORA: 18 better than: 12
376	1.587	0.420	OK
377	0.026	0.421	ERR
378	8.330	1.253	OK
379	0.025	1.254	ERR
380	0.020	1.170	ERR
381	0.020	1.009	ERR
MEJORA: 57 better than: 53
382	10.320	2.039	OK
383	0.026	2.039	ERR
384	6.140	2.652	OK
385	0.019	2.651	ERR
386	0.031	2.496	ERR
387	0.031	2.496	ERR
388	0.016	1.665	ERR
389	0.815	1.744	ERR
MEJORA: 28 better than: 24
390	5.944	2.336	OK
391	0.032	2.337	ERR
392	7.238	2.029	OK
393	2.009	2.228	OK
394	0.022	1.616	ERR
395	0.016	1.615	ERR
396	0.018	1.614	ERR
397	0.019	1.613	ERR
MEJORA: 29 better than: 27
MEJORA: 27 better than: 25
MEJORA: 25 better than: 23
398	11.079	2.719	OK
399	0.020	2.640	ERR

---- Final results ----
400 NS requests
241 failed requests
159 success requests
30 improved requests
935.814 ellapsed time
