#req	time (sec)	avg. time (sec)	mapping
0	0.020	0.000	ERR
1	11.199	0.000	OK
2	1.107	0.000	OK
3	0.020	0.000	ERR
MEJORA: 40 better than: 38
4	12.863	0.000	OK
5	8.808	0.000	OK
MEJORA: 32 better than: 24
6	1.671	0.000	OK
MEJORA: 32 better than: 24
7	1.539	0.000	OK
8	0.025	0.000	ERR
9	0.025	0.000	ERR
10	0.019	3.728	ERR
11	1.416	2.749	OK
12	1.703	2.809	OK
13	0.021	2.809	ERR
14	17.248	3.247	OK
15	6.769	3.044	OK
16	0.573	2.934	OK
17	0.028	2.783	ERR
18	3.778	3.158	OK
19	3.505	3.506	OK
20	3.968	3.901	OK
21	0.026	3.762	ERR
22	4.728	4.064	OK
23	0.017	4.064	ERR
24	13.729	3.712	OK
25	18.844	4.920	OK
26	0.021	4.864	ERR
27	0.013	4.863	ERR
28	0.020	4.487	ERR
MEJORA: 70 better than: 60
MEJORA: 60 better than: 50
29	3.515	4.488	OK
30	0.024	4.094	ERR
MEJORA: 60 better than: 50
31	9.307	5.022	OK
32	1.245	4.674	OK
33	12.263	5.898	OK
MEJORA: 56 better than: 48
34	10.390	5.564	OK
35	20.916	5.772	OK
MEJORA: 32 better than: 24
36	7.890	6.558	OK
37	7.791	7.336	OK
38	0.016	7.336	ERR
39	6.707	7.655	OK
40	0.024	7.655	ERR
41	6.944	7.419	OK
42	7.585	8.053	OK
43	0.017	6.828	ERR
44	0.016	5.791	ERR
45	0.016	3.701	ERR
MEJORA: 28 better than: 24
46	8.636	3.775	OK
47	0.017	2.998	ERR
48	0.016	2.998	ERR
49	0.016	2.329	ERR
50	10.413	3.368	OK
51	0.032	2.676	ERR
52	15.071	3.425	OK
53	0.024	3.426	ERR
54	15.968	5.021	OK
55	0.017	5.021	ERR
56	20.421	6.200	OK
57	0.022	6.200	ERR
58	0.025	6.201	ERR
59	0.033	6.203	ERR
60	7.239	5.885	OK
61	0.021	5.884	ERR
62	14.858	5.863	OK
63	0.017	5.862	ERR
MEJORA: 38 better than: 26
64	13.433	5.609	OK
65	21.884	7.795	OK
66	1.382	5.891	OK
67	0.015	5.891	ERR
68	0.026	5.891	ERR
69	0.015	5.889	ERR
70	0.022	5.167	ERR
71	0.013	5.166	ERR
72	1.382	3.819	OK
73	0.026	3.820	ERR
74	0.017	2.478	ERR
75	0.032	0.293	ERR
76	1.230	0.278	OK
77	0.910	0.367	OK
78	0.021	0.367	ERR
79	0.024	0.368	ERR
80	0.016	0.367	ERR
81	0.015	0.367	ERR
82	0.016	0.231	ERR
83	1.297	0.358	OK
MEJORA: 72 better than: 64
MEJORA: 64 better than: 56
84	13.321	1.688	OK
MEJORA: 24 better than: 20
85	3.503	2.035	OK
86	0.031	1.915	ERR
87	0.017	1.826	ERR
88	0.019	1.826	ERR
89	0.022	1.826	ERR
90	11.888	3.013	OK
91	0.016	3.013	ERR
92	0.020	3.013	ERR
93	20.192	4.903	OK
94	0.019	3.573	ERR
95	0.025	3.225	ERR
96	8.477	4.070	OK
97	0.324	4.100	ERR
98	0.022	4.100	ERR
99	1.203	4.219	OK
100	0.016	3.031	ERR
101	0.019	3.032	ERR
102	0.019	3.032	ERR
103	0.015	1.014	ERR
104	12.087	2.221	OK
105	5.058	2.724	OK
106	1.540	2.031	OK
MEJORA: 40 better than: 30
107	1.547	2.153	OK
108	0.031	2.154	ERR
109	0.020	2.035	ERR
110	0.022	2.036	ERR
111	5.446	2.579	OK
112	0.031	2.580	ERR
MEJORA: 44 better than: 40
113	13.282	3.907	OK
MEJORA: 24 better than: 16
114	9.936	3.691	OK
115	0.019	3.188	ERR
116	8.796	3.913	OK
117	0.028	3.761	ERR
118	1.162	3.874	OK
119	0.983	3.971	OK
120	0.013	3.970	ERR
121	0.022	3.427	ERR
122	1.474	3.572	OK
123	0.021	2.245	ERR
124	0.020	1.254	ERR
125	0.032	1.255	ERR
126	0.022	0.378	ERR
127	0.025	0.378	ERR
128	9.484	1.210	OK
129	8.979	2.009	OK
130	0.010	2.009	ERR
131	0.033	2.010	ERR
132	0.276	1.890	ERR
133	0.019	1.890	ERR
134	0.762	1.964	ERR
135	0.016	1.963	ERR
136	12.108	3.171	OK
MEJORA: 110 better than: 102
MEJORA: 102 better than: 82
MEJORA: 82 better than: 66
MEJORA: 66 better than: 64
137	19.140	5.083	OK
138	0.019	4.136	ERR
MEJORA: 36 better than: 24
139	10.069	4.245	OK
140	0.016	4.246	ERR
141	8.355	5.078	OK
142	0.017	5.052	ERR
MEJORA: 36 better than: 32
MEJORA: 32 better than: 24
143	7.676	5.818	OK
144	0.024	5.744	ERR
145	0.031	5.746	ERR
146	0.018	4.537	ERR
147	19.229	4.546	OK
148	0.022	4.546	ERR
149	0.027	3.542	ERR
150	0.031	3.543	ERR
151	0.032	2.711	ERR
152	0.026	2.712	ERR
153	11.260	3.070	OK
154	0.020	3.070	ERR
155	2.491	3.316	OK
156	0.018	3.316	ERR
157	0.020	1.395	ERR
158	0.028	1.395	ERR
MEJORA: 42 better than: 36
159	19.135	3.306	OK
160	0.022	3.305	ERR
161	1.138	3.416	OK
162	0.028	3.416	ERR
163	0.019	2.292	ERR
164	0.032	2.293	ERR
165	12.611	3.305	OK
166	1.407	3.444	OK
167	0.010	3.443	ERR
168	0.037	3.444	ERR
169	1.713	1.702	OK
170	0.020	1.701	ERR
171	0.762	1.664	OK
172	0.022	1.663	ERR
173	0.017	1.663	ERR
174	0.019	1.662	ERR
175	0.018	0.402	ERR
176	7.100	0.972	OK
177	0.017	0.972	ERR
178	0.019	0.970	ERR
179	0.021	0.801	ERR
180	0.028	0.802	ERR
181	0.016	0.728	ERR
182	11.178	1.843	OK
183	0.016	1.843	ERR
184	0.021	1.843	ERR
185	0.954	1.937	OK
186	1.336	1.361	OK
187	0.013	1.360	ERR
188	0.025	1.361	ERR
189	0.019	1.361	ERR
190	0.013	1.359	ERR
191	0.016	1.359	ERR
192	0.021	0.243	ERR
193	0.026	0.244	ERR
194	2.139	0.456	OK
MEJORA: 32 better than: 28
195	11.992	1.560	OK
196	10.076	2.434	OK
197	0.027	2.435	ERR
198	0.013	2.434	ERR
199	0.025	2.435	ERR
200	0.029	2.436	ERR
201	0.015	2.436	ERR
202	0.025	2.437	ERR
203	13.009	3.735	OK
204	3.593	3.880	OK
205	0.022	2.683	ERR
206	9.532	2.629	OK
207	0.015	2.628	ERR
208	0.013	2.628	ERR
209	6.709	3.296	OK
210	0.032	3.297	ERR
211	0.024	3.297	ERR
212	0.031	3.298	ERR
213	0.024	2.000	ERR
MEJORA: 14 better than: 10
214	9.885	2.629	OK
215	2.456	2.872	OK
MEJORA: 64 better than: 56
MEJORA: 56 better than: 48
216	4.205	2.340	OK
MEJORA: 64 better than: 48
217	23.610	4.699	OK
218	0.033	4.701	ERR
219	0.023	4.032	ERR
220	0.016	4.031	ERR
221	0.010	4.029	ERR
222	0.032	4.029	ERR
223	14.282	5.455	OK
224	18.776	6.344	OK
225	1.587	6.257	OK
226	0.022	5.839	ERR
227	0.840	3.562	OK
228	9.870	4.546	OK
229	0.021	4.546	ERR
230	0.020	4.546	ERR
231	0.712	4.616	ERR
232	0.025	4.615	ERR
233	0.010	3.188	ERR
234	8.764	2.187	OK
235	0.029	2.031	ERR
236	0.020	2.031	ERR
237	0.025	1.950	ERR
238	0.033	0.966	ERR
239	21.055	3.069	OK
240	0.013	3.068	ERR
241	0.815	3.079	ERR
242	0.017	3.078	ERR
243	0.588	3.136	OK
MEJORA: 57 better than: 53
MEJORA: 53 better than: 49
244	17.349	3.994	OK
245	0.020	3.993	ERR
246	0.022	3.994	ERR
247	1.643	4.155	OK
248	3.807	4.533	OK
MEJORA: 24 better than: 18
249	1.201	2.547	OK
250	0.118	2.558	ERR
251	0.021	2.479	ERR
252	0.025	2.479	ERR
253	0.025	2.423	ERR
254	0.025	0.691	ERR
255	0.020	0.691	ERR
256	10.260	1.714	OK
257	8.945	2.445	OK
258	0.025	2.066	ERR
259	1.387	2.085	OK
260	0.017	2.075	ERR
261	9.142	2.987	OK
262	0.534	3.038	ERR
263	0.803	3.116	ERR
MEJORA: 40 better than: 35
264	24.147	5.528	OK
MEJORA: 50 better than: 40
265	12.418	6.768	OK
266	0.024	5.744	ERR
267	7.384	5.588	OK
268	0.016	5.587	ERR
269	0.019	5.450	ERR
270	0.021	5.451	ERR
271	0.020	4.539	ERR
272	4.692	4.954	OK
273	1.685	5.043	OK
274	0.032	2.631	ERR
275	0.025	1.392	ERR
276	0.026	1.392	ERR
277	9.240	1.578	OK
278	0.027	1.579	ERR
279	0.015	1.578	ERR
280	0.027	1.579	ERR
281	0.032	1.580	ERR
282	16.996	2.810	OK
MEJORA: 30 better than: 24
283	3.141	2.956	OK
284	0.016	2.954	ERR
285	0.013	2.953	ERR
286	1.265	3.077	ERR
MEJORA: 20 better than: 14
287	9.489	3.102	OK
288	0.013	3.101	ERR
289	0.024	3.102	ERR
290	0.016	3.100	ERR
291	0.022	3.099	ERR
292	0.013	1.401	ERR
293	7.164	1.803	OK
294	0.016	1.803	ERR
295	0.021	1.804	ERR
296	1.160	1.794	OK
297	0.024	0.847	ERR
298	0.019	0.848	ERR
MEJORA: 36 better than: 32
MEJORA: 32 better than: 28
299	18.018	2.647	OK
300	8.576	3.503	OK
301	0.134	3.514	ERR
302	0.810	3.594	OK
303	0.022	2.880	ERR
MEJORA: 89 better than: 81
MEJORA: 81 better than: 73
MEJORA: 73 better than: 65
304	17.353	4.614	OK
305	0.015	4.613	ERR
306	0.016	4.499	ERR
MEJORA: 54 better than: 48
MEJORA: 48 better than: 46
307	19.108	6.407	OK
308	2.276	6.633	OK
309	10.037	5.834	OK
310	0.025	4.979	ERR
311	0.022	4.968	ERR
312	0.021	4.889	ERR
313	30.196	7.907	OK
314	0.015	6.173	ERR
315	0.009	6.172	ERR
MEJORA: 45 better than: 37
316	11.136	7.284	OK
MEJORA: 62 better than: 56
MEJORA: 56 better than: 50
MEJORA: 50 better than: 44
317	7.980	6.172	OK
318	0.024	5.946	ERR
319	0.010	4.944	ERR
320	0.016	4.943	ERR
321	0.019	4.943	ERR
322	0.018	4.942	ERR
323	0.031	1.926	ERR
324	0.030	1.927	ERR
325	0.835	2.010	OK
326	0.016	0.898	ERR
327	0.031	0.103	ERR
328	4.721	0.573	OK
329	0.020	0.574	ERR
330	0.021	0.574	ERR
331	0.024	0.575	ERR
332	0.016	0.574	ERR
333	0.031	0.574	ERR
334	1.214	0.693	OK
335	0.015	0.611	ERR
336	0.025	0.612	ERR
MEJORA: 67 better than: 61
MEJORA: 61 better than: 38
337	25.379	3.147	OK
338	0.018	2.676	ERR
339	0.016	2.676	ERR
MEJORA: 28 better than: 24
340	13.181	3.992	OK
MEJORA: 77 better than: 54
MEJORA: 54 better than: 46
MEJORA: 46 better than: 38
MEJORA: 38 better than: 34
341	15.700	5.560	OK
MEJORA: 47 better than: 45
MEJORA: 45 better than: 43
342	29.462	8.504	OK
343	14.768	9.978	OK
MEJORA: 20 better than: 16
344	7.404	10.597	OK
345	13.863	11.982	OK
346	0.032	11.982	ERR
347	5.009	9.945	OK
348	0.010	9.944	ERR
349	0.016	9.944	ERR
350	0.019	8.628	ERR
351	0.021	7.060	ERR
352	1.284	4.243	OK
353	2.004	2.966	OK
354	0.021	2.228	ERR
355	0.024	0.844	ERR
356	0.021	0.843	ERR
357	0.575	0.399	ERR
358	7.446	1.143	OK
359	0.016	1.143	ERR
360	0.019	1.143	ERR
361	16.343	2.775	OK
362	1.093	2.756	OK
MEJORA: 36 better than: 35
363	28.381	5.394	OK
MEJORA: 20 better than: 16
364	9.105	6.302	OK
MEJORA: 44 better than: 36
MEJORA: 36 better than: 28
365	15.952	7.895	OK
366	0.016	7.894	ERR
367	0.017	7.839	ERR
368	0.010	7.095	ERR
369	0.015	7.095	ERR
370	0.972	7.190	OK
371	2.124	5.768	OK
372	0.019	5.661	ERR
373	0.020	2.825	ERR
374	0.016	1.916	ERR
375	0.021	0.323	ERR
MEJORA: 80 better than: 78
376	12.151	1.536	OK
377	0.026	1.537	ERR
378	8.133	2.350	OK
379	0.025	2.351	ERR
380	0.019	2.255	ERR
381	0.019	2.045	ERR
382	11.974	3.240	OK
383	0.026	3.241	ERR
384	2.857	3.525	OK
385	0.019	3.525	ERR
386	0.032	2.313	ERR
387	0.032	2.314	ERR
388	0.016	1.502	ERR
389	0.753	1.575	ERR
390	9.251	2.498	OK
391	0.032	2.499	ERR
392	0.013	1.303	ERR
393	0.736	1.374	ERR
394	0.022	1.091	ERR
395	0.016	1.090	ERR
396	0.018	1.089	ERR
397	0.020	1.088	ERR
MEJORA: 57 better than: 56
398	19.197	3.006	OK
399	0.019	2.933	ERR

---- Final results ----
400 NS requests
246 failed requests
154 success requests
43 improved requests
1370.371 ellapsed time
