#req	time (sec)	avg. time (sec)	mapping
0	0.020	0.000	ERR
1	0.707	0.000	OK
2	1.736	0.000	OK
3	0.019	0.000	ERR
4	10.243	0.000	OK
MEJORA: 48 better than: 40
5	2.202	0.000	OK
MEJORA: 48 better than: 40
MEJORA: 40 better than: 32
6	7.378	0.000	OK
MEJORA: 48 better than: 40
MEJORA: 40 better than: 24
7	4.739	0.000	OK
8	0.024	0.000	ERR
9	0.024	0.000	ERR
10	0.019	2.709	ERR
MEJORA: 32 better than: 24
11	6.743	3.313	OK
12	4.694	3.608	OK
13	0.021	3.609	ERR
14	0.717	2.656	ERR
MEJORA: 24 better than: 20
15	2.451	2.681	OK
16	7.532	2.696	OK
17	0.027	2.225	ERR
18	2.612	2.484	OK
19	0.480	2.530	ERR
20	3.569	2.885	OK
21	0.027	2.213	ERR
MEJORA: 40 better than: 32
22	2.800	2.024	OK
23	0.016	2.023	ERR
24	9.856	2.937	OK
MEJORA: 104 better than: 90
MEJORA: 90 better than: 88
MEJORA: 88 better than: 71
25	17.323	4.424	OK
26	0.021	3.673	ERR
27	0.013	3.672	ERR
28	0.020	3.413	ERR
MEJORA: 80 better than: 60
MEJORA: 60 better than: 50
29	5.309	3.895	OK
30	0.025	3.541	ERR
31	2.981	3.836	OK
MEJORA: 20 better than: 16
32	1.491	3.705	OK
MEJORA: 24 better than: 20
MEJORA: 20 better than: 16
33	2.238	3.928	OK
34	8.572	3.799	OK
35	10.048	3.072	OK
36	9.710	4.041	OK
37	5.052	4.545	OK
38	0.015	4.544	ERR
39	5.775	4.591	OK
40	0.025	4.591	ERR
MEJORA: 24 better than: 18
41	5.533	4.846	OK
42	2.976	4.994	OK
43	0.017	4.772	ERR
44	0.016	3.917	ERR
45	0.016	2.913	ERR
MEJORA: 40 better than: 28
46	5.443	2.487	OK
47	0.017	1.983	ERR
48	0.016	1.983	ERR
49	0.016	1.407	ERR
50	2.450	1.650	OK
51	0.031	1.100	ERR
52	4.919	1.294	OK
53	0.024	1.295	ERR
MEJORA: 16 better than: 12
54	5.207	1.814	OK
55	0.017	1.814	ERR
56	1.111	1.381	OK
57	0.022	1.381	ERR
58	0.025	1.382	ERR
59	0.031	1.384	ERR
60	3.057	1.445	OK
61	0.020	1.443	ERR
62	4.464	1.398	OK
63	0.017	1.397	ERR
MEJORA: 44 better than: 36
64	5.963	1.473	OK
65	10.563	2.527	OK
66	4.281	2.844	OK
67	0.015	2.844	ERR
68	0.026	2.844	ERR
69	0.015	2.842	ERR
70	0.022	2.539	ERR
71	0.013	2.538	ERR
72	2.409	2.332	OK
73	0.026	2.333	ERR
74	0.017	1.738	ERR
75	0.032	0.685	ERR
MEJORA: 40 better than: 30
76	9.643	1.222	OK
77	1.739	1.394	OK
78	0.021	1.393	ERR
79	0.025	1.394	ERR
80	0.016	1.394	ERR
81	0.015	1.394	ERR
82	0.016	1.155	ERR
83	3.784	1.531	OK
84	2.760	1.805	OK
MEJORA: 36 better than: 32
MEJORA: 32 better than: 28
MEJORA: 28 better than: 24
85	3.103	2.112	OK
MEJORA: 16 better than: 12
86	3.831	1.531	OK
87	0.017	1.359	ERR
88	0.019	1.359	ERR
89	0.022	1.358	ERR
MEJORA: 36 better than: 32
MEJORA: 32 better than: 28
90	1.862	1.543	OK
91	0.016	1.543	ERR
92	0.019	1.543	ERR
93	6.852	1.850	OK
94	0.019	1.576	ERR
95	0.026	1.268	ERR
96	4.745	1.360	OK
97	6.801	2.038	OK
98	0.022	2.038	ERR
99	9.172	2.953	OK
100	0.016	2.769	ERR
101	0.019	2.769	ERR
102	0.019	2.769	ERR
103	0.015	2.085	ERR
104	7.250	2.808	OK
105	2.154	3.021	OK
106	9.135	3.460	OK
MEJORA: 40 better than: 30
107	11.998	3.980	OK
108	0.032	3.981	ERR
109	0.021	3.066	ERR
110	0.022	3.067	ERR
111	5.515	3.616	OK
112	0.032	3.617	ERR
MEJORA: 40 better than: 28
113	2.550	3.871	OK
114	1.823	3.328	OK
115	0.019	3.115	ERR
116	9.723	3.173	OK
117	0.027	1.976	ERR
118	8.367	2.810	OK
119	6.186	3.426	OK
120	0.013	3.425	ERR
121	0.022	2.876	ERR
122	11.529	4.026	OK
123	0.021	3.773	ERR
124	0.019	3.592	ERR
125	0.032	3.594	ERR
126	0.022	2.624	ERR
127	0.025	2.623	ERR
128	8.046	2.591	OK
MEJORA: 64 better than: 48
129	16.809	3.654	OK
130	0.010	3.653	ERR
131	0.032	3.654	ERR
132	0.009	2.502	ERR
133	0.018	2.502	ERR
134	17.869	4.287	OK
135	0.016	4.286	ERR
136	2.294	4.513	OK
MEJORA: 110 better than: 100
MEJORA: 100 better than: 90
137	6.037	5.114	OK
138	0.020	4.311	ERR
MEJORA: 72 better than: 60
MEJORA: 60 better than: 54
139	4.637	3.094	OK
140	0.015	3.095	ERR
141	8.920	3.984	OK
142	0.017	3.984	ERR
MEJORA: 24 better than: 16
143	4.487	4.431	OK
144	0.024	2.647	ERR
145	0.032	2.648	ERR
146	6.877	3.107	OK
MEJORA: 18 better than: 16
147	4.003	2.903	OK
148	0.022	2.903	ERR
149	0.027	2.442	ERR
150	0.031	2.444	ERR
151	0.032	1.555	ERR
152	0.026	1.556	ERR
153	1.925	1.300	OK
154	0.019	1.299	ERR
155	4.359	1.732	OK
156	0.017	1.046	ERR
157	0.019	0.648	ERR
158	0.027	0.648	ERR
159	0.654	0.711	ERR
160	0.022	0.710	ERR
161	5.392	1.246	OK
162	0.027	1.246	ERR
163	0.019	1.056	ERR
164	0.031	1.057	ERR
165	3.889	1.010	OK
166	3.946	1.403	OK
167	0.010	1.402	ERR
MEJORA: 44 better than: 40
168	3.472	1.746	OK
MEJORA: 28 better than: 24
169	5.317	2.213	OK
170	0.019	2.212	ERR
MEJORA: 40 better than: 32
171	2.340	1.907	OK
172	0.022	1.907	ERR
173	0.016	1.906	ERR
174	0.018	1.905	ERR
175	0.017	1.518	ERR
176	5.555	1.679	OK
177	0.016	1.679	ERR
178	0.018	1.334	ERR
179	0.021	0.804	ERR
180	0.027	0.805	ERR
181	0.016	0.573	ERR
182	5.738	1.144	OK
183	0.016	1.144	ERR
184	0.021	1.144	ERR
MEJORA: 50 better than: 40
185	5.869	1.730	OK
186	1.202	1.294	OK
187	0.013	1.294	ERR
188	0.025	1.295	ERR
189	0.019	1.295	ERR
190	0.012	1.293	ERR
191	0.016	1.293	ERR
192	0.020	0.721	ERR
193	0.026	0.722	ERR
194	8.468	1.567	OK
MEJORA: 43 better than: 38
MEJORA: 38 better than: 36
195	6.054	1.586	OK
196	9.688	2.434	OK
197	0.026	2.435	ERR
198	0.013	2.434	ERR
199	0.024	2.435	ERR
200	0.027	2.436	ERR
201	0.015	2.436	ERR
202	0.024	2.437	ERR
203	3.546	2.789	OK
MEJORA: 12 better than: 10
204	10.549	2.997	OK
205	0.021	2.393	ERR
MEJORA: 30 better than: 22
MEJORA: 22 better than: 20
MEJORA: 20 better than: 18
206	6.056	2.030	OK
207	0.015	2.029	ERR
208	0.013	2.029	ERR
209	5.845	2.611	OK
210	0.032	2.612	ERR
211	0.025	2.613	ERR
212	0.031	2.613	ERR
213	0.025	2.261	ERR
MEJORA: 16 better than: 14
214	9.348	2.141	OK
215	0.683	2.207	OK
MEJORA: 72 better than: 64
216	1.694	1.771	OK
MEJORA: 72 better than: 56
217	4.523	2.222	OK
218	0.032	2.224	ERR
219	0.022	1.641	ERR
220	0.015	1.640	ERR
221	0.010	1.638	ERR
222	0.031	1.638	ERR
MEJORA: 60 better than: 50
223	10.312	2.667	OK
224	1.326	1.865	OK
225	1.433	1.940	OK
226	0.021	1.772	ERR
227	4.276	1.748	OK
228	0.341	1.779	ERR
229	0.021	1.779	ERR
230	0.019	1.779	ERR
231	6.626	2.441	OK
232	0.024	2.440	ERR
233	0.010	1.410	ERR
MEJORA: 60 better than: 52
234	1.244	1.402	OK
235	0.028	1.261	ERR
236	0.020	1.261	ERR
237	0.025	0.836	ERR
238	0.033	0.805	ERR
239	8.188	1.622	OK
240	0.013	1.621	ERR
241	6.232	1.582	OK
242	0.016	1.581	ERR
243	1.042	1.684	OK
MEJORA: 51 better than: 33
MEJORA: 33 better than: 24
244	5.477	2.107	OK
245	0.020	2.107	ERR
246	0.022	2.107	ERR
247	2.259	2.330	ERR
MEJORA: 24 better than: 12
248	5.078	2.835	OK
MEJORA: 30 better than: 24
249	0.457	2.062	OK
250	0.061	2.066	ERR
251	0.020	1.445	ERR
252	0.024	1.446	ERR
253	0.024	1.344	ERR
254	0.024	0.799	ERR
255	0.019	0.799	ERR
256	1.659	0.962	OK
257	6.924	1.429	OK
258	0.025	0.924	ERR
MEJORA: 60 better than: 58
MEJORA: 58 better than: 56
MEJORA: 56 better than: 40
MEJORA: 40 better than: 30
259	9.214	1.799	OK
260	0.016	1.795	ERR
261	6.778	2.471	OK
262	1.624	2.631	ERR
MEJORA: 44 better than: 40
MEJORA: 40 better than: 36
MEJORA: 36 better than: 32
263	4.458	3.074	OK
264	14.968	4.568	OK
265	11.421	5.709	OK
266	0.025	5.545	ERR
267	6.045	5.457	OK
268	0.016	5.456	ERR
269	0.019	4.537	ERR
270	0.021	4.537	ERR
271	0.020	3.862	ERR
272	7.098	4.409	OK
273	11.832	5.146	OK
274	0.033	3.653	ERR
275	0.025	2.513	ERR
276	0.026	2.513	ERR
MEJORA: 43 better than: 32
277	6.708	2.580	OK
278	0.028	2.581	ERR
279	0.015	2.581	ERR
280	0.028	2.581	ERR
281	0.033	2.582	ERR
282	8.570	2.730	OK
MEJORA: 42 better than: 30
283	2.463	1.793	OK
284	0.016	1.791	ERR
285	0.013	1.790	ERR
286	0.542	1.842	ERR
MEJORA: 18 better than: 14
287	8.668	2.038	OK
288	0.013	2.036	ERR
289	0.026	2.037	ERR
290	0.017	2.036	ERR
291	0.023	2.035	ERR
292	0.013	1.179	ERR
MEJORA: 36 better than: 30
293	6.530	1.586	OK
294	0.016	1.586	ERR
295	0.020	1.587	ERR
296	4.467	1.979	OK
297	0.024	1.115	ERR
298	0.019	1.115	ERR
MEJORA: 36 better than: 32
MEJORA: 32 better than: 28
299	4.638	1.577	OK
300	6.570	2.232	OK
301	5.421	2.772	OK
302	5.799	3.350	OK
303	0.021	2.700	ERR
MEJORA: 75 better than: 67
304	4.693	3.167	OK
305	0.015	3.167	ERR
306	0.016	2.722	ERR
307	4.799	3.199	OK
308	0.417	3.239	OK
MEJORA: 68 better than: 65
MEJORA: 65 better than: 60
MEJORA: 60 better than: 59
309	7.707	3.546	OK
310	0.024	2.891	ERR
311	0.022	2.351	ERR
312	0.021	1.773	ERR
313	5.536	2.325	OK
314	0.015	1.857	ERR
315	0.010	1.856	ERR
MEJORA: 110 better than: 102
MEJORA: 102 better than: 94
MEJORA: 94 better than: 82
MEJORA: 82 better than: 80
316	13.105	3.165	OK
MEJORA: 49 better than: 35
317	7.281	3.414	OK
318	0.025	3.374	ERR
319	0.010	2.605	ERR
320	0.016	2.604	ERR
321	0.019	2.604	ERR
322	0.018	2.603	ERR
323	0.032	2.053	ERR
324	0.267	2.078	ERR
325	6.383	2.716	OK
326	0.016	1.407	ERR
327	0.032	0.682	ERR
MEJORA: 48 better than: 36
MEJORA: 36 better than: 30
328	8.652	1.544	OK
329	0.021	1.546	ERR
330	0.022	1.546	ERR
331	0.024	1.547	ERR
332	0.016	1.546	ERR
333	0.031	1.546	ERR
334	3.732	1.893	OK
335	0.016	1.256	ERR
336	0.026	1.257	ERR
MEJORA: 69 better than: 68
MEJORA: 68 better than: 45
337	9.666	2.220	OK
338	0.019	1.357	ERR
339	0.016	1.357	ERR
MEJORA: 32 better than: 28
340	9.341	2.289	OK
MEJORA: 84 better than: 68
MEJORA: 68 better than: 45
341	11.275	3.414	OK
342	9.926	4.405	OK
MEJORA: 48 better than: 32
343	2.898	4.691	OK
344	0.032	4.321	ERR
345	6.168	4.937	OK
346	0.032	4.937	ERR
347	2.906	4.261	OK
348	0.010	4.260	ERR
349	0.016	4.260	ERR
350	0.019	3.328	ERR
351	0.021	2.203	ERR
MEJORA: 16 better than: 12
352	5.005	1.711	OK
353	2.521	1.673	OK
354	0.022	1.672	ERR
355	0.024	1.058	ERR
356	0.021	1.057	ERR
357	0.326	0.799	ERR
358	2.687	1.066	OK
359	0.016	1.066	ERR
360	0.019	1.066	ERR
361	10.977	2.162	OK
362	16.277	3.289	OK
363	0.935	3.130	ERR
364	7.630	3.891	OK
365	9.174	4.806	OK
366	0.016	4.806	ERR
367	0.017	4.775	ERR
368	0.010	4.507	ERR
369	0.016	4.507	ERR
370	2.651	4.770	OK
MEJORA: 60 better than: 50
371	7.878	4.460	OK
372	0.019	2.834	ERR
373	0.020	2.743	ERR
374	0.016	1.981	ERR
375	0.021	1.066	ERR
376	4.704	1.535	OK
377	0.025	1.536	ERR
378	5.447	2.080	OK
379	0.024	2.080	ERR
380	0.019	1.817	ERR
381	0.019	1.031	ERR
382	0.648	1.094	ERR
383	0.025	1.095	ERR
384	10.248	2.118	OK
385	0.019	2.118	ERR
MEJORA: 89 better than: 40
MEJORA: 40 better than: 32
MEJORA: 32 better than: 24
386	7.410	2.388	OK
387	0.032	2.389	ERR
388	0.016	1.846	ERR
389	0.419	1.885	ERR
390	2.018	2.085	OK
391	0.032	2.087	ERR
392	0.296	2.051	ERR
393	1.285	2.177	ERR
394	0.022	1.155	ERR
395	0.016	1.155	ERR
396	0.018	0.415	ERR
397	0.019	0.414	ERR
398	13.258	1.738	OK
399	0.019	1.698	ERR

---- Final results ----
400 NS requests
244 failed requests
156 success requests
59 improved requests
949.993 ellapsed time
