#req	time (sec)	avg. time (sec)	mapping
0	0.020	0.000	ERR
1	12.765	0.000	OK
2	1.258	0.000	OK
3	0.019	0.000	ERR
MEJORA: 40 better than: 38
4	14.029	0.000	OK
5	10.129	0.000	OK
MEJORA: 32 better than: 24
6	1.907	0.000	OK
MEJORA: 32 better than: 24
7	1.659	0.000	OK
8	0.024	0.000	ERR
9	0.024	0.000	ERR
10	0.019	4.183	ERR
11	1.579	3.065	OK
12	2.279	3.167	OK
13	0.020	3.167	ERR
14	21.321	3.896	OK
15	8.028	3.686	OK
16	0.633	3.559	OK
17	0.026	3.395	ERR
18	4.356	3.829	OK
19	4.260	4.252	OK
20	4.054	4.656	OK
21	0.026	4.500	ERR
22	4.856	4.758	OK
23	0.016	4.758	ERR
24	14.367	4.062	OK
25	20.670	5.326	OK
26	0.021	5.265	ERR
27	0.013	5.264	ERR
28	0.020	4.830	ERR
MEJORA: 70 better than: 60
MEJORA: 60 better than: 50
MEJORA: 50 better than: 40
29	3.611	4.765	OK
30	0.024	4.362	ERR
31	9.119	5.272	OK
32	1.829	4.969	OK
33	13.711	6.339	OK
MEJORA: 40 better than: 32
34	12.639	6.166	OK
35	23.153	6.414	OK
MEJORA: 32 better than: 24
36	9.859	7.398	OK
37	8.368	8.233	OK
38	0.015	8.233	ERR
39	8.250	8.697	OK
40	0.024	8.697	ERR
41	7.022	8.487	OK
42	8.959	9.200	OK
43	0.017	7.831	ERR
44	0.016	6.568	ERR
45	0.016	4.255	ERR
MEJORA: 28 better than: 24
46	9.509	4.220	OK
47	0.017	3.384	ERR
48	0.016	3.385	ERR
49	0.016	2.561	ERR
MEJORA: 16 better than: 14
MEJORA: 14 better than: 12
50	12.381	3.797	OK
51	0.031	3.098	ERR
52	16.019	3.804	OK
53	0.025	3.805	ERR
54	19.844	5.787	OK
55	0.017	5.788	ERR
56	23.917	7.228	OK
57	0.022	7.229	ERR
58	0.025	7.230	ERR
59	0.032	7.231	ERR
MEJORA: 32 better than: 28
60	9.129	6.906	OK
61	0.021	6.905	ERR
62	18.509	7.154	OK
63	0.017	7.153	ERR
MEJORA: 30 better than: 24
MEJORA: 24 better than: 18
64	14.119	6.581	OK
MEJORA: 50 better than: 37
65	25.044	9.083	OK
66	1.553	6.847	OK
67	0.015	6.846	ERR
68	0.026	6.846	ERR
69	0.015	6.845	ERR
70	0.022	5.934	ERR
71	0.013	5.933	ERR
72	1.555	4.238	OK
73	0.026	4.239	ERR
74	0.017	2.828	ERR
75	0.031	0.327	ERR
76	1.481	0.320	OK
77	1.080	0.426	OK
78	0.021	0.426	ERR
79	0.025	0.427	ERR
80	0.016	0.427	ERR
81	0.015	0.427	ERR
82	0.016	0.273	ERR
83	1.548	0.425	OK
84	11.896	1.613	OK
MEJORA: 24 better than: 20
85	4.025	2.012	OK
86	0.031	1.868	ERR
87	0.017	1.761	ERR
88	0.019	1.761	ERR
89	0.022	1.761	ERR
90	14.134	3.172	OK
91	0.017	3.173	ERR
92	0.020	3.173	ERR
93	17.538	4.772	OK
94	0.020	3.584	ERR
95	0.026	3.184	ERR
96	8.369	4.018	OK
97	0.576	4.074	ERR
98	0.022	4.074	ERR
99	1.422	4.214	OK
100	0.017	2.803	ERR
101	0.020	2.803	ERR
102	0.020	2.803	ERR
103	0.015	1.051	ERR
104	15.395	2.588	OK
105	5.311	3.117	OK
106	1.683	2.448	OK
MEJORA: 40 better than: 30
107	1.868	2.577	OK
108	0.032	2.578	ERR
109	0.021	2.438	ERR
110	0.022	2.439	ERR
111	4.053	2.842	OK
112	0.033	2.843	ERR
113	17.460	4.588	OK
MEJORA: 24 better than: 20
114	11.577	4.206	OK
115	0.019	3.677	ERR
116	10.112	4.520	OK
117	0.028	4.336	ERR
118	1.359	4.468	OK
119	1.203	4.587	OK
120	0.013	4.586	ERR
121	0.022	4.183	ERR
122	1.698	4.349	OK
123	0.021	2.605	ERR
124	0.020	1.450	ERR
125	0.032	1.451	ERR
126	0.022	0.442	ERR
127	0.025	0.442	ERR
128	11.089	1.415	OK
129	20.573	3.352	OK
130	0.010	3.351	ERR
131	0.033	3.352	ERR
MEJORA: 24 better than: 16
132	5.024	3.685	OK
133	0.019	3.685	ERR
134	0.762	3.759	ERR
135	0.017	3.757	ERR
MEJORA: 12 better than: 10
136	17.353	5.490	OK
MEJORA: 90 better than: 88
137	18.303	7.318	OK
138	0.020	6.211	ERR
MEJORA: 36 better than: 24
139	10.751	5.229	OK
140	0.015	5.230	ERR
141	9.919	6.218	OK
142	0.017	5.718	ERR
MEJORA: 36 better than: 20
MEJORA: 20 better than: 16
143	9.195	6.635	OK
144	0.025	6.562	ERR
145	0.032	6.563	ERR
MEJORA: 20 better than: 16
146	3.776	5.205	OK
147	20.731	5.448	OK
148	0.022	5.448	ERR
149	0.027	4.376	ERR
150	0.031	4.378	ERR
151	0.031	3.389	ERR
152	0.025	3.390	ERR
153	15.229	3.993	OK
154	0.019	3.992	ERR
155	3.023	4.292	OK
156	0.017	3.916	ERR
157	0.019	1.844	ERR
158	0.027	1.845	ERR
159	2.107	2.053	ERR
160	0.022	2.052	ERR
161	1.341	2.183	OK
162	0.027	2.183	ERR
163	0.019	0.662	ERR
164	0.031	0.663	ERR
165	14.359	1.797	OK
166	1.616	1.957	OK
167	0.010	1.956	ERR
168	11.538	3.107	OK
169	2.083	3.105	OK
170	0.019	3.104	ERR
171	5.385	3.509	OK
172	0.021	3.508	ERR
173	0.015	3.508	ERR
174	0.018	3.506	ERR
175	0.017	2.072	ERR
176	6.709	2.581	OK
177	0.015	2.582	ERR
178	0.018	1.430	ERR
179	0.020	1.224	ERR
180	0.026	1.224	ERR
181	0.015	0.687	ERR
182	12.447	1.930	OK
183	0.015	1.930	ERR
184	0.020	1.930	ERR
185	1.485	2.077	OK
186	1.545	1.561	OK
187	0.012	1.560	ERR
188	0.023	1.561	ERR
189	0.019	1.561	ERR
190	0.012	1.559	ERR
191	0.015	1.559	ERR
192	0.020	0.317	ERR
193	0.025	0.318	ERR
194	2.394	0.555	OK
MEJORA: 45 better than: 41
195	13.400	1.746	OK
196	12.056	2.798	OK
197	0.025	2.799	ERR
198	0.013	2.798	ERR
199	0.024	2.798	ERR
200	0.027	2.800	ERR
201	0.015	2.800	ERR
202	0.024	2.800	ERR
MEJORA: 18 better than: 16
203	12.597	4.057	OK
204	3.599	4.178	OK
205	0.021	2.840	ERR
MEJORA: 18 better than: 16
206	11.335	2.768	OK
207	0.014	2.767	ERR
208	0.012	2.767	ERR
MEJORA: 14 better than: 12
209	11.186	3.883	OK
210	0.031	3.883	ERR
211	0.024	3.884	ERR
212	0.030	3.885	ERR
213	0.024	2.628	ERR
214	7.108	2.979	OK
215	2.600	3.236	OK
MEJORA: 40 better than: 32
MEJORA: 32 better than: 24
216	1.182	2.221	OK
MEJORA: 64 better than: 48
217	29.279	5.147	OK
218	0.031	5.149	ERR
219	0.021	4.033	ERR
220	0.014	4.031	ERR
221	0.009	4.030	ERR
222	0.030	4.030	ERR
223	13.521	5.380	OK
224	0.051	4.674	ERR
225	1.717	4.586	OK
226	0.020	4.469	ERR
227	0.942	1.636	OK
228	0.489	1.682	ERR
229	0.020	1.681	ERR
230	0.019	1.682	ERR
MEJORA: 30 better than: 29
231	18.757	3.557	OK
232	0.024	3.556	ERR
233	0.009	2.205	ERR
234	10.747	3.274	OK
235	0.027	3.105	ERR
236	0.019	3.105	ERR
237	0.024	3.014	ERR
238	0.031	2.968	ERR
239	24.083	5.374	OK
240	0.012	5.373	ERR
241	0.481	3.546	ERR
242	0.015	3.545	ERR
243	0.739	3.618	OK
MEJORA: 61 better than: 53
244	17.139	4.257	OK
245	0.019	4.256	ERR
246	0.021	4.257	ERR
247	1.837	4.438	OK
248	3.949	4.830	OK
249	1.089	2.530	OK
250	0.082	2.537	ERR
251	0.019	2.491	ERR
252	0.024	2.492	ERR
253	0.023	2.420	ERR
254	0.023	0.709	ERR
255	0.019	0.709	ERR
256	11.920	1.898	OK
257	10.117	2.726	OK
258	0.024	2.334	ERR
259	1.483	2.373	OK
260	0.016	2.367	ERR
261	17.360	4.101	OK
262	0.872	4.186	ERR
263	8.593	5.043	OK
MEJORA: 40 better than: 39
MEJORA: 39 better than: 35
264	26.429	7.683	OK
265	16.736	9.355	OK
266	0.024	8.165	ERR
MEJORA: 41 better than: 35
267	10.409	8.194	OK
268	0.016	8.194	ERR
269	0.019	8.047	ERR
270	0.020	8.048	ERR
271	0.020	6.314	ERR
272	9.211	7.148	OK
273	1.845	6.473	OK
274	0.031	3.833	ERR
275	0.024	2.162	ERR
276	0.025	2.162	ERR
MEJORA: 57 better than: 55
277	17.771	2.898	OK
278	0.026	2.899	ERR
279	0.014	2.899	ERR
280	0.026	2.899	ERR
281	0.030	2.901	ERR
282	20.077	3.987	OK
MEJORA: 30 better than: 24
MEJORA: 24 better than: 18
283	3.312	4.134	OK
284	0.016	4.132	ERR
285	0.013	4.131	ERR
286	1.236	4.252	ERR
287	9.834	3.459	OK
288	0.012	3.457	ERR
289	0.024	3.458	ERR
290	0.015	3.457	ERR
291	0.021	3.456	ERR
292	0.012	1.449	ERR
293	8.230	1.941	OK
294	0.015	1.941	ERR
295	0.020	1.942	ERR
296	1.245	1.943	OK
297	0.024	0.962	ERR
298	0.019	0.962	ERR
MEJORA: 28 better than: 24
299	20.364	2.997	OK
300	8.633	3.858	OK
301	1.055	3.962	OK
302	0.899	4.050	OK
303	0.021	3.229	ERR
MEJORA: 73 better than: 49
304	11.745	4.402	OK
305	0.014	4.402	ERR
306	15.611	5.838	OK
307	30.649	8.901	OK
308	4.181	9.317	OK
309	7.332	8.014	OK
310	0.024	7.153	ERR
311	0.022	7.050	ERR
312	0.021	6.962	ERR
313	22.126	9.172	OK
314	0.015	7.999	ERR
315	0.010	7.999	ERR
MEJORA: 51 better than: 45
316	4.439	6.882	OK
MEJORA: 62 better than: 56
MEJORA: 56 better than: 50
MEJORA: 50 better than: 44
MEJORA: 44 better than: 38
317	15.828	5.400	OK
318	0.024	4.984	ERR
319	0.010	4.252	ERR
320	0.016	4.251	ERR
321	0.019	4.251	ERR
322	0.018	4.250	ERR
323	0.032	2.041	ERR
324	0.844	2.124	ERR
325	10.692	3.192	OK
326	0.016	2.750	ERR
327	0.032	1.170	ERR
328	8.888	2.057	OK
329	0.020	2.058	ERR
330	0.022	2.058	ERR
331	0.024	2.059	ERR
332	0.016	2.059	ERR
333	0.031	2.059	ERR
334	1.457	2.120	OK
335	0.016	1.052	ERR
336	0.026	1.053	ERR
337	0.015	1.052	ERR
338	0.018	0.165	ERR
339	0.016	0.164	ERR
MEJORA: 28 better than: 24
340	15.109	1.673	OK
341	18.856	3.556	OK
MEJORA: 62 better than: 60
MEJORA: 60 better than: 45
342	30.649	6.619	OK
MEJORA: 48 better than: 40
343	13.730	7.989	OK
MEJORA: 20 better than: 16
344	8.202	8.664	OK
345	15.813	10.243	OK
346	0.032	10.244	ERR
347	5.317	10.774	OK
348	0.010	10.773	ERR
349	0.016	10.773	ERR
350	0.019	9.264	ERR
351	0.021	7.381	ERR
352	1.474	4.463	OK
353	2.486	3.339	OK
354	0.022	2.521	ERR
355	0.024	0.942	ERR
356	0.022	0.941	ERR
357	0.589	0.468	ERR
358	4.184	0.886	OK
359	0.016	0.886	ERR
360	0.019	0.886	ERR
361	21.005	2.984	OK
MEJORA: 35 better than: 22
MEJORA: 22 better than: 18
362	23.074	5.144	OK
363	1.868	5.082	ERR
364	9.215	6.002	OK
365	13.623	7.361	OK
366	0.016	7.361	ERR
367	0.017	7.304	ERR
368	0.010	6.886	ERR
369	0.016	6.886	ERR
370	1.190	7.003	OK
371	3.056	5.208	OK
372	0.019	2.903	ERR
373	0.021	2.718	ERR
374	0.016	1.798	ERR
375	0.022	0.438	ERR
376	8.149	1.252	OK
377	0.026	1.252	ERR
378	10.282	2.280	OK
379	0.025	2.280	ERR
380	0.019	2.163	ERR
381	0.019	1.860	ERR
382	3.002	2.158	ERR
383	0.025	2.159	ERR
384	2.876	2.445	OK
385	0.019	2.444	ERR
386	0.032	1.633	ERR
387	0.031	1.633	ERR
388	0.016	0.607	ERR
389	0.784	0.682	ERR
390	9.412	1.622	OK
391	0.032	1.623	ERR
392	0.989	1.422	ERR
393	26.219	4.041	OK
394	0.022	3.756	ERR
395	0.016	3.755	ERR
396	0.018	3.754	ERR
397	0.019	3.753	ERR
398	28.171	6.568	OK
399	0.020	6.492	ERR

---- Final results ----
400 NS requests
244 failed requests
156 success requests
41 improved requests
1554.218 ellapsed time
