#req	time (sec)	avg. time (sec)	mapping
0	0.021	0.000	ERR
1	11.366	0.000	OK
2	2.271	0.000	OK
3	0.020	0.000	ERR
MEJORA: 40 better than: 38
4	12.874	0.000	OK
5	8.879	0.000	OK
MEJORA: 32 better than: 24
6	1.717	0.000	OK
7	4.854	0.000	OK
8	0.025	0.000	ERR
9	0.025	0.000	ERR
10	0.020	4.205	ERR
11	1.429	3.212	OK
12	1.695	3.154	OK
13	0.022	3.154	ERR
14	16.923	3.559	OK
15	6.591	3.330	OK
16	0.551	3.214	OK
17	0.027	2.731	ERR
18	5.503	3.279	OK
19	3.669	3.643	OK
20	6.941	4.335	OK
21	0.027	4.195	ERR
22	7.278	4.753	OK
23	0.016	4.753	ERR
24	13.782	4.438	OK
MEJORA: 96 better than: 80
MEJORA: 80 better than: 64
25	25.046	6.284	OK
26	0.021	6.231	ERR
27	0.013	6.230	ERR
28	0.020	5.681	ERR
29	5.312	5.846	OK
30	0.026	5.154	ERR
31	7.759	5.927	OK
32	1.244	5.324	OK
33	12.192	6.541	OK
MEJORA: 56 better than: 48
34	10.776	6.241	OK
35	20.427	5.779	OK
MEJORA: 32 better than: 24
36	7.723	6.549	OK
37	8.036	7.352	OK
38	0.015	7.351	ERR
39	7.820	7.602	OK
40	0.025	7.602	ERR
41	6.948	7.521	OK
42	7.959	8.192	OK
43	0.018	6.975	ERR
44	0.017	5.899	ERR
45	0.016	3.858	ERR
MEJORA: 28 better than: 24
46	9.010	3.987	OK
47	0.018	3.185	ERR
48	0.016	3.185	ERR
49	0.016	2.404	ERR
50	10.456	3.448	OK
51	0.032	2.756	ERR
52	14.913	3.451	OK
53	0.025	3.452	ERR
54	16.212	5.072	OK
55	0.018	5.072	ERR
56	20.415	6.212	OK
57	0.023	6.213	ERR
58	0.026	6.214	ERR
59	0.033	6.215	ERR
60	6.672	5.837	OK
61	0.021	5.836	ERR
62	17.390	6.084	OK
63	0.018	6.083	ERR
MEJORA: 38 better than: 26
64	14.473	5.909	OK
MEJORA: 50 better than: 37
65	24.104	8.318	OK
66	1.405	6.417	OK
67	0.016	6.416	ERR
68	0.027	6.416	ERR
69	0.015	6.414	ERR
70	0.023	5.749	ERR
71	0.013	5.748	ERR
72	1.349	4.144	OK
73	0.027	4.145	ERR
74	0.018	2.700	ERR
75	0.033	0.292	ERR
76	1.274	0.279	OK
77	0.943	0.372	OK
78	0.022	0.372	ERR
79	0.025	0.373	ERR
80	0.016	0.372	ERR
81	0.015	0.372	ERR
82	0.016	0.239	ERR
83	1.309	0.367	OK
84	0.661	0.431	ERR
MEJORA: 24 better than: 20
85	2.977	0.726	OK
86	0.032	0.602	ERR
87	0.017	0.509	ERR
88	0.020	0.509	ERR
89	0.022	0.508	ERR
90	11.834	1.690	OK
91	0.017	1.690	ERR
92	0.020	1.691	ERR
93	7.141	2.274	OK
94	0.020	2.210	ERR
95	0.027	1.915	ERR
96	7.637	2.675	OK
MEJORA: 41 better than: 32
97	10.835	3.757	OK
98	0.022	3.758	ERR
99	1.209	3.876	OK
100	0.016	2.694	ERR
101	0.020	2.695	ERR
102	0.020	2.695	ERR
103	0.015	1.982	ERR
104	12.189	3.199	OK
105	5.670	3.763	OK
106	1.544	3.154	OK
MEJORA: 40 better than: 30
107	1.563	2.227	OK
108	0.032	2.228	ERR
109	0.021	2.109	ERR
110	0.022	2.109	ERR
111	6.726	2.780	OK
112	0.032	2.781	ERR
MEJORA: 44 better than: 40
113	14.985	4.278	OK
114	8.250	3.885	OK
115	0.020	3.319	ERR
116	8.811	4.046	OK
117	0.027	3.893	ERR
118	2.479	4.137	OK
119	0.986	4.234	OK
120	0.013	4.233	ERR
121	0.023	3.563	ERR
122	2.019	3.761	OK
123	0.021	2.265	ERR
124	0.020	1.442	ERR
125	0.032	1.443	ERR
126	0.022	0.564	ERR
127	0.025	0.564	ERR
128	9.485	1.265	OK
129	12.467	2.413	OK
130	0.010	2.412	ERR
131	0.033	2.413	ERR
132	10.982	3.310	OK
133	0.018	3.309	ERR
134	0.743	3.382	ERR
135	0.016	3.380	ERR
136	11.969	4.575	OK
MEJORA: 110 better than: 98
MEJORA: 98 better than: 78
MEJORA: 78 better than: 62
137	16.454	6.218	OK
138	0.021	5.271	ERR
MEJORA: 36 better than: 24
139	10.283	5.053	OK
140	0.016	5.053	ERR
141	8.553	5.905	OK
142	0.018	4.809	ERR
143	7.940	5.601	OK
144	0.025	5.529	ERR
145	0.033	5.531	ERR
MEJORA: 24 better than: 20
146	7.873	5.121	OK
147	20.013	5.477	OK
148	0.023	5.478	ERR
149	0.029	4.452	ERR
150	0.033	4.454	ERR
151	0.033	3.602	ERR
152	0.027	3.603	ERR
153	12.508	4.060	OK
154	0.020	4.059	ERR
155	3.770	4.433	OK
156	0.018	3.647	ERR
157	0.020	1.648	ERR
158	0.029	1.649	ERR
MEJORA: 42 better than: 36
159	19.200	3.566	OK
160	0.023	3.565	ERR
161	3.331	3.895	OK
162	0.029	3.895	ERR
163	0.020	2.646	ERR
164	0.033	2.647	ERR
165	13.264	3.597	OK
166	1.412	3.736	OK
167	0.010	3.735	ERR
168	12.779	5.010	OK
169	1.701	3.260	OK
170	0.020	3.260	ERR
171	7.013	3.628	OK
172	0.023	3.628	ERR
173	0.017	3.627	ERR
174	0.019	3.626	ERR
175	0.018	2.301	ERR
176	7.086	2.869	OK
177	0.017	2.869	ERR
178	0.019	1.593	ERR
179	0.021	1.425	ERR
180	0.028	1.426	ERR
181	0.016	0.726	ERR
182	13.966	2.121	OK
183	0.017	2.121	ERR
184	0.021	2.121	ERR
185	0.985	2.218	OK
186	5.696	2.079	OK
187	0.013	2.078	ERR
188	0.025	2.079	ERR
189	0.019	2.079	ERR
190	0.013	2.077	ERR
191	0.016	2.077	ERR
192	0.021	0.683	ERR
193	0.026	0.683	ERR
194	4.858	1.167	OK
195	0.019	1.071	ERR
196	10.592	1.560	OK
197	0.027	1.562	ERR
198	0.013	1.560	ERR
199	0.026	1.561	ERR
200	0.028	1.563	ERR
201	0.015	1.563	ERR
202	0.025	1.563	ERR
MEJORA: 10 better than: 8
203	13.231	2.884	OK
204	4.828	2.880	OK
205	0.023	2.881	ERR
MEJORA: 24 better than: 22
MEJORA: 22 better than: 14
206	13.255	3.147	OK
207	0.015	3.146	ERR
208	0.013	3.146	ERR
MEJORA: 12 better than: 10
209	10.212	4.165	OK
210	0.033	4.165	ERR
211	0.026	4.166	ERR
212	0.033	4.167	ERR
213	0.026	2.846	ERR
MEJORA: 14 better than: 10
214	10.004	3.364	OK
215	2.483	3.610	OK
216	1.274	2.412	ERR
MEJORA: 64 better than: 56
217	26.435	5.054	OK
218	0.032	5.056	ERR
219	0.022	4.037	ERR
220	0.015	4.035	ERR
221	0.010	4.033	ERR
222	0.032	4.033	ERR
223	12.324	5.263	OK
224	0.015	4.264	ERR
225	3.358	4.352	OK
226	0.021	4.227	ERR
227	0.823	1.665	OK
228	7.284	2.390	OK
229	0.021	2.390	ERR
230	0.020	2.391	ERR
231	0.683	2.458	ERR
232	0.026	2.458	ERR
233	0.010	1.226	ERR
234	6.963	1.921	OK
235	0.028	1.588	ERR
236	0.020	1.588	ERR
237	0.025	1.508	ERR
238	0.033	0.783	ERR
239	20.618	2.843	OK
240	0.013	2.842	ERR
241	0.772	2.851	ERR
242	0.016	2.850	ERR
243	0.230	2.872	OK
244	0.019	2.177	ERR
245	0.020	2.176	ERR
246	0.022	2.177	ERR
247	1.618	2.336	OK
248	3.788	2.712	OK
249	1.661	0.816	OK
250	0.258	0.840	ERR
251	0.020	0.765	ERR
252	0.025	0.766	ERR
253	0.025	0.746	ERR
254	0.025	0.746	ERR
255	0.020	0.746	ERR
256	10.148	1.759	OK
257	9.803	2.577	OK
258	0.025	2.201	ERR
259	1.346	2.169	OK
260	0.016	2.145	ERR
MEJORA: 16 better than: 14
261	14.722	3.615	OK
262	0.874	3.700	ERR
263	11.273	4.825	OK
MEJORA: 40 better than: 37
264	22.914	7.114	OK
MEJORA: 50 better than: 40
265	15.377	8.650	OK
266	0.026	7.638	ERR
MEJORA: 43 better than: 33
267	12.987	7.956	OK
268	0.016	7.955	ERR
269	0.020	7.823	ERR
270	0.021	7.823	ERR
271	0.021	6.353	ERR
MEJORA: 48 better than: 40
272	4.764	6.742	OK
273	2.906	5.905	OK
274	0.032	3.617	ERR
275	0.024	2.082	ERR
276	0.025	2.082	ERR
277	14.802	2.263	OK
278	0.028	2.264	ERR
279	0.015	2.264	ERR
280	0.028	2.265	ERR
281	0.032	2.266	ERR
282	16.698	3.459	OK
MEJORA: 30 better than: 24
283	3.146	3.483	OK
284	0.017	3.482	ERR
285	0.013	3.480	ERR
286	0.490	3.527	ERR
MEJORA: 16 better than: 14
287	10.063	3.053	OK
288	0.013	3.051	ERR
289	0.025	3.052	ERR
290	0.016	3.051	ERR
291	0.022	3.050	ERR
292	0.013	1.382	ERR
293	7.123	1.779	OK
294	0.016	1.779	ERR
295	0.021	1.780	ERR
296	1.161	1.847	OK
297	0.025	0.844	ERR
298	0.020	0.844	ERR
299	11.647	2.006	OK
300	8.963	2.901	OK
301	6.628	3.562	OK
302	0.808	3.641	OK
303	0.022	2.931	ERR
MEJORA: 37 better than: 36
MEJORA: 36 better than: 23
MEJORA: 23 better than: 21
304	20.080	4.937	OK
305	0.015	4.937	ERR
306	0.016	4.822	ERR
307	24.279	7.248	OK
308	0.273	7.273	OK
309	5.324	6.641	OK
310	0.025	5.747	ERR
311	0.022	5.086	ERR
312	0.021	5.008	ERR
313	25.247	7.530	OK
314	0.015	5.524	ERR
315	0.010	5.523	ERR
316	0.010	5.523	ERR
317	9.206	4.015	OK
318	0.025	3.991	ERR
319	0.010	3.459	ERR
320	0.016	3.458	ERR
321	0.020	3.458	ERR
322	0.019	3.458	ERR
323	0.033	0.936	ERR
324	0.032	0.938	ERR
325	10.244	1.962	OK
326	0.016	1.962	ERR
327	0.032	1.045	ERR
MEJORA: 42 better than: 30
MEJORA: 30 better than: 24
328	14.400	2.482	OK
329	0.020	2.483	ERR
330	0.021	2.484	ERR
331	0.024	2.484	ERR
332	0.016	2.484	ERR
333	0.031	2.484	ERR
334	2.467	2.727	OK
335	0.016	1.704	ERR
336	0.025	1.705	ERR
337	16.230	3.325	OK
338	0.019	1.887	ERR
339	0.016	1.887	ERR
MEJORA: 28 better than: 24
340	12.893	3.174	OK
341	11.590	4.330	OK
MEJORA: 43 better than: 41
MEJORA: 41 better than: 39
342	27.403	7.069	OK
343	10.560	8.122	OK
344	8.592	8.734	OK
MEJORA: 44 better than: 40
345	13.210	10.054	OK
346	0.031	10.054	ERR
347	5.024	8.934	OK
348	0.010	8.933	ERR
349	0.016	8.933	ERR
350	0.020	7.646	ERR
351	0.021	6.489	ERR
352	1.288	3.877	OK
353	1.783	3.000	OK
354	0.022	2.143	ERR
355	0.025	0.824	ERR
356	0.022	0.823	ERR
357	0.593	0.380	ERR
358	0.690	0.448	ERR
359	0.016	0.448	ERR
360	0.020	0.448	ERR
361	19.753	2.421	OK
362	19.426	4.235	OK
363	20.617	6.118	OK
MEJORA: 20 better than: 16
364	9.537	7.070	OK
365	1.459	7.213	ERR
366	0.016	7.213	ERR
367	0.017	7.155	ERR
368	0.010	7.087	ERR
369	0.016	7.087	ERR
370	0.842	7.169	OK
371	2.895	5.484	OK
372	0.020	3.543	ERR
373	0.021	1.483	ERR
374	0.016	0.531	ERR
375	0.022	0.388	ERR
376	12.027	1.589	OK
377	0.026	1.590	ERR
378	9.371	2.526	OK
379	0.024	2.526	ERR
380	0.019	2.444	ERR
381	0.019	2.157	ERR
382	0.010	2.156	ERR
383	0.025	2.156	ERR
384	2.628	2.417	OK
385	0.019	2.417	ERR
386	0.032	1.217	ERR
387	0.031	1.218	ERR
388	0.016	0.282	ERR
389	0.410	0.321	ERR
390	6.803	0.999	OK
391	0.031	1.001	ERR
MEJORA: 71 better than: 70
MEJORA: 70 better than: 46
MEJORA: 46 better than: 42
MEJORA: 42 better than: 40
392	14.777	2.477	OK
393	27.927	5.267	OK
394	0.022	5.007	ERR
395	0.016	5.007	ERR
396	0.019	5.005	ERR
397	0.020	5.004	ERR
MEJORA: 75 better than: 74
MEJORA: 74 better than: 58
398	28.219	7.824	OK
399	0.019	7.785	ERR

---- Final results ----
400 NS requests
247 failed requests
153 success requests
36 improved requests
1443.736 ellapsed time
