#req	time (sec)	avg. time (sec)	mapping
0	0.020	0.000	ERR
1	8.534	0.000	OK
2	0.899	0.000	OK
3	0.019	0.000	ERR
MEJORA: 40 better than: 38
4	9.418	0.000	OK
5	6.856	0.000	OK
MEJORA: 32 better than: 24
6	1.437	0.000	OK
MEJORA: 32 better than: 24
7	1.269	0.000	OK
8	0.024	0.000	ERR
9	0.024	0.000	ERR
10	0.019	2.850	ERR
11	1.180	2.115	OK
12	1.014	2.126	OK
13	0.021	2.126	ERR
14	11.839	2.368	OK
15	5.055	2.188	OK
16	0.476	2.092	OK
17	0.028	1.968	ERR
18	3.124	2.278	OK
19	3.201	2.596	OK
20	3.711	2.965	OK
21	0.026	2.849	ERR
22	4.428	3.191	OK
23	0.017	3.190	ERR
24	10.738	3.080	OK
25	14.963	4.071	OK
26	0.021	4.026	ERR
27	0.013	4.024	ERR
28	0.021	3.714	ERR
MEJORA: 70 better than: 60
29	2.788	3.672	OK
30	0.024	3.304	ERR
31	10.828	4.384	OK
32	1.115	4.053	OK
33	9.186	4.970	OK
34	6.003	4.496	OK
35	16.767	4.677	OK
MEJORA: 32 better than: 24
36	4.233	5.098	OK
37	6.591	5.756	OK
38	0.016	5.755	ERR
39	6.037	6.080	OK
40	0.025	6.080	ERR
41	6.787	5.676	OK
42	5.916	6.156	OK
43	0.017	5.239	ERR
44	0.016	4.641	ERR
45	0.016	2.965	ERR
MEJORA: 28 better than: 24
46	7.548	3.297	OK
47	0.017	2.640	ERR
48	0.016	2.640	ERR
49	0.016	2.037	ERR
MEJORA: 14 better than: 12
50	7.342	2.769	OK
51	0.031	2.094	ERR
52	10.806	2.582	OK
53	0.024	2.583	ERR
54	13.553	3.937	OK
55	0.017	3.937	ERR
56	16.157	4.798	OK
57	0.022	4.798	ERR
58	0.024	4.799	ERR
59	0.032	4.801	ERR
MEJORA: 40 better than: 36
60	2.882	4.355	OK
61	0.021	4.354	ERR
62	14.227	4.696	OK
63	0.017	4.695	ERR
MEJORA: 30 better than: 24
64	10.151	4.355	OK
65	8.907	5.244	OK
66	1.147	3.743	OK
67	0.015	3.742	ERR
68	0.026	3.742	ERR
69	0.015	3.741	ERR
70	0.022	3.455	ERR
71	0.013	3.454	ERR
72	1.160	2.147	OK
73	0.025	2.148	ERR
74	0.017	1.135	ERR
75	0.031	0.247	ERR
76	1.040	0.236	OK
77	0.778	0.313	OK
78	0.020	0.312	ERR
79	0.024	0.313	ERR
80	0.016	0.312	ERR
81	0.015	0.313	ERR
82	0.016	0.198	ERR
83	1.106	0.306	OK
84	8.973	1.202	OK
MEJORA: 24 better than: 20
85	2.917	1.490	OK
86	0.031	1.390	ERR
87	0.017	1.313	ERR
88	0.019	1.313	ERR
89	0.022	1.313	ERR
90	9.149	2.226	OK
91	0.016	2.227	ERR
92	0.019	2.227	ERR
93	7.507	2.867	OK
94	0.020	1.972	ERR
95	0.027	1.683	ERR
96	7.153	2.395	OK
MEJORA: 41 better than: 36
97	11.068	3.500	OK
98	0.022	3.500	ERR
99	1.063	3.604	OK
100	0.016	2.691	ERR
101	0.019	2.691	ERR
102	0.019	2.691	ERR
103	0.015	1.942	ERR
104	10.471	2.987	OK
105	3.963	3.381	OK
106	1.401	2.806	OK
MEJORA: 40 better than: 30
107	1.308	1.830	OK
108	0.032	1.831	ERR
109	0.020	1.726	ERR
110	0.022	1.727	ERR
111	1.120	1.837	OK
112	0.031	1.838	ERR
MEJORA: 44 better than: 40
113	10.544	2.891	OK
114	7.883	2.632	OK
115	0.019	2.238	ERR
116	6.877	2.786	OK
117	0.027	2.658	ERR
118	0.949	2.749	OK
119	0.805	2.828	OK
120	0.013	2.827	ERR
121	0.021	2.717	ERR
122	1.202	2.834	OK
123	0.020	1.782	ERR
124	0.019	0.995	ERR
125	0.031	0.997	ERR
126	0.021	0.311	ERR
127	0.024	0.311	ERR
128	7.359	0.952	OK
MEJORA: 64 better than: 48
129	14.560	2.327	OK
130	0.010	2.327	ERR
131	0.031	2.328	ERR
MEJORA: 35 better than: 31
132	17.836	3.991	OK
133	0.018	3.991	ERR
134	0.744	4.063	ERR
135	0.016	4.062	ERR
136	10.730	5.133	OK
MEJORA: 120 better than: 110
MEJORA: 110 better than: 100
MEJORA: 100 better than: 90
137	12.711	6.401	OK
138	0.019	5.667	ERR
MEJORA: 36 better than: 24
139	7.946	5.006	OK
140	0.015	5.007	ERR
141	7.891	5.793	OK
142	0.017	4.011	ERR
143	4.095	4.418	OK
144	0.024	4.347	ERR
145	0.031	4.348	ERR
146	6.454	3.920	OK
147	14.649	4.114	OK
148	0.022	4.115	ERR
149	0.027	3.323	ERR
150	0.031	3.324	ERR
151	0.032	2.538	ERR
152	0.026	2.539	ERR
MEJORA: 32 better than: 28
153	9.198	3.049	OK
154	0.019	3.049	ERR
155	1.918	3.238	OK
156	0.017	2.594	ERR
157	0.019	1.131	ERR
158	0.027	1.131	ERR
159	1.958	1.324	ERR
160	0.022	1.324	ERR
161	0.981	1.418	OK
162	0.027	1.419	ERR
163	0.019	0.501	ERR
164	0.031	0.502	ERR
165	9.745	1.285	OK
166	1.133	1.396	OK
167	0.010	1.395	ERR
168	8.587	2.251	OK
169	1.313	2.187	OK
170	0.019	2.187	ERR
MEJORA: 48 better than: 40
171	5.335	2.622	OK
172	0.022	2.621	ERR
173	0.016	2.621	ERR
174	0.018	2.620	ERR
175	0.017	1.647	ERR
MEJORA: 60 better than: 58
176	9.263	2.460	OK
177	0.016	2.461	ERR
178	0.018	1.604	ERR
179	0.021	1.474	ERR
180	0.027	1.475	ERR
181	0.016	0.943	ERR
182	8.630	1.804	OK
183	0.016	1.804	ERR
184	0.021	1.804	ERR
185	0.772	1.880	OK
186	1.097	1.063	OK
187	0.013	1.063	ERR
188	0.024	1.064	ERR
189	0.019	1.063	ERR
190	0.012	1.062	ERR
191	0.016	1.062	ERR
192	0.020	0.201	ERR
193	0.025	0.202	ERR
194	1.726	0.373	OK
MEJORA: 49 better than: 41
195	11.900	1.485	OK
196	7.798	2.155	OK
197	0.026	2.157	ERR
198	0.013	2.156	ERR
199	0.025	2.156	ERR
200	0.028	2.158	ERR
201	0.015	2.158	ERR
202	0.025	2.158	ERR
203	8.415	2.997	OK
204	2.125	3.037	OK
205	0.021	1.849	ERR
206	7.078	1.777	OK
207	0.015	1.776	ERR
208	0.013	1.776	ERR
209	1.006	1.874	OK
210	0.032	1.874	ERR
211	0.024	1.875	ERR
212	0.031	1.876	ERR
213	0.024	1.037	ERR
MEJORA: 14 better than: 12
214	7.302	1.555	OK
215	2.222	1.775	OK
MEJORA: 88 better than: 80
MEJORA: 80 better than: 56
MEJORA: 56 better than: 48
216	11.792	2.246	OK
MEJORA: 64 better than: 56
217	19.191	4.164	OK
218	0.032	4.166	ERR
219	0.022	4.067	ERR
220	0.015	4.066	ERR
221	0.010	4.064	ERR
222	0.031	4.064	ERR
223	10.069	5.069	OK
224	14.490	5.787	OK
225	1.334	5.699	OK
226	0.021	4.521	ERR
227	0.668	2.669	OK
228	4.051	3.071	OK
229	0.021	3.071	ERR
230	0.020	3.071	ERR
231	0.110	3.082	ERR
232	0.024	3.081	ERR
233	0.010	2.075	ERR
234	7.744	1.400	OK
235	0.027	1.270	ERR
236	0.019	1.269	ERR
237	0.024	1.205	ERR
238	0.032	0.803	ERR
239	16.057	2.407	OK
240	0.013	2.406	ERR
241	0.814	2.476	ERR
242	0.016	2.476	ERR
243	0.366	2.511	OK
244	8.009	2.538	OK
245	0.019	2.537	ERR
246	0.022	2.537	ERR
247	1.298	2.665	OK
248	2.401	2.902	OK
249	2.354	1.531	OK
250	10.232	2.553	OK
251	0.019	2.474	ERR
252	0.024	2.475	ERR
253	0.024	2.440	ERR
254	0.024	1.642	ERR
255	0.019	1.642	ERR
256	8.170	2.457	OK
257	6.880	3.015	OK
258	0.025	2.777	ERR
259	1.116	2.653	OK
260	0.016	1.632	ERR
261	7.055	2.335	OK
262	0.601	2.393	ERR
263	2.726	2.663	OK
MEJORA: 40 better than: 37
MEJORA: 37 better than: 35
264	18.786	4.540	OK
MEJORA: 50 better than: 40
265	9.805	5.518	OK
266	0.025	4.704	ERR
MEJORA: 74 better than: 63
MEJORA: 63 better than: 39
MEJORA: 39 better than: 33
267	11.992	5.215	OK
268	0.016	5.214	ERR
269	0.019	5.104	ERR
270	0.021	5.105	ERR
271	0.020	4.401	ERR
272	3.916	4.733	OK
273	1.511	4.611	OK
274	0.032	2.736	ERR
275	0.025	1.758	ERR
276	0.027	1.758	ERR
277	11.544	1.713	OK
278	0.029	1.714	ERR
279	0.015	1.714	ERR
280	0.028	1.715	ERR
281	0.032	1.716	ERR
282	14.091	2.733	OK
MEJORA: 30 better than: 24
283	2.875	2.870	OK
284	0.016	2.868	ERR
285	0.013	2.867	ERR
286	14.592	4.324	OK
MEJORA: 20 better than: 14
287	8.754	4.045	OK
288	0.013	4.043	ERR
289	0.024	4.044	ERR
290	0.016	4.043	ERR
291	0.022	4.042	ERR
292	0.012	2.634	ERR
293	6.534	3.000	OK
294	0.016	3.000	ERR
295	0.021	3.000	ERR
296	0.992	1.640	OK
297	0.024	0.767	ERR
298	0.019	0.768	ERR
MEJORA: 36 better than: 32
MEJORA: 32 better than: 28
299	14.775	2.243	OK
300	6.887	2.930	OK
301	0.846	3.013	OK
302	0.672	3.079	OK
303	0.023	2.427	ERR
MEJORA: 81 better than: 71
MEJORA: 71 better than: 65
MEJORA: 65 better than: 49
304	15.363	3.962	OK
305	0.015	3.962	ERR
MEJORA: 51 better than: 36
306	7.387	4.601	OK
307	6.058	5.204	OK
308	0.381	5.241	OK
309	5.654	4.329	OK
310	0.024	3.642	ERR
311	0.022	3.560	ERR
312	0.021	3.495	ERR
313	11.642	4.657	OK
314	0.015	3.122	ERR
315	0.010	3.121	ERR
316	0.476	2.430	ERR
317	10.020	2.827	OK
318	0.025	2.791	ERR
319	0.010	2.226	ERR
320	0.016	2.226	ERR
321	0.020	2.225	ERR
322	0.019	2.225	ERR
323	0.032	1.064	ERR
324	0.418	1.105	ERR
325	0.739	1.178	OK
326	0.016	1.132	ERR
327	0.032	0.133	ERR
328	2.009	0.331	OK
329	0.021	0.332	ERR
330	0.022	0.333	ERR
331	0.025	0.333	ERR
332	0.016	0.333	ERR
333	0.032	0.333	ERR
334	1.110	0.402	OK
335	0.016	0.330	ERR
336	0.026	0.331	ERR
337	2.525	0.580	ERR
338	0.019	0.381	ERR
339	0.016	0.381	ERR
MEJORA: 28 better than: 24
340	10.766	1.455	OK
341	11.931	2.646	OK
342	22.518	4.896	OK
343	13.924	6.285	OK
344	6.291	6.803	OK
MEJORA: 36 better than: 32
MEJORA: 32 better than: 28
345	10.324	7.834	OK
346	0.031	7.835	ERR
347	4.839	8.066	OK
348	0.010	8.065	ERR
349	0.016	8.065	ERR
350	0.019	6.990	ERR
351	0.021	5.799	ERR
352	15.072	5.055	OK
353	1.568	3.819	OK
354	0.022	3.192	ERR
355	0.025	2.162	ERR
356	0.022	2.161	ERR
357	1.204	1.798	ERR
358	8.808	2.678	OK
359	0.016	2.678	ERR
360	0.020	2.678	ERR
361	13.418	4.017	OK
362	14.571	3.967	OK
363	2.228	4.033	ERR
364	9.297	4.961	OK
365	11.986	6.157	OK
366	0.016	6.156	ERR
367	0.017	6.038	ERR
368	0.010	5.158	ERR
369	0.016	5.158	ERR
370	0.815	5.237	OK
371	1.370	4.033	OK
372	0.020	2.577	ERR
373	0.021	2.357	ERR
374	0.016	1.429	ERR
375	0.022	0.232	ERR
376	5.915	0.822	OK
377	0.026	0.823	ERR
378	6.909	1.513	OK
379	0.025	1.514	ERR
380	0.019	1.434	ERR
381	0.019	1.299	ERR
382	1.010	1.398	ERR
383	0.026	1.399	ERR
384	2.392	1.636	OK
385	0.019	1.636	ERR
386	0.032	1.048	ERR
387	0.032	1.048	ERR
388	0.016	0.359	ERR
389	0.793	0.436	ERR
390	8.143	1.248	OK
391	0.032	1.250	ERR
392	0.013	1.150	ERR
393	19.393	3.087	OK
394	0.022	2.850	ERR
395	0.016	2.849	ERR
396	0.019	2.848	ERR
397	0.020	2.847	ERR
MEJORA: 85 better than: 75
MEJORA: 75 better than: 74
398	12.851	4.130	OK
399	0.020	4.053	ERR

---- Final results ----
400 NS requests
241 failed requests
159 success requests
35 improved requests
1123.033 ellapsed time
