#req	time (sec)	avg. time (sec)	mapping
0	0.019	0.000	ERR
1	3.586	0.000	OK
2	0.732	0.000	OK
3	0.020	0.000	ERR
4	4.870	0.000	OK
MEJORA: 32 better than: 30
5	5.549	0.000	OK
6	1.232	0.000	OK
7	1.083	0.000	OK
8	0.024	0.000	ERR
9	0.025	0.000	ERR
10	0.019	1.714	ERR
11	0.991	1.455	OK
12	0.793	1.461	OK
13	0.021	1.461	ERR
14	6.915	1.665	OK
15	4.281	1.538	OK
16	0.588	1.474	OK
17	0.028	1.369	ERR
18	2.005	1.567	OK
19	3.370	1.901	OK
20	2.340	2.133	OK
21	0.027	2.037	ERR
22	1.339	2.092	OK
23	0.016	2.091	ERR
24	4.491	1.849	OK
25	6.415	2.062	OK
26	0.020	2.005	ERR
27	0.013	2.004	ERR
28	0.020	1.805	ERR
29	1.318	1.600	OK
30	0.024	1.368	ERR
MEJORA: 65 better than: 61
MEJORA: 61 better than: 39
MEJORA: 39 better than: 37
31	5.301	1.896	OK
32	0.847	1.847	OK
33	4.570	2.302	OK
34	3.948	2.248	OK
MEJORA: 40 better than: 34
35	7.894	2.396	OK
36	2.917	2.685	OK
37	2.933	2.977	OK
38	0.016	2.977	ERR
39	3.539	3.199	OK
40	0.025	3.199	ERR
41	3.956	3.064	OK
42	4.418	3.422	OK
43	0.017	2.966	ERR
44	0.016	2.573	ERR
45	0.016	1.785	ERR
46	4.612	1.955	OK
47	0.017	1.663	ERR
48	0.016	1.663	ERR
49	0.016	1.311	ERR
50	4.405	1.749	OK
51	0.032	1.356	ERR
52	4.910	1.406	OK
53	0.024	1.406	ERR
54	8.716	2.276	OK
55	0.018	2.277	ERR
MEJORA: 54 better than: 46
56	6.849	2.500	OK
57	0.022	2.501	ERR
58	0.025	2.502	ERR
59	0.031	2.503	ERR
MEJORA: 44 better than: 40
MEJORA: 40 better than: 32
60	5.669	2.630	OK
61	0.021	2.629	ERR
62	7.214	2.859	OK
63	0.018	2.858	ERR
MEJORA: 30 better than: 24
64	5.433	2.530	OK
65	7.130	3.241	OK
66	1.520	2.708	OK
67	0.015	2.708	ERR
68	0.026	2.708	ERR
69	0.015	2.706	ERR
70	0.022	2.141	ERR
71	0.013	2.140	ERR
72	0.993	1.518	OK
73	0.025	1.519	ERR
74	0.017	0.977	ERR
75	0.032	0.268	ERR
76	0.966	0.212	OK
77	0.919	0.303	OK
78	0.021	0.302	ERR
79	0.024	0.303	ERR
80	0.016	0.302	ERR
81	0.015	0.303	ERR
82	0.016	0.205	ERR
83	1.011	0.303	OK
84	2.650	0.567	OK
MEJORA: 24 better than: 20
85	1.383	0.702	OK
86	0.032	0.609	ERR
87	0.017	0.518	ERR
88	0.019	0.518	ERR
89	0.022	0.518	ERR
90	5.562	1.073	OK
91	0.016	1.073	ERR
92	0.019	1.073	ERR
93	4.090	1.381	OK
94	0.020	1.118	ERR
95	0.026	0.982	ERR
96	3.372	1.316	OK
97	5.011	1.816	OK
98	0.022	1.816	ERR
99	1.272	1.941	OK
100	0.016	1.387	ERR
101	0.019	1.387	ERR
102	0.019	1.387	ERR
103	0.015	0.979	ERR
MEJORA: 40 better than: 34
104	8.707	1.848	OK
105	1.943	2.040	OK
106	1.079	1.810	OK
107	1.197	1.429	OK
108	0.032	1.430	ERR
109	0.021	1.305	ERR
110	0.022	1.305	ERR
111	0.915	1.395	OK
112	0.032	1.396	ERR
113	7.650	2.160	OK
114	4.207	1.710	OK
115	0.019	1.517	ERR
116	3.223	1.732	OK
117	0.027	1.615	ERR
118	0.837	1.695	OK
119	0.884	1.782	OK
120	0.013	1.781	ERR
121	0.022	1.691	ERR
122	0.944	1.783	OK
123	0.021	1.020	ERR
124	0.019	0.601	ERR
125	0.032	0.602	ERR
126	0.022	0.282	ERR
127	0.024	0.282	ERR
128	5.612	0.759	OK
129	4.664	1.137	OK
130	0.010	1.137	ERR
131	0.031	1.138	ERR
132	4.902	1.534	OK
133	0.018	1.533	ERR
134	0.642	1.596	ERR
135	0.016	1.594	ERR
136	1.336	1.726	OK
MEJORA: 54 better than: 46
MEJORA: 46 better than: 44
MEJORA: 44 better than: 40
137	8.530	2.576	OK
138	0.020	2.017	ERR
139	4.390	1.990	OK
140	0.015	1.990	ERR
141	8.137	2.801	OK
142	0.017	2.312	ERR
MEJORA: 24 better than: 20
143	3.076	2.618	OK
144	0.024	2.556	ERR
145	0.032	2.558	ERR
146	3.657	2.790	OK
MEJORA: 20 better than: 14
147	7.752	2.712	OK
148	0.022	2.712	ERR
149	0.027	2.276	ERR
150	0.031	2.278	ERR
151	0.032	1.467	ERR
152	0.026	1.468	ERR
153	4.996	1.660	OK
154	0.019	1.659	ERR
155	0.994	1.756	OK
156	0.017	1.392	ERR
157	0.020	0.618	ERR
158	0.027	0.619	ERR
159	1.862	0.802	ERR
160	0.022	0.802	ERR
161	0.894	0.888	OK
162	0.028	0.888	ERR
163	0.020	0.390	ERR
164	0.033	0.392	ERR
165	5.237	0.816	OK
166	1.303	0.945	OK
167	0.010	0.944	ERR
MEJORA: 37 better than: 31
168	3.925	1.333	OK
169	3.138	1.461	OK
170	0.019	1.461	ERR
171	1.796	1.551	OK
172	0.022	1.550	ERR
173	0.016	1.550	ERR
174	0.018	1.548	ERR
175	0.017	1.026	ERR
176	3.414	1.237	OK
177	0.016	1.238	ERR
178	0.018	0.847	ERR
179	0.021	0.536	ERR
180	0.027	0.536	ERR
181	0.016	0.358	ERR
MEJORA: 41 better than: 36
182	4.882	0.844	OK
183	0.016	0.844	ERR
184	0.021	0.845	ERR
185	0.690	0.912	OK
186	0.947	0.665	OK
187	0.013	0.665	ERR
188	0.024	0.666	ERR
189	0.019	0.666	ERR
190	0.012	0.664	ERR
191	0.016	0.664	ERR
192	0.020	0.178	ERR
193	0.026	0.179	ERR
194	1.486	0.325	OK
MEJORA: 30 better than: 20
195	5.680	0.824	OK
196	3.410	1.071	OK
197	0.026	1.072	ERR
198	0.013	1.071	ERR
199	0.024	1.071	ERR
200	0.028	1.073	ERR
201	0.015	1.073	ERR
202	0.024	1.073	ERR
203	0.638	1.134	ERR
204	0.770	1.063	OK
205	0.022	0.497	ERR
MEJORA: 20 better than: 18
206	7.409	0.897	OK
207	0.015	0.896	ERR
208	0.013	0.896	ERR
209	0.347	0.928	ERR
210	0.032	0.928	ERR
211	0.024	0.929	ERR
212	0.032	0.930	ERR
213	0.024	0.869	ERR
MEJORA: 16 better than: 10
214	2.737	1.065	OK
215	0.842	1.147	OK
MEJORA: 34 better than: 32
216	5.711	0.978	OK
MEJORA: 60 better than: 57
MEJORA: 57 better than: 44
MEJORA: 44 better than: 43
217	9.447	1.921	OK
218	0.032	1.923	ERR
219	0.022	1.890	ERR
220	0.015	1.889	ERR
221	0.010	1.887	ERR
222	0.031	1.887	ERR
223	4.231	2.308	OK
224	5.344	2.568	OK
225	1.291	2.613	OK
226	0.021	2.044	ERR
227	0.542	1.154	OK
MEJORA: 56 better than: 52
MEJORA: 52 better than: 30
228	3.763	1.527	OK
229	0.020	1.527	ERR
230	0.019	1.527	ERR
231	6.829	2.209	OK
232	0.024	2.208	ERR
233	0.010	1.786	ERR
234	3.316	1.583	OK
235	0.028	1.457	ERR
236	0.019	1.457	ERR
237	0.024	1.405	ERR
238	0.031	1.032	ERR
MEJORA: 21 better than: 16
239	8.693	1.899	OK
240	0.013	1.899	ERR
241	0.675	1.283	ERR
242	0.016	1.282	ERR
243	0.249	1.306	OK
244	5.287	1.503	OK
245	0.019	1.503	ERR
246	0.022	1.503	ERR
247	1.039	1.604	OK
248	1.239	1.725	OK
249	0.620	0.918	OK
250	1.297	1.046	ERR
251	0.019	0.981	ERR
252	0.024	0.981	ERR
253	0.024	0.959	ERR
254	0.024	0.433	ERR
255	0.019	0.433	ERR
256	5.996	1.030	OK
257	5.378	1.464	OK
258	0.025	1.343	ERR
259	0.927	1.373	OK
260	0.016	1.245	ERR
MEJORA: 66 better than: 50
261	11.732	2.416	OK
262	0.737	2.488	ERR
263	2.497	2.735	OK
264	7.153	3.448	OK
265	6.466	4.093	OK
266	0.025	3.495	ERR
267	0.010	2.959	ERR
268	0.016	2.958	ERR
269	0.019	2.867	ERR
270	0.021	2.867	ERR
271	0.020	1.696	ERR
272	3.930	2.016	OK
273	1.180	1.884	OK
274	0.032	1.172	ERR
275	0.024	0.528	ERR
276	0.026	0.528	ERR
277	0.377	0.565	ERR
278	0.027	0.566	ERR
279	0.015	0.565	ERR
280	0.027	0.566	ERR
281	0.032	0.567	ERR
282	7.477	0.922	OK
MEJORA: 30 better than: 24
283	2.296	1.033	OK
284	0.016	1.032	ERR
285	0.013	1.031	ERR
286	0.711	1.099	ERR
287	7.865	1.848	OK
288	0.013	1.846	ERR
289	0.024	1.847	ERR
290	0.016	1.846	ERR
291	0.022	1.845	ERR
292	0.012	1.099	ERR
293	3.437	1.213	OK
294	0.016	1.213	ERR
295	0.020	1.214	ERR
296	1.033	1.246	OK
297	0.024	0.462	ERR
298	0.019	0.462	ERR
299	7.065	1.167	OK
300	3.984	1.563	OK
301	0.945	1.656	OK
302	0.552	1.710	OK
303	0.022	1.368	ERR
MEJORA: 31 better than: 27
304	7.393	2.106	OK
305	0.015	2.105	ERR
306	4.970	2.499	OK
307	6.375	3.134	OK
308	0.302	3.162	OK
309	4.789	2.935	OK
310	0.025	2.539	ERR
311	0.022	2.446	ERR
312	0.021	2.393	ERR
313	5.931	2.984	OK
314	0.015	2.246	ERR
315	0.010	2.246	ERR
316	5.911	2.340	OK
317	0.106	1.713	ERR
318	0.024	1.685	ERR
319	0.010	1.207	ERR
320	0.016	1.207	ERR
321	0.019	1.206	ERR
322	0.018	1.206	ERR
323	0.031	0.616	ERR
324	0.372	0.652	ERR
MEJORA: 43 better than: 42
MEJORA: 42 better than: 34
325	4.780	1.129	OK
326	0.016	0.539	ERR
327	0.032	0.532	ERR
328	1.238	0.653	OK
329	0.021	0.654	ERR
330	0.022	0.655	ERR
331	0.024	0.655	ERR
332	0.016	0.655	ERR
333	0.031	0.655	ERR
334	1.080	0.726	OK
335	0.016	0.249	ERR
336	0.025	0.250	ERR
MEJORA: 53 better than: 52
MEJORA: 52 better than: 48
MEJORA: 48 better than: 47
337	9.547	1.202	OK
338	0.018	1.080	ERR
339	0.016	1.080	ERR
340	8.246	1.902	OK
MEJORA: 58 better than: 42
341	8.519	2.751	OK
342	7.410	3.491	OK
343	5.836	4.071	OK
344	2.936	4.257	OK
345	6.794	4.935	OK
346	0.032	4.935	ERR
347	1.762	4.157	OK
348	0.010	4.156	ERR
349	0.016	4.156	ERR
350	0.019	3.333	ERR
351	0.021	2.483	ERR
352	4.491	2.192	OK
353	0.998	1.708	OK
354	0.022	1.416	ERR
355	0.024	0.739	ERR
356	0.022	0.738	ERR
357	3.337	0.896	OK
358	4.479	1.343	OK
359	0.016	1.343	ERR
360	0.019	1.343	ERR
361	6.796	2.020	OK
362	3.429	1.914	OK
363	2.739	2.088	ERR
364	5.430	2.629	OK
365	6.147	3.241	OK
366	0.017	3.241	ERR
367	0.018	2.909	ERR
368	0.010	2.462	ERR
369	0.016	2.462	ERR
370	0.739	2.534	OK
371	1.276	1.982	OK
372	0.020	1.641	ERR
373	0.021	1.369	ERR
374	0.017	0.828	ERR
375	0.023	0.216	ERR
MEJORA: 66 better than: 54
MEJORA: 54 better than: 42
376	5.602	0.774	OK
377	0.026	0.775	ERR
378	5.851	1.359	OK
379	0.025	1.360	ERR
380	0.020	1.288	ERR
381	0.019	1.162	ERR
382	0.836	1.244	ERR
383	0.026	1.244	ERR
384	1.349	1.378	OK
385	0.020	1.377	ERR
386	0.033	0.821	ERR
387	0.032	0.821	ERR
388	0.016	0.238	ERR
389	0.847	0.320	ERR
390	5.802	0.898	OK
391	0.033	0.899	ERR
MEJORA: 56 better than: 42
MEJORA: 42 better than: 38
392	5.538	1.370	OK
393	1.572	1.524	OK
394	0.022	1.391	ERR
395	0.016	1.391	ERR
396	0.018	1.390	ERR
397	0.019	1.388	ERR
MEJORA: 30 better than: 29
MEJORA: 29 better than: 21
MEJORA: 21 better than: 19
398	5.578	1.944	OK
399	0.019	1.862	ERR

---- Final results ----
400 NS requests
243 failed requests
157 success requests
29 improved requests
630.810 ellapsed time
