#req	time (sec)	avg. time (sec)	mapping
0	0.021	0.000	ERR
1	12.397	0.000	OK
2	1.285	0.000	OK
3	0.021	0.000	ERR
MEJORA: 40 better than: 38
4	14.845	0.000	OK
5	10.281	0.000	OK
MEJORA: 32 better than: 24
6	1.983	0.000	OK
MEJORA: 32 better than: 24
7	1.726	0.000	OK
8	0.025	0.000	ERR
9	0.026	0.000	ERR
10	0.020	4.261	ERR
11	1.918	3.213	OK
12	1.353	3.220	OK
13	0.022	3.220	ERR
14	19.079	3.643	OK
15	6.492	3.264	OK
16	0.675	3.134	OK
17	0.028	2.964	ERR
18	4.476	3.409	OK
19	5.038	3.910	OK
20	4.738	4.382	OK
21	0.027	4.193	ERR
22	5.906	4.648	OK
23	0.017	4.648	ERR
24	16.444	4.384	OK
25	19.041	5.639	OK
26	0.022	5.574	ERR
27	0.014	5.572	ERR
28	0.021	5.127	ERR
MEJORA: 70 better than: 60
MEJORA: 60 better than: 50
MEJORA: 50 better than: 40
29	2.493	4.872	OK
30	0.025	4.401	ERR
31	13.796	5.778	OK
MEJORA: 16 better than: 12
32	1.685	5.356	OK
33	14.027	6.757	OK
34	9.486	6.061	OK
35	23.536	6.510	OK
MEJORA: 32 better than: 24
36	6.008	7.109	OK
37	8.591	7.967	OK
38	0.016	7.966	ERR
39	7.239	8.441	OK
40	0.025	8.441	ERR
MEJORA: 24 better than: 18
41	7.203	7.782	OK
42	9.774	8.591	OK
43	0.018	7.190	ERR
44	0.017	6.243	ERR
45	0.016	3.891	ERR
MEJORA: 28 better than: 24
46	9.755	4.265	OK
47	0.018	3.408	ERR
48	0.017	3.408	ERR
49	0.017	2.686	ERR
MEJORA: 14 better than: 12
50	10.821	3.766	OK
51	0.033	3.048	ERR
52	16.374	3.708	OK
53	0.025	3.709	ERR
54	20.083	5.716	OK
55	0.018	5.716	ERR
56	24.372	7.178	OK
57	0.023	7.178	ERR
58	0.025	7.179	ERR
59	0.033	7.181	ERR
60	7.873	6.886	OK
61	0.021	6.885	ERR
62	21.050	7.352	OK
63	0.018	7.352	ERR
MEJORA: 30 better than: 24
MEJORA: 24 better than: 18
64	14.517	6.795	OK
65	15.128	8.306	OK
66	1.599	6.029	OK
67	0.016	6.028	ERR
68	0.027	6.028	ERR
69	0.015	6.027	ERR
70	0.023	5.242	ERR
71	0.014	5.241	ERR
72	1.601	3.296	OK
73	0.026	3.297	ERR
74	0.018	1.847	ERR
75	0.033	0.337	ERR
76	1.477	0.325	OK
77	1.009	0.424	OK
78	0.021	0.424	ERR
79	0.025	0.425	ERR
80	0.016	0.424	ERR
81	0.016	0.424	ERR
82	0.017	0.266	ERR
83	1.532	0.416	OK
84	11.875	1.602	OK
MEJORA: 24 better than: 20
MEJORA: 20 better than: 16
85	4.474	2.046	OK
86	0.033	1.902	ERR
87	0.018	1.803	ERR
88	0.020	1.803	ERR
89	0.023	1.802	ERR
90	13.399	3.141	OK
91	0.017	3.141	ERR
92	0.020	3.141	ERR
93	12.378	4.226	OK
94	0.021	3.040	ERR
95	0.027	2.596	ERR
96	8.376	3.430	OK
97	14.558	4.884	OK
98	0.023	4.884	ERR
99	1.386	5.021	OK
100	0.016	3.682	ERR
101	0.020	3.683	ERR
102	0.019	3.682	ERR
103	0.015	2.446	ERR
104	14.983	3.942	OK
105	4.365	4.376	OK
106	1.220	3.661	OK
MEJORA: 40 better than: 30
107	1.885	2.393	OK
108	0.033	2.394	ERR
109	0.022	2.258	ERR
110	0.023	2.258	ERR
111	1.464	2.403	OK
112	0.032	2.404	ERR
MEJORA: 36 better than: 32
113	17.882	4.191	OK
MEJORA: 28 better than: 20
114	14.562	4.149	OK
115	0.020	3.714	ERR
MEJORA: 50 better than: 40
116	9.794	4.572	OK
117	0.029	4.386	ERR
118	2.604	4.643	OK
119	1.203	4.761	OK
120	0.014	4.760	ERR
121	0.023	4.616	ERR
122	1.681	4.781	OK
123	0.021	2.995	ERR
124	0.020	1.541	ERR
125	0.033	1.542	ERR
126	0.023	0.565	ERR
127	0.025	0.565	ERR
128	11.209	1.425	OK
MEJORA: 64 better than: 56
MEJORA: 56 better than: 48
129	17.194	3.024	OK
130	0.010	3.024	ERR
131	0.033	3.025	ERR
132	0.010	2.858	ERR
133	0.019	2.858	ERR
134	0.768	2.932	ERR
135	0.017	2.931	ERR
MEJORA: 12 better than: 10
136	17.042	4.633	OK
137	16.751	6.305	OK
138	0.020	5.186	ERR
139	10.513	4.518	OK
140	0.015	4.519	ERR
141	11.637	5.679	OK
142	0.018	5.680	ERR
143	7.389	6.417	OK
144	0.025	6.343	ERR
145	0.033	6.344	ERR
146	9.610	5.601	OK
147	21.391	6.065	OK
148	0.023	6.065	ERR
149	0.028	5.017	ERR
150	0.033	5.019	ERR
151	0.033	3.858	ERR
152	0.027	3.859	ERR
153	15.287	4.649	OK
154	0.019	4.648	ERR
155	3.407	4.986	OK
156	0.017	4.027	ERR
157	0.019	1.889	ERR
158	0.027	1.890	ERR
159	17.740	3.661	OK
160	0.023	3.660	ERR
161	1.176	3.774	OK
162	0.028	3.774	ERR
163	0.020	2.248	ERR
164	0.033	2.249	ERR
165	14.039	3.312	OK
166	1.683	3.479	OK
167	0.010	3.478	ERR
MEJORA: 47 better than: 33
168	14.062	4.881	OK
169	2.194	3.327	OK
170	0.020	3.326	ERR
171	2.845	3.493	OK
172	0.023	3.493	ERR
173	0.017	3.492	ERR
174	0.019	3.491	ERR
175	0.018	2.089	ERR
176	6.693	2.590	OK
177	0.016	2.591	ERR
178	0.018	1.186	ERR
179	0.021	0.969	ERR
180	0.027	0.970	ERR
181	0.016	0.687	ERR
182	12.358	1.920	OK
183	0.017	1.920	ERR
184	0.022	1.920	ERR
185	1.566	2.075	OK
186	1.589	1.565	OK
187	0.013	1.565	ERR
188	0.025	1.565	ERR
189	0.020	1.565	ERR
190	0.013	1.564	ERR
191	0.017	1.564	ERR
192	0.021	0.330	ERR
193	0.027	0.331	ERR
194	2.501	0.579	OK
195	1.534	0.576	ERR
196	11.639	1.581	OK
197	0.027	1.582	ERR
198	0.013	1.581	ERR
199	0.025	1.582	ERR
200	0.028	1.583	ERR
201	0.015	1.583	ERR
202	0.025	1.583	ERR
MEJORA: 18 better than: 16
MEJORA: 16 better than: 14
203	12.241	2.805	OK
204	1.266	2.681	OK
205	0.022	2.530	ERR
MEJORA: 18 better than: 16
206	12.340	2.600	OK
207	0.015	2.599	ERR
208	0.013	2.599	ERR
209	8.136	3.410	OK
210	0.032	3.411	ERR
211	0.025	3.411	ERR
212	0.032	3.412	ERR
213	0.024	2.190	ERR
MEJORA: 14 better than: 12
214	15.787	3.643	OK
215	1.204	3.761	OK
MEJORA: 64 better than: 56
MEJORA: 56 better than: 48
216	4.716	2.998	OK
MEJORA: 64 better than: 56
217	27.107	5.707	OK
218	0.032	5.709	ERR
219	0.022	4.898	ERR
220	0.015	4.896	ERR
221	0.010	4.895	ERR
222	0.031	4.895	ERR
223	12.811	6.173	OK
224	20.500	6.645	OK
225	1.877	6.712	OK
226	0.020	6.242	ERR
227	1.248	3.657	OK
228	14.699	5.123	OK
229	0.020	5.123	ERR
230	0.019	5.123	ERR
231	0.726	5.195	ERR
232	0.024	5.194	ERR
233	0.010	3.914	ERR
MEJORA: 8 better than: 6
234	9.452	2.809	OK
235	0.027	2.624	ERR
236	0.019	2.624	ERR
237	0.024	2.502	ERR
238	0.031	1.035	ERR
MEJORA: 16 better than: 12
239	22.966	3.330	OK
240	0.013	3.329	ERR
241	0.496	3.306	ERR
242	0.016	3.305	ERR
243	0.971	3.401	OK
244	20.925	4.549	OK
245	0.019	4.548	ERR
246	0.021	4.548	ERR
247	3.097	4.855	OK
248	4.008	5.253	OK
249	1.067	3.063	OK
250	0.009	3.063	ERR
251	0.019	3.015	ERR
252	0.024	3.016	ERR
253	0.024	2.921	ERR
254	0.024	0.831	ERR
255	0.019	0.831	ERR
256	11.921	2.021	OK
257	9.999	2.711	OK
258	0.024	2.313	ERR
259	1.521	2.358	OK
260	0.016	2.359	ERR
261	12.370	3.594	OK
262	0.799	3.672	ERR
263	4.800	4.149	OK
MEJORA: 40 better than: 35
MEJORA: 35 better than: 33
264	25.352	6.682	OK
265	14.514	8.132	OK
266	0.025	6.942	ERR
267	11.397	7.082	OK
268	0.016	7.081	ERR
269	0.019	6.931	ERR
270	0.020	6.931	ERR
271	0.020	5.696	ERR
MEJORA: 40 better than: 32
272	7.752	6.391	OK
MEJORA: 30 better than: 20
273	1.791	6.090	OK
274	0.031	3.558	ERR
275	0.024	2.109	ERR
276	0.025	2.109	ERR
277	11.838	2.153	OK
278	0.027	2.154	ERR
279	0.014	2.154	ERR
280	0.026	2.155	ERR
281	0.031	2.156	ERR
282	19.960	3.377	OK
MEJORA: 30 better than: 24
MEJORA: 24 better than: 18
283	4.580	3.655	OK
284	0.016	3.654	ERR
285	0.012	3.653	ERR
286	0.918	3.742	ERR
MEJORA: 20 better than: 14
287	10.509	3.609	OK
288	0.012	3.608	ERR
289	0.024	3.609	ERR
290	0.016	3.608	ERR
291	0.021	3.607	ERR
292	0.012	1.612	ERR
293	8.176	1.972	OK
294	0.016	1.972	ERR
295	0.020	1.972	ERR
296	1.239	2.004	OK
297	0.024	0.956	ERR
298	0.019	0.957	ERR
299	14.400	2.394	OK
300	8.361	3.229	OK
301	1.042	3.331	OK
302	0.901	3.420	OK
303	0.021	2.604	ERR
304	4.869	3.090	OK
305	0.014	3.089	ERR
306	3.880	3.353	OK
307	17.059	5.057	OK
308	4.018	5.457	OK
309	7.667	4.783	OK
310	0.023	3.949	ERR
311	0.021	3.847	ERR
312	0.019	3.759	ERR
313	29.107	6.668	OK
314	0.015	6.182	ERR
315	0.010	6.182	ERR
MEJORA: 69 better than: 59
MEJORA: 59 better than: 51
MEJORA: 51 better than: 33
316	20.207	7.814	OK
MEJORA: 50 better than: 44
MEJORA: 44 better than: 38
317	14.959	7.604	OK
318	0.024	7.205	ERR
319	0.009	6.439	ERR
320	0.016	6.439	ERR
321	0.019	6.438	ERR
322	0.018	6.438	ERR
323	0.031	3.531	ERR
324	15.140	5.043	OK
325	0.947	5.137	OK
326	0.016	3.118	ERR
327	0.031	1.625	ERR
328	2.078	1.830	OK
329	0.020	1.832	ERR
330	0.021	1.832	ERR
331	0.024	1.833	ERR
332	0.016	1.832	ERR
333	0.031	1.832	ERR
334	1.411	0.459	OK
335	0.016	0.366	ERR
336	0.025	0.367	ERR
337	0.994	0.464	ERR
338	0.018	0.257	ERR
339	0.016	0.257	ERR
MEJORA: 28 better than: 24
340	14.572	1.712	OK
341	14.661	3.176	OK
MEJORA: 43 better than: 41
342	35.111	6.685	OK
MEJORA: 56 better than: 48
343	19.018	8.584	OK
344	5.935	9.036	OK
345	15.607	10.596	OK
346	0.031	10.596	ERR
MEJORA: 32 better than: 24
347	2.669	10.764	OK
348	0.009	10.763	ERR
349	0.016	10.763	ERR
350	0.019	9.308	ERR
351	0.021	7.844	ERR
352	1.431	4.476	OK
353	1.498	2.723	OK
354	0.021	2.132	ERR
355	0.024	0.574	ERR
356	0.021	0.573	ERR
357	1.181	0.424	ERR
358	3.980	0.821	OK
359	0.016	0.821	ERR
360	0.019	0.821	ERR
361	17.392	2.558	OK
362	27.712	5.186	OK
363	1.540	5.190	ERR
364	9.091	6.097	OK
365	12.767	7.372	OK
366	0.016	7.371	ERR
367	0.017	7.255	ERR
368	0.009	6.858	ERR
369	0.015	6.858	ERR
370	1.278	6.984	OK
MEJORA: 40 better than: 30
371	1.872	5.432	OK
372	0.019	2.662	ERR
373	0.020	2.510	ERR
374	0.016	1.603	ERR
375	0.021	0.328	ERR
376	11.187	1.446	OK
377	0.025	1.446	ERR
MEJORA: 90 better than: 80
378	9.082	2.354	OK
379	0.023	2.354	ERR
380	0.018	2.228	ERR
381	0.018	2.043	ERR
382	2.664	2.308	ERR
383	0.025	2.308	ERR
384	2.780	2.584	OK
385	0.019	2.584	ERR
386	0.031	1.469	ERR
387	0.031	1.469	ERR
388	0.016	0.563	ERR
389	0.732	0.633	ERR
390	11.815	1.813	OK
391	0.031	1.814	ERR
MEJORA: 65 better than: 46
MEJORA: 46 better than: 44
392	25.411	4.089	OK
393	24.985	6.585	OK
394	0.021	6.309	ERR
395	0.016	6.309	ERR
396	0.018	6.307	ERR
397	0.019	6.306	ERR
MEJORA: 58 better than: 33
398	34.336	9.738	OK
399	0.019	9.667	ERR

---- Final results ----
400 NS requests
241 failed requests
159 success requests
40 improved requests
1569.844 ellapsed time
