#req	time (sec)	avg. time (sec)	mapping
0	0.019	0.000	ERR
1	9.901	0.000	OK
2	1.752	0.000	OK
3	0.019	0.000	ERR
4	12.847	0.000	OK
MEJORA: 32 better than: 30
MEJORA: 30 better than: 28
5	15.558	0.000	OK
MEJORA: 32 better than: 24
6	2.844	0.000	OK
MEJORA: 32 better than: 24
7	2.405	0.000	OK
8	0.024	0.000	ERR
9	0.024	0.000	ERR
10	0.019	4.539	ERR
11	2.595	3.809	OK
12	1.950	3.829	OK
13	0.021	3.829	ERR
14	19.541	4.498	OK
15	7.770	3.719	OK
16	1.390	3.574	OK
17	0.029	3.336	ERR
18	4.451	3.779	OK
19	6.858	4.462	OK
20	5.545	5.015	OK
21	0.026	4.758	ERR
22	5.628	5.126	OK
23	0.016	5.125	ERR
24	12.205	4.392	OK
25	18.286	5.444	OK
26	0.021	5.307	ERR
27	0.013	5.305	ERR
28	0.020	4.862	ERR
MEJORA: 70 better than: 60
MEJORA: 60 better than: 50
MEJORA: 50 better than: 40
29	3.599	4.536	OK
30	0.024	3.984	ERR
MEJORA: 65 better than: 43
31	12.421	5.223	OK
MEJORA: 16 better than: 12
32	2.486	4.909	OK
33	13.010	6.208	OK
MEJORA: 40 better than: 32
34	11.332	6.121	OK
MEJORA: 40 better than: 34
MEJORA: 34 better than: 32
35	22.025	6.495	OK
MEJORA: 32 better than: 24
36	7.609	7.254	OK
37	10.335	8.286	OK
38	0.015	8.286	ERR
39	9.551	8.881	OK
40	0.024	8.881	ERR
MEJORA: 24 better than: 18
41	7.226	8.361	OK
42	12.542	9.367	OK
43	0.017	8.068	ERR
44	0.016	6.936	ERR
45	0.016	4.735	ERR
46	13.091	5.283	OK
47	0.017	4.252	ERR
48	0.016	4.252	ERR
49	0.016	3.298	ERR
MEJORA: 14 better than: 12
50	11.555	4.451	OK
51	0.032	3.732	ERR
52	13.634	3.841	OK
53	0.024	3.842	ERR
54	21.991	6.039	OK
55	0.017	6.039	ERR
MEJORA: 54 better than: 46
MEJORA: 46 better than: 44
56	18.822	6.612	OK
57	0.022	6.613	ERR
58	0.025	6.614	ERR
59	0.031	6.615	ERR
60	9.759	6.436	OK
61	0.021	6.434	ERR
MEJORA: 32 better than: 30
MEJORA: 30 better than: 28
62	18.945	6.966	OK
63	0.017	6.965	ERR
MEJORA: 30 better than: 24
MEJORA: 24 better than: 18
64	13.285	6.094	OK
MEJORA: 30 better than: 29
65	19.058	7.998	OK
66	3.550	6.471	OK
67	0.015	6.470	ERR
68	0.025	6.470	ERR
69	0.014	6.469	ERR
70	0.021	5.495	ERR
71	0.012	5.494	ERR
72	2.224	3.822	OK
73	0.025	3.823	ERR
74	0.017	2.496	ERR
75	0.031	0.593	ERR
76	2.114	0.450	OK
77	2.196	0.668	OK
78	0.020	0.667	ERR
79	0.024	0.668	ERR
80	0.016	0.668	ERR
81	0.015	0.668	ERR
82	0.016	0.447	ERR
83	2.145	0.659	OK
84	6.954	1.353	OK
MEJORA: 24 better than: 20
MEJORA: 20 better than: 16
85	5.630	1.913	OK
86	0.032	1.705	ERR
87	0.017	1.487	ERR
88	0.019	1.487	ERR
89	0.022	1.486	ERR
90	15.704	3.055	OK
91	0.016	3.055	ERR
92	0.020	3.056	ERR
93	10.324	3.874	OK
94	0.019	3.180	ERR
95	0.026	2.620	ERR
96	9.853	3.602	OK
97	15.210	5.121	OK
98	0.022	5.122	ERR
99	2.773	5.397	OK
100	0.016	3.828	ERR
101	0.019	3.828	ERR
102	0.019	3.828	ERR
103	0.015	2.797	ERR
MEJORA: 40 better than: 32
104	17.772	4.573	OK
105	3.996	4.970	OK
MEJORA: 30 better than: 28
106	3.801	4.364	OK
MEJORA: 40 better than: 30
107	2.676	3.111	OK
108	0.030	3.112	ERR
109	0.020	2.837	ERR
110	0.021	2.837	ERR
111	2.060	3.041	OK
112	0.031	3.042	ERR
MEJORA: 36 better than: 32
113	18.291	4.870	OK
MEJORA: 28 better than: 20
114	15.218	4.614	OK
115	0.020	4.217	ERR
MEJORA: 50 better than: 40
116	8.010	4.638	OK
117	0.029	4.373	ERR
118	4.491	4.819	OK
119	2.018	5.019	OK
120	0.013	5.018	ERR
121	0.022	4.814	ERR
122	4.903	5.301	OK
123	0.021	3.474	ERR
124	0.019	1.955	ERR
125	0.032	1.956	ERR
126	0.021	1.157	ERR
127	0.024	1.156	ERR
128	15.733	2.281	OK
MEJORA: 56 better than: 48
129	18.446	3.923	OK
130	0.010	3.923	ERR
131	0.032	3.924	ERR
132	8.016	4.235	OK
133	0.018	4.235	ERR
134	0.646	4.298	ERR
135	0.016	4.296	ERR
136	3.158	4.610	OK
MEJORA: 98 better than: 90
MEJORA: 90 better than: 44
MEJORA: 44 better than: 42
137	22.362	6.844	OK
138	0.020	5.272	ERR
139	13.976	4.825	OK
140	0.015	4.826	ERR
141	17.562	6.579	OK
142	0.017	5.779	ERR
MEJORA: 36 better than: 32
MEJORA: 32 better than: 28
MEJORA: 28 better than: 24
MEJORA: 24 better than: 20
143	11.143	6.892	OK
144	0.025	6.830	ERR
145	0.032	6.831	ERR
MEJORA: 24 better than: 20
146	6.105	7.126	OK
MEJORA: 18 better than: 16
MEJORA: 16 better than: 14
147	19.676	6.857	OK
148	0.021	6.857	ERR
149	0.027	5.462	ERR
150	0.030	5.464	ERR
151	0.031	3.711	ERR
152	0.025	3.711	ERR
MEJORA: 32 better than: 28
153	10.627	3.660	OK
154	0.019	3.659	ERR
155	3.401	3.996	OK
156	0.017	3.387	ERR
157	0.019	1.422	ERR
158	0.027	1.422	ERR
MEJORA: 44 better than: 38
MEJORA: 38 better than: 28
MEJORA: 28 better than: 23
159	14.554	2.875	OK
160	0.022	2.874	ERR
161	1.717	3.043	OK
162	0.027	3.043	ERR
163	0.019	1.982	ERR
164	0.032	1.984	ERR
165	14.550	3.099	OK
166	2.970	3.394	OK
167	0.010	3.393	ERR
MEJORA: 47 better than: 31
168	11.585	4.549	OK
169	2.789	3.372	OK
170	0.020	3.372	ERR
171	4.128	3.613	OK
172	0.022	3.612	ERR
173	0.016	3.612	ERR
174	0.018	3.611	ERR
175	0.017	2.157	ERR
176	9.873	2.848	OK
177	0.016	2.848	ERR
178	0.018	1.692	ERR
179	0.020	1.415	ERR
180	0.027	1.415	ERR
181	0.015	1.004	ERR
MEJORA: 41 better than: 36
MEJORA: 36 better than: 30
182	12.391	2.241	OK
183	0.015	2.241	ERR
184	0.020	2.241	ERR
185	1.756	2.415	OK
186	2.205	1.648	OK
187	0.012	1.648	ERR
188	0.023	1.648	ERR
189	0.018	1.648	ERR
190	0.012	1.647	ERR
191	0.015	1.647	ERR
192	0.019	0.410	ERR
193	0.024	0.410	ERR
194	3.379	0.746	OK
MEJORA: 28 better than: 26
195	7.525	1.323	OK
196	8.189	1.922	OK
197	0.025	1.923	ERR
198	0.012	1.922	ERR
199	0.024	1.922	ERR
200	0.026	1.924	ERR
201	0.014	1.924	ERR
202	0.023	1.924	ERR
203	11.472	3.069	OK
204	1.734	2.904	OK
205	0.021	2.154	ERR
MEJORA: 18 better than: 16
206	12.325	2.568	OK
207	0.014	2.567	ERR
208	0.012	2.567	ERR
209	10.328	3.597	OK
210	0.032	3.598	ERR
211	0.025	3.599	ERR
212	0.032	3.600	ERR
213	0.024	2.455	ERR
MEJORA: 14 better than: 12
214	11.096	3.391	OK
215	1.662	3.555	OK
MEJORA: 42 better than: 34
216	22.135	4.536	OK
MEJORA: 60 better than: 57
MEJORA: 57 better than: 44
MEJORA: 44 better than: 43
MEJORA: 43 better than: 35
217	25.150	7.050	OK
218	0.030	7.051	ERR
219	0.020	6.021	ERR
220	0.014	6.019	ERR
221	0.009	6.017	ERR
222	0.029	6.017	ERR
223	12.583	7.273	OK
MEJORA: 41 better than: 39
224	17.613	7.925	OK
225	2.884	8.047	OK
226	0.020	5.835	ERR
227	1.497	3.470	OK
MEJORA: 36 better than: 30
228	8.921	4.359	OK
229	0.020	4.359	ERR
230	0.019	4.360	ERR
231	0.121	4.371	ERR
232	0.024	4.370	ERR
233	0.009	3.113	ERR
234	2.802	1.632	OK
235	0.026	1.346	ERR
236	0.019	1.346	ERR
237	0.024	1.198	ERR
238	0.031	0.309	ERR
MEJORA: 16 better than: 12
239	16.520	1.959	OK
240	0.012	1.959	ERR
241	0.396	1.986	ERR
242	0.015	1.986	ERR
243	1.618	2.146	OK
244	0.018	1.868	ERR
245	0.019	1.867	ERR
246	0.021	1.867	ERR
247	3.768	2.242	OK
248	5.099	2.749	OK
249	1.445	1.241	OK
250	0.009	1.241	ERR
251	0.019	1.203	ERR
252	0.023	1.204	ERR
253	0.023	1.044	ERR
254	0.023	1.045	ERR
255	0.018	1.045	ERR
256	15.018	2.545	OK
MEJORA: 24 better than: 23
257	13.027	3.471	OK
258	0.025	2.963	ERR
259	2.207	3.039	OK
260	0.016	3.040	ERR
MEJORA: 46 better than: 42
MEJORA: 42 better than: 38
261	15.579	4.596	OK
262	0.780	4.672	ERR
263	6.412	5.310	OK
264	11.261	6.434	OK
MEJORA: 50 better than: 46
265	14.612	7.894	OK
266	0.024	6.394	ERR
267	9.909	6.082	OK
268	0.015	6.081	ERR
269	0.019	5.863	ERR
270	0.020	5.863	ERR
271	0.020	4.307	ERR
MEJORA: 40 better than: 32
272	8.681	5.097	OK
MEJORA: 30 better than: 20
273	2.033	4.659	OK
274	0.031	3.536	ERR
275	0.024	2.077	ERR
276	0.025	2.078	ERR
277	7.788	1.866	OK
278	0.027	1.867	ERR
279	0.015	1.866	ERR
280	0.027	1.867	ERR
281	0.032	1.868	ERR
282	19.142	2.914	OK
MEJORA: 30 better than: 24
MEJORA: 24 better than: 18
283	5.519	3.263	OK
284	0.015	3.261	ERR
285	0.012	3.260	ERR
286	0.699	3.328	ERR
287	12.016	3.751	OK
288	0.012	3.749	ERR
289	0.023	3.750	ERR
290	0.015	3.749	ERR
291	0.021	3.748	ERR
292	0.012	1.835	ERR
293	11.501	2.433	OK
294	0.016	2.433	ERR
295	0.020	2.434	ERR
296	2.268	2.590	OK
297	0.024	1.391	ERR
298	0.019	1.392	ERR
299	12.171	2.607	OK
300	10.421	3.647	OK
301	2.227	3.868	OK
302	1.196	3.986	OK
303	0.021	2.838	ERR
MEJORA: 26 better than: 22
MEJORA: 22 better than: 20
304	10.510	3.888	OK
305	0.014	3.887	ERR
306	3.537	4.014	OK
307	6.020	4.614	OK
308	3.636	4.975	OK
MEJORA: 38 better than: 36
309	19.323	5.691	OK
310	0.024	4.651	ERR
311	0.021	4.430	ERR
312	0.020	4.313	ERR
313	1.453	4.456	ERR
314	0.014	3.406	ERR
315	0.009	3.406	ERR
316	0.009	3.053	ERR
317	16.959	4.147	OK
318	0.024	3.786	ERR
319	0.009	1.854	ERR
320	0.016	1.853	ERR
321	0.019	1.853	ERR
322	0.018	1.853	ERR
323	0.031	1.711	ERR
324	12.833	2.993	OK
325	13.317	4.323	OK
326	0.016	4.324	ERR
327	0.031	2.631	ERR
328	2.927	2.922	OK
329	0.020	2.923	ERR
330	0.021	2.923	ERR
331	0.024	2.924	ERR
332	0.016	2.923	ERR
333	0.031	2.923	ERR
334	2.379	1.878	OK
335	0.016	0.548	ERR
336	0.025	0.549	ERR
MEJORA: 54 better than: 53
MEJORA: 53 better than: 51
337	25.402	3.086	OK
338	0.018	2.795	ERR
339	0.015	2.795	ERR
340	21.926	4.985	OK
MEJORA: 58 better than: 50
MEJORA: 50 better than: 46
341	22.882	7.271	OK
MEJORA: 23 better than: 21
MEJORA: 21 better than: 20
MEJORA: 20 better than: 19
342	22.646	9.534	OK
343	15.307	11.062	OK
344	7.635	11.587	OK
345	18.448	13.430	OK
346	0.032	13.431	ERR
MEJORA: 32 better than: 24
347	3.282	11.219	OK
348	0.010	11.218	ERR
349	0.016	11.218	ERR
350	0.019	9.028	ERR
351	0.021	6.741	ERR
MEJORA: 32 better than: 28
MEJORA: 28 better than: 24
352	16.791	6.156	OK
353	2.359	4.861	OK
354	0.022	4.100	ERR
355	0.024	2.258	ERR
356	0.021	2.257	ERR
MEJORA: 30 better than: 28
357	4.815	2.410	OK
358	7.951	3.204	OK
359	0.016	3.204	ERR
360	0.019	3.204	ERR
361	16.918	4.894	OK
362	13.588	4.573	OK
363	1.943	4.532	ERR
364	6.139	5.144	OK
365	15.748	6.716	OK
366	0.016	6.715	ERR
367	0.017	6.236	ERR
368	0.010	5.441	ERR
369	0.016	5.441	ERR
370	1.888	5.628	OK
MEJORA: 40 better than: 30
371	2.760	4.212	OK
372	0.020	2.856	ERR
373	0.021	2.663	ERR
374	0.016	2.051	ERR
375	0.022	0.479	ERR
376	13.839	1.861	OK
377	0.026	1.862	ERR
MEJORA: 99 better than: 91
378	11.147	2.975	OK
379	0.025	2.976	ERR
380	0.019	2.789	ERR
381	0.019	2.515	ERR
382	0.010	2.514	ERR
383	0.026	2.515	ERR
384	3.926	2.906	OK
385	0.019	2.906	ERR
386	0.032	1.525	ERR
387	0.031	1.525	ERR
388	0.016	0.412	ERR
389	0.796	0.489	ERR
390	12.789	1.766	OK
391	0.032	1.768	ERR
392	7.996	2.566	OK
393	6.945	3.258	OK
394	0.022	2.868	ERR
395	0.016	2.868	ERR
396	0.018	2.866	ERR
397	0.019	2.865	ERR
MEJORA: 19 better than: 17
398	18.282	4.692	OK
399	0.019	4.614	ERR

---- Final results ----
400 NS requests
240 failed requests
160 success requests
56 improved requests
1551.584 ellapsed time
