#req	time (sec)	avg. time (sec)	mapping
0	0.020	0.000	ERR
1	0.396	0.000	OK
2	0.320	0.000	OK
3	0.019	0.000	ERR
4	4.213	0.000	OK
5	0.814	0.000	OK
MEJORA: 48 better than: 40
6	2.485	0.000	OK
MEJORA: 48 better than: 40
7	2.089	0.000	OK
8	0.025	0.000	ERR
9	0.025	0.000	ERR
10	0.019	1.041	ERR
11	4.246	1.426	OK
12	0.731	1.467	OK
13	0.021	1.467	ERR
14	0.717	1.117	ERR
MEJORA: 24 better than: 20
15	0.618	1.098	OK
16	3.419	1.191	OK
17	0.028	0.985	ERR
18	1.316	1.114	OK
19	0.481	1.160	ERR
20	1.908	1.348	OK
21	0.026	0.926	ERR
22	0.754	0.929	OK
23	0.016	0.928	ERR
24	4.070	1.264	OK
MEJORA: 104 better than: 90
MEJORA: 90 better than: 88
MEJORA: 88 better than: 71
25	6.699	1.872	OK
26	0.021	1.532	ERR
27	0.013	1.530	ERR
28	0.020	1.401	ERR
MEJORA: 80 better than: 60
29	2.072	1.560	OK
30	0.024	1.372	ERR
31	1.034	1.472	OK
32	0.369	1.434	OK
MEJORA: 24 better than: 20
33	1.196	1.552	OK
34	3.149	1.460	OK
35	5.137	1.304	OK
36	4.433	1.745	OK
37	1.712	1.915	OK
38	0.016	1.914	ERR
39	2.417	1.949	OK
40	0.025	1.949	ERR
41	1.915	2.037	OK
42	1.328	2.133	OK
43	0.018	2.015	ERR
44	0.017	1.702	ERR
45	0.016	1.190	ERR
46	2.228	0.969	OK
47	0.017	0.800	ERR
48	0.016	0.800	ERR
49	0.016	0.560	ERR
50	1.143	0.671	OK
51	0.031	0.483	ERR
52	1.780	0.528	OK
53	0.024	0.529	ERR
54	2.514	0.778	OK
55	0.017	0.779	ERR
56	0.640	0.620	OK
57	0.022	0.620	ERR
58	0.025	0.621	ERR
59	0.032	0.623	ERR
60	0.870	0.595	OK
61	0.021	0.594	ERR
62	1.376	0.554	OK
63	0.017	0.553	ERR
64	2.108	0.513	OK
65	4.938	1.005	OK
66	2.491	1.190	OK
67	0.015	1.189	ERR
68	0.026	1.189	ERR
69	0.015	1.188	ERR
70	0.022	1.103	ERR
71	0.013	1.102	ERR
72	2.168	1.181	OK
73	0.026	1.182	ERR
74	0.017	0.973	ERR
75	0.032	0.482	ERR
MEJORA: 40 better than: 30
76	4.358	0.669	OK
77	3.077	0.975	OK
78	0.021	0.975	ERR
79	0.025	0.976	ERR
80	0.016	0.975	ERR
81	0.015	0.976	ERR
82	0.016	0.760	ERR
83	2.363	0.994	OK
84	1.266	1.119	OK
MEJORA: 36 better than: 32
MEJORA: 32 better than: 28
85	0.646	1.180	OK
86	2.277	0.972	OK
87	0.017	0.666	ERR
88	0.020	0.666	ERR
89	0.022	0.666	ERR
MEJORA: 36 better than: 32
90	0.638	0.728	OK
91	0.016	0.728	ERR
92	0.020	0.728	ERR
93	3.075	0.800	OK
94	0.019	0.675	ERR
95	0.026	0.613	ERR
96	2.541	0.639	OK
97	3.013	0.939	OK
98	0.022	0.939	ERR
99	3.374	1.274	OK
100	0.016	1.212	ERR
101	0.019	1.212	ERR
102	0.019	1.212	ERR
103	0.015	0.906	ERR
104	3.708	1.275	OK
105	0.759	1.349	OK
106	4.133	1.508	OK
107	5.786	1.785	OK
108	0.032	1.786	ERR
109	0.021	1.451	ERR
110	0.022	1.451	ERR
111	2.267	1.676	OK
112	0.032	1.677	ERR
113	1.151	1.791	OK
114	0.793	1.499	OK
115	0.019	1.425	ERR
116	4.988	1.511	OK
117	0.027	0.935	ERR
118	3.942	1.326	OK
119	2.231	1.547	OK
120	0.013	1.546	ERR
121	0.022	1.322	ERR
122	3.605	1.679	OK
123	0.021	1.566	ERR
124	0.020	1.489	ERR
125	0.032	1.490	ERR
126	0.022	0.993	ERR
127	0.025	0.993	ERR
128	2.996	0.899	OK
129	5.783	1.254	OK
130	0.010	1.253	ERR
131	0.032	1.254	ERR
132	0.010	0.895	ERR
133	0.019	0.895	ERR
134	7.750	1.668	OK
135	0.016	1.666	ERR
136	1.118	1.776	OK
137	3.128	2.086	OK
138	0.020	1.789	ERR
MEJORA: 72 better than: 60
MEJORA: 60 better than: 54
139	1.032	1.313	OK
140	0.015	1.314	ERR
141	2.835	1.594	OK
142	0.017	1.595	ERR
143	1.175	1.711	OK
144	0.025	0.938	ERR
145	0.032	0.940	ERR
MEJORA: 56 better than: 40
MEJORA: 40 better than: 32
146	3.278	1.156	OK
147	1.699	1.013	OK
148	0.022	1.013	ERR
149	0.027	0.913	ERR
150	0.032	0.914	ERR
151	0.032	0.634	ERR
152	0.026	0.635	ERR
MEJORA: 36 better than: 32
153	0.638	0.581	OK
154	0.019	0.580	ERR
155	2.927	0.870	OK
156	0.018	0.544	ERR
157	0.020	0.376	ERR
158	0.028	0.377	ERR
159	4.564	0.830	OK
160	0.022	0.829	ERR
161	3.567	1.183	OK
162	0.028	1.183	ERR
163	0.019	1.121	ERR
164	0.032	1.122	ERR
165	1.586	0.988	OK
166	1.686	1.155	OK
167	0.010	1.154	ERR
168	3.244	1.476	OK
169	2.803	1.300	OK
170	0.019	1.299	ERR
171	1.447	1.087	OK
172	0.022	1.087	ERR
173	0.016	1.086	ERR
174	0.018	1.085	ERR
175	0.018	0.928	ERR
176	1.823	0.942	OK
177	0.016	0.943	ERR
178	0.018	0.620	ERR
179	0.020	0.342	ERR
180	0.028	0.343	ERR
181	0.016	0.200	ERR
182	3.082	0.506	OK
183	0.016	0.506	ERR
184	0.021	0.506	ERR
185	2.609	0.765	OK
186	0.480	0.631	OK
187	0.013	0.630	ERR
188	0.025	0.631	ERR
189	0.020	0.631	ERR
190	0.013	0.629	ERR
191	0.016	0.630	ERR
192	0.021	0.323	ERR
193	0.026	0.324	ERR
194	5.750	0.897	OK
MEJORA: 38 better than: 36
195	3.378	0.974	OK
196	4.538	1.380	OK
197	0.026	1.381	ERR
198	0.013	1.380	ERR
199	0.025	1.381	ERR
200	0.028	1.382	ERR
201	0.015	1.382	ERR
202	0.025	1.382	ERR
203	1.963	1.576	OK
204	3.020	1.303	OK
205	0.022	0.967	ERR
MEJORA: 24 better than: 18
206	2.566	0.770	OK
207	0.015	0.769	ERR
208	0.013	0.769	ERR
209	2.028	0.969	OK
210	0.032	0.970	ERR
211	0.025	0.971	ERR
212	0.032	0.971	ERR
213	0.025	0.778	ERR
214	5.730	1.049	OK
215	0.420	1.089	OK
MEJORA: 88 better than: 80
MEJORA: 80 better than: 56
216	1.777	1.010	OK
MEJORA: 72 better than: 64
217	1.777	1.186	OK
218	0.033	1.188	ERR
219	0.022	0.987	ERR
220	0.016	0.986	ERR
221	0.010	0.984	ERR
222	0.033	0.984	ERR
223	4.989	1.481	OK
MEJORA: 80 better than: 72
MEJORA: 72 better than: 66
224	2.706	1.178	OK
225	1.182	1.254	OK
226	0.021	1.079	ERR
227	1.995	1.101	OK
228	0.329	1.130	ERR
229	0.021	1.130	ERR
230	0.019	1.130	ERR
231	3.142	1.444	OK
232	0.024	1.443	ERR
233	0.010	0.945	ERR
MEJORA: 60 better than: 53
MEJORA: 53 better than: 41
MEJORA: 41 better than: 21
234	3.588	1.033	OK
235	0.027	0.918	ERR
236	0.019	0.918	ERR
237	0.025	0.721	ERR
238	0.032	0.691	ERR
MEJORA: 48 better than: 44
MEJORA: 44 better than: 40
MEJORA: 40 better than: 14
239	4.674	1.156	OK
240	0.013	1.155	ERR
241	0.916	0.933	OK
242	0.016	0.932	ERR
243	0.215	0.953	OK
244	1.197	0.714	OK
245	0.020	0.713	ERR
246	0.023	0.713	ERR
247	1.035	0.814	ERR
248	2.876	1.099	OK
249	1.472	0.778	OK
250	0.033	0.780	ERR
251	0.020	0.691	ERR
252	0.025	0.692	ERR
253	0.024	0.672	ERR
254	0.024	0.555	ERR
255	0.019	0.555	ERR
256	0.537	0.606	OK
257	2.555	0.758	OK
258	0.024	0.473	ERR
MEJORA: 60 better than: 58
MEJORA: 58 better than: 40
259	4.385	0.765	OK
260	0.016	0.763	ERR
261	2.151	0.976	OK
262	1.581	1.132	ERR
263	2.429	1.372	OK
264	6.706	2.040	OK
265	4.988	2.537	OK
266	0.025	2.486	ERR
267	0.010	2.232	ERR
268	0.017	2.231	ERR
269	0.020	1.794	ERR
270	0.021	1.795	ERR
271	0.020	1.582	ERR
272	1.574	1.581	OK
273	5.144	1.853	OK
274	0.032	1.185	ERR
275	0.024	0.689	ERR
276	0.026	0.689	ERR
277	1.733	0.861	OK
278	0.028	0.862	ERR
279	0.015	0.862	ERR
280	0.027	0.862	ERR
281	0.032	0.863	ERR
282	3.699	1.076	OK
283	0.626	0.624	OK
284	0.017	0.623	ERR
285	0.013	0.622	ERR
MEJORA: 102 better than: 101
MEJORA: 101 better than: 93
MEJORA: 93 better than: 77
MEJORA: 77 better than: 71
286	3.150	0.934	OK
MEJORA: 24 better than: 22
287	3.131	1.074	OK
288	0.013	1.072	ERR
289	0.025	1.073	ERR
290	0.016	1.072	ERR
291	0.022	1.071	ERR
292	0.013	0.702	ERR
293	1.703	0.810	OK
294	0.016	0.810	ERR
295	0.021	0.811	ERR
296	2.108	0.707	OK
297	0.025	0.396	ERR
298	0.019	0.397	ERR
MEJORA: 40 better than: 36
299	2.493	0.644	OK
300	1.828	0.825	OK
301	3.394	1.162	OK
302	2.315	1.392	OK
303	0.022	1.224	ERR
304	1.226	1.345	OK
305	0.015	1.345	ERR
306	1.912	1.325	OK
307	1.737	1.496	OK
308	0.236	1.518	OK
309	0.705	1.339	ERR
310	0.025	1.159	ERR
311	0.022	0.822	ERR
312	0.021	0.592	ERR
313	2.660	0.856	OK
314	0.015	0.735	ERR
315	0.010	0.734	ERR
MEJORA: 103 better than: 102
MEJORA: 102 better than: 69
316	3.885	0.932	OK
317	3.105	1.068	OK
318	0.025	1.047	ERR
319	0.010	0.978	ERR
320	0.016	0.977	ERR
321	0.020	0.977	ERR
322	0.019	0.976	ERR
323	0.032	0.714	ERR
324	0.010	0.713	ERR
325	1.085	0.821	OK
326	0.016	0.434	ERR
327	0.032	0.126	ERR
MEJORA: 30 better than: 24
328	4.447	0.569	OK
329	0.021	0.570	ERR
330	0.022	0.570	ERR
331	0.025	0.571	ERR
332	0.016	0.571	ERR
333	0.032	0.571	ERR
334	0.581	0.628	OK
335	0.016	0.521	ERR
336	0.026	0.522	ERR
MEJORA: 48 better than: 45
337	3.854	0.904	OK
338	0.019	0.461	ERR
339	0.017	0.461	ERR
340	4.058	0.864	OK
MEJORA: 99 better than: 77
MEJORA: 77 better than: 56
MEJORA: 56 better than: 49
341	5.958	1.458	OK
342	6.439	2.100	OK
MEJORA: 56 better than: 48
343	2.129	2.310	OK
344	0.033	2.255	ERR
MEJORA: 60 better than: 52
345	2.404	2.494	OK
346	0.033	2.494	ERR
347	1.056	2.215	OK
348	0.010	2.214	ERR
349	0.016	2.214	ERR
350	0.020	1.810	ERR
351	0.021	1.216	ERR
352	2.082	0.780	OK
353	1.480	0.716	OK
354	0.023	0.715	ERR
355	0.025	0.477	ERR
356	0.022	0.476	ERR
357	0.145	0.385	ERR
358	2.586	0.642	OK
359	0.017	0.642	ERR
360	0.020	0.642	ERR
361	3.881	1.028	OK
362	5.228	1.343	OK
363	3.646	1.559	OK
MEJORA: 30 better than: 26
364	2.114	1.769	OK
365	6.196	2.386	OK
366	0.016	2.385	ERR
367	0.018	2.372	ERR
368	0.010	2.115	ERR
369	0.016	2.115	ERR
370	1.098	2.222	OK
371	3.704	2.205	OK
372	0.019	1.684	ERR
373	0.021	1.321	ERR
374	0.016	1.112	ERR
375	0.022	0.494	ERR
376	1.527	0.645	OK
377	0.026	0.646	ERR
MEJORA: 100 better than: 90
378	2.271	0.872	OK
379	0.024	0.873	ERR
380	0.020	0.765	ERR
381	0.019	0.397	ERR
382	0.433	0.438	ERR
383	0.026	0.438	ERR
384	4.278	0.865	OK
385	0.020	0.864	ERR
MEJORA: 113 better than: 105
MEJORA: 105 better than: 99
MEJORA: 99 better than: 70
386	3.835	1.095	OK
387	0.032	1.096	ERR
388	0.016	0.870	ERR
389	0.713	0.939	ERR
MEJORA: 12 better than: 10
390	0.929	1.030	OK
391	0.033	1.031	ERR
392	0.328	1.021	ERR
393	0.437	1.062	ERR
394	0.022	0.636	ERR
395	0.016	0.636	ERR
396	0.018	0.254	ERR
397	0.019	0.253	ERR
398	5.400	0.791	OK
399	0.020	0.722	ERR

---- Final results ----
400 NS requests
242 failed requests
158 success requests
33 improved requests
429.660 ellapsed time
