#req	time (sec)	avg. time (sec)	mapping
0	0.019	0.000	ERR
1	8.870	0.000	OK
2	3.116	0.000	OK
3	0.019	0.000	ERR
4	10.833	0.000	OK
MEJORA: 32 better than: 30
5	13.888	0.000	OK
MEJORA: 32 better than: 24
6	2.494	0.000	OK
7	4.728	0.000	OK
8	0.026	0.000	ERR
9	0.025	0.000	ERR
10	0.020	4.402	ERR
11	2.058	3.721	OK
12	2.419	3.651	OK
13	0.020	3.651	ERR
14	17.686	4.336	OK
15	8.150	3.763	OK
16	1.186	3.632	OK
17	0.028	3.162	ERR
18	4.983	3.658	OK
19	7.823	4.437	OK
20	8.532	5.288	OK
21	0.026	5.085	ERR
22	6.340	5.477	OK
23	0.016	5.477	ERR
24	11.050	4.813	OK
25	18.461	5.845	OK
26	0.021	5.728	ERR
27	0.013	5.727	ERR
28	0.021	5.230	ERR
MEJORA: 70 better than: 60
29	5.383	4.986	OK
30	0.024	4.136	ERR
MEJORA: 40 better than: 36
MEJORA: 36 better than: 34
31	11.058	5.239	OK
32	1.880	4.793	OK
33	11.163	5.907	OK
MEJORA: 56 better than: 48
34	10.717	5.874	OK
MEJORA: 40 better than: 34
MEJORA: 34 better than: 32
35	19.252	5.953	OK
MEJORA: 32 better than: 24
36	9.444	6.896	OK
37	9.420	7.836	OK
38	0.015	7.836	ERR
39	7.597	8.057	OK
40	0.024	8.057	ERR
41	6.950	7.646	OK
42	10.145	8.473	OK
43	0.018	7.358	ERR
44	0.017	6.288	ERR
45	0.017	4.365	ERR
MEJORA: 28 better than: 16
46	11.358	4.556	OK
47	0.017	3.616	ERR
48	0.016	3.616	ERR
49	0.016	2.858	ERR
50	8.821	3.738	OK
51	0.031	3.046	ERR
MEJORA: 24 better than: 22
52	13.004	3.332	OK
53	0.025	3.332	ERR
54	18.360	5.167	OK
55	0.017	5.167	ERR
MEJORA: 54 better than: 46
MEJORA: 46 better than: 44
56	16.112	5.642	OK
57	0.022	5.642	ERR
58	0.024	5.643	ERR
59	0.032	5.645	ERR
60	8.834	5.646	OK
61	0.021	5.645	ERR
MEJORA: 32 better than: 30
62	15.535	5.898	OK
63	0.018	5.897	ERR
MEJORA: 30 better than: 24
MEJORA: 24 better than: 18
64	11.708	5.232	OK
65	18.683	7.099	OK
66	3.045	5.792	OK
67	0.015	5.792	ERR
68	0.026	5.792	ERR
69	0.014	5.790	ERR
70	0.022	4.909	ERR
71	0.013	4.908	ERR
72	1.877	3.542	OK
73	0.026	3.543	ERR
74	0.017	2.374	ERR
75	0.032	0.509	ERR
76	1.813	0.385	OK
77	2.048	0.589	OK
78	0.020	0.588	ERR
79	0.024	0.589	ERR
80	0.016	0.589	ERR
81	0.015	0.589	ERR
82	0.016	0.403	ERR
83	1.891	0.589	OK
84	5.889	1.176	OK
MEJORA: 24 better than: 20
85	3.945	1.568	OK
86	0.031	1.389	ERR
87	0.017	1.186	ERR
88	0.019	1.186	ERR
89	0.021	1.186	ERR
90	13.897	2.574	OK
91	0.016	2.574	ERR
92	0.019	2.575	ERR
93	10.057	3.391	OK
94	0.019	2.804	ERR
95	0.026	2.412	ERR
MEJORA: 40 better than: 36
96	9.718	3.381	OK
97	0.398	3.419	ERR
98	0.022	3.419	ERR
99	2.423	3.659	OK
100	0.016	2.271	ERR
101	0.019	2.272	ERR
102	0.019	2.272	ERR
103	0.015	1.267	ERR
MEJORA: 40 better than: 36
104	16.690	2.934	OK
105	5.060	3.438	OK
106	3.656	2.832	OK
MEJORA: 40 better than: 30
107	2.353	3.027	OK
108	0.032	3.028	ERR
109	0.021	2.788	ERR
110	0.022	2.789	ERR
111	5.202	3.307	OK
112	0.032	3.308	ERR
MEJORA: 44 better than: 40
113	16.032	4.910	OK
MEJORA: 24 better than: 16
114	10.245	4.266	OK
115	0.019	3.761	ERR
116	7.260	4.122	OK
117	0.027	3.889	ERR
118	3.512	4.237	OK
119	1.739	4.409	OK
120	0.013	4.408	ERR
121	0.022	3.890	ERR
MEJORA: 12 better than: 8
122	6.605	4.547	OK
123	0.021	2.946	ERR
124	0.019	1.924	ERR
125	0.031	1.925	ERR
126	0.022	1.201	ERR
127	0.024	1.201	ERR
128	12.230	2.072	OK
129	9.398	2.838	OK
130	0.010	2.838	ERR
131	0.031	2.839	ERR
132	0.362	2.215	ERR
133	0.018	2.215	ERR
134	0.642	2.277	ERR
135	0.016	2.275	ERR
136	2.800	2.553	OK
MEJORA: 98 better than: 94
MEJORA: 94 better than: 76
MEJORA: 76 better than: 56
137	20.899	4.641	OK
138	0.020	3.420	ERR
MEJORA: 36 better than: 24
139	13.745	3.854	OK
140	0.015	3.855	ERR
141	17.330	5.585	OK
142	0.018	5.550	ERR
143	9.757	6.524	OK
144	0.025	6.462	ERR
145	0.032	6.464	ERR
146	16.904	7.874	OK
147	17.837	7.568	OK
148	0.022	7.568	ERR
149	0.028	6.197	ERR
150	0.032	6.198	ERR
151	0.032	4.469	ERR
152	0.026	4.469	ERR
MEJORA: 40 better than: 36
MEJORA: 36 better than: 32
MEJORA: 32 better than: 28
MEJORA: 28 better than: 24
MEJORA: 24 better than: 20
153	11.892	4.683	OK
154	0.020	4.683	ERR
155	3.257	5.005	OK
156	0.018	3.316	ERR
157	0.020	1.535	ERR
158	0.028	1.535	ERR
MEJORA: 30 better than: 24
MEJORA: 24 better than: 22
159	24.735	4.006	OK
160	0.022	4.005	ERR
161	9.581	4.960	OK
162	0.028	4.960	ERR
163	0.019	3.773	ERR
164	0.032	3.774	ERR
165	10.951	4.543	OK
166	2.531	4.795	OK
167	0.010	4.794	ERR
168	11.812	5.972	OK
169	2.222	3.721	OK
170	0.020	3.721	ERR
171	2.765	3.039	OK
172	0.022	3.038	ERR
173	0.017	3.038	ERR
174	0.019	3.037	ERR
175	0.017	1.943	ERR
176	8.143	2.505	OK
177	0.017	2.505	ERR
178	0.019	1.326	ERR
179	0.021	1.106	ERR
180	0.028	1.107	ERR
181	0.016	0.832	ERR
182	10.975	1.927	OK
183	0.016	1.927	ERR
184	0.021	1.927	ERR
185	1.321	2.058	OK
186	5.781	1.822	OK
187	0.013	1.821	ERR
188	0.025	1.822	ERR
189	0.020	1.822	ERR
190	0.013	1.820	ERR
191	0.016	1.820	ERR
192	0.021	0.725	ERR
193	0.026	0.726	ERR
194	4.930	1.217	OK
195	0.768	1.161	ERR
196	7.465	1.330	OK
197	0.025	1.331	ERR
198	0.013	1.330	ERR
199	0.024	1.330	ERR
200	0.027	1.332	ERR
201	0.015	1.331	ERR
202	0.024	1.332	ERR
MEJORA: 14 better than: 12
203	5.512	1.880	OK
204	1.563	1.544	OK
205	0.022	1.469	ERR
MEJORA: 18 better than: 16
206	8.826	1.605	OK
207	0.015	1.604	ERR
208	0.013	1.604	ERR
209	6.198	2.221	OK
210	0.032	2.222	ERR
211	0.025	2.223	ERR
212	0.032	2.224	ERR
213	0.025	1.675	ERR
214	14.730	2.992	OK
215	2.853	3.275	OK
216	22.260	4.618	OK
MEJORA: 60 better than: 57
MEJORA: 57 better than: 44
MEJORA: 44 better than: 43
MEJORA: 43 better than: 42
MEJORA: 42 better than: 33
217	22.253	6.842	OK
218	0.032	6.844	ERR
219	0.022	6.226	ERR
220	0.015	6.225	ERR
221	0.010	6.223	ERR
222	0.031	6.223	ERR
223	10.454	7.266	OK
MEJORA: 47 better than: 43
224	18.713	7.664	OK
225	4.167	7.796	OK
226	0.022	5.572	ERR
227	1.199	3.466	OK
MEJORA: 56 better than: 52
MEJORA: 52 better than: 32
228	10.896	4.553	OK
229	0.021	4.553	ERR
230	0.020	4.553	ERR
231	16.134	6.166	OK
232	0.025	6.165	ERR
233	0.010	5.121	ERR
MEJORA: 41 better than: 28
MEJORA: 28 better than: 27
MEJORA: 27 better than: 24
234	11.273	4.377	OK
235	0.028	3.963	ERR
236	0.020	3.963	ERR
237	0.025	3.845	ERR
238	0.032	2.759	ERR
239	15.150	4.272	OK
240	0.013	4.271	ERR
241	0.657	2.723	ERR
242	0.016	2.723	ERR
243	0.556	2.777	OK
244	16.373	3.287	OK
245	0.020	3.286	ERR
246	0.022	3.287	ERR
247	2.364	3.520	OK
248	4.856	4.003	OK
249	1.336	2.622	OK
250	0.101	2.630	ERR
251	0.020	2.567	ERR
252	0.025	2.567	ERR
253	0.025	2.514	ERR
254	0.025	0.879	ERR
255	0.020	0.879	ERR
256	13.093	2.186	OK
257	10.740	3.024	OK
258	0.025	2.541	ERR
259	1.962	2.604	OK
260	0.016	2.595	ERR
261	1.196	2.713	ERR
262	0.818	2.792	ERR
MEJORA: 32 better than: 28
263	12.021	3.992	OK
264	11.588	5.148	OK
265	15.101	6.656	OK
266	0.023	5.349	ERR
267	6.884	4.963	OK
268	0.016	4.962	ERR
269	0.019	4.768	ERR
270	0.020	4.768	ERR
271	0.020	4.651	ERR
MEJORA: 48 better than: 40
272	5.857	5.155	OK
273	1.843	4.137	OK
274	0.030	2.981	ERR
275	0.023	1.473	ERR
276	0.024	1.474	ERR
277	7.948	1.580	OK
278	0.027	1.581	ERR
279	0.014	1.581	ERR
280	0.026	1.581	ERR
281	0.031	1.582	ERR
282	16.096	2.606	OK
MEJORA: 30 better than: 24
283	3.851	2.807	OK
284	0.016	2.806	ERR
285	0.012	2.804	ERR
286	0.973	2.899	ERR
287	7.039	2.808	OK
288	0.012	2.807	ERR
289	0.024	2.808	ERR
290	0.016	2.807	ERR
291	0.021	2.806	ERR
292	0.012	1.198	ERR
293	5.901	1.403	OK
294	0.016	1.403	ERR
295	0.020	1.403	ERR
296	1.980	1.504	OK
297	0.025	0.803	ERR
298	0.019	0.803	ERR
MEJORA: 32 better than: 28
MEJORA: 28 better than: 24
299	14.846	2.286	OK
300	13.283	3.612	OK
301	1.991	3.809	OK
302	1.057	3.914	OK
303	0.022	3.326	ERR
MEJORA: 48 better than: 38
MEJORA: 38 better than: 36
304	16.880	5.012	OK
305	0.014	5.012	ERR
306	0.016	4.815	ERR
MEJORA: 54 better than: 46
307	14.534	6.266	OK
308	0.556	6.320	OK
309	10.957	5.931	OK
310	0.024	4.605	ERR
311	0.021	4.408	ERR
312	0.020	4.304	ERR
313	1.443	4.447	ERR
314	0.015	2.760	ERR
315	0.009	2.759	ERR
316	13.817	4.140	OK
MEJORA: 54 better than: 43
MEJORA: 43 better than: 39
317	8.446	3.531	OK
318	0.024	3.478	ERR
319	0.010	2.383	ERR
320	0.016	2.382	ERR
321	0.019	2.382	ERR
322	0.018	2.382	ERR
323	0.031	2.241	ERR
324	0.031	2.242	ERR
MEJORA: 58 better than: 54
MEJORA: 54 better than: 46
325	18.147	4.056	OK
326	0.016	2.676	ERR
327	0.032	1.834	ERR
328	6.386	2.471	OK
329	0.020	2.472	ERR
330	0.021	2.472	ERR
331	0.024	2.473	ERR
332	0.015	2.472	ERR
333	0.031	2.472	ERR
334	3.477	2.817	OK
335	0.016	1.004	ERR
336	0.025	1.005	ERR
337	17.270	2.728	OK
338	0.018	2.092	ERR
339	0.016	2.091	ERR
MEJORA: 28 better than: 24
340	18.483	3.937	OK
MEJORA: 52 better than: 42
341	17.778	5.713	OK
MEJORA: 27 better than: 26
MEJORA: 26 better than: 25
MEJORA: 25 better than: 23
342	16.667	7.378	OK
343	8.714	8.246	OK
MEJORA: 20 better than: 16
344	8.454	8.744	OK
345	16.849	10.427	OK
346	0.031	10.428	ERR
347	5.124	9.213	OK
348	0.010	9.213	ERR
349	0.016	9.213	ERR
350	0.019	7.366	ERR
351	0.021	5.591	ERR
352	2.603	4.184	OK
353	2.442	3.557	OK
354	0.022	2.714	ERR
355	0.025	1.031	ERR
356	0.022	1.030	ERR
357	12.967	1.815	OK
358	13.011	3.115	OK
359	0.016	3.115	ERR
360	0.019	3.115	ERR
361	16.974	4.810	OK
MEJORA: 24 better than: 19
362	15.116	6.061	OK
363	21.755	7.993	OK
MEJORA: 20 better than: 16
364	8.760	8.866	OK
365	14.887	10.353	OK
366	0.015	10.352	ERR
367	0.017	9.057	ERR
368	0.009	7.757	ERR
369	0.015	7.757	ERR
370	1.272	7.882	OK
371	5.837	6.768	OK
372	0.019	5.259	ERR
373	0.020	3.085	ERR
374	0.016	2.211	ERR
375	0.021	0.724	ERR
MEJORA: 55 better than: 51
MEJORA: 51 better than: 49
MEJORA: 49 better than: 42
MEJORA: 42 better than: 29
376	13.214	2.044	OK
377	0.025	2.045	ERR
MEJORA: 62 better than: 54
378	11.916	3.235	OK
379	0.024	3.236	ERR
380	0.019	3.111	ERR
381	0.019	2.529	ERR
MEJORA: 89 better than: 84
MEJORA: 84 better than: 78
382	18.383	4.366	OK
383	0.025	4.366	ERR
384	3.445	4.709	OK
385	0.019	4.709	ERR
386	0.031	3.391	ERR
387	0.030	3.391	ERR
388	0.016	2.201	ERR
389	0.467	2.245	ERR
390	14.406	3.684	OK
391	0.032	3.685	ERR
MEJORA: 56 better than: 40
MEJORA: 40 better than: 36
392	12.498	3.097	OK
393	3.136	3.408	OK
394	0.022	3.066	ERR
395	0.016	3.065	ERR
396	0.018	3.064	ERR
397	0.019	3.063	ERR
398	0.016	3.063	ERR
399	0.019	3.018	ERR

---- Final results ----
400 NS requests
242 failed requests
158 success requests
47 improved requests
1490.806 ellapsed time
