#req	time (sec)	avg. time (sec)	mapping
0	0.020	0.000	ERR
1	0.507	0.000	OK
2	0.374	0.000	OK
3	0.020	0.000	ERR
4	6.322	0.000	OK
5	1.656	0.000	OK
MEJORA: 48 better than: 40
6	2.578	0.000	OK
MEJORA: 48 better than: 40
7	2.190	0.000	OK
8	0.024	0.000	ERR
9	0.024	0.000	ERR
10	0.019	1.371	ERR
11	6.025	1.923	OK
MEJORA: 42 better than: 36
12	1.179	2.004	OK
13	0.021	2.004	ERR
14	0.716	1.443	ERR
MEJORA: 24 better than: 20
15	0.922	1.370	OK
16	4.131	1.525	OK
17	0.027	1.309	ERR
18	1.751	1.481	OK
19	0.480	1.527	ERR
20	2.461	1.771	OK
21	0.026	1.171	ERR
22	1.196	1.173	OK
23	0.016	1.173	ERR
MEJORA: 12 better than: 10
24	7.154	1.816	OK
MEJORA: 96 better than: 82
MEJORA: 82 better than: 80
MEJORA: 80 better than: 63
25	10.722	2.796	OK
26	0.021	2.385	ERR
27	0.013	2.384	ERR
28	0.021	2.211	ERR
MEJORA: 80 better than: 60
29	2.829	2.446	OK
30	0.025	2.202	ERR
31	1.468	2.347	OK
32	0.951	2.322	OK
MEJORA: 24 better than: 20
33	1.351	2.456	OK
34	3.377	2.078	OK
35	6.146	1.620	OK
36	6.959	2.314	OK
37	3.321	2.645	OK
38	0.015	2.644	ERR
39	3.447	2.706	OK
40	0.024	2.706	ERR
41	1.948	2.754	OK
42	1.657	2.825	OK
43	0.017	2.691	ERR
44	0.016	2.355	ERR
45	0.016	1.742	ERR
MEJORA: 40 better than: 32
46	4.105	1.457	OK
47	0.017	1.126	ERR
48	0.016	1.126	ERR
49	0.016	0.783	ERR
50	1.990	0.980	OK
51	0.032	0.788	ERR
52	2.674	0.890	OK
53	0.024	0.891	ERR
MEJORA: 16 better than: 12
54	4.042	1.293	OK
55	0.017	1.293	ERR
56	0.811	0.964	OK
57	0.022	0.964	ERR
58	0.024	0.965	ERR
59	0.031	0.967	ERR
60	1.279	0.896	OK
61	0.020	0.894	ERR
62	2.284	0.856	OK
63	0.017	0.855	ERR
64	2.633	0.714	OK
65	6.669	1.379	OK
66	2.637	1.562	OK
67	0.015	1.561	ERR
68	0.026	1.561	ERR
69	0.015	1.560	ERR
70	0.022	1.434	ERR
71	0.013	1.433	ERR
72	3.003	1.505	OK
73	0.025	1.506	ERR
74	0.017	1.244	ERR
75	0.031	0.580	ERR
MEJORA: 40 better than: 30
76	5.687	0.885	OK
MEJORA: 32 better than: 28
77	0.868	0.971	OK
78	0.021	0.970	ERR
79	0.024	0.971	ERR
80	0.016	0.971	ERR
81	0.015	0.971	ERR
82	0.016	0.672	ERR
83	3.647	1.034	OK
84	1.420	1.175	OK
MEJORA: 36 better than: 32
MEJORA: 32 better than: 28
85	1.758	1.347	OK
86	3.203	1.099	OK
87	0.017	1.014	ERR
88	0.019	1.014	ERR
89	0.022	1.013	ERR
MEJORA: 36 better than: 32
90	1.183	1.130	OK
91	0.016	1.130	ERR
92	0.019	1.131	ERR
93	3.770	1.143	OK
94	0.019	1.003	ERR
95	0.026	0.829	ERR
96	3.388	0.848	OK
97	5.027	1.349	OK
98	0.022	1.349	ERR
99	5.510	1.898	OK
100	0.017	1.781	ERR
101	0.020	1.782	ERR
102	0.019	1.782	ERR
103	0.015	1.406	ERR
104	3.818	1.786	OK
105	0.836	1.867	OK
106	6.162	2.144	OK
MEJORA: 40 better than: 30
107	8.309	2.473	OK
108	0.031	2.474	ERR
109	0.020	1.925	ERR
110	0.022	1.925	ERR
MEJORA: 36 better than: 30
111	2.699	2.193	OK
112	0.031	2.194	ERR
113	2.673	2.460	OK
MEJORA: 24 better than: 20
114	1.265	2.205	OK
115	0.019	2.123	ERR
116	6.287	2.136	OK
117	0.027	1.308	ERR
118	5.538	1.858	OK
119	2.935	2.150	OK
120	0.013	2.149	ERR
121	0.022	1.881	ERR
122	0.495	1.927	OK
123	0.021	1.662	ERR
124	0.019	1.538	ERR
125	0.032	1.539	ERR
126	0.022	0.912	ERR
127	0.024	0.912	ERR
128	3.931	0.751	OK
129	7.923	1.250	OK
130	0.010	1.250	ERR
131	0.032	1.251	ERR
132	1.053	1.307	OK
133	0.018	1.306	ERR
134	11.258	2.430	OK
135	0.016	2.429	ERR
136	3.408	2.767	OK
137	3.645	3.129	OK
138	0.019	2.738	ERR
MEJORA: 72 better than: 60
MEJORA: 60 better than: 54
MEJORA: 54 better than: 36
139	1.188	2.065	OK
140	0.015	2.065	ERR
141	3.847	2.447	OK
142	0.017	2.343	ERR
143	1.228	2.464	OK
144	0.024	1.341	ERR
145	0.031	1.342	ERR
146	2.982	1.300	OK
147	2.744	1.210	OK
148	0.022	1.210	ERR
149	0.027	1.094	ERR
150	0.031	1.095	ERR
151	0.032	0.714	ERR
152	0.026	0.715	ERR
153	1.220	0.714	OK
154	0.020	0.713	ERR
155	3.295	1.040	OK
156	0.017	0.743	ERR
157	0.019	0.471	ERR
158	0.028	0.471	ERR
MEJORA: 54 better than: 42
159	7.314	1.200	OK
160	0.022	1.199	ERR
161	5.257	1.722	OK
162	0.027	1.722	ERR
163	0.019	1.602	ERR
164	0.032	1.603	ERR
165	3.660	1.640	OK
166	3.037	1.941	OK
167	0.010	1.941	ERR
168	8.122	2.750	OK
169	3.735	2.392	OK
170	0.020	2.392	ERR
171	1.116	1.978	OK
172	0.022	1.977	ERR
173	0.016	1.977	ERR
174	0.018	1.976	ERR
175	0.017	1.611	ERR
176	2.569	1.565	OK
177	0.017	1.565	ERR
178	0.018	0.755	ERR
179	0.021	0.383	ERR
180	0.027	0.384	ERR
181	0.016	0.274	ERR
MEJORA: 60 better than: 54
MEJORA: 54 better than: 48
182	2.867	0.559	OK
183	0.016	0.559	ERR
184	0.020	0.559	ERR
MEJORA: 50 better than: 40
185	3.894	0.946	OK
MEJORA: 32 better than: 24
186	2.943	0.984	OK
187	0.013	0.984	ERR
188	0.024	0.984	ERR
189	0.019	0.984	ERR
190	0.012	0.982	ERR
191	0.016	0.982	ERR
192	0.020	0.698	ERR
193	0.026	0.699	ERR
MEJORA: 8 better than: 6
194	7.892	1.486	OK
MEJORA: 38 better than: 36
195	5.271	1.624	OK
196	6.097	1.939	OK
197	0.026	1.940	ERR
198	0.013	1.939	ERR
199	0.024	1.940	ERR
200	0.027	1.941	ERR
201	0.015	1.941	ERR
202	0.024	1.941	ERR
MEJORA: 22 better than: 20
MEJORA: 20 better than: 16
203	5.273	2.466	OK
204	4.673	2.144	OK
205	0.022	1.619	ERR
MEJORA: 24 better than: 20
MEJORA: 20 better than: 18
206	4.679	1.478	OK
207	0.015	1.476	ERR
208	0.013	1.477	ERR
209	3.853	1.859	OK
210	0.032	1.860	ERR
211	0.024	1.861	ERR
212	0.032	1.862	ERR
213	0.025	1.337	ERR
214	6.817	1.551	OK
215	0.497	1.599	OK
216	2.645	1.395	OK
MEJORA: 72 better than: 56
217	1.924	1.586	OK
218	0.032	1.588	ERR
219	0.022	1.205	ERR
220	0.015	1.203	ERR
221	0.010	1.202	ERR
222	0.032	1.202	ERR
223	7.044	1.904	OK
224	2.111	1.433	OK
225	3.268	1.710	OK
226	0.021	1.448	ERR
MEJORA: 40 better than: 30
227	2.884	1.544	OK
228	1.872	1.728	OK
229	0.021	1.728	ERR
230	0.020	1.728	ERR
231	4.687	2.196	OK
232	0.025	2.195	ERR
233	0.010	1.492	ERR
234	4.610	1.742	OK
235	0.028	1.418	ERR
236	0.020	1.418	ERR
237	0.025	1.132	ERR
238	0.033	0.948	ERR
MEJORA: 38 better than: 16
239	7.404	1.686	OK
240	0.013	1.686	ERR
241	0.557	1.273	ERR
242	0.017	1.272	ERR
243	0.977	1.368	OK
244	3.826	1.290	OK
245	0.020	1.289	ERR
246	0.023	1.289	ERR
247	1.685	1.455	ERR
248	3.464	1.798	OK
249	0.757	1.134	OK
250	0.160	1.148	ERR
251	0.020	1.095	ERR
252	0.025	1.096	ERR
253	0.025	1.000	ERR
254	0.025	0.620	ERR
255	0.020	0.620	ERR
256	0.678	0.686	OK
257	4.064	0.924	OK
258	0.025	0.580	ERR
MEJORA: 60 better than: 58
MEJORA: 58 better than: 56
MEJORA: 56 better than: 40
MEJORA: 40 better than: 30
259	5.448	1.049	OK
260	0.017	1.035	ERR
261	3.418	1.374	OK
262	0.693	1.441	ERR
MEJORA: 36 better than: 32
MEJORA: 32 better than: 28
263	2.980	1.737	OK
264	9.123	2.647	OK
MEJORA: 70 better than: 60
265	6.709	3.315	OK
266	0.024	3.250	ERR
267	0.010	2.845	ERR
268	0.017	2.844	ERR
269	0.020	2.301	ERR
270	0.021	2.301	ERR
271	0.021	1.962	ERR
MEJORA: 51 better than: 48
MEJORA: 48 better than: 40
MEJORA: 40 better than: 32
MEJORA: 32 better than: 24
272	3.856	2.278	OK
273	7.982	2.778	OK
274	0.032	1.869	ERR
275	0.024	1.201	ERR
276	0.026	1.201	ERR
277	3.006	1.500	OK
278	0.028	1.502	ERR
279	0.015	1.501	ERR
280	0.028	1.502	ERR
281	0.032	1.503	ERR
MEJORA: 42 better than: 36
282	6.208	1.738	OK
MEJORA: 42 better than: 30
MEJORA: 30 better than: 24
283	1.183	1.058	OK
284	0.016	1.057	ERR
285	0.013	1.055	ERR
286	6.022	1.655	OK
287	8.849	2.239	OK
288	0.013	2.238	ERR
289	0.025	2.239	ERR
290	0.016	2.238	ERR
291	0.022	2.237	ERR
292	0.012	1.617	ERR
MEJORA: 36 better than: 35
293	4.001	1.899	OK
294	0.016	1.899	ERR
295	0.021	1.900	ERR
296	3.864	1.684	OK
297	0.025	0.801	ERR
298	0.019	0.802	ERR
MEJORA: 36 better than: 28
MEJORA: 28 better than: 24
299	0.883	0.888	OK
300	2.629	1.149	OK
301	3.575	1.505	OK
302	3.427	1.846	OK
303	0.022	1.448	ERR
MEJORA: 98 better than: 91
MEJORA: 91 better than: 71
MEJORA: 71 better than: 48
MEJORA: 48 better than: 30
304	2.919	1.738	OK
305	0.015	1.738	ERR
306	3.473	1.699	OK
307	0.650	1.761	OK
308	0.302	1.789	OK
309	3.059	2.007	OK
310	0.024	1.747	ERR
311	0.022	1.391	ERR
312	0.021	1.051	ERR
313	3.847	1.433	OK
314	0.015	1.143	ERR
315	0.010	1.142	ERR
MEJORA: 63 better than: 59
MEJORA: 59 better than: 55
MEJORA: 55 better than: 47
316	6.143	1.409	OK
MEJORA: 68 better than: 62
MEJORA: 62 better than: 56
317	4.786	1.823	OK
318	0.025	1.795	ERR
319	0.010	1.490	ERR
320	0.016	1.489	ERR
321	0.019	1.489	ERR
322	0.018	1.489	ERR
323	0.031	1.107	ERR
324	0.485	1.154	ERR
325	2.617	1.415	OK
326	0.016	0.802	ERR
327	0.032	0.327	ERR
MEJORA: 60 better than: 54
328	4.099	0.734	OK
329	0.021	0.736	ERR
330	0.022	0.736	ERR
331	0.024	0.737	ERR
332	0.016	0.736	ERR
333	0.031	0.736	ERR
334	1.968	0.885	OK
335	0.016	0.625	ERR
336	0.026	0.626	ERR
337	3.742	0.997	OK
338	0.018	0.588	ERR
339	0.016	0.588	ERR
340	4.852	1.071	OK
MEJORA: 76 better than: 64
MEJORA: 64 better than: 53
MEJORA: 53 better than: 49
341	8.433	1.912	OK
MEJORA: 31 better than: 29
342	5.869	2.497	OK
343	1.437	2.638	OK
344	0.033	2.444	ERR
345	2.197	2.662	OK
346	0.032	2.663	ERR
347	1.506	2.439	OK
348	0.010	2.438	ERR
349	0.016	2.439	ERR
350	0.020	1.955	ERR
351	0.021	1.114	ERR
MEJORA: 16 better than: 12
352	3.453	0.873	OK
353	2.024	0.931	OK
354	0.022	0.930	ERR
355	0.024	0.713	ERR
356	0.022	0.712	ERR
357	0.437	0.605	ERR
358	2.826	0.887	OK
359	0.016	0.887	ERR
360	0.019	0.887	ERR
361	4.990	1.383	OK
MEJORA: 51 better than: 18
362	9.603	1.998	OK
363	0.156	1.812	ERR
364	5.085	2.318	OK
365	4.531	2.769	OK
366	0.017	2.768	ERR
367	0.018	2.726	ERR
368	0.010	2.445	ERR
369	0.016	2.445	ERR
370	1.530	2.596	OK
371	4.989	2.595	OK
372	0.019	1.637	ERR
373	0.021	1.624	ERR
374	0.016	1.117	ERR
375	0.022	0.666	ERR
MEJORA: 94 better than: 91
MEJORA: 91 better than: 85
MEJORA: 85 better than: 61
376	4.513	1.115	OK
377	0.026	1.116	ERR
MEJORA: 90 better than: 80
378	2.809	1.396	OK
379	0.024	1.397	ERR
380	0.019	1.246	ERR
381	0.019	0.749	ERR
382	0.713	0.818	ERR
383	0.025	0.819	ERR
384	6.227	1.440	OK
385	0.019	1.440	ERR
MEJORA: 59 better than: 56
386	3.802	1.368	OK
387	0.032	1.369	ERR
388	0.016	1.090	ERR
389	0.709	1.158	ERR
MEJORA: 14 better than: 12
390	3.004	1.457	OK
391	0.032	1.458	ERR
392	0.013	1.388	ERR
393	1.284	1.514	ERR
394	0.022	0.893	ERR
395	0.016	0.893	ERR
396	0.018	0.514	ERR
397	0.019	0.513	ERR
398	9.393	1.451	OK
399	0.019	1.382	ERR

---- Final results ----
400 NS requests
241 failed requests
159 success requests
49 improved requests
607.424 ellapsed time
