#req	time (sec)	avg. time (sec)	mapping
0	0.019	0.000	ERR
1	8.580	0.000	OK
2	1.566	0.000	OK
3	0.021	0.000	ERR
4	10.666	0.000	OK
MEJORA: 32 better than: 30
MEJORA: 30 better than: 28
5	14.109	0.000	OK
MEJORA: 32 better than: 24
6	2.538	0.000	OK
MEJORA: 32 better than: 24
7	2.117	0.000	OK
8	0.024	0.000	ERR
9	0.024	0.000	ERR
10	0.019	3.966	ERR
11	1.767	3.285	OK
12	1.637	3.292	OK
13	0.021	3.292	ERR
14	17.197	3.945	OK
15	6.066	3.141	OK
16	1.214	3.009	OK
17	0.028	2.800	ERR
18	3.818	3.179	OK
19	5.778	3.754	OK
20	5.347	4.287	OK
21	0.026	4.113	ERR
22	4.302	4.380	OK
23	0.016	4.379	ERR
24	10.089	3.668	OK
25	16.476	4.709	OK
26	0.021	4.590	ERR
27	0.013	4.589	ERR
28	0.020	4.209	ERR
MEJORA: 70 better than: 60
MEJORA: 60 better than: 50
29	3.204	3.951	OK
30	0.025	3.419	ERR
MEJORA: 57 better than: 41
MEJORA: 41 better than: 39
31	9.700	4.387	OK
MEJORA: 16 better than: 12
32	2.179	4.174	OK
33	11.361	5.309	OK
MEJORA: 64 better than: 56
34	10.206	5.320	OK
MEJORA: 40 better than: 34
MEJORA: 34 better than: 32
35	19.419	5.615	OK
MEJORA: 32 better than: 24
36	7.061	6.319	OK
37	9.454	7.263	OK
38	0.015	7.262	ERR
39	9.182	7.860	OK
40	0.025	7.860	ERR
MEJORA: 24 better than: 18
41	6.905	7.581	OK
42	10.901	8.453	OK
43	0.018	7.319	ERR
44	0.017	6.300	ERR
45	0.016	4.360	ERR
46	11.402	4.794	OK
47	0.017	3.850	ERR
48	0.016	3.850	ERR
49	0.016	2.933	ERR
50	8.511	3.782	OK
51	0.031	3.095	ERR
MEJORA: 24 better than: 20
52	12.627	3.267	OK
53	0.024	3.268	ERR
54	18.033	5.069	OK
55	0.017	5.069	ERR
MEJORA: 54 better than: 46
MEJORA: 46 better than: 44
56	16.132	5.542	OK
57	0.022	5.543	ERR
58	0.024	5.544	ERR
59	0.031	5.545	ERR
MEJORA: 48 better than: 44
MEJORA: 44 better than: 40
60	8.483	5.542	OK
61	0.020	5.541	ERR
MEJORA: 32 better than: 30
62	17.826	6.061	OK
63	0.017	6.061	ERR
MEJORA: 30 better than: 24
MEJORA: 24 better than: 18
64	11.797	5.437	OK
65	18.290	7.264	OK
66	3.058	5.957	OK
67	0.015	5.956	ERR
68	0.026	5.956	ERR
69	0.014	5.955	ERR
70	0.022	5.108	ERR
71	0.013	5.108	ERR
72	2.001	3.525	OK
73	0.025	3.526	ERR
74	0.017	2.348	ERR
75	0.031	0.522	ERR
76	1.843	0.401	OK
77	1.829	0.582	OK
78	0.020	0.582	ERR
79	0.024	0.583	ERR
80	0.016	0.582	ERR
81	0.015	0.582	ERR
82	0.016	0.384	ERR
83	1.902	0.571	OK
84	5.938	1.163	OK
MEJORA: 24 better than: 20
MEJORA: 20 better than: 16
85	5.029	1.663	OK
86	0.031	1.482	ERR
87	0.017	1.301	ERR
88	0.019	1.301	ERR
89	0.022	1.300	ERR
90	13.428	2.642	OK
91	0.016	2.642	ERR
92	0.019	2.642	ERR
93	14.438	3.896	OK
94	0.020	3.304	ERR
95	0.026	2.804	ERR
MEJORA: 40 better than: 36
96	9.849	3.785	OK
97	11.209	4.905	OK
98	0.022	4.905	ERR
99	2.426	5.145	OK
100	0.016	3.804	ERR
101	0.019	3.804	ERR
102	0.019	3.804	ERR
103	0.015	2.362	ERR
MEJORA: 40 better than: 32
104	15.397	3.900	OK
105	3.939	4.291	OK
106	1.835	3.490	OK
MEJORA: 40 better than: 30
107	2.319	2.601	OK
108	0.031	2.602	ERR
109	0.020	2.361	ERR
110	0.021	2.362	ERR
111	1.842	2.544	OK
112	0.031	2.545	ERR
MEJORA: 44 better than: 40
113	15.812	4.125	OK
MEJORA: 24 better than: 16
114	13.361	3.921	OK
115	0.019	3.529	ERR
116	7.255	4.071	OK
117	0.027	3.842	ERR
118	3.931	4.232	OK
119	1.747	4.405	OK
120	0.013	4.404	ERR
121	0.021	4.222	ERR
MEJORA: 12 better than: 8
122	6.306	4.849	OK
123	0.021	3.270	ERR
124	0.020	1.936	ERR
125	0.032	1.937	ERR
126	0.022	1.214	ERR
127	0.025	1.214	ERR
128	12.768	2.098	OK
129	8.035	2.726	OK
130	0.010	2.726	ERR
131	0.033	2.727	ERR
MEJORA: 28 better than: 20
132	10.741	3.171	OK
133	0.019	3.171	ERR
134	0.667	3.235	ERR
135	0.017	3.234	ERR
136	2.843	3.516	OK
137	19.235	5.437	OK
138	0.020	4.162	ERR
139	11.413	4.500	OK
140	0.015	4.500	ERR
141	16.383	6.135	OK
142	0.017	5.063	ERR
MEJORA: 40 better than: 36
MEJORA: 36 better than: 32
MEJORA: 32 better than: 28
143	8.051	5.866	OK
144	0.025	5.802	ERR
145	0.033	5.804	ERR
MEJORA: 24 better than: 20
146	10.946	6.614	OK
147	0.033	4.694	ERR
148	0.023	4.694	ERR
149	0.028	3.555	ERR
150	0.032	3.557	ERR
151	0.034	1.922	ERR
152	0.026	1.923	ERR
MEJORA: 44 better than: 40
MEJORA: 40 better than: 36
MEJORA: 36 better than: 32
MEJORA: 32 better than: 28
MEJORA: 28 better than: 24
153	13.356	2.454	OK
154	0.020	2.453	ERR
155	2.915	2.741	OK
156	0.018	1.648	ERR
157	0.020	1.647	ERR
158	0.028	1.648	ERR
MEJORA: 30 better than: 24
159	17.221	3.367	OK
160	0.023	3.366	ERR
161	2.363	3.599	OK
162	0.028	3.599	ERR
163	0.020	2.265	ERR
164	0.034	2.267	ERR
165	12.820	3.257	OK
166	2.627	3.518	OK
167	0.011	3.517	ERR
MEJORA: 45 better than: 33
MEJORA: 33 better than: 31
168	12.877	4.802	OK
169	0.115	3.092	ERR
170	0.020	3.091	ERR
171	1.500	3.005	OK
172	0.023	3.005	ERR
173	0.017	3.004	ERR
174	0.019	3.003	ERR
175	0.018	1.723	ERR
176	8.883	2.348	OK
177	0.017	2.349	ERR
178	0.019	1.063	ERR
179	0.022	1.054	ERR
180	0.028	1.055	ERR
181	0.016	0.906	ERR
MEJORA: 41 better than: 36
MEJORA: 36 better than: 30
182	11.560	2.060	OK
183	0.017	2.060	ERR
184	0.022	2.060	ERR
185	1.329	2.191	OK
186	1.939	1.497	OK
187	0.013	1.497	ERR
188	0.025	1.497	ERR
189	0.020	1.497	ERR
190	0.013	1.495	ERR
191	0.016	1.495	ERR
192	0.021	0.342	ERR
193	0.026	0.343	ERR
194	3.054	0.646	OK
MEJORA: 20 better than: 18
195	3.340	0.847	OK
196	7.265	1.379	OK
197	0.027	1.381	ERR
198	0.013	1.380	ERR
199	0.025	1.380	ERR
200	0.028	1.382	ERR
201	0.015	1.382	ERR
202	0.025	1.382	ERR
203	11.477	2.527	OK
204	1.475	2.369	OK
205	0.022	2.037	ERR
206	9.558	2.267	OK
207	0.015	2.265	ERR
208	0.013	2.265	ERR
209	9.025	3.165	OK
210	0.033	3.166	ERR
211	0.024	3.167	ERR
212	0.031	3.167	ERR
213	0.025	2.022	ERR
214	12.192	3.094	OK
215	1.551	3.247	OK
MEJORA: 84 better than: 64
MEJORA: 64 better than: 62
216	16.042	3.895	OK
MEJORA: 60 better than: 57
MEJORA: 57 better than: 54
MEJORA: 54 better than: 48
MEJORA: 48 better than: 39
MEJORA: 39 better than: 31
MEJORA: 31 better than: 30
217	21.747	6.068	OK
218	0.031	6.070	ERR
219	0.022	5.170	ERR
220	0.015	5.168	ERR
221	0.010	5.167	ERR
222	0.032	5.167	ERR
223	10.934	6.258	OK
224	17.018	6.740	OK
225	2.569	6.842	OK
226	0.020	5.240	ERR
227	1.357	3.201	OK
228	4.911	3.689	OK
229	0.020	3.689	ERR
230	0.019	3.689	ERR
231	12.449	4.933	OK
232	0.025	4.932	ERR
233	0.010	3.840	ERR
MEJORA: 26 better than: 21
234	8.378	2.976	OK
235	0.028	2.722	ERR
236	0.019	2.721	ERR
237	0.025	2.588	ERR
238	0.032	2.100	ERR
239	13.829	3.481	OK
240	0.012	3.481	ERR
241	7.825	3.018	OK
242	0.016	3.017	ERR
243	1.259	3.142	OK
244	6.043	2.909	OK
245	0.019	2.908	ERR
246	0.021	2.908	ERR
247	2.477	3.153	OK
248	4.833	3.633	OK
249	1.308	2.381	OK
250	0.347	2.415	ERR
251	0.020	1.634	ERR
252	0.024	1.635	ERR
253	0.024	1.512	ERR
254	0.024	0.910	ERR
255	0.019	0.910	ERR
256	12.861	2.194	OK
257	10.193	2.965	OK
258	0.024	2.484	ERR
259	1.912	2.545	OK
260	0.016	2.512	ERR
MEJORA: 70 better than: 68
MEJORA: 68 better than: 52
MEJORA: 52 better than: 46
MEJORA: 46 better than: 38
261	21.404	4.650	OK
262	0.716	4.719	ERR
MEJORA: 28 better than: 24
263	11.782	5.895	OK
264	8.887	6.781	OK
MEJORA: 50 better than: 40
265	9.123	7.692	OK
266	0.024	6.408	ERR
267	0.010	5.390	ERR
268	0.015	5.389	ERR
269	0.019	5.199	ERR
270	0.020	5.200	ERR
271	0.020	3.061	ERR
272	6.760	3.666	OK
MEJORA: 30 better than: 20
273	1.775	2.665	OK
274	0.031	1.780	ERR
275	0.024	0.870	ERR
276	0.025	0.870	ERR
277	0.164	0.885	ERR
278	0.026	0.886	ERR
279	0.015	0.886	ERR
280	0.026	0.887	ERR
281	0.031	0.888	ERR
282	16.601	1.872	OK
MEJORA: 30 better than: 24
MEJORA: 24 better than: 18
283	4.813	2.176	OK
284	0.016	2.174	ERR
285	0.013	2.173	ERR
MEJORA: 74 better than: 52
MEJORA: 52 better than: 47
286	14.612	3.632	OK
287	6.260	4.241	OK
288	0.013	4.240	ERR
289	0.025	4.241	ERR
290	0.016	4.240	ERR
291	0.022	4.239	ERR
292	0.013	2.580	ERR
293	6.135	2.712	OK
294	0.016	2.712	ERR
295	0.021	2.713	ERR
296	2.046	1.457	OK
297	0.025	0.833	ERR
298	0.019	0.834	ERR
299	15.273	2.359	OK
300	0.564	2.413	ERR
301	1.943	2.605	OK
302	1.034	2.708	OK
303	0.021	2.096	ERR
MEJORA: 64 better than: 58
MEJORA: 58 better than: 56
304	15.650	3.660	OK
305	0.015	3.659	ERR
MEJORA: 56 better than: 51
306	12.511	4.706	OK
307	0.025	4.706	ERR
308	4.237	5.127	OK
309	11.600	4.760	OK
310	0.024	4.706	ERR
311	0.021	4.514	ERR
312	0.020	4.412	ERR
313	22.550	6.665	OK
314	0.015	5.102	ERR
315	0.010	5.101	ERR
316	17.434	5.593	OK
317	12.056	6.797	OK
318	0.024	6.375	ERR
319	0.010	5.216	ERR
320	0.016	5.215	ERR
321	0.019	5.215	ERR
322	0.018	5.215	ERR
323	0.031	2.963	ERR
324	0.030	2.965	ERR
325	7.770	3.741	OK
326	0.016	1.999	ERR
327	0.031	0.796	ERR
328	6.244	1.418	OK
329	0.020	1.419	ERR
330	0.021	1.420	ERR
331	0.024	1.420	ERR
332	0.016	1.420	ERR
333	0.031	1.420	ERR
334	2.079	1.625	OK
335	0.016	0.850	ERR
336	0.025	0.850	ERR
MEJORA: 46 better than: 42
337	21.387	2.986	OK
338	0.018	2.364	ERR
339	0.016	2.363	ERR
340	18.770	4.238	OK
MEJORA: 58 better than: 52
MEJORA: 52 better than: 46
MEJORA: 46 better than: 40
341	21.791	6.415	OK
342	20.074	8.421	OK
343	8.773	9.295	OK
344	6.909	9.778	OK
345	15.799	11.356	OK
346	0.031	11.357	ERR
MEJORA: 32 better than: 24
347	2.892	9.507	OK
348	0.010	9.506	ERR
349	0.016	9.506	ERR
350	0.019	7.631	ERR
351	0.020	5.454	ERR
352	2.658	3.712	OK
353	2.034	3.039	OK
354	0.021	2.350	ERR
355	0.024	0.772	ERR
356	0.021	0.771	ERR
357	0.829	0.565	ERR
358	12.801	1.844	OK
359	0.016	1.844	ERR
360	0.019	1.844	ERR
361	16.791	3.521	OK
362	11.516	4.407	OK
363	24.330	6.637	OK
MEJORA: 20 better than: 16
364	9.338	7.568	OK
365	0.655	7.632	ERR
366	0.016	7.631	ERR
367	0.017	7.550	ERR
368	0.010	6.271	ERR
369	0.015	6.271	ERR
370	1.571	6.426	OK
MEJORA: 40 better than: 30
371	2.318	4.979	OK
372	0.019	3.829	ERR
373	0.020	1.398	ERR
374	0.016	0.466	ERR
375	0.022	0.402	ERR
MEJORA: 24 better than: 18
MEJORA: 18 better than: 12
376	8.278	1.228	OK
377	0.025	1.229	ERR
MEJORA: 78 better than: 75
MEJORA: 75 better than: 70
378	12.598	2.488	OK
379	0.024	2.489	ERR
380	0.019	2.334	ERR
381	0.019	2.104	ERR
382	0.704	2.172	ERR
383	0.025	2.173	ERR
384	3.271	2.498	OK
385	0.019	2.498	ERR
386	0.031	1.673	ERR
387	0.031	1.674	ERR
388	0.016	0.416	ERR
389	4.415	0.855	OK
MEJORA: 10 better than: 8
390	9.435	1.797	OK
391	0.031	1.798	ERR
392	0.407	1.768	ERR
393	6.237	2.389	OK
394	0.021	2.064	ERR
395	0.016	2.064	ERR
396	0.018	2.063	ERR
397	0.019	2.061	ERR
MEJORA: 32 better than: 23
MEJORA: 23 better than: 21
398	14.447	3.505	OK
399	0.019	3.065	ERR

---- Final results ----
400 NS requests
242 failed requests
158 success requests
50 improved requests
1398.356 ellapsed time
