#req	time (sec)	avg. time (sec)	mapping
0	0.021	0.000	ERR
1	0.720	0.000	OK
2	1.145	0.000	OK
3	0.021	0.000	ERR
4	10.920	0.000	OK
MEJORA: 48 better than: 40
5	2.302	0.000	OK
MEJORA: 48 better than: 40
MEJORA: 40 better than: 32
6	6.768	0.000	OK
MEJORA: 48 better than: 40
7	6.525	0.000	OK
8	0.025	0.000	ERR
9	0.025	0.000	ERR
10	0.020	2.847	ERR
MEJORA: 32 better than: 24
11	6.852	3.460	OK
12	3.998	3.746	OK
13	0.022	3.746	ERR
14	0.728	2.726	ERR
MEJORA: 24 better than: 20
15	2.007	2.697	OK
16	7.723	2.792	OK
17	0.029	2.143	ERR
18	3.164	2.457	OK
19	0.499	2.504	ERR
20	3.706	2.873	OK
21	0.027	2.190	ERR
22	1.816	1.972	OK
23	0.019	1.972	ERR
24	12.455	3.145	OK
MEJORA: 97 better than: 85
MEJORA: 85 better than: 69
25	19.524	4.896	OK
26	0.022	4.126	ERR
27	0.014	4.125	ERR
28	0.021	3.810	ERR
MEJORA: 80 better than: 60
MEJORA: 60 better than: 50
29	5.093	4.270	OK
30	0.025	3.902	ERR
31	4.031	4.302	OK
32	1.607	4.281	OK
MEJORA: 24 better than: 20
33	2.302	4.509	OK
34	4.863	3.750	OK
35	10.832	2.881	OK
36	7.952	3.674	OK
37	5.110	4.184	OK
38	0.016	4.183	ERR
39	5.946	4.268	OK
40	0.026	4.269	ERR
41	2.250	4.090	OK
42	2.199	4.150	OK
43	0.019	3.921	ERR
44	0.017	3.437	ERR
45	0.017	2.355	ERR
MEJORA: 40 better than: 32
46	5.679	2.128	OK
47	0.018	1.619	ERR
48	0.017	1.619	ERR
49	0.018	1.026	ERR
50	2.520	1.275	OK
51	0.033	1.054	ERR
52	4.746	1.308	OK
53	0.026	1.309	ERR
MEJORA: 16 better than: 12
54	5.406	1.848	OK
55	0.019	1.848	ERR
56	1.157	1.396	OK
57	0.023	1.396	ERR
58	0.027	1.397	ERR
59	0.033	1.399	ERR
60	3.106	1.458	OK
61	0.022	1.456	ERR
62	4.621	1.444	OK
63	0.018	1.443	ERR
MEJORA: 44 better than: 36
64	6.101	1.513	OK
65	10.017	2.512	OK
66	6.287	3.025	OK
67	0.016	3.025	ERR
68	0.027	3.025	ERR
69	0.016	3.023	ERR
70	0.024	2.715	ERR
71	0.014	2.714	ERR
72	3.259	2.578	OK
73	0.027	2.579	ERR
74	0.018	1.971	ERR
75	0.033	0.972	ERR
MEJORA: 40 better than: 30
76	9.908	1.334	OK
77	1.847	1.517	OK
78	0.021	1.517	ERR
79	0.026	1.518	ERR
80	0.016	1.517	ERR
81	0.016	1.517	ERR
82	0.017	1.193	ERR
83	3.802	1.570	OK
84	2.776	1.846	OK
MEJORA: 36 better than: 28
85	2.615	2.104	OK
MEJORA: 16 better than: 12
86	3.888	1.502	OK
87	0.018	1.320	ERR
88	0.020	1.319	ERR
89	0.022	1.319	ERR
MEJORA: 36 better than: 32
MEJORA: 32 better than: 28
90	1.881	1.505	OK
91	0.016	1.506	ERR
92	0.020	1.506	ERR
93	7.532	1.879	OK
94	0.020	1.603	ERR
95	0.027	1.344	ERR
MEJORA: 52 better than: 44
MEJORA: 44 better than: 36
96	4.948	1.450	OK
MEJORA: 48 better than: 44
MEJORA: 44 better than: 35
97	5.691	2.018	OK
98	0.023	2.018	ERR
99	9.505	2.966	OK
100	0.017	2.780	ERR
101	0.021	2.780	ERR
102	0.020	2.781	ERR
103	0.016	2.029	ERR
104	7.381	2.765	OK
105	3.203	3.082	OK
106	9.108	3.498	OK
MEJORA: 40 better than: 30
107	12.949	4.224	OK
108	0.034	4.225	ERR
109	0.022	3.277	ERR
110	0.023	3.278	ERR
MEJORA: 36 better than: 24
111	3.690	3.645	OK
112	0.033	3.646	ERR
113	3.430	3.987	OK
114	2.335	3.483	OK
115	0.021	3.164	ERR
116	10.038	3.257	OK
117	0.029	1.965	ERR
118	8.999	2.862	OK
119	6.386	3.498	OK
120	0.014	3.497	ERR
121	0.023	3.131	ERR
122	11.274	4.255	OK
123	0.022	3.914	ERR
124	0.021	3.683	ERR
125	0.034	3.684	ERR
126	0.023	2.682	ERR
127	0.026	2.682	ERR
128	6.653	2.448	OK
129	13.479	3.157	OK
130	0.011	3.157	ERR
131	0.034	3.158	ERR
132	3.758	2.406	OK
133	0.020	2.406	ERR
134	17.630	4.167	OK
135	0.017	4.165	ERR
136	2.305	4.393	OK
MEJORA: 110 better than: 100
137	6.043	4.995	OK
138	0.020	4.332	ERR
MEJORA: 72 better than: 60
MEJORA: 60 better than: 54
MEJORA: 54 better than: 48
MEJORA: 48 better than: 30
139	4.312	3.415	OK
140	0.016	3.416	ERR
141	8.923	4.304	OK
142	0.018	3.930	ERR
143	1.787	4.107	OK
144	0.027	2.347	ERR
145	0.033	2.349	ERR
146	5.597	2.678	OK
147	4.098	2.483	OK
148	0.023	2.483	ERR
149	0.029	2.055	ERR
150	0.032	2.057	ERR
151	0.033	1.168	ERR
152	0.027	1.169	ERR
MEJORA: 36 better than: 32
MEJORA: 32 better than: 28
153	2.376	1.228	OK
154	0.021	1.227	ERR
155	4.571	1.681	OK
156	0.019	1.123	ERR
157	0.021	0.715	ERR
158	0.029	0.716	ERR
159	0.676	0.781	ERR
160	0.023	0.780	ERR
161	10.982	1.875	OK
162	0.029	1.875	ERR
163	0.021	1.639	ERR
164	0.034	1.641	ERR
165	4.008	1.584	OK
166	4.072	1.990	OK
167	0.011	1.989	ERR
MEJORA: 44 better than: 40
168	3.592	2.345	OK
MEJORA: 28 better than: 24
169	5.457	2.823	OK
170	0.021	2.823	ERR
171	1.864	1.911	OK
172	0.024	1.910	ERR
173	0.018	1.910	ERR
174	0.019	1.909	ERR
175	0.018	1.510	ERR
176	6.449	1.747	OK
177	0.017	1.748	ERR
178	0.019	1.391	ERR
179	0.022	0.847	ERR
180	0.029	0.848	ERR
181	0.017	0.663	ERR
MEJORA: 60 better than: 54
MEJORA: 54 better than: 48
182	4.006	1.061	OK
183	0.019	1.062	ERR
184	0.022	1.062	ERR
MEJORA: 50 better than: 40
185	6.060	1.666	OK
MEJORA: 32 better than: 24
186	2.030	1.224	OK
187	0.014	1.224	ERR
188	0.026	1.224	ERR
189	0.020	1.224	ERR
190	0.013	1.223	ERR
191	0.017	1.223	ERR
192	0.022	0.824	ERR
193	0.027	0.825	ERR
194	11.148	1.938	OK
MEJORA: 38 better than: 36
195	9.652	2.297	OK
196	10.117	3.106	OK
197	0.027	3.107	ERR
198	0.014	3.106	ERR
199	0.026	3.106	ERR
200	0.029	3.108	ERR
201	0.016	3.108	ERR
202	0.026	3.108	ERR
203	3.210	3.426	OK
204	7.511	3.063	OK
205	0.023	2.100	ERR
MEJORA: 24 better than: 20
MEJORA: 20 better than: 16
206	6.129	1.701	OK
207	0.016	1.700	ERR
208	0.013	1.700	ERR
209	3.235	2.021	OK
210	0.034	2.021	ERR
211	0.025	2.022	ERR
212	0.032	2.023	ERR
213	0.025	1.704	ERR
214	10.111	1.964	OK
215	1.890	2.151	OK
MEJORA: 72 better than: 64
MEJORA: 64 better than: 48
216	2.143	1.753	OK
MEJORA: 64 better than: 56
217	2.791	2.030	OK
218	0.034	2.032	ERR
219	0.023	1.711	ERR
220	0.016	1.709	ERR
221	0.010	1.708	ERR
222	0.032	1.708	ERR
223	9.882	2.693	OK
MEJORA: 62 better than: 42
224	6.051	2.287	OK
225	1.484	2.247	OK
226	0.022	2.035	ERR
MEJORA: 40 better than: 30
227	6.077	2.363	OK
228	0.303	2.390	ERR
229	0.023	2.390	ERR
230	0.021	2.391	ERR
231	6.906	3.080	OK
232	0.026	3.079	ERR
233	0.011	2.092	ERR
234	7.696	2.257	OK
235	0.029	2.111	ERR
236	0.021	2.111	ERR
237	0.026	1.506	ERR
238	0.034	1.479	ERR
239	9.024	2.379	OK
240	0.014	2.378	ERR
241	0.281	1.716	ERR
242	0.017	1.715	ERR
243	0.981	1.812	OK
MEJORA: 51 better than: 43
244	3.283	1.371	OK
245	0.020	1.370	ERR
246	0.022	1.370	ERR
247	1.035	1.471	ERR
248	5.913	2.059	OK
MEJORA: 30 better than: 24
249	0.856	1.242	OK
MEJORA: 49 better than: 46
250	9.021	2.143	OK
251	0.020	2.117	ERR
252	0.025	2.118	ERR
253	0.024	2.022	ERR
254	0.024	1.696	ERR
255	0.020	1.696	ERR
256	1.676	1.862	OK
257	8.023	2.560	OK
258	0.026	1.972	ERR
259	9.298	2.816	OK
260	0.017	1.915	ERR
261	6.570	2.570	OK
262	1.640	2.732	ERR
MEJORA: 44 better than: 40
MEJORA: 40 better than: 36
MEJORA: 36 better than: 28
263	4.207	3.150	OK
264	15.887	4.736	OK
265	11.215	5.856	OK
266	0.025	5.691	ERR
MEJORA: 75 better than: 50
267	8.757	5.764	OK
268	0.018	5.763	ERR
269	0.020	4.836	ERR
270	0.022	4.836	ERR
271	0.021	4.181	ERR
272	7.200	4.737	OK
273	11.799	5.496	OK
274	0.033	3.911	ERR
275	0.025	2.792	ERR
276	0.027	2.792	ERR
277	7.421	2.659	OK
278	0.028	2.660	ERR
279	0.015	2.659	ERR
280	0.027	2.660	ERR
281	0.032	2.661	ERR
282	9.739	2.915	OK
MEJORA: 42 better than: 36
MEJORA: 36 better than: 30
283	4.271	2.162	OK
284	0.016	2.160	ERR
285	0.013	2.159	ERR
MEJORA: 71 better than: 67
MEJORA: 67 better than: 63
286	11.065	3.263	OK
MEJORA: 20 better than: 14
287	5.968	3.117	OK
288	0.013	3.116	ERR
289	0.025	3.117	ERR
290	0.016	3.116	ERR
291	0.022	3.115	ERR
292	0.013	2.142	ERR
MEJORA: 36 better than: 30
293	6.592	2.374	OK
294	0.016	2.374	ERR
295	0.021	2.375	ERR
296	4.430	1.712	OK
297	0.024	1.117	ERR
298	0.019	1.118	ERR
MEJORA: 44 better than: 40
MEJORA: 40 better than: 36
299	2.981	1.414	OK
300	4.150	1.827	OK
301	4.457	2.270	OK
302	6.440	2.913	OK
303	0.022	2.256	ERR
MEJORA: 75 better than: 68
MEJORA: 68 better than: 48
MEJORA: 48 better than: 30
304	4.429	2.697	OK
305	0.015	2.697	ERR
306	0.016	2.255	ERR
307	2.474	2.500	OK
308	0.309	2.529	OK
MEJORA: 49 better than: 48
MEJORA: 48 better than: 36
309	9.746	3.206	OK
310	0.025	2.793	ERR
311	0.023	2.350	ERR
312	0.022	1.708	ERR
313	6.954	2.401	OK
314	0.015	1.960	ERR
315	0.010	1.959	ERR
316	0.359	1.994	ERR
317	9.142	2.660	OK
318	0.024	2.632	ERR
319	0.010	1.658	ERR
320	0.016	1.657	ERR
321	0.020	1.657	ERR
322	0.019	1.657	ERR
323	0.032	0.965	ERR
324	0.250	0.988	ERR
325	3.857	1.373	OK
326	0.016	1.339	ERR
327	0.032	0.428	ERR
MEJORA: 48 better than: 42
MEJORA: 42 better than: 24
328	10.494	1.475	OK
329	0.021	1.476	ERR
330	0.022	1.476	ERR
331	0.025	1.477	ERR
332	0.016	1.476	ERR
333	0.032	1.476	ERR
334	3.330	1.784	OK
335	0.016	1.400	ERR
336	0.026	1.401	ERR
MEJORA: 69 better than: 68
MEJORA: 68 better than: 66
MEJORA: 66 better than: 56
337	9.808	2.379	OK
338	0.018	1.331	ERR
339	0.016	1.331	ERR
MEJORA: 32 better than: 28
340	9.354	2.264	OK
341	9.989	3.260	OK
342	12.399	4.499	OK
MEJORA: 48 better than: 32
343	2.959	4.792	OK
344	0.033	4.462	ERR
345	3.564	4.817	OK
346	0.033	4.817	ERR
347	2.929	4.129	OK
348	0.010	4.129	ERR
349	0.016	4.129	ERR
350	0.019	3.195	ERR
351	0.021	2.198	ERR
MEJORA: 16 better than: 12
352	4.569	1.415	OK
353	2.507	1.370	OK
354	0.022	1.369	ERR
355	0.025	1.015	ERR
356	0.022	1.014	ERR
357	0.322	0.753	ERR
358	4.668	1.219	OK
359	0.017	1.219	ERR
360	0.020	1.219	ERR
361	12.085	2.426	OK
362	15.553	3.524	OK
363	0.116	3.285	ERR
364	6.813	3.964	OK
365	7.504	4.712	OK
366	0.016	4.711	ERR
367	0.017	4.681	ERR
368	0.010	4.215	ERR
369	0.016	4.215	ERR
370	1.963	4.409	OK
MEJORA: 80 better than: 60
371	9.129	4.114	OK
372	0.019	2.560	ERR
373	0.021	2.551	ERR
374	0.016	1.871	ERR
375	0.022	1.123	ERR
376	4.267	1.548	OK
377	0.026	1.549	ERR
MEJORA: 90 better than: 60
378	4.078	1.956	OK
379	0.024	1.957	ERR
380	0.019	1.762	ERR
381	0.019	0.851	ERR
382	0.351	0.884	ERR
383	0.026	0.885	ERR
384	10.382	1.921	OK
385	0.019	1.921	ERR
386	0.175	1.512	ERR
387	0.031	1.512	ERR
388	0.016	1.106	ERR
MEJORA: 50 better than: 40
389	4.892	1.593	OK
MEJORA: 14 better than: 12
390	5.105	2.102	OK
391	0.032	2.103	ERR
392	0.325	2.100	ERR
393	0.934	2.191	ERR
394	0.022	1.155	ERR
395	0.016	1.155	ERR
396	0.018	1.139	ERR
397	0.019	1.138	ERR
398	15.038	2.640	OK
399	0.019	2.153	ERR

---- Final results ----
400 NS requests
243 failed requests
157 success requests
54 improved requests
968.439 ellapsed time
