#req	time (sec)	avg. time (sec)	mapping
0	0.020	0.000	ERR
MEJORA: 10 better than: 8
1	0.814	0.000	OK
2	2.378	0.000	OK
3	0.019	0.000	ERR
4	12.859	0.000	OK
MEJORA: 48 better than: 40
5	2.360	0.000	OK
MEJORA: 48 better than: 40
6	10.370	0.000	OK
MEJORA: 48 better than: 40
7	8.123	0.000	OK
8	0.024	0.000	ERR
9	0.024	0.000	ERR
10	0.019	3.699	ERR
MEJORA: 32 better than: 24
11	11.980	4.816	OK
12	4.890	5.067	OK
13	0.021	5.067	ERR
14	0.748	3.856	ERR
MEJORA: 24 better than: 20
15	2.110	3.831	OK
16	8.804	3.674	OK
17	0.028	2.865	ERR
18	3.516	3.214	OK
19	0.478	3.259	ERR
20	3.646	3.622	OK
21	0.026	2.427	ERR
22	2.169	2.155	OK
23	0.016	2.154	ERR
24	13.152	3.394	OK
MEJORA: 89 better than: 88
MEJORA: 88 better than: 71
25	17.891	4.973	OK
26	0.021	4.094	ERR
27	0.013	4.093	ERR
28	0.020	3.743	ERR
MEJORA: 80 better than: 60
MEJORA: 60 better than: 50
29	6.563	4.352	OK
30	0.025	3.990	ERR
31	4.303	4.417	OK
32	1.718	4.372	OK
MEJORA: 24 better than: 20
33	3.502	4.721	OK
MEJORA: 72 better than: 56
34	6.262	4.032	OK
35	12.930	3.536	OK
36	9.275	4.461	OK
37	6.039	5.064	OK
38	0.016	5.063	ERR
39	6.758	5.083	OK
40	0.025	5.083	ERR
41	3.671	5.020	OK
42	2.500	5.098	OK
43	0.018	4.749	ERR
44	0.016	4.125	ERR
45	0.016	2.833	ERR
MEJORA: 40 better than: 32
46	5.907	2.497	OK
47	0.017	1.894	ERR
48	0.016	1.894	ERR
49	0.016	1.220	ERR
50	2.733	1.491	OK
51	0.033	1.127	ERR
MEJORA: 43 better than: 39
MEJORA: 39 better than: 28
52	5.789	1.456	OK
53	0.025	1.457	ERR
MEJORA: 16 better than: 12
54	5.966	2.052	OK
55	0.017	2.052	ERR
56	1.244	1.586	OK
57	0.022	1.586	ERR
58	0.024	1.587	ERR
59	0.031	1.588	ERR
MEJORA: 28 better than: 24
MEJORA: 24 better than: 20
60	3.838	1.699	OK
61	0.023	1.698	ERR
62	5.236	1.643	OK
63	0.018	1.642	ERR
MEJORA: 36 better than: 30
MEJORA: 30 better than: 24
64	7.170	1.762	OK
65	10.531	2.814	OK
MEJORA: 16 better than: 12
66	7.906	3.480	OK
67	0.016	3.479	ERR
68	0.027	3.480	ERR
69	0.015	3.478	ERR
70	0.023	3.097	ERR
71	0.014	3.096	ERR
72	3.358	2.908	OK
73	0.026	2.909	ERR
74	0.017	2.193	ERR
75	0.032	1.143	ERR
MEJORA: 40 better than: 30
76	12.300	1.583	OK
MEJORA: 20 better than: 16
77	6.734	2.255	OK
78	0.021	2.254	ERR
79	0.025	2.255	ERR
80	0.016	2.255	ERR
81	0.017	2.255	ERR
82	0.017	1.921	ERR
83	4.392	2.357	OK
84	3.303	2.686	OK
MEJORA: 36 better than: 32
MEJORA: 32 better than: 28
MEJORA: 28 better than: 24
MEJORA: 24 better than: 20
85	2.291	2.912	OK
MEJORA: 16 better than: 12
86	4.466	2.128	OK
87	0.018	1.457	ERR
88	0.020	1.457	ERR
89	0.023	1.456	ERR
MEJORA: 36 better than: 32
MEJORA: 32 better than: 28
90	2.053	1.660	OK
91	0.017	1.660	ERR
92	0.020	1.660	ERR
93	9.955	2.217	OK
94	0.020	1.888	ERR
95	0.026	1.662	ERR
96	6.313	1.847	OK
MEJORA: 59 better than: 51
97	8.163	2.661	OK
98	0.023	2.661	ERR
99	10.336	3.693	OK
100	0.017	3.489	ERR
101	0.020	3.489	ERR
102	0.020	3.489	ERR
103	0.015	2.495	ERR
104	8.172	3.311	OK
105	3.996	3.707	OK
MEJORA: 38 better than: 30
106	10.295	4.106	OK
MEJORA: 40 better than: 30
107	15.449	4.834	OK
108	0.033	4.835	ERR
109	0.021	3.804	ERR
110	0.023	3.804	ERR
MEJORA: 36 better than: 30
111	4.655	4.268	OK
112	0.032	4.269	ERR
113	7.017	4.969	OK
114	2.029	4.355	OK
115	0.020	3.957	ERR
116	12.285	4.156	OK
117	0.028	2.614	ERR
118	10.284	3.640	OK
119	6.447	4.282	OK
120	0.013	4.281	ERR
121	0.023	3.818	ERR
122	9.860	4.801	OK
123	0.021	4.101	ERR
124	0.020	3.900	ERR
125	0.032	3.901	ERR
126	0.022	2.675	ERR
127	0.025	2.675	ERR
128	9.103	2.557	OK
MEJORA: 64 better than: 48
129	22.361	4.148	OK
130	0.010	4.148	ERR
131	0.032	4.149	ERR
132	9.035	4.066	OK
133	0.018	4.066	ERR
134	20.956	6.160	OK
135	0.016	6.158	ERR
136	5.588	6.714	OK
MEJORA: 110 better than: 100
137	6.921	7.404	OK
138	0.019	6.496	ERR
MEJORA: 72 better than: 60
MEJORA: 60 better than: 54
MEJORA: 54 better than: 48
MEJORA: 48 better than: 42
139	6.495	4.909	OK
140	0.015	4.910	ERR
141	9.432	5.850	OK
142	0.017	4.948	ERR
MEJORA: 36 better than: 28
MEJORA: 28 better than: 24
MEJORA: 24 better than: 20
MEJORA: 20 better than: 16
143	3.297	5.276	OK
144	0.025	3.183	ERR
145	0.032	3.184	ERR
146	6.479	3.273	OK
147	4.310	3.012	OK
148	0.022	3.012	ERR
149	0.028	2.366	ERR
150	0.032	2.367	ERR
151	0.032	1.427	ERR
152	0.026	1.428	ERR
MEJORA: 40 better than: 36
MEJORA: 36 better than: 32
MEJORA: 32 better than: 28
153	3.930	1.491	OK
154	0.020	1.491	ERR
155	4.981	1.986	OK
156	0.017	1.340	ERR
157	0.019	0.910	ERR
158	0.027	0.911	ERR
159	0.032	0.911	ERR
160	0.022	0.910	ERR
161	13.614	2.269	OK
162	0.027	2.269	ERR
163	0.019	1.878	ERR
164	0.032	1.879	ERR
MEJORA: 36 better than: 30
165	4.552	1.836	OK
166	4.173	2.252	OK
167	0.010	2.251	ERR
MEJORA: 58 better than: 48
MEJORA: 48 better than: 40
168	16.525	3.901	OK
MEJORA: 28 better than: 24
169	6.676	4.565	OK
170	0.020	4.565	ERR
MEJORA: 40 better than: 32
171	3.140	3.517	OK
172	0.023	3.517	ERR
173	0.017	3.517	ERR
174	0.019	3.515	ERR
175	0.018	3.062	ERR
176	6.275	3.272	OK
177	0.016	3.273	ERR
178	0.018	1.622	ERR
179	0.021	0.957	ERR
180	0.028	0.958	ERR
181	0.016	0.645	ERR
MEJORA: 60 better than: 54
182	5.267	1.170	OK
183	0.016	1.169	ERR
184	0.021	1.170	ERR
MEJORA: 50 better than: 40
185	7.413	1.909	OK
MEJORA: 32 better than: 24
186	5.268	1.809	OK
187	0.013	1.808	ERR
188	0.025	1.809	ERR
189	0.019	1.809	ERR
190	0.013	1.807	ERR
191	0.016	1.807	ERR
192	0.021	1.283	ERR
193	0.026	1.283	ERR
194	12.443	2.526	OK
MEJORA: 38 better than: 36
195	1.781	1.963	OK
196	11.756	2.611	OK
197	0.026	2.613	ERR
198	0.013	2.612	ERR
199	0.025	2.612	ERR
200	0.028	2.614	ERR
201	0.015	2.613	ERR
202	0.025	2.614	ERR
MEJORA: 14 better than: 12
MEJORA: 12 better than: 10
203	7.549	3.366	OK
204	5.616	2.683	OK
205	0.023	2.508	ERR
MEJORA: 24 better than: 20
MEJORA: 20 better than: 16
206	6.496	1.981	OK
207	0.015	1.980	ERR
208	0.013	1.980	ERR
MEJORA: 20 better than: 16
209	7.496	2.728	OK
210	0.032	2.728	ERR
211	0.025	2.729	ERR
212	0.032	2.730	ERR
213	0.024	1.977	ERR
214	13.097	2.725	OK
215	3.564	3.079	OK
MEJORA: 88 better than: 80
MEJORA: 80 better than: 64
MEJORA: 64 better than: 56
216	2.727	2.703	OK
MEJORA: 72 better than: 64
MEJORA: 64 better than: 56
217	4.371	3.138	OK
218	0.032	3.140	ERR
219	0.022	2.393	ERR
220	0.015	2.391	ERR
221	0.010	2.389	ERR
222	0.032	2.389	ERR
223	11.479	3.535	OK
MEJORA: 62 better than: 50
MEJORA: 50 better than: 42
224	5.283	2.753	OK
225	5.767	2.974	OK
226	0.021	2.703	ERR
MEJORA: 40 better than: 30
227	6.410	2.907	OK
228	2.375	3.141	OK
229	0.021	3.141	ERR
230	0.020	3.142	ERR
231	8.904	4.031	OK
232	0.025	4.030	ERR
233	0.010	2.883	ERR
MEJORA: 60 better than: 52
MEJORA: 52 better than: 41
MEJORA: 41 better than: 21
234	2.135	2.569	OK
235	0.028	1.995	ERR
236	0.019	1.995	ERR
237	0.025	1.356	ERR
238	0.032	1.122	ERR
239	10.554	2.175	OK
240	0.013	2.174	ERR
241	0.290	1.313	ERR
242	0.016	1.312	ERR
243	0.974	1.409	OK
244	0.019	1.197	ERR
245	0.020	1.196	ERR
246	0.022	1.196	ERR
247	1.046	1.299	ERR
248	6.510	1.946	OK
MEJORA: 30 better than: 24
249	3.857	1.277	OK
MEJORA: 55 better than: 44
MEJORA: 44 better than: 40
MEJORA: 40 better than: 36
MEJORA: 36 better than: 20
250	10.423	2.318	OK
251	0.020	2.291	ERR
252	0.025	2.291	ERR
253	0.025	2.196	ERR
254	0.025	2.197	ERR
255	0.019	2.197	ERR
256	1.804	2.375	OK
MEJORA: 42 better than: 36
MEJORA: 36 better than: 30
257	8.571	3.128	OK
258	0.025	2.479	ERR
MEJORA: 60 better than: 58
MEJORA: 58 better than: 40
259	10.983	3.192	OK
260	0.016	2.151	ERR
261	8.653	3.014	OK
262	0.707	3.083	ERR
263	3.425	3.423	OK
264	17.699	5.190	OK
265	13.210	6.509	OK
266	0.025	6.331	ERR
267	0.010	5.475	ERR
268	0.016	5.474	ERR
269	0.020	4.378	ERR
270	0.021	4.378	ERR
271	0.021	3.515	ERR
MEJORA: 48 better than: 40
272	13.596	4.804	OK
273	13.695	5.831	OK
274	0.032	4.065	ERR
275	0.025	2.746	ERR
276	0.026	2.746	ERR
277	0.137	2.759	ERR
278	0.028	2.760	ERR
279	0.015	2.760	ERR
280	0.027	2.760	ERR
281	0.032	2.761	ERR
MEJORA: 42 better than: 36
282	12.292	2.631	OK
MEJORA: 42 better than: 36
283	4.192	1.681	OK
284	0.017	1.679	ERR
285	0.013	1.678	ERR
MEJORA: 92 better than: 84
MEJORA: 84 better than: 67
MEJORA: 67 better than: 59
MEJORA: 59 better than: 55
286	11.562	2.831	OK
MEJORA: 24 better than: 20
MEJORA: 20 better than: 14
287	8.308	3.649	OK
288	0.013	3.647	ERR
289	0.025	3.648	ERR
290	0.016	3.647	ERR
291	0.022	3.646	ERR
292	0.013	2.418	ERR
293	7.599	2.759	OK
294	0.016	2.759	ERR
295	0.021	2.759	ERR
296	5.810	2.184	OK
297	0.024	1.356	ERR
298	0.020	1.357	ERR
MEJORA: 36 better than: 28
299	2.755	1.630	OK
300	5.760	2.204	OK
MEJORA: 24 better than: 20
MEJORA: 20 better than: 16
301	8.982	3.100	OK
302	8.611	3.960	OK
303	0.022	3.202	ERR
MEJORA: 43 better than: 36
304	11.954	4.396	OK
305	0.015	4.395	ERR
306	1.232	3.937	OK
307	7.034	4.638	OK
308	0.318	4.668	OK
309	10.783	5.471	OK
310	0.025	4.897	ERR
311	0.022	4.002	ERR
312	0.021	3.142	ERR
313	5.573	3.698	OK
314	0.015	2.504	ERR
315	0.010	2.503	ERR
MEJORA: 80 better than: 74
316	14.051	3.785	OK
MEJORA: 50 better than: 44
MEJORA: 44 better than: 38
317	9.723	4.054	OK
318	0.025	4.025	ERR
319	0.010	2.947	ERR
320	0.016	2.947	ERR
321	0.020	2.946	ERR
322	0.018	2.946	ERR
323	0.032	2.392	ERR
324	0.357	2.426	ERR
325	2.751	2.700	OK
326	0.016	1.297	ERR
327	0.032	0.328	ERR
MEJORA: 30 better than: 24
328	12.167	1.542	OK
329	0.021	1.543	ERR
330	0.022	1.544	ERR
331	0.025	1.544	ERR
332	0.016	1.544	ERR
333	0.032	1.544	ERR
334	2.699	1.778	OK
335	0.016	1.505	ERR
336	0.026	1.506	ERR
MEJORA: 69 better than: 62
337	9.474	2.450	OK
338	0.018	1.235	ERR
339	0.016	1.235	ERR
MEJORA: 32 better than: 28
MEJORA: 28 better than: 24
340	11.379	2.370	OK
MEJORA: 59 better than: 49
MEJORA: 49 better than: 45
341	11.554	3.523	OK
MEJORA: 26 better than: 22
342	15.039	5.025	OK
343	1.492	5.171	OK
344	0.032	4.905	ERR
345	4.023	5.305	OK
346	0.032	5.306	ERR
347	4.048	4.763	OK
348	0.010	4.763	ERR
349	0.016	4.763	ERR
350	0.020	3.627	ERR
351	0.021	2.473	ERR
352	1.892	1.159	OK
353	4.507	1.460	OK
354	0.022	1.459	ERR
355	0.025	1.059	ERR
356	0.022	1.058	ERR
357	0.439	0.697	ERR
MEJORA: 36 better than: 32
MEJORA: 32 better than: 28
358	3.684	1.065	OK
359	0.016	1.065	ERR
360	0.019	1.065	ERR
361	9.317	1.994	OK
MEJORA: 71 better than: 24
MEJORA: 24 better than: 18
362	9.390	2.744	OK
MEJORA: 46 better than: 42
MEJORA: 42 better than: 32
363	11.994	3.493	OK
364	4.071	3.898	OK
365	0.238	3.919	ERR
366	0.016	3.919	ERR
367	0.017	3.876	ERR
368	0.010	3.509	ERR
369	0.016	3.509	ERR
370	2.449	3.752	OK
MEJORA: 60 better than: 50
371	9.848	3.805	OK
372	0.020	2.868	ERR
373	0.021	1.671	ERR
374	0.016	1.265	ERR
375	0.022	1.243	ERR
MEJORA: 62 better than: 44
376	8.046	2.046	OK
377	0.026	2.047	ERR
MEJORA: 100 better than: 90
MEJORA: 90 better than: 70
378	4.568	2.503	OK
379	0.025	2.504	ERR
380	0.020	2.261	ERR
381	0.019	1.278	ERR
382	0.820	1.358	ERR
383	0.026	1.359	ERR
384	12.154	2.573	OK
385	0.020	2.572	ERR
386	8.573	2.625	OK
387	0.032	2.626	ERR
388	0.016	2.170	ERR
389	0.411	2.209	ERR
MEJORA: 18 better than: 16
MEJORA: 16 better than: 12
390	4.969	2.704	OK
391	0.032	2.705	ERR
392	0.013	2.625	ERR
393	0.432	2.665	ERR
394	0.022	1.452	ERR
395	0.016	1.452	ERR
396	0.019	0.596	ERR
397	0.020	0.595	ERR
MEJORA: 63 better than: 59
MEJORA: 59 better than: 57
MEJORA: 57 better than: 38
398	20.020	2.595	OK
399	0.020	2.556	ERR

---- Final results ----
400 NS requests
243 failed requests
157 success requests
73 improved requests
1155.679 ellapsed time
