#req	time (sec)	avg. time (sec)	mapping
0	0.020	0.000	ERR
1	8.485	0.000	OK
2	1.646	0.000	OK
3	0.020	0.000	ERR
MEJORA: 40 better than: 38
4	9.329	0.000	OK
5	6.798	0.000	OK
MEJORA: 32 better than: 24
6	1.437	0.000	OK
7	2.942	0.000	OK
8	0.024	0.000	ERR
9	0.025	0.000	ERR
10	0.019	3.072	ERR
11	1.164	2.340	OK
12	1.006	2.277	OK
13	0.020	2.277	ERR
14	14.141	2.758	OK
15	5.023	2.580	OK
16	0.475	2.484	OK
17	0.027	2.193	ERR
18	4.084	2.599	OK
19	2.680	2.864	OK
20	5.343	3.397	OK
21	0.026	3.283	ERR
22	4.395	3.622	OK
23	0.016	3.621	ERR
24	11.834	3.390	OK
MEJORA: 88 better than: 80
MEJORA: 80 better than: 72
MEJORA: 72 better than: 56
25	19.972	4.885	OK
26	0.021	4.840	ERR
27	0.013	4.838	ERR
28	0.020	4.432	ERR
29	3.462	4.510	OK
30	0.024	3.978	ERR
MEJORA: 55 better than: 50
31	5.910	4.567	OK
32	1.113	4.239	OK
33	9.192	5.156	OK
34	5.995	4.572	OK
35	16.589	4.234	OK
MEJORA: 32 better than: 24
36	5.868	4.819	OK
37	7.041	5.521	OK
38	0.015	5.521	ERR
39	5.985	5.773	OK
40	0.024	5.773	ERR
41	6.748	5.857	OK
42	5.897	6.335	OK
43	0.018	5.418	ERR
44	0.016	4.820	ERR
45	0.016	3.163	ERR
46	6.339	3.210	OK
47	0.017	2.508	ERR
48	0.016	2.508	ERR
49	0.016	1.911	ERR
MEJORA: 14 better than: 12
50	7.410	2.649	OK
51	0.033	1.978	ERR
52	10.931	2.481	OK
53	0.024	2.482	ERR
54	13.610	3.841	OK
55	0.017	3.841	ERR
56	16.143	4.822	OK
57	0.022	4.822	ERR
58	0.025	4.823	ERR
59	0.032	4.825	ERR
MEJORA: 40 better than: 36
MEJORA: 36 better than: 32
60	2.701	4.354	OK
61	0.021	4.353	ERR
62	15.510	4.810	OK
63	0.017	4.810	ERR
MEJORA: 30 better than: 24
64	10.187	4.467	OK
MEJORA: 70 better than: 65
65	13.992	5.865	OK
66	1.151	4.366	OK
67	0.015	4.365	ERR
68	0.026	4.365	ERR
69	0.015	4.364	ERR
70	0.022	4.096	ERR
71	0.013	4.095	ERR
72	1.086	2.652	OK
73	0.026	2.653	ERR
74	0.017	1.636	ERR
75	0.031	0.240	ERR
76	1.073	0.232	OK
77	0.777	0.308	OK
78	0.021	0.308	ERR
79	0.024	0.309	ERR
80	0.016	0.308	ERR
81	0.015	0.308	ERR
82	0.016	0.201	ERR
83	1.107	0.310	OK
84	8.804	1.188	OK
MEJORA: 24 better than: 20
85	2.561	1.441	OK
86	0.032	1.337	ERR
87	0.017	1.261	ERR
88	0.019	1.261	ERR
89	0.022	1.261	ERR
90	9.139	2.173	OK
91	0.016	2.173	ERR
92	0.020	2.174	ERR
93	6.123	2.675	OK
94	0.019	1.797	ERR
95	0.026	1.543	ERR
96	7.517	2.292	OK
97	9.282	3.218	OK
98	0.022	3.219	ERR
99	1.065	3.323	OK
100	0.016	2.411	ERR
101	0.019	2.411	ERR
102	0.019	2.411	ERR
103	0.015	1.800	ERR
104	10.373	2.835	OK
105	4.261	3.259	OK
106	1.400	2.647	OK
MEJORA: 40 better than: 30
107	1.307	1.850	OK
108	0.032	1.851	ERR
109	0.020	1.746	ERR
110	0.022	1.747	ERR
111	2.334	1.978	OK
112	0.032	1.980	ERR
MEJORA: 44 better than: 40
113	12.202	3.198	OK
114	7.007	2.862	OK
115	0.020	2.438	ERR
116	7.107	3.008	OK
117	0.028	2.880	ERR
118	1.723	3.050	OK
119	0.831	3.131	OK
120	0.013	3.130	ERR
121	0.022	2.899	ERR
122	1.755	3.071	OK
123	0.021	1.853	ERR
124	0.020	1.154	ERR
125	0.032	1.155	ERR
126	0.022	0.447	ERR
127	0.025	0.447	ERR
128	7.551	1.029	OK
MEJORA: 64 better than: 48
129	14.768	2.423	OK
130	0.010	2.423	ERR
131	0.031	2.424	ERR
132	1.342	2.382	ERR
133	0.019	2.382	ERR
134	0.745	2.455	ERR
135	0.016	2.453	ERR
136	11.064	3.557	OK
MEJORA: 120 better than: 110
MEJORA: 110 better than: 100
MEJORA: 100 better than: 88
137	12.886	4.843	OK
138	0.020	4.090	ERR
MEJORA: 36 better than: 24
139	8.221	3.435	OK
140	0.015	3.436	ERR
141	8.046	4.238	OK
142	0.017	4.105	ERR
143	4.419	4.545	OK
144	0.024	4.473	ERR
145	0.032	4.475	ERR
146	4.610	3.829	OK
147	15.424	4.083	OK
148	0.023	4.083	ERR
149	0.029	3.264	ERR
150	0.032	3.266	ERR
151	0.033	2.464	ERR
152	0.027	2.465	ERR
153	10.494	3.073	OK
154	0.020	3.072	ERR
155	1.979	3.267	OK
156	0.018	2.808	ERR
157	0.020	1.267	ERR
158	0.028	1.268	ERR
159	2.017	1.467	ERR
160	0.022	1.466	ERR
161	2.964	1.759	OK
162	0.028	1.759	ERR
163	0.020	0.712	ERR
164	0.033	0.713	ERR
165	10.071	1.522	OK
166	1.179	1.638	OK
167	0.010	1.637	ERR
168	7.041	2.339	OK
169	1.353	2.272	OK
170	0.020	2.272	ERR
MEJORA: 48 better than: 40
171	4.827	2.458	OK
172	0.022	2.458	ERR
173	0.017	2.457	ERR
174	0.019	2.456	ERR
175	0.018	1.451	ERR
MEJORA: 60 better than: 58
176	10.232	2.356	OK
177	0.017	2.357	ERR
178	0.019	1.654	ERR
179	0.021	1.521	ERR
180	0.028	1.522	ERR
181	0.016	1.041	ERR
182	8.945	1.933	OK
183	0.017	1.933	ERR
184	0.022	1.933	ERR
185	0.800	2.012	OK
186	3.034	1.292	OK
187	0.013	1.292	ERR
188	0.025	1.292	ERR
189	0.020	1.292	ERR
190	0.013	1.290	ERR
191	0.017	1.291	ERR
192	0.022	0.398	ERR
193	0.026	0.399	ERR
194	2.891	0.686	OK
195	5.370	1.143	OK
196	8.386	1.678	OK
197	0.027	1.680	ERR
198	0.013	1.678	ERR
199	0.025	1.679	ERR
200	0.029	1.681	ERR
201	0.015	1.680	ERR
202	0.025	1.681	ERR
MEJORA: 18 better than: 14
203	10.667	2.745	OK
204	6.525	3.108	OK
205	0.023	2.574	ERR
MEJORA: 20 better than: 16
206	9.418	2.677	OK
207	0.016	2.676	ERR
208	0.013	2.676	ERR
209	4.266	3.100	OK
210	0.032	3.100	ERR
211	0.024	3.101	ERR
212	0.031	3.101	ERR
213	0.024	2.037	ERR
MEJORA: 16 better than: 12
214	11.548	2.539	OK
215	2.299	2.767	OK
216	13.734	3.199	OK
MEJORA: 64 better than: 56
MEJORA: 56 better than: 48
217	18.756	5.073	OK
218	0.032	5.075	ERR
219	0.022	4.650	ERR
220	0.015	4.649	ERR
221	0.010	4.647	ERR
222	0.031	4.647	ERR
223	9.881	5.633	OK
224	13.972	5.875	OK
225	2.496	5.895	OK
226	0.021	4.524	ERR
227	0.671	2.715	OK
228	12.151	3.927	OK
229	0.022	3.927	ERR
230	0.020	3.927	ERR
MEJORA: 60 better than: 59
MEJORA: 59 better than: 49
MEJORA: 49 better than: 37
231	9.065	4.833	OK
232	0.024	4.832	ERR
233	0.010	3.845	ERR
234	6.722	3.120	OK
235	0.028	2.873	ERR
236	0.020	2.873	ERR
237	0.024	2.809	ERR
238	0.031	1.597	ERR
239	16.328	3.227	OK
240	0.013	3.226	ERR
241	0.838	2.404	ERR
242	0.017	2.403	ERR
243	0.230	2.425	OK
244	14.917	3.245	OK
245	0.020	3.244	ERR
246	0.023	3.244	ERR
247	1.334	3.375	OK
248	2.378	3.610	OK
MEJORA: 24 better than: 18
249	0.653	2.042	OK
250	0.729	2.114	ERR
251	0.020	2.032	ERR
252	0.025	2.033	ERR
253	0.024	2.012	ERR
254	0.025	0.523	ERR
255	0.019	0.523	ERR
256	8.266	1.347	OK
257	6.895	1.903	OK
258	0.024	1.668	ERR
259	1.134	1.716	OK
260	0.016	1.645	ERR
MEJORA: 18 better than: 16
MEJORA: 16 better than: 14
261	9.839	2.627	OK
262	0.551	2.679	ERR
263	4.794	3.156	OK
MEJORA: 40 better than: 39
MEJORA: 39 better than: 37
MEJORA: 37 better than: 33
264	17.980	4.952	OK
MEJORA: 50 better than: 40
265	11.313	6.081	OK
266	0.024	5.257	ERR
MEJORA: 45 better than: 39
267	10.980	5.666	OK
268	0.016	5.665	ERR
269	0.019	5.553	ERR
270	0.021	5.554	ERR
271	0.020	4.572	ERR
272	4.136	4.930	OK
273	1.478	4.599	OK
274	0.031	2.804	ERR
275	0.025	1.675	ERR
276	0.026	1.675	ERR
277	0.641	0.641	ERR
278	0.027	0.642	ERR
279	0.015	0.642	ERR
280	0.027	0.643	ERR
281	0.032	0.644	ERR
282	13.598	1.590	OK
MEJORA: 30 better than: 24
283	2.783	1.720	OK
284	0.016	1.719	ERR
285	0.012	1.718	ERR
286	16.238	3.339	OK
MEJORA: 20 better than: 14
287	13.198	4.595	OK
288	0.013	4.593	ERR
289	0.024	4.594	ERR
290	0.016	4.593	ERR
291	0.022	4.592	ERR
292	0.013	3.233	ERR
293	6.519	3.607	OK
294	0.016	3.607	ERR
295	0.020	3.608	ERR
296	0.970	2.081	OK
297	0.024	0.764	ERR
298	0.019	0.764	ERR
299	10.948	1.856	OK
300	6.980	2.553	OK
301	0.843	2.635	OK
302	0.666	2.700	OK
303	0.022	2.051	ERR
MEJORA: 65 better than: 57
MEJORA: 57 better than: 49
304	4.521	2.501	OK
305	0.015	2.501	ERR
306	11.356	3.539	OK
307	12.464	4.783	OK
308	0.266	4.808	OK
309	5.653	4.279	OK
310	0.024	3.583	ERR
311	0.021	3.501	ERR
312	0.020	3.436	ERR
313	1.375	3.572	ERR
314	0.014	3.121	ERR
315	0.009	3.120	ERR
MEJORA: 55 better than: 37
316	12.134	3.198	OK
317	9.667	2.918	OK
318	0.024	2.894	ERR
319	0.009	2.330	ERR
320	0.016	2.329	ERR
321	0.019	2.329	ERR
322	0.018	2.328	ERR
323	0.031	2.194	ERR
324	0.833	2.276	ERR
325	0.706	2.346	OK
326	0.016	1.134	ERR
327	0.031	0.170	ERR
328	4.033	0.571	OK
329	0.020	0.572	ERR
330	0.021	0.573	ERR
331	0.024	0.573	ERR
332	0.016	0.573	ERR
333	0.031	0.573	ERR
334	1.690	0.659	OK
335	0.016	0.590	ERR
336	0.025	0.591	ERR
MEJORA: 61 better than: 38
337	17.525	2.340	OK
338	0.018	1.939	ERR
339	0.015	1.938	ERR
MEJORA: 28 better than: 24
340	10.476	2.983	OK
MEJORA: 46 better than: 42
341	9.895	3.971	OK
342	22.415	6.211	OK
343	13.552	7.563	OK
344	7.255	8.119	OK
345	14.955	9.613	OK
346	0.032	9.614	ERR
347	4.780	8.339	OK
348	0.010	8.338	ERR
349	0.016	8.338	ERR
350	0.019	7.293	ERR
351	0.020	6.305	ERR
352	5.337	4.597	OK
353	1.571	3.399	OK
354	0.022	2.676	ERR
355	0.024	1.183	ERR
356	0.022	1.182	ERR
357	1.197	0.824	ERR
358	13.937	2.216	OK
359	0.016	2.216	ERR
360	0.019	2.216	ERR
361	12.998	3.514	OK
MEJORA: 54 better than: 22
362	18.189	4.799	OK
363	20.521	6.694	OK
364	14.635	8.156	OK
365	16.964	9.850	OK
366	0.016	9.849	ERR
367	0.017	9.731	ERR
368	0.009	8.338	ERR
369	0.015	8.338	ERR
370	0.739	8.410	OK
371	1.994	7.310	OK
372	0.019	5.493	ERR
373	0.020	3.443	ERR
374	0.016	1.981	ERR
375	0.021	0.287	ERR
376	0.429	0.328	ERR
377	0.025	0.329	ERR
378	7.819	1.110	OK
379	0.024	1.111	ERR
380	0.019	1.039	ERR
381	0.019	0.841	ERR
382	0.907	0.930	ERR
383	0.025	0.930	ERR
384	2.320	1.161	OK
385	0.019	1.160	ERR
386	0.032	1.121	ERR
387	0.030	1.121	ERR
388	0.015	0.341	ERR
389	0.762	0.415	ERR
390	7.919	1.205	OK
391	0.031	1.206	ERR
MEJORA: 65 better than: 63
MEJORA: 63 better than: 59
392	14.124	2.528	OK
393	19.064	4.432	OK
394	0.022	4.202	ERR
395	0.016	4.202	ERR
396	0.019	4.200	ERR
397	0.020	4.199	ERR
398	1.330	4.331	ERR
399	0.020	4.256	ERR

---- Final results ----
400 NS requests
242 failed requests
158 success requests
36 improved requests
1195.438 ellapsed time
