#req	time (sec)	avg. time (sec)	mapping
0	0.020	0.000	ERR
1	11.093	0.000	OK
2	1.124	0.000	OK
3	0.020	0.000	ERR
MEJORA: 40 better than: 38
4	12.862	0.000	OK
5	8.683	0.000	OK
MEJORA: 32 better than: 24
6	1.695	0.000	OK
MEJORA: 32 better than: 24
7	1.482	0.000	OK
8	0.023	0.000	ERR
9	0.024	0.000	ERR
10	0.019	3.702	ERR
11	1.191	2.712	OK
12	1.067	2.707	OK
13	0.020	2.707	ERR
14	16.896	3.110	OK
15	4.786	2.720	OK
16	0.567	2.607	OK
17	0.027	2.462	ERR
18	3.745	2.834	OK
19	4.690	3.301	OK
20	4.508	3.750	OK
21	0.026	3.633	ERR
22	4.272	3.954	OK
23	0.016	3.953	ERR
24	12.544	3.518	OK
25	16.142	4.654	OK
26	0.021	4.599	ERR
27	0.013	4.598	ERR
28	0.020	4.225	ERR
MEJORA: 70 better than: 60
MEJORA: 60 better than: 50
29	2.261	3.982	OK
30	0.024	3.534	ERR
MEJORA: 55 better than: 50
31	8.152	4.347	OK
MEJORA: 16 better than: 12
32	1.391	4.058	OK
33	11.924	5.249	OK
MEJORA: 64 better than: 56
34	9.160	4.911	OK
35	20.177	5.314	OK
MEJORA: 32 better than: 24
36	5.466	5.859	OK
37	7.633	6.621	OK
38	0.015	6.620	ERR
39	6.542	7.049	OK
40	0.024	7.048	ERR
MEJORA: 24 better than: 18
41	6.863	6.920	OK
42	8.063	7.587	OK
43	0.017	6.396	ERR
44	0.016	5.482	ERR
45	0.016	3.465	ERR
MEJORA: 28 better than: 24
46	8.633	3.782	OK
47	0.016	3.021	ERR
48	0.015	3.021	ERR
49	0.016	2.368	ERR
50	10.210	3.386	OK
51	0.031	2.703	ERR
52	14.852	3.382	OK
53	0.024	3.383	ERR
54	16.066	4.988	OK
55	0.017	4.988	ERR
56	20.254	6.150	OK
57	0.022	6.151	ERR
58	0.024	6.152	ERR
59	0.031	6.153	ERR
MEJORA: 48 better than: 44
MEJORA: 44 better than: 40
60	7.296	5.862	OK
61	0.021	5.861	ERR
62	17.404	6.116	OK
63	0.017	6.115	ERR
MEJORA: 38 better than: 26
64	13.683	5.877	OK
65	21.466	8.022	OK
66	1.368	6.133	OK
67	0.015	6.133	ERR
68	0.026	6.133	ERR
69	0.015	6.131	ERR
70	0.022	5.404	ERR
71	0.013	5.403	ERR
72	1.392	3.802	OK
73	0.025	3.802	ERR
74	0.017	2.436	ERR
75	0.031	0.292	ERR
76	1.248	0.280	OK
77	0.840	0.363	OK
78	0.021	0.362	ERR
79	0.024	0.363	ERR
80	0.016	0.363	ERR
81	0.015	0.363	ERR
82	0.016	0.225	ERR
83	1.304	0.353	OK
MEJORA: 72 better than: 64
MEJORA: 64 better than: 56
84	13.304	1.682	OK
MEJORA: 24 better than: 20
MEJORA: 20 better than: 16
85	3.961	2.075	OK
86	0.032	1.953	ERR
87	0.017	1.871	ERR
88	0.019	1.871	ERR
89	0.022	1.871	ERR
90	11.119	2.981	OK
91	0.016	2.981	ERR
92	0.020	2.982	ERR
93	18.821	4.733	OK
94	0.020	3.405	ERR
95	0.026	3.011	ERR
96	8.504	3.858	OK
MEJORA: 53 better than: 48
97	12.645	5.121	OK
98	0.022	5.121	ERR
99	1.187	5.238	OK
100	0.016	4.128	ERR
101	0.019	4.128	ERR
102	0.019	4.128	ERR
103	0.015	2.247	ERR
104	12.114	3.457	OK
105	3.123	3.766	OK
106	1.042	3.020	OK
MEJORA: 40 better than: 30
107	1.535	1.909	OK
108	0.032	1.910	ERR
109	0.020	1.793	ERR
110	0.021	1.794	ERR
111	1.285	1.921	OK
112	0.032	1.922	ERR
MEJORA: 44 better than: 40
113	15.290	3.449	OK
MEJORA: 24 better than: 16
114	12.268	3.465	OK
115	0.019	3.154	ERR
116	8.761	3.926	OK
117	0.027	3.776	ERR
118	1.729	3.945	OK
119	0.981	4.041	OK
120	0.013	4.041	ERR
121	0.021	3.914	ERR
122	1.408	4.052	OK
123	0.021	2.525	ERR
124	0.019	1.300	ERR
125	0.031	1.301	ERR
126	0.021	0.427	ERR
127	0.024	0.427	ERR
128	9.372	1.191	OK
MEJORA: 64 better than: 56
MEJORA: 56 better than: 48
129	17.388	2.832	OK
130	0.010	2.832	ERR
131	0.031	2.833	ERR
132	0.512	2.743	ERR
133	0.018	2.743	ERR
134	0.742	2.815	ERR
135	0.016	2.813	ERR
136	11.810	3.992	OK
MEJORA: 110 better than: 102
MEJORA: 102 better than: 82
MEJORA: 82 better than: 66
137	18.770	5.867	OK
138	0.019	4.932	ERR
139	8.395	4.032	OK
140	0.016	4.033	ERR
141	9.632	4.993	OK
142	0.017	4.944	ERR
143	6.835	5.625	OK
144	0.024	5.553	ERR
145	0.031	5.555	ERR
MEJORA: 32 better than: 24
MEJORA: 24 better than: 20
146	7.718	5.146	OK
MEJORA: 16 better than: 14
147	19.301	5.199	OK
148	0.022	5.199	ERR
149	0.027	4.362	ERR
150	0.031	4.364	ERR
151	0.031	3.404	ERR
152	0.025	3.405	ERR
153	12.263	3.947	OK
154	0.020	3.947	ERR
155	2.930	4.237	OK
156	0.017	3.467	ERR
157	0.019	1.539	ERR
158	0.027	1.539	ERR
159	14.940	3.030	OK
160	0.022	3.029	ERR
161	0.998	3.126	OK
162	0.027	3.126	ERR
163	0.019	1.902	ERR
164	0.032	1.903	ERR
165	11.936	2.804	OK
166	1.366	2.939	OK
167	0.010	2.938	ERR
MEJORA: 50 better than: 35
MEJORA: 35 better than: 31
MEJORA: 31 better than: 27
168	15.717	4.507	OK
169	1.673	3.180	OK
170	0.019	3.180	ERR
171	0.747	3.155	OK
172	0.022	3.154	ERR
173	0.016	3.154	ERR
174	0.018	3.152	ERR
175	0.017	1.960	ERR
MEJORA: 60 better than: 58
176	11.951	3.019	OK
177	0.016	3.020	ERR
178	0.018	1.450	ERR
179	0.021	1.284	ERR
180	0.027	1.285	ERR
181	0.016	1.212	ERR
182	9.372	2.147	OK
183	0.017	2.147	ERR
184	0.022	2.148	ERR
185	1.016	2.248	OK
186	1.345	1.187	OK
187	0.013	1.187	ERR
188	0.024	1.187	ERR
189	0.019	1.187	ERR
190	0.012	1.186	ERR
191	0.016	1.186	ERR
192	0.020	0.251	ERR
193	0.025	0.251	ERR
194	2.094	0.459	OK
MEJORA: 45 better than: 41
MEJORA: 41 better than: 37
195	12.596	1.617	OK
196	9.406	2.423	OK
197	0.025	2.424	ERR
198	0.013	2.423	ERR
199	0.024	2.423	ERR
200	0.027	2.425	ERR
201	0.015	2.424	ERR
202	0.024	2.425	ERR
203	11.403	3.563	OK
204	1.068	3.460	OK
205	0.022	2.203	ERR
MEJORA: 16 better than: 14
206	10.574	2.319	OK
207	0.015	2.318	ERR
208	0.013	2.318	ERR
MEJORA: 12 better than: 10
209	7.603	3.076	OK
210	0.032	3.077	ERR
211	0.024	3.078	ERR
212	0.031	3.078	ERR
213	0.024	1.941	ERR
MEJORA: 8 better than: 6
214	1.174	1.951	OK
215	1.045	2.054	OK
MEJORA: 40 better than: 24
216	1.020	1.098	OK
MEJORA: 64 better than: 56
MEJORA: 56 better than: 48
217	25.870	3.684	OK
218	0.031	3.686	ERR
219	0.022	2.927	ERR
220	0.015	2.926	ERR
221	0.010	2.924	ERR
222	0.031	2.924	ERR
223	12.783	4.200	OK
MEJORA: 60 better than: 54
224	16.155	5.698	OK
225	1.717	5.765	OK
226	0.021	5.665	ERR
227	1.132	3.192	OK
228	4.485	3.637	OK
229	0.021	3.637	ERR
230	0.019	3.637	ERR
231	0.769	3.713	ERR
232	0.024	3.713	ERR
233	0.010	2.435	ERR
234	9.146	1.734	OK
235	0.028	1.566	ERR
236	0.019	1.565	ERR
237	0.024	1.455	ERR
238	0.032	1.009	ERR
239	19.735	2.981	OK
240	0.013	2.980	ERR
241	2.608	3.164	OK
242	0.016	3.163	ERR
243	0.722	3.234	OK
244	9.062	3.226	OK
245	0.020	3.225	ERR
246	0.023	3.225	ERR
247	1.723	3.395	OK
248	3.697	3.762	OK
249	0.950	1.883	OK
250	12.059	3.088	OK
251	0.020	2.829	ERR
252	0.024	2.830	ERR
253	0.024	2.760	ERR
254	0.024	1.856	ERR
255	0.019	1.856	ERR
256	10.010	2.855	OK
257	8.770	3.560	OK
258	0.024	3.193	ERR
259	1.344	3.232	OK
260	0.016	2.028	ERR
261	8.208	2.846	OK
262	0.598	2.904	ERR
MEJORA: 28 better than: 24
263	9.643	3.866	OK
MEJORA: 40 better than: 35
MEJORA: 35 better than: 33
264	25.035	6.367	OK
265	12.522	7.617	OK
266	0.024	6.618	ERR
267	0.009	5.742	ERR
268	0.015	5.741	ERR
269	0.019	5.609	ERR
270	0.020	5.609	ERR
271	0.020	4.790	ERR
272	5.457	5.276	OK
MEJORA: 30 better than: 20
273	1.638	4.476	OK
274	0.031	1.975	ERR
275	0.024	0.726	ERR
276	0.025	0.726	ERR
277	1.290	0.854	ERR
278	0.026	0.855	ERR
279	0.014	0.854	ERR
280	0.026	0.855	ERR
281	0.031	0.856	ERR
282	16.981	2.009	OK
MEJORA: 30 better than: 24
MEJORA: 24 better than: 18
283	4.115	2.256	OK
284	0.016	2.255	ERR
285	0.012	2.254	ERR
MEJORA: 51 better than: 43
286	9.365	3.188	OK
287	12.640	4.323	OK
288	0.012	4.321	ERR
289	0.024	4.322	ERR
290	0.015	4.321	ERR
291	0.021	4.320	ERR
292	0.012	2.623	ERR
293	6.929	2.905	OK
294	0.016	2.905	ERR
295	0.020	2.905	ERR
296	1.123	2.081	OK
297	0.024	0.820	ERR
298	0.019	0.820	ERR
299	18.716	2.689	OK
300	7.255	3.413	OK
301	0.130	3.424	ERR
302	0.784	3.501	OK
303	0.021	2.811	ERR
MEJORA: 97 better than: 81
MEJORA: 81 better than: 65
304	20.887	4.898	OK
305	0.014	4.897	ERR
MEJORA: 56 better than: 52
306	15.364	6.321	OK
MEJORA: 48 better than: 46
MEJORA: 46 better than: 32
307	25.296	8.849	OK
308	4.115	9.258	OK
309	10.988	8.485	OK
310	0.024	7.762	ERR
311	0.022	7.751	ERR
312	0.021	7.675	ERR
313	27.675	10.441	OK
314	0.014	8.353	ERR
315	0.009	8.353	ERR
316	14.710	8.287	OK
317	12.662	7.024	OK
318	0.024	6.615	ERR
319	0.009	5.517	ERR
320	0.015	5.516	ERR
321	0.019	5.516	ERR
322	0.018	5.516	ERR
323	0.030	2.751	ERR
324	0.030	2.753	ERR
325	0.830	2.835	OK
326	0.015	1.365	ERR
327	0.030	0.102	ERR
328	4.300	0.530	OK
329	0.020	0.531	ERR
330	0.021	0.531	ERR
331	0.023	0.532	ERR
332	0.015	0.532	ERR
333	0.031	0.532	ERR
334	1.209	0.649	OK
335	0.015	0.568	ERR
336	0.025	0.569	ERR
337	25.292	3.095	OK
338	0.018	2.667	ERR
339	0.015	2.667	ERR
MEJORA: 28 better than: 24
340	12.768	3.941	OK
MEJORA: 46 better than: 34
341	13.947	5.334	OK
342	2.257	5.558	ERR
343	14.363	6.991	OK
344	5.536	7.424	OK
MEJORA: 32 better than: 28
345	13.613	8.783	OK
346	0.031	8.784	ERR
MEJORA: 32 better than: 24
347	2.480	6.503	OK
348	0.009	6.502	ERR
349	0.015	6.502	ERR
350	0.019	5.227	ERR
351	0.020	3.834	ERR
MEJORA: 36 better than: 32
MEJORA: 32 better than: 24
352	15.547	5.163	OK
353	1.331	3.860	OK
354	0.021	3.309	ERR
355	0.024	1.950	ERR
356	0.021	1.949	ERR
357	0.574	1.758	ERR
358	6.167	2.374	OK
359	0.016	2.374	ERR
360	0.019	2.374	ERR
361	13.716	3.744	OK
362	1.016	2.290	OK
MEJORA: 43 better than: 35
363	22.124	4.370	OK
MEJORA: 20 better than: 16
364	9.684	5.336	OK
365	1.423	5.476	ERR
366	0.016	5.475	ERR
367	0.016	5.420	ERR
368	0.009	4.804	ERR
369	0.015	4.804	ERR
370	1.096	4.912	OK
MEJORA: 40 better than: 30
371	1.640	3.704	OK
372	0.019	3.604	ERR
373	0.020	1.394	ERR
374	0.016	0.427	ERR
375	0.021	0.287	ERR
MEJORA: 32 better than: 30
376	8.508	1.136	OK
377	0.025	1.137	ERR
MEJORA: 70 better than: 60
378	7.350	1.871	OK
379	0.024	1.872	ERR
380	0.019	1.764	ERR
381	0.018	1.602	ERR
382	0.009	1.601	ERR
383	0.025	1.602	ERR
384	2.568	1.857	OK
385	0.019	1.857	ERR
386	0.031	1.009	ERR
387	0.031	1.009	ERR
388	0.015	0.276	ERR
389	1.058	0.379	ERR
390	10.516	1.429	OK
391	0.030	1.430	ERR
392	0.012	1.430	ERR
393	1.472	1.575	ERR
394	0.022	1.321	ERR
395	0.016	1.320	ERR
396	0.019	1.319	ERR
397	0.020	1.318	ERR
398	22.620	3.578	OK
399	0.019	3.474	ERR

---- Final results ----
400 NS requests
243 failed requests
157 success requests
49 improved requests
1361.408 ellapsed time
