#req	time (sec)	avg. time (sec)	mapping
0	0.021	0.000	ERR
1	8.308	0.000	OK
2	0.909	0.000	OK
3	0.020	0.000	ERR
MEJORA: 40 better than: 38
4	9.375	0.000	OK
5	6.840	0.000	OK
MEJORA: 32 better than: 24
6	1.405	0.000	OK
MEJORA: 32 better than: 24
7	1.263	0.000	OK
8	0.025	0.000	ERR
9	0.025	0.000	ERR
10	0.019	2.819	ERR
11	1.077	2.096	OK
12	0.959	2.101	OK
13	0.021	2.101	ERR
14	12.748	2.438	OK
15	4.926	2.247	OK
16	0.494	2.156	OK
17	0.029	2.032	ERR
18	3.219	2.352	OK
19	4.543	2.803	OK
20	3.962	3.198	OK
21	0.027	3.093	ERR
22	3.693	3.366	OK
23	0.017	3.366	ERR
24	10.851	3.176	OK
25	12.807	3.964	OK
26	0.022	3.917	ERR
27	0.014	3.915	ERR
28	0.021	3.596	ERR
29	2.200	3.361	OK
30	0.026	2.968	ERR
MEJORA: 50 better than: 40
31	8.727	3.838	OK
MEJORA: 16 better than: 12
32	1.146	3.583	OK
33	9.505	4.532	OK
MEJORA: 48 better than: 40
34	6.958	4.143	OK
35	16.799	4.542	OK
MEJORA: 32 better than: 24
36	4.254	4.965	OK
37	6.692	5.633	OK
38	0.016	5.632	ERR
39	6.131	6.025	OK
40	0.026	6.025	ERR
41	6.979	5.851	OK
42	6.668	6.403	OK
43	0.018	5.454	ERR
44	0.017	4.760	ERR
45	0.016	3.082	ERR
MEJORA: 28 better than: 24
46	7.668	3.423	OK
47	0.018	2.756	ERR
48	0.017	2.756	ERR
49	0.017	2.144	ERR
MEJORA: 14 better than: 12
50	7.509	2.893	OK
51	0.033	2.198	ERR
52	11.131	2.645	OK
53	0.026	2.645	ERR
54	13.874	4.031	OK
55	0.018	4.031	ERR
56	16.641	4.928	OK
57	0.023	4.929	ERR
58	0.026	4.930	ERR
59	0.033	4.931	ERR
60	7.563	4.937	OK
61	0.021	4.935	ERR
62	13.686	5.191	OK
63	0.018	5.190	ERR
MEJORA: 30 better than: 24
64	10.271	4.830	OK
65	18.017	6.630	OK
66	1.152	5.081	OK
67	0.015	5.080	ERR
68	0.026	5.080	ERR
69	0.015	5.078	ERR
70	0.022	4.324	ERR
71	0.013	4.324	ERR
72	1.149	3.070	OK
73	0.026	3.071	ERR
74	0.017	2.045	ERR
75	0.032	0.247	ERR
76	1.030	0.235	OK
77	0.733	0.307	OK
78	0.021	0.306	ERR
79	0.025	0.307	ERR
80	0.016	0.306	ERR
81	0.015	0.307	ERR
82	0.016	0.193	ERR
83	1.121	0.303	OK
84	8.923	1.193	OK
MEJORA: 24 better than: 20
MEJORA: 20 better than: 16
85	2.969	1.487	OK
86	0.032	1.387	ERR
87	0.018	1.316	ERR
88	0.020	1.315	ERR
89	0.022	1.315	ERR
90	8.874	2.201	OK
91	0.016	2.201	ERR
92	0.020	2.202	ERR
93	3.326	2.422	OK
94	0.020	1.532	ERR
95	0.026	1.237	ERR
96	7.123	1.946	OK
97	9.821	2.927	OK
98	0.022	2.927	ERR
99	1.065	3.031	OK
100	0.016	2.146	ERR
101	0.019	2.146	ERR
102	0.019	2.146	ERR
103	0.015	1.815	ERR
104	10.419	2.855	OK
105	2.979	3.150	OK
106	0.929	2.531	OK
MEJORA: 40 better than: 30
107	1.360	1.684	OK
108	0.033	1.686	ERR
109	0.022	1.581	ERR
110	0.023	1.582	ERR
111	1.108	1.691	OK
112	0.034	1.692	ERR
MEJORA: 44 better than: 40
113	12.197	2.910	OK
MEJORA: 32 better than: 28
MEJORA: 28 better than: 20
114	8.519	2.721	OK
115	0.020	2.425	ERR
116	6.874	3.019	OK
117	0.028	2.886	ERR
118	1.583	3.041	OK
119	0.806	3.119	OK
120	0.013	3.118	ERR
121	0.022	3.010	ERR
122	1.176	3.124	OK
123	0.021	1.906	ERR
124	0.020	1.056	ERR
125	0.032	1.057	ERR
126	0.022	0.372	ERR
127	0.025	0.372	ERR
128	7.413	0.955	OK
129	13.147	2.189	OK
130	0.010	2.189	ERR
131	0.032	2.190	ERR
132	4.444	2.517	OK
133	0.019	2.516	ERR
134	0.770	2.591	ERR
135	0.017	2.590	ERR
136	10.924	3.680	OK
MEJORA: 120 better than: 110
MEJORA: 110 better than: 100
MEJORA: 100 better than: 90
137	12.742	4.952	OK
138	0.020	4.212	ERR
139	5.760	3.474	OK
140	0.016	3.474	ERR
141	7.942	4.265	OK
142	0.018	3.823	ERR
MEJORA: 40 better than: 36
MEJORA: 36 better than: 24
143	6.789	4.500	OK
144	0.025	4.425	ERR
145	0.032	4.427	ERR
146	10.531	4.387	OK
147	14.252	4.538	OK
148	0.022	4.539	ERR
149	0.028	3.965	ERR
150	0.032	3.967	ERR
151	0.032	3.176	ERR
152	0.026	3.177	ERR
153	8.698	3.368	OK
154	0.020	3.367	ERR
155	1.921	3.556	OK
156	0.018	2.505	ERR
157	0.020	1.082	ERR
158	0.028	1.082	ERR
159	1.984	1.278	ERR
160	0.022	1.277	ERR
161	0.917	1.365	OK
162	0.028	1.366	ERR
163	0.019	0.498	ERR
164	0.032	0.499	ERR
165	9.217	1.228	OK
166	1.145	1.341	OK
167	0.010	1.340	ERR
168	8.379	2.175	OK
169	1.320	2.109	OK
170	0.020	2.109	ERR
171	2.068	2.224	OK
172	0.022	2.223	ERR
173	0.016	2.223	ERR
174	0.019	2.221	ERR
175	0.018	1.302	ERR
176	5.361	1.723	OK
177	0.016	1.724	ERR
178	0.019	0.888	ERR
179	0.021	0.758	ERR
180	0.027	0.759	ERR
181	0.016	0.553	ERR
182	8.645	1.416	OK
183	0.016	1.416	ERR
184	0.021	1.416	ERR
185	0.780	1.492	OK
186	1.068	1.063	OK
187	0.013	1.063	ERR
188	0.025	1.063	ERR
189	0.020	1.063	ERR
190	0.013	1.062	ERR
191	0.016	1.062	ERR
192	0.021	0.199	ERR
193	0.026	0.200	ERR
194	1.752	0.373	OK
MEJORA: 49 better than: 41
195	3.968	0.692	OK
196	7.972	1.383	OK
197	0.027	1.384	ERR
198	0.013	1.383	ERR
199	0.025	1.383	ERR
200	0.028	1.385	ERR
201	0.015	1.385	ERR
202	0.025	1.385	ERR
203	7.961	2.179	OK
204	0.897	2.093	OK
205	0.022	1.699	ERR
206	7.028	1.604	OK
207	0.015	1.603	ERR
208	0.013	1.603	ERR
209	7.479	2.348	OK
210	0.032	2.349	ERR
211	0.025	2.350	ERR
212	0.032	2.350	ERR
213	0.025	1.557	ERR
MEJORA: 14 better than: 12
214	9.536	2.421	OK
215	0.899	2.508	OK
MEJORA: 64 better than: 56
MEJORA: 56 better than: 48
216	3.491	2.155	OK
MEJORA: 64 better than: 56
217	18.819	4.035	OK
218	0.032	4.037	ERR
219	0.022	3.291	ERR
220	0.016	3.290	ERR
221	0.010	3.288	ERR
222	0.032	3.288	ERR
223	10.166	4.302	OK
224	13.954	4.744	OK
225	1.448	4.799	OK
226	0.021	4.452	ERR
227	0.992	2.669	OK
228	10.429	3.709	OK
229	0.021	3.709	ERR
230	0.020	3.709	ERR
231	0.760	3.784	ERR
232	0.025	3.784	ERR
233	0.010	2.768	ERR
234	5.609	1.934	OK
235	0.028	1.791	ERR
236	0.020	1.791	ERR
237	0.025	1.695	ERR
238	0.032	0.655	ERR
MEJORA: 16 better than: 12
239	15.834	2.236	OK
240	0.013	2.236	ERR
241	0.790	2.239	ERR
242	0.017	2.238	ERR
243	0.554	2.292	OK
244	14.141	3.145	OK
245	0.020	3.145	ERR
246	0.022	3.145	ERR
247	1.337	3.276	OK
248	2.391	3.512	OK
249	0.790	2.008	OK
250	0.501	2.056	ERR
251	0.020	1.979	ERR
252	0.025	1.980	ERR
253	0.024	1.927	ERR
254	0.025	0.515	ERR
255	0.019	0.515	ERR
256	8.168	1.330	OK
257	6.960	1.892	OK
258	0.025	1.656	ERR
259	1.125	1.689	OK
260	0.016	1.641	ERR
261	4.740	2.113	OK
262	1.153	2.225	ERR
263	2.752	2.498	OK
MEJORA: 40 better than: 37
MEJORA: 37 better than: 35
264	18.692	4.365	OK
265	10.693	5.432	OK
266	0.026	4.618	ERR
267	0.011	3.923	ERR
268	0.017	3.922	ERR
269	0.020	3.812	ERR
270	0.022	3.812	ERR
271	0.021	3.341	ERR
272	4.080	3.633	OK
273	1.533	3.511	OK
274	0.033	1.646	ERR
275	0.025	0.579	ERR
276	0.027	0.579	ERR
277	11.088	1.687	OK
278	0.028	1.688	ERR
279	0.015	1.687	ERR
280	0.028	1.688	ERR
281	0.032	1.689	ERR
282	14.116	2.693	OK
MEJORA: 30 better than: 24
MEJORA: 24 better than: 18
283	2.800	2.819	OK
284	0.017	2.818	ERR
285	0.013	2.816	ERR
286	14.645	4.278	OK
MEJORA: 20 better than: 14
287	8.040	3.973	OK
288	0.014	3.972	ERR
289	0.026	3.973	ERR
290	0.017	3.972	ERR
291	0.023	3.971	ERR
292	0.013	2.561	ERR
293	6.731	2.954	OK
294	0.017	2.954	ERR
295	0.022	2.955	ERR
296	1.025	1.593	OK
297	0.026	0.791	ERR
298	0.020	0.792	ERR
MEJORA: 32 better than: 28
299	13.505	2.140	OK
300	5.693	2.707	OK
301	0.805	2.786	OK
302	0.663	2.851	OK
303	0.022	2.180	ERR
MEJORA: 81 better than: 71
MEJORA: 71 better than: 51
MEJORA: 51 better than: 29
304	19.721	4.150	OK
305	0.016	4.150	ERR
306	11.008	5.148	OK
307	6.178	5.763	OK
308	2.246	5.986	OK
309	5.636	5.199	OK
310	0.025	4.632	ERR
311	0.022	4.554	ERR
312	0.021	4.490	ERR
313	11.227	5.610	OK
314	0.015	3.639	ERR
315	0.010	3.639	ERR
MEJORA: 33 better than: 29
316	3.266	2.865	OK
MEJORA: 44 better than: 31
317	7.890	3.036	OK
318	0.025	2.814	ERR
319	0.010	2.251	ERR
320	0.017	2.250	ERR
321	0.020	2.250	ERR
322	0.019	2.250	ERR
323	0.033	1.130	ERR
MEJORA: 67 better than: 58
324	11.237	2.253	OK
325	0.733	2.325	OK
326	0.017	2.000	ERR
327	0.033	1.214	ERR
328	1.549	1.367	OK
329	0.022	1.368	ERR
330	0.022	1.368	ERR
331	0.025	1.369	ERR
332	0.016	1.369	ERR
333	0.032	1.369	ERR
334	1.117	0.357	OK
335	0.017	0.285	ERR
336	0.027	0.286	ERR
337	21.136	2.396	OK
338	0.019	2.243	ERR
339	0.016	2.243	ERR
MEJORA: 28 better than: 24
340	10.607	3.301	OK
MEJORA: 78 better than: 71
MEJORA: 71 better than: 60
MEJORA: 60 better than: 42
MEJORA: 42 better than: 38
341	17.016	5.000	OK
342	22.625	7.261	OK
MEJORA: 56 better than: 48
343	13.279	8.586	OK
344	4.610	8.935	OK
MEJORA: 40 better than: 36
345	11.229	10.056	OK
346	0.033	10.057	ERR
MEJORA: 32 better than: 24
347	2.288	8.172	OK
348	0.010	8.171	ERR
349	0.016	8.171	ERR
350	0.020	7.112	ERR
351	0.021	5.413	ERR
352	1.153	3.266	OK
353	1.171	2.055	OK
354	0.022	1.596	ERR
355	0.025	0.476	ERR
356	0.022	0.475	ERR
357	1.211	0.367	ERR
358	7.267	1.093	OK
359	0.016	1.093	ERR
360	0.020	1.093	ERR
361	12.280	2.319	OK
MEJORA: 31 better than: 22
MEJORA: 22 better than: 20
362	16.513	3.855	OK
363	2.179	3.956	ERR
364	9.091	4.863	OK
365	11.892	6.049	OK
366	0.016	6.049	ERR
367	0.018	5.929	ERR
368	0.010	5.204	ERR
369	0.016	5.204	ERR
370	0.935	5.295	OK
371	1.435	4.211	OK
372	0.020	2.561	ERR
373	0.021	2.345	ERR
374	0.017	1.438	ERR
375	0.022	0.251	ERR
MEJORA: 50 better than: 44
MEJORA: 44 better than: 38
376	7.772	1.027	OK
377	0.027	1.028	ERR
MEJORA: 90 better than: 80
378	6.606	1.687	OK
379	0.025	1.688	ERR
380	0.020	1.597	ERR
381	0.020	1.455	ERR
382	0.860	1.539	ERR
383	0.026	1.540	ERR
384	2.351	1.773	OK
385	0.020	1.773	ERR
386	0.032	0.999	ERR
387	0.032	0.999	ERR
388	0.016	0.340	ERR
389	0.751	0.413	ERR
390	7.710	1.182	OK
391	0.032	1.183	ERR
392	0.013	1.098	ERR
393	18.047	2.900	OK
394	0.022	2.668	ERR
395	0.017	2.667	ERR
396	0.019	2.666	ERR
397	0.020	2.665	ERR
MEJORA: 24 better than: 22
MEJORA: 22 better than: 20
398	14.232	4.086	OK
399	0.019	4.013	ERR

---- Final results ----
400 NS requests
240 failed requests
160 success requests
38 improved requests
1112.722 ellapsed time
