#req	time (sec)	avg. time (sec)	mapping
0	0.021	0.000	ERR
1	12.989	0.000	OK
2	2.969	0.000	OK
3	0.020	0.000	ERR
MEJORA: 40 better than: 38
4	14.572	0.000	OK
5	10.413	0.000	OK
MEJORA: 32 better than: 24
6	2.788	0.000	OK
7	6.622	0.000	OK
8	0.025	0.000	ERR
9	0.025	0.000	ERR
10	0.020	5.044	ERR
11	1.678	3.913	OK
12	2.392	3.855	OK
13	0.022	3.856	ERR
14	21.673	4.566	OK
15	8.449	4.369	OK
16	0.671	4.158	OK
17	0.028	3.498	ERR
18	7.502	4.246	OK
19	4.957	4.739	OK
20	9.068	5.644	OK
21	0.027	5.479	ERR
22	8.311	6.071	OK
23	0.017	6.070	ERR
24	15.183	5.421	OK
25	27.622	7.339	OK
26	0.022	7.274	ERR
27	0.013	7.272	ERR
28	0.021	6.524	ERR
29	7.281	6.756	OK
30	0.025	5.852	ERR
31	6.473	6.497	OK
32	1.876	5.853	OK
33	14.014	7.253	OK
34	13.216	7.056	OK
35	23.815	6.676	OK
MEJORA: 32 better than: 24
36	10.421	7.716	OK
37	9.468	8.661	OK
38	0.016	8.660	ERR
39	9.610	8.893	OK
40	0.025	8.893	ERR
41	7.229	8.969	OK
42	9.468	9.728	OK
43	0.018	8.329	ERR
44	0.017	7.009	ERR
45	0.016	4.629	ERR
MEJORA: 28 better than: 20
46	9.856	4.572	OK
47	0.018	3.627	ERR
48	0.017	3.627	ERR
49	0.017	2.668	ERR
MEJORA: 16 better than: 14
MEJORA: 14 better than: 12
50	12.185	3.884	OK
51	0.034	3.165	ERR
52	16.974	3.915	OK
53	0.025	3.916	ERR
54	20.300	5.944	OK
55	0.018	5.944	ERR
56	24.246	7.383	OK
57	0.023	7.384	ERR
58	0.026	7.385	ERR
59	0.033	7.386	ERR
MEJORA: 32 better than: 28
60	8.897	7.057	OK
61	0.021	7.056	ERR
62	19.456	7.304	OK
63	0.018	7.304	ERR
MEJORA: 30 better than: 24
MEJORA: 24 better than: 18
64	13.823	6.656	OK
65	26.695	9.324	OK
66	1.591	7.058	OK
67	0.016	7.057	ERR
68	0.027	7.058	ERR
69	0.015	7.056	ERR
70	0.022	6.168	ERR
71	0.013	6.168	ERR
72	1.542	4.376	OK
73	0.026	4.377	ERR
74	0.018	2.997	ERR
75	0.032	0.330	ERR
76	1.372	0.308	OK
77	1.092	0.416	OK
78	0.021	0.415	ERR
79	0.025	0.416	ERR
80	0.016	0.416	ERR
81	0.015	0.416	ERR
82	0.016	0.263	ERR
83	1.540	0.415	OK
84	11.814	1.594	OK
MEJORA: 24 better than: 20
85	3.929	1.984	OK
86	0.033	1.850	ERR
87	0.018	1.743	ERR
88	0.020	1.743	ERR
89	0.022	1.742	ERR
90	14.290	3.170	OK
91	0.017	3.170	ERR
92	0.020	3.170	ERR
93	10.471	4.063	OK
94	0.020	2.884	ERR
95	0.026	2.494	ERR
96	11.103	3.601	OK
97	18.094	5.408	OK
98	0.022	5.409	ERR
99	1.408	5.547	OK
100	0.017	4.120	ERR
101	0.020	4.120	ERR
102	0.020	4.120	ERR
103	0.015	3.075	ERR
104	15.596	4.632	OK
105	7.569	5.386	OK
106	1.753	4.451	OK
MEJORA: 40 better than: 30
107	1.871	2.829	OK
108	0.032	2.830	ERR
109	0.021	2.691	ERR
110	0.022	2.692	ERR
111	5.154	3.205	OK
112	0.032	3.207	ERR
113	18.751	5.080	OK
MEJORA: 24 better than: 20
114	10.437	4.564	OK
115	0.020	3.809	ERR
116	10.157	4.650	OK
117	0.028	4.465	ERR
118	3.338	4.796	OK
119	1.193	4.913	OK
120	0.013	4.912	ERR
121	0.022	4.399	ERR
122	3.496	4.745	OK
123	0.021	2.872	ERR
124	0.020	1.831	ERR
125	0.032	1.832	ERR
126	0.022	0.819	ERR
127	0.025	0.818	ERR
128	11.120	1.596	OK
129	17.760	3.253	OK
130	0.010	3.253	ERR
131	0.033	3.254	ERR
132	1.355	3.040	ERR
133	0.019	3.040	ERR
134	0.765	3.114	ERR
135	0.017	3.113	ERR
MEJORA: 12 better than: 10
136	17.333	4.844	OK
MEJORA: 90 better than: 82
137	20.223	6.864	OK
138	0.019	5.753	ERR
MEJORA: 36 better than: 24
139	11.411	5.119	OK
140	0.014	5.119	ERR
141	9.468	6.062	OK
142	0.017	5.929	ERR
MEJORA: 24 better than: 20
143	4.991	6.426	OK
144	0.024	6.352	ERR
145	0.031	6.353	ERR
146	14.292	6.049	OK
147	20.153	6.042	OK
148	0.021	6.042	ERR
149	0.026	4.904	ERR
150	0.030	4.905	ERR
151	0.031	3.962	ERR
152	0.025	3.962	ERR
153	15.341	4.997	OK
154	0.019	4.997	ERR
155	6.084	5.602	OK
156	0.017	4.175	ERR
157	0.019	2.161	ERR
158	0.027	2.162	ERR
159	2.071	2.366	ERR
160	0.021	2.365	ERR
161	3.595	2.722	OK
162	0.026	2.722	ERR
163	0.019	1.190	ERR
164	0.031	1.191	ERR
165	14.664	2.049	OK
166	1.602	2.207	OK
167	0.009	2.207	ERR
MEJORA: 37 better than: 33
168	15.178	3.722	OK
169	2.079	3.723	OK
170	0.019	3.722	ERR
171	7.033	4.066	OK
172	0.021	4.066	ERR
173	0.016	4.065	ERR
174	0.018	4.064	ERR
175	0.017	2.599	ERR
176	18.504	4.289	OK
177	0.015	4.290	ERR
178	0.017	2.774	ERR
179	0.019	2.568	ERR
180	0.026	2.568	ERR
181	0.015	1.867	ERR
182	10.680	2.933	OK
183	0.015	2.933	ERR
184	0.020	2.933	ERR
185	1.842	3.115	OK
186	7.748	2.040	OK
187	0.012	2.039	ERR
188	0.023	2.040	ERR
189	0.018	2.040	ERR
190	0.012	2.038	ERR
191	0.015	2.038	ERR
192	0.020	0.972	ERR
193	0.024	0.973	ERR
194	6.435	1.615	OK
MEJORA: 40 better than: 37
195	19.961	3.427	OK
196	11.695	3.821	OK
197	0.024	3.823	ERR
198	0.012	3.822	ERR
199	0.023	3.822	ERR
200	0.026	3.823	ERR
201	0.014	3.823	ERR
202	0.023	3.824	ERR
MEJORA: 18 better than: 16
203	14.991	5.320	OK
204	5.996	5.276	OK
205	0.021	3.282	ERR
MEJORA: 20 better than: 18
MEJORA: 18 better than: 16
MEJORA: 16 better than: 14
206	13.412	3.454	OK
207	0.014	3.453	ERR
208	0.012	3.453	ERR
209	9.162	4.367	OK
210	0.030	4.367	ERR
211	0.023	4.368	ERR
212	0.030	4.369	ERR
213	0.023	2.872	ERR
214	6.119	2.884	OK
215	2.460	3.128	OK
MEJORA: 64 better than: 56
216	18.521	3.639	OK
MEJORA: 64 better than: 56
217	26.874	6.325	OK
218	0.030	6.327	ERR
219	0.021	5.413	ERR
220	0.014	5.411	ERR
221	0.009	5.410	ERR
222	0.030	5.410	ERR
223	11.178	6.526	OK
224	17.117	7.625	OK
225	3.341	7.713	OK
226	0.020	5.863	ERR
227	0.914	3.267	OK
228	1.416	3.406	ERR
229	0.020	3.406	ERR
230	0.018	3.406	ERR
231	0.701	3.475	ERR
232	0.023	3.475	ERR
233	0.009	2.358	ERR
234	16.275	2.274	OK
235	0.026	1.942	ERR
236	0.018	1.942	ERR
237	0.023	1.853	ERR
238	0.030	1.714	ERR
239	27.041	4.416	OK
240	0.012	4.416	ERR
241	0.447	4.390	ERR
242	0.015	4.390	ERR
243	0.218	4.411	OK
MEJORA: 57 better than: 53
MEJORA: 53 better than: 45
244	17.918	4.575	OK
245	0.018	4.574	ERR
246	0.021	4.574	ERR
247	1.779	4.750	OK
248	3.778	5.125	OK
249	5.999	3.021	OK
250	0.095	3.029	ERR
251	0.018	2.986	ERR
252	0.023	2.987	ERR
253	0.023	2.967	ERR
254	0.023	1.178	ERR
255	0.018	1.178	ERR
256	11.527	2.328	OK
257	10.836	3.234	OK
258	0.023	2.859	ERR
259	1.393	2.398	OK
260	0.015	2.390	ERR
261	8.799	3.268	OK
262	0.488	3.314	ERR
263	7.300	4.042	OK
MEJORA: 40 better than: 33
264	24.578	6.498	OK
MEJORA: 50 better than: 40
265	17.920	8.288	OK
266	0.023	7.138	ERR
267	0.009	6.055	ERR
268	0.015	6.054	ERR
269	0.018	5.917	ERR
270	0.019	5.917	ERR
271	0.019	5.039	ERR
272	7.952	5.785	OK
273	3.991	5.454	OK
274	0.030	3.000	ERR
275	0.023	1.210	ERR
276	0.024	1.210	ERR
277	17.173	2.926	OK
278	0.026	2.928	ERR
279	0.014	2.927	ERR
280	0.026	2.928	ERR
281	0.030	2.929	ERR
282	17.876	3.921	OK
MEJORA: 30 better than: 24
MEJORA: 24 better than: 18
283	4.231	3.945	OK
284	0.015	3.944	ERR
285	0.012	3.943	ERR
286	0.874	4.028	ERR
287	0.699	2.380	ERR
288	0.012	2.379	ERR
289	0.023	2.380	ERR
290	0.015	2.379	ERR
291	0.020	2.378	ERR
292	0.012	0.591	ERR
293	7.980	0.966	OK
294	0.015	0.966	ERR
295	0.019	0.967	ERR
296	1.205	1.000	OK
297	0.023	0.933	ERR
298	0.018	0.933	ERR
299	18.904	2.821	OK
300	10.018	3.822	OK
301	1.037	3.923	OK
302	0.874	4.009	OK
303	0.021	3.213	ERR
MEJORA: 57 better than: 43
MEJORA: 43 better than: 23
304	25.129	5.725	OK
305	0.014	5.724	ERR
306	7.041	6.308	OK
307	16.674	7.973	OK
308	0.259	7.997	OK
309	5.314	6.638	OK
310	0.023	5.639	ERR
311	0.021	5.537	ERR
312	0.019	5.452	ERR
313	28.636	8.313	OK
314	0.014	5.802	ERR
315	0.009	5.801	ERR
MEJORA: 51 better than: 33
316	19.781	7.075	OK
317	15.420	6.950	OK
318	0.023	6.926	ERR
319	0.009	6.396	ERR
320	0.015	6.395	ERR
321	0.018	6.395	ERR
322	0.017	6.394	ERR
323	0.030	3.534	ERR
324	12.445	4.777	OK
325	14.872	6.263	OK
326	0.015	4.286	ERR
327	0.030	2.747	ERR
328	12.453	3.990	OK
329	0.019	3.991	ERR
330	0.021	3.992	ERR
331	0.023	3.992	ERR
332	0.015	3.992	ERR
333	0.030	3.992	ERR
334	3.702	3.118	OK
335	0.015	1.632	ERR
336	0.024	1.633	ERR
MEJORA: 67 better than: 61
MEJORA: 61 better than: 38
337	28.068	4.437	OK
338	0.017	3.194	ERR
339	0.015	3.193	ERR
MEJORA: 28 better than: 24
340	13.845	4.576	OK
MEJORA: 83 better than: 82
MEJORA: 82 better than: 72
MEJORA: 72 better than: 50
MEJORA: 50 better than: 46
341	25.872	7.160	OK
342	0.439	7.203	ERR
MEJORA: 48 better than: 40
343	12.821	8.482	OK
MEJORA: 20 better than: 16
344	10.568	9.169	OK
345	15.622	10.729	OK
346	0.030	10.730	ERR
347	4.925	8.415	OK
348	0.009	8.415	ERR
349	0.015	8.415	ERR
350	0.018	7.032	ERR
351	0.020	4.447	ERR
352	5.594	4.962	OK
353	1.806	3.861	OK
354	0.021	2.806	ERR
355	0.023	1.246	ERR
356	0.020	1.245	ERR
357	0.552	0.808	ERR
358	13.592	2.166	OK
359	0.015	2.166	ERR
360	0.018	2.166	ERR
361	19.843	4.148	OK
362	26.777	6.267	OK
363	25.589	8.645	OK
364	8.152	9.458	OK
MEJORA: 44 better than: 24
365	16.804	11.136	OK
366	0.015	11.136	ERR
367	0.016	11.082	ERR
368	0.009	9.724	ERR
369	0.015	9.724	ERR
370	1.018	9.824	OK
371	4.998	8.339	OK
372	0.018	5.663	ERR
373	0.020	3.107	ERR
374	0.015	2.293	ERR
375	0.021	0.615	ERR
376	9.484	1.561	OK
377	0.024	1.562	ERR
378	10.126	2.574	OK
379	0.023	2.575	ERR
380	0.018	2.475	ERR
381	0.018	1.977	ERR
382	0.768	2.052	ERR
383	0.024	2.052	ERR
384	2.687	2.319	OK
385	0.018	2.319	ERR
386	0.030	1.374	ERR
387	0.030	1.374	ERR
388	0.015	0.363	ERR
389	0.738	0.435	ERR
390	11.156	1.548	OK
391	0.030	1.550	ERR
MEJORA: 64 better than: 61
MEJORA: 61 better than: 59
MEJORA: 59 better than: 44
MEJORA: 44 better than: 40
392	18.382	3.311	OK
393	2.406	3.549	OK
394	0.021	3.283	ERR
395	0.015	3.282	ERR
396	0.017	3.281	ERR
397	0.018	3.280	ERR
MEJORA: 79 better than: 54
MEJORA: 54 better than: 15
398	26.504	5.929	OK
399	0.018	5.857	ERR

---- Final results ----
400 NS requests
243 failed requests
157 success requests
34 improved requests
1721.024 ellapsed time
