#req	time (sec)	avg. time (sec)	mapping
0	0.019	0.000	ERR
1	10.365	0.000	OK
2	3.844	0.000	OK
3	0.019	0.000	ERR
4	12.550	0.000	OK
MEJORA: 32 better than: 30
5	15.616	0.000	OK
MEJORA: 32 better than: 24
6	2.802	0.000	OK
7	7.034	0.000	OK
8	0.024	0.000	ERR
9	0.024	0.000	ERR
10	0.019	5.230	ERR
11	2.325	4.426	OK
12	3.237	4.365	OK
13	0.021	4.365	ERR
14	21.093	5.220	OK
15	10.056	4.664	OK
16	1.365	4.520	OK
17	0.027	3.819	ERR
18	6.685	4.485	OK
19	14.069	5.890	OK
20	10.086	6.896	OK
21	0.027	6.667	ERR
22	8.767	7.220	OK
23	0.017	7.219	ERR
24	11.777	6.288	OK
MEJORA: 48 better than: 47
25	22.580	7.540	OK
26	0.021	7.406	ERR
27	0.013	7.404	ERR
28	0.020	6.738	ERR
MEJORA: 70 better than: 60
29	6.973	6.028	OK
30	0.025	5.022	ERR
MEJORA: 35 better than: 29
31	12.511	6.271	OK
32	2.551	5.649	OK
33	13.032	6.950	OK
MEJORA: 40 better than: 32
34	13.611	7.134	OK
MEJORA: 40 better than: 34
MEJORA: 34 better than: 32
35	22.260	7.102	OK
MEJORA: 32 better than: 24
36	12.701	8.370	OK
37	11.040	9.473	OK
38	0.016	9.472	ERR
39	9.765	9.751	OK
40	0.025	9.751	ERR
41	7.288	9.229	OK
42	12.123	10.186	OK
43	0.017	8.885	ERR
44	0.016	7.525	ERR
45	0.016	5.301	ERR
MEJORA: 28 better than: 16
46	13.148	5.345	OK
47	0.017	4.243	ERR
48	0.016	4.243	ERR
49	0.016	3.268	ERR
MEJORA: 16 better than: 14
MEJORA: 14 better than: 12
50	12.759	4.542	OK
51	0.034	3.816	ERR
52	13.992	4.003	OK
53	0.024	4.004	ERR
54	22.408	6.243	OK
55	0.018	6.243	ERR
MEJORA: 54 better than: 46
MEJORA: 46 better than: 44
56	18.196	6.748	OK
57	0.022	6.748	ERR
58	0.025	6.749	ERR
59	0.032	6.751	ERR
MEJORA: 32 better than: 28
60	11.332	6.608	OK
61	0.021	6.607	ERR
MEJORA: 32 better than: 30
MEJORA: 30 better than: 28
62	18.019	7.010	OK
63	0.017	7.009	ERR
MEJORA: 30 better than: 24
MEJORA: 24 better than: 18
64	12.346	6.003	OK
65	22.504	8.251	OK
66	3.535	6.785	OK
67	0.016	6.785	ERR
68	0.026	6.785	ERR
69	0.015	6.783	ERR
70	0.022	5.652	ERR
71	0.013	5.651	ERR
72	2.196	4.069	OK
73	0.027	4.070	ERR
74	0.018	2.837	ERR
75	0.033	0.590	ERR
76	1.988	0.435	OK
77	2.436	0.677	OK
78	0.021	0.677	ERR
79	0.024	0.678	ERR
80	0.016	0.677	ERR
81	0.015	0.677	ERR
82	0.016	0.459	ERR
83	2.216	0.678	OK
84	6.984	1.375	OK
MEJORA: 24 better than: 20
MEJORA: 20 better than: 16
85	5.134	1.885	OK
86	0.031	1.689	ERR
87	0.017	1.447	ERR
88	0.019	1.447	ERR
89	0.022	1.447	ERR
90	16.680	3.113	OK
91	0.016	3.114	ERR
92	0.019	3.114	ERR
93	6.955	3.588	OK
94	0.019	2.891	ERR
95	0.026	2.380	ERR
96	9.923	3.370	OK
97	14.496	4.818	OK
98	0.022	4.818	ERR
99	2.849	5.101	OK
100	0.016	3.434	ERR
101	0.020	3.435	ERR
102	0.019	3.435	ERR
103	0.015	2.741	ERR
MEJORA: 40 better than: 32
104	18.962	4.635	OK
105	8.095	5.442	OK
106	6.036	5.053	OK
MEJORA: 40 better than: 30
107	2.698	3.873	OK
108	0.031	3.874	ERR
109	0.020	3.591	ERR
110	0.021	3.592	ERR
111	6.119	4.202	OK
112	0.031	4.203	ERR
113	18.477	6.049	OK
MEJORA: 24 better than: 20
114	10.541	5.207	OK
115	0.019	4.399	ERR
116	8.012	4.597	OK
117	0.027	4.330	ERR
118	3.515	4.678	OK
119	1.997	4.876	OK
120	0.012	4.875	ERR
121	0.021	4.265	ERR
122	3.752	4.637	OK
123	0.020	2.792	ERR
124	0.019	1.739	ERR
125	0.031	1.741	ERR
126	0.021	0.942	ERR
127	0.024	0.941	ERR
128	15.632	2.153	OK
129	13.822	3.335	OK
130	0.010	3.335	ERR
131	0.031	3.336	ERR
MEJORA: 40 better than: 31
132	16.364	4.597	OK
133	0.019	4.597	ERR
134	0.655	4.661	ERR
135	0.016	4.659	ERR
136	3.368	4.994	OK
MEJORA: 84 better than: 46
MEJORA: 46 better than: 44
MEJORA: 44 better than: 40
137	22.669	7.259	OK
138	0.020	5.697	ERR
MEJORA: 36 better than: 24
139	15.579	5.873	OK
140	0.015	5.874	ERR
141	20.122	7.883	OK
142	0.017	6.248	ERR
143	9.421	7.188	OK
144	0.026	7.125	ERR
145	0.033	7.127	ERR
MEJORA: 24 better than: 20
146	9.645	7.755	OK
MEJORA: 20 better than: 19
147	22.211	7.709	OK
148	0.022	7.709	ERR
149	0.027	6.154	ERR
150	0.031	6.155	ERR
151	0.031	4.146	ERR
152	0.025	4.147	ERR
MEJORA: 36 better than: 32
153	15.110	4.716	OK
154	0.019	4.716	ERR
155	4.313	5.144	OK
156	0.017	4.181	ERR
157	0.020	1.962	ERR
158	0.028	1.962	ERR
MEJORA: 38 better than: 36
MEJORA: 36 better than: 26
159	29.207	4.880	OK
160	0.022	4.879	ERR
161	5.342	5.410	OK
162	0.028	5.411	ERR
163	0.019	3.902	ERR
164	0.032	3.903	ERR
165	13.749	4.846	OK
166	3.030	5.148	OK
167	0.010	5.147	ERR
MEJORA: 37 better than: 33
168	13.463	6.490	OK
169	2.819	3.851	OK
170	0.020	3.851	ERR
171	5.565	3.873	OK
172	0.023	3.873	ERR
173	0.017	3.873	ERR
174	0.019	3.871	ERR
175	0.017	2.498	ERR
176	9.945	3.190	OK
177	0.017	3.190	ERR
178	0.019	1.846	ERR
179	0.021	1.566	ERR
180	0.028	1.567	ERR
181	0.016	1.012	ERR
MEJORA: 41 better than: 35
182	14.376	2.447	OK
183	0.016	2.447	ERR
184	0.020	2.448	ERR
185	2.459	2.692	OK
186	8.931	2.590	OK
187	0.013	2.590	ERR
188	0.025	2.591	ERR
189	0.019	2.590	ERR
190	0.013	2.589	ERR
191	0.016	2.589	ERR
192	0.021	1.153	ERR
193	0.026	1.154	ERR
194	6.735	1.826	OK
MEJORA: 30 better than: 29
MEJORA: 29 better than: 27
MEJORA: 27 better than: 18
195	15.916	3.171	OK
196	8.919	3.170	OK
197	0.027	3.172	ERR
198	0.013	3.170	ERR
199	0.025	3.171	ERR
200	0.027	3.172	ERR
201	0.015	3.172	ERR
202	0.025	3.173	ERR
203	0.173	3.187	ERR
204	1.812	2.695	OK
205	0.023	1.106	ERR
MEJORA: 16 better than: 14
206	13.375	1.551	OK
207	0.015	1.550	ERR
208	0.013	1.550	ERR
209	10.321	2.580	OK
210	0.032	2.580	ERR
211	0.025	2.581	ERR
212	0.032	2.582	ERR
213	0.024	2.567	ERR
214	4.289	2.815	OK
215	3.000	3.113	OK
MEJORA: 62 better than: 44
216	18.801	3.655	OK
MEJORA: 60 better than: 59
MEJORA: 59 better than: 46
MEJORA: 46 better than: 45
MEJORA: 45 better than: 37
217	27.459	6.400	OK
218	0.032	6.402	ERR
219	0.022	5.372	ERR
220	0.015	5.370	ERR
221	0.010	5.369	ERR
222	0.032	5.369	ERR
223	12.913	6.657	OK
MEJORA: 47 better than: 43
224	17.475	7.976	OK
225	4.667	8.143	OK
226	0.021	6.264	ERR
227	2.726	3.791	OK
228	5.906	4.379	OK
229	0.021	4.378	ERR
230	0.019	4.379	ERR
MEJORA: 39 better than: 37
231	17.544	6.132	OK
232	0.025	6.132	ERR
233	0.010	4.841	ERR
MEJORA: 17 better than: 15
234	4.426	3.536	OK
235	0.028	3.073	ERR
236	0.020	3.072	ERR
237	0.025	2.802	ERR
238	0.032	2.215	ERR
239	16.333	3.846	OK
240	0.013	3.846	ERR
241	0.385	2.130	ERR
242	0.016	2.129	ERR
243	0.558	2.184	OK
MEJORA: 30 better than: 24
244	10.809	2.822	OK
245	0.020	2.821	ERR
246	0.022	2.821	ERR
247	2.767	3.096	OK
248	5.245	3.617	OK
249	2.127	2.196	OK
250	0.425	2.237	ERR
251	0.019	2.201	ERR
252	0.025	2.202	ERR
253	0.024	2.148	ERR
254	0.024	1.070	ERR
255	0.019	1.070	ERR
256	15.515	2.619	OK
257	17.904	4.133	OK
258	0.025	3.611	ERR
259	2.175	3.616	OK
260	0.016	3.575	ERR
MEJORA: 66 better than: 48
MEJORA: 48 better than: 34
261	25.916	6.164	OK
262	0.741	6.236	ERR
MEJORA: 16 better than: 12
263	9.182	7.152	OK
264	14.568	8.606	OK
MEJORA: 50 better than: 40
265	13.701	9.974	OK
266	0.025	8.425	ERR
267	0.010	6.636	ERR
268	0.016	6.635	ERR
269	0.019	6.420	ERR
270	0.021	6.420	ERR
271	0.021	3.830	ERR
272	11.047	4.861	OK
273	3.833	4.326	OK
274	0.033	2.873	ERR
275	0.025	1.505	ERR
276	0.027	1.505	ERR
277	0.419	1.546	ERR
278	0.028	1.547	ERR
279	0.015	1.547	ERR
280	0.027	1.548	ERR
281	0.032	1.549	ERR
282	18.492	2.293	OK
MEJORA: 30 better than: 24
MEJORA: 24 better than: 18
283	5.464	2.456	OK
284	0.016	2.455	ERR
285	0.013	2.453	ERR
286	15.160	3.967	OK
MEJORA: 16 better than: 14
287	10.326	4.957	OK
288	0.013	4.956	ERR
289	0.025	4.957	ERR
290	0.016	4.956	ERR
291	0.022	4.955	ERR
292	0.013	3.107	ERR
293	11.275	3.688	OK
294	0.016	3.688	ERR
295	0.021	3.689	ERR
296	2.363	2.409	OK
297	0.025	1.379	ERR
298	0.020	1.379	ERR
MEJORA: 32 better than: 28
MEJORA: 28 better than: 24
299	18.297	3.207	OK
300	13.252	4.530	OK
301	2.333	4.761	OK
302	1.247	4.885	OK
303	0.022	3.760	ERR
304	1.347	3.893	ERR
305	0.015	3.892	ERR
306	6.441	4.300	OK
MEJORA: 55 better than: 47
307	20.753	6.373	OK
308	0.565	6.427	OK
309	10.011	5.599	OK
310	0.025	4.276	ERR
311	0.022	4.045	ERR
312	0.021	3.922	ERR
313	1.116	4.032	ERR
314	0.015	3.898	ERR
315	0.010	3.898	ERR
MEJORA: 45 better than: 39
316	4.345	3.688	OK
317	16.808	3.294	OK
318	0.025	3.240	ERR
319	0.010	2.240	ERR
320	0.016	2.239	ERR
321	0.020	2.239	ERR
322	0.019	2.238	ERR
323	0.032	2.130	ERR
MEJORA: 60 better than: 51
324	14.101	3.539	OK
MEJORA: 26 better than: 24
325	16.193	5.157	OK
326	0.016	4.724	ERR
327	0.032	3.046	ERR
328	11.348	4.179	OK
329	0.021	4.180	ERR
330	0.022	4.180	ERR
331	0.025	4.181	ERR
332	0.016	4.181	ERR
333	0.032	4.181	ERR
334	5.413	3.312	OK
335	0.016	1.694	ERR
336	0.026	1.695	ERR
MEJORA: 51 better than: 48
337	24.820	4.174	OK
338	0.019	3.041	ERR
339	0.016	3.041	ERR
MEJORA: 28 better than: 24
340	22.082	5.247	OK
MEJORA: 52 better than: 50
MEJORA: 50 better than: 42
MEJORA: 42 better than: 40
341	22.974	7.542	OK
342	0.075	7.547	ERR
343	15.649	9.109	OK
MEJORA: 20 better than: 16
344	13.415	9.909	OK
MEJORA: 48 better than: 44
MEJORA: 44 better than: 40
MEJORA: 40 better than: 36
345	18.684	11.776	OK
346	0.032	11.777	ERR
347	5.642	9.859	OK
348	0.010	9.858	ERR
349	0.016	9.858	ERR
350	0.019	7.652	ERR
351	0.021	5.356	ERR
MEJORA: 28 better than: 24
MEJORA: 24 better than: 16
352	11.932	6.542	OK
353	3.286	5.306	OK
354	0.022	3.966	ERR
355	0.025	2.100	ERR
356	0.022	2.099	ERR
MEJORA: 32 better than: 30
357	9.880	2.523	OK
MEJORA: 24 better than: 20
358	14.226	3.945	OK
359	0.016	3.945	ERR
360	0.019	3.945	ERR
361	18.263	5.769	OK
362	17.820	6.358	OK
MEJORA: 46 better than: 42
363	25.040	8.533	OK
364	5.799	9.111	OK
365	1.752	9.283	ERR
366	0.016	9.283	ERR
367	0.017	8.297	ERR
368	0.010	6.875	ERR
369	0.015	6.875	ERR
370	1.722	7.045	OK
371	3.547	5.574	OK
372	0.019	3.794	ERR
373	0.020	1.292	ERR
374	0.016	0.713	ERR
375	0.021	0.540	ERR
MEJORA: 52 better than: 49
MEJORA: 49 better than: 48
MEJORA: 48 better than: 46
376	13.189	1.858	OK
377	0.025	1.858	ERR
378	11.451	3.003	OK
379	0.024	3.004	ERR
380	0.019	2.833	ERR
381	0.019	2.480	ERR
382	0.708	2.549	ERR
383	0.025	2.550	ERR
384	3.825	2.931	OK
385	0.019	2.930	ERR
386	0.031	1.615	ERR
387	0.031	1.615	ERR
388	0.016	0.472	ERR
389	0.343	0.503	ERR
MEJORA: 16 better than: 12
390	13.798	1.881	OK
391	0.031	1.883	ERR
392	0.715	1.883	ERR
393	3.630	2.244	OK
394	0.022	1.863	ERR
395	0.016	1.863	ERR
396	0.018	1.862	ERR
397	0.019	1.861	ERR
MEJORA: 33 better than: 29
MEJORA: 29 better than: 25
MEJORA: 25 better than: 23
MEJORA: 23 better than: 19
398	18.814	3.741	OK
399	0.019	3.708	ERR

---- Final results ----
400 NS requests
242 failed requests
158 success requests
57 improved requests
1718.842 ellapsed time
