#req	time (sec)	avg. time (sec)	mapping
0	0.021	0.000	ERR
1	0.633	0.000	OK
2	1.102	0.000	OK
3	0.021	0.000	ERR
4	8.609	0.000	OK
5	1.801	0.000	OK
MEJORA: 48 better than: 40
6	6.160	0.000	OK
MEJORA: 48 better than: 40
7	4.007	0.000	OK
8	0.026	0.000	ERR
9	0.026	0.000	ERR
10	0.020	2.241	ERR
MEJORA: 32 better than: 24
11	6.827	2.860	OK
12	3.211	3.071	OK
13	0.022	3.071	ERR
14	0.728	2.283	ERR
MEJORA: 24 better than: 20
15	1.885	2.291	OK
16	5.949	2.270	OK
17	0.028	1.872	ERR
18	2.678	2.137	OK
19	0.496	2.184	ERR
20	3.118	2.494	OK
21	0.027	1.814	ERR
22	1.706	1.664	OK
23	0.017	1.663	ERR
24	11.132	2.703	OK
25	15.170	4.032	OK
26	0.022	3.439	ERR
27	0.014	3.438	ERR
28	0.021	3.172	ERR
MEJORA: 80 better than: 60
MEJORA: 60 better than: 50
29	4.164	3.539	OK
30	0.026	3.230	ERR
31	3.137	3.541	OK
32	1.061	3.476	OK
MEJORA: 24 better than: 20
33	1.844	3.659	OK
34	6.113	3.157	OK
35	8.675	2.508	OK
36	6.505	3.156	OK
37	4.335	3.588	OK
38	0.015	3.588	ERR
39	4.580	3.629	OK
40	0.025	3.629	ERR
41	2.078	3.523	OK
42	1.763	3.593	OK
43	0.018	3.411	ERR
44	0.016	2.801	ERR
45	0.016	1.935	ERR
46	4.833	1.768	OK
47	0.017	1.336	ERR
48	0.016	1.336	ERR
49	0.017	0.880	ERR
50	1.762	1.054	OK
51	0.032	0.849	ERR
52	0.141	0.687	ERR
53	0.025	0.688	ERR
MEJORA: 16 better than: 12
54	4.215	1.107	OK
55	0.017	1.108	ERR
56	0.955	0.720	OK
57	0.022	0.720	ERR
58	0.025	0.721	ERR
59	0.032	0.723	ERR
60	1.869	0.733	OK
61	0.021	0.732	ERR
62	3.192	1.037	OK
63	0.017	1.036	ERR
MEJORA: 36 better than: 30
64	3.970	1.012	OK
65	6.717	1.682	OK
66	4.174	2.004	OK
67	0.015	2.003	ERR
68	0.026	2.003	ERR
69	0.015	2.002	ERR
70	0.022	1.817	ERR
71	0.013	1.816	ERR
72	3.085	1.805	OK
73	0.027	1.806	ERR
74	0.017	1.411	ERR
75	0.032	0.743	ERR
MEJORA: 40 better than: 30
76	7.632	1.088	OK
77	0.542	1.141	OK
78	0.021	1.141	ERR
79	0.025	1.142	ERR
80	0.016	1.141	ERR
81	0.015	1.141	ERR
82	0.016	0.834	ERR
83	3.732	1.205	OK
84	2.589	1.462	OK
85	2.491	1.708	OK
MEJORA: 16 better than: 12
86	2.952	1.240	OK
87	0.018	1.188	ERR
88	0.020	1.187	ERR
89	0.022	1.187	ERR
MEJORA: 36 better than: 32
MEJORA: 32 better than: 28
90	1.722	1.358	OK
91	0.017	1.358	ERR
92	0.021	1.358	ERR
93	7.146	1.700	OK
94	0.020	1.443	ERR
95	0.026	1.196	ERR
96	2.917	1.193	OK
MEJORA: 47 better than: 43
MEJORA: 43 better than: 32
97	3.149	1.506	OK
98	0.022	1.506	ERR
99	7.323	2.236	OK
100	0.016	2.066	ERR
101	0.020	2.066	ERR
102	0.019	2.066	ERR
103	0.015	1.353	ERR
104	6.011	1.952	OK
105	2.768	2.226	OK
106	7.580	2.692	OK
MEJORA: 40 better than: 30
107	10.276	3.405	OK
108	0.032	3.406	ERR
109	0.021	2.676	ERR
110	0.022	2.677	ERR
MEJORA: 54 better than: 48
111	2.195	2.894	OK
112	0.033	2.895	ERR
113	2.781	3.172	OK
114	1.351	2.706	OK
115	0.020	2.431	ERR
116	7.762	2.449	OK
117	0.028	1.425	ERR
118	7.170	2.138	OK
119	4.261	2.562	OK
120	0.013	2.561	ERR
121	0.022	2.344	ERR
122	5.028	2.844	OK
123	0.021	2.568	ERR
124	0.020	2.435	ERR
125	0.032	2.436	ERR
126	0.022	1.662	ERR
127	0.025	1.661	ERR
128	5.175	1.462	OK
129	2.460	1.282	ERR
130	0.010	1.282	ERR
131	0.032	1.283	ERR
MEJORA: 47 better than: 44
MEJORA: 44 better than: 40
132	8.086	1.588	OK
133	0.019	1.588	ERR
134	14.003	2.986	OK
135	0.017	2.985	ERR
136	1.961	3.179	OK
MEJORA: 110 better than: 100
137	5.039	3.680	OK
138	0.020	3.165	ERR
MEJORA: 72 better than: 60
MEJORA: 60 better than: 54
MEJORA: 54 better than: 48
139	4.209	3.340	OK
140	0.016	3.340	ERR
141	6.154	3.952	OK
142	0.018	3.146	ERR
143	2.131	3.357	OK
144	0.026	1.959	ERR
145	0.034	1.961	ERR
146	5.748	2.340	OK
147	3.482	2.184	OK
148	0.023	2.184	ERR
149	0.029	1.766	ERR
150	0.033	1.768	ERR
151	0.033	1.156	ERR
152	0.027	1.157	ERR
153	2.777	1.221	OK
154	0.021	1.221	ERR
155	3.871	1.604	OK
156	0.018	1.031	ERR
157	0.020	0.685	ERR
158	0.028	0.686	ERR
159	7.499	1.433	OK
160	0.023	1.432	ERR
161	9.251	2.353	OK
162	0.030	2.354	ERR
163	0.021	2.078	ERR
164	0.034	2.080	ERR
165	2.853	1.978	OK
166	2.774	2.253	OK
167	0.012	2.253	ERR
168	12.203	3.470	OK
169	4.148	3.135	OK
170	0.020	3.135	ERR
171	0.068	2.216	ERR
172	0.023	2.216	ERR
173	0.017	2.215	ERR
174	0.019	2.214	ERR
175	0.018	1.930	ERR
MEJORA: 51 better than: 30
176	4.348	2.088	OK
177	0.016	2.088	ERR
178	0.019	0.870	ERR
179	0.021	0.457	ERR
180	0.028	0.458	ERR
181	0.016	0.452	ERR
182	6.328	1.083	OK
183	0.017	1.083	ERR
184	0.022	1.083	ERR
MEJORA: 50 better than: 40
185	4.973	1.579	OK
186	3.024	1.446	OK
187	0.014	1.446	ERR
188	0.025	1.447	ERR
189	0.020	1.447	ERR
190	0.013	1.445	ERR
191	0.016	1.445	ERR
192	0.021	0.815	ERR
193	0.026	0.815	ERR
194	8.764	1.690	OK
MEJORA: 47 better than: 38
MEJORA: 38 better than: 36
195	6.536	1.846	OK
196	8.291	2.373	OK
197	0.027	2.374	ERR
198	0.013	2.373	ERR
199	0.025	2.373	ERR
200	0.028	2.375	ERR
201	0.015	2.375	ERR
202	0.025	2.375	ERR
203	4.024	2.775	OK
204	3.173	2.216	OK
205	0.022	1.564	ERR
MEJORA: 24 better than: 22
MEJORA: 22 better than: 20
MEJORA: 20 better than: 18
206	7.138	1.449	OK
207	0.016	1.448	ERR
208	0.013	1.448	ERR
209	2.117	1.657	OK
210	0.034	1.658	ERR
211	0.025	1.659	ERR
212	0.032	1.659	ERR
213	0.025	1.260	ERR
MEJORA: 53 better than: 47
MEJORA: 47 better than: 31
MEJORA: 31 better than: 20
MEJORA: 20 better than: 16
214	5.278	1.470	OK
215	1.832	1.651	OK
MEJORA: 96 better than: 80
MEJORA: 80 better than: 64
MEJORA: 64 better than: 56
216	1.181	1.055	OK
MEJORA: 64 better than: 56
217	2.580	1.312	OK
218	0.033	1.314	ERR
219	0.023	1.104	ERR
220	0.016	1.103	ERR
221	0.010	1.101	ERR
222	0.033	1.101	ERR
223	8.038	1.902	OK
224	5.726	1.947	OK
225	2.726	2.037	OK
226	0.023	1.921	ERR
227	2.968	1.960	OK
228	0.350	1.991	ERR
229	0.022	1.991	ERR
230	0.021	1.992	ERR
231	0.408	2.031	ERR
232	0.024	2.031	ERR
233	0.010	1.228	ERR
MEJORA: 44 better than: 25
MEJORA: 25 better than: 23
234	8.172	1.472	OK
235	0.029	1.203	ERR
236	0.020	1.202	ERR
237	0.026	0.908	ERR
238	0.033	0.876	ERR
MEJORA: 38 better than: 36
MEJORA: 36 better than: 14
239	8.149	1.689	OK
240	0.013	1.689	ERR
241	0.559	1.704	ERR
242	0.017	1.703	ERR
243	0.233	1.725	OK
MEJORA: 55 better than: 48
MEJORA: 48 better than: 30
244	7.276	1.636	OK
245	0.020	1.635	ERR
246	0.023	1.635	ERR
247	1.064	1.739	ERR
248	4.341	2.169	OK
MEJORA: 86 better than: 80
MEJORA: 80 better than: 62
MEJORA: 62 better than: 50
MEJORA: 50 better than: 24
249	3.714	1.726	OK
250	0.074	1.732	ERR
251	0.021	1.678	ERR
252	0.025	1.679	ERR
253	0.025	1.658	ERR
254	0.025	0.933	ERR
255	0.020	0.933	ERR
256	0.797	1.011	OK
257	5.886	1.493	OK
258	0.026	1.061	ERR
MEJORA: 60 better than: 56
MEJORA: 56 better than: 40
259	6.907	1.381	OK
260	0.017	1.375	ERR
261	5.293	1.902	OK
MEJORA: 64 better than: 56
262	17.838	3.683	OK
MEJORA: 36 better than: 28
263	3.197	4.001	OK
264	12.873	5.285	OK
265	9.113	6.195	OK
266	0.026	6.118	ERR
267	0.031	5.532	ERR
268	0.017	5.531	ERR
269	0.020	4.843	ERR
270	0.022	4.843	ERR
271	0.021	4.316	ERR
272	8.127	3.345	OK
273	10.718	4.097	OK
274	0.033	2.813	ERR
275	0.025	1.904	ERR
276	0.027	1.904	ERR
MEJORA: 91 better than: 75
277	6.119	2.513	OK
278	0.030	2.514	ERR
279	0.016	2.514	ERR
280	0.028	2.514	ERR
281	0.033	2.516	ERR
282	8.120	2.515	OK
MEJORA: 42 better than: 36
283	3.360	1.779	OK
284	0.017	1.777	ERR
285	0.013	1.776	ERR
MEJORA: 91 better than: 90
MEJORA: 90 better than: 71
MEJORA: 71 better than: 67
MEJORA: 67 better than: 63
286	6.665	2.440	OK
MEJORA: 24 better than: 20
287	7.008	2.529	OK
288	0.014	2.527	ERR
289	0.026	2.528	ERR
290	0.017	2.527	ERR
291	0.023	2.526	ERR
292	0.013	1.716	ERR
293	4.755	1.855	OK
294	0.017	1.855	ERR
295	0.022	1.856	ERR
296	3.653	1.555	OK
297	0.026	0.857	ERR
298	0.020	0.857	ERR
MEJORA: 44 better than: 40
MEJORA: 40 better than: 36
MEJORA: 36 better than: 32
299	2.849	1.140	OK
300	3.171	1.455	OK
301	6.725	2.125	OK
302	5.228	2.647	OK
303	0.023	2.173	ERR
304	0.355	2.207	ERR
305	0.016	2.207	ERR
306	7.802	2.622	OK
307	4.069	3.026	OK
308	0.253	3.049	OK
309	4.334	3.198	OK
310	0.026	2.883	ERR
311	0.023	2.213	ERR
312	0.022	1.692	ERR
313	4.326	2.123	OK
314	0.016	2.089	ERR
315	0.010	2.088	ERR
MEJORA: 92 better than: 78
316	8.347	2.143	OK
317	3.956	2.131	OK
318	0.026	2.109	ERR
319	0.010	1.676	ERR
320	0.017	1.675	ERR
321	0.020	1.675	ERR
322	0.019	1.675	ERR
323	0.033	1.246	ERR
324	0.275	1.271	ERR
MEJORA: 22 better than: 20
MEJORA: 20 better than: 18
325	4.595	1.730	OK
326	0.017	0.897	ERR
327	0.033	0.505	ERR
328	4.813	0.983	OK
329	0.022	0.985	ERR
330	0.023	0.985	ERR
331	0.025	0.986	ERR
332	0.017	0.985	ERR
333	0.033	0.985	ERR
334	1.264	1.084	OK
335	0.017	0.626	ERR
336	0.027	0.627	ERR
337	0.899	0.714	ERR
338	0.019	0.235	ERR
339	0.017	0.234	ERR
MEJORA: 32 better than: 28
340	7.045	0.936	OK
MEJORA: 77 better than: 62
MEJORA: 62 better than: 53
341	8.236	1.757	OK
MEJORA: 31 better than: 27
342	10.399	2.795	OK
343	1.255	2.918	OK
344	0.032	2.795	ERR
345	5.684	3.361	OK
346	0.032	3.362	ERR
347	2.807	3.553	OK
348	0.010	3.552	ERR
349	0.016	3.552	ERR
350	0.020	2.849	ERR
351	0.021	2.028	ERR
352	2.744	1.262	OK
353	2.159	1.353	OK
354	0.022	1.352	ERR
355	0.025	0.786	ERR
356	0.022	0.785	ERR
357	0.440	0.548	ERR
358	3.114	0.858	OK
359	0.017	0.858	ERR
360	0.020	0.858	ERR
361	6.753	1.532	OK
362	10.915	2.349	OK
MEJORA: 36 better than: 32
363	10.796	3.212	OK
364	5.497	3.760	OK
365	10.620	4.819	OK
366	0.017	4.819	ERR
367	0.018	4.777	ERR
368	0.010	4.466	ERR
369	0.017	4.466	ERR
370	1.993	4.664	OK
371	0.569	4.045	ERR
372	0.020	2.956	ERR
373	0.022	1.878	ERR
374	0.017	1.330	ERR
375	0.023	0.271	ERR
MEJORA: 54 better than: 50
MEJORA: 50 better than: 42
376	6.035	0.872	OK
377	0.027	0.873	ERR
378	3.411	1.213	OK
379	0.024	1.214	ERR
380	0.019	1.017	ERR
381	0.019	0.962	ERR
382	0.010	0.961	ERR
383	0.026	0.961	ERR
384	7.697	1.729	OK
385	0.019	1.729	ERR
MEJORA: 85 better than: 83
386	8.085	1.934	OK
387	0.031	1.934	ERR
388	0.016	1.595	ERR
389	0.412	1.633	ERR
MEJORA: 12 better than: 10
390	2.018	1.833	OK
391	0.033	1.835	ERR
392	0.314	1.865	ERR
393	1.306	1.993	ERR
394	0.023	1.226	ERR
395	0.016	1.225	ERR
396	0.019	0.419	ERR
397	0.020	0.418	ERR
398	8.835	1.299	OK
399	0.019	1.260	ERR

---- Final results ----
400 NS requests
247 failed requests
153 success requests
45 improved requests
798.817 ellapsed time
