#req	time (sec)	avg. time (sec)	mapping
0	0.020	0.000	ERR
1	10.384	0.000	OK
2	3.756	0.000	OK
3	0.020	0.000	ERR
4	12.633	0.000	OK
MEJORA: 32 better than: 30
5	15.626	0.000	OK
MEJORA: 32 better than: 24
6	3.718	0.000	OK
7	7.465	0.000	OK
8	0.024	0.000	ERR
9	0.024	0.000	ERR
10	0.019	5.367	ERR
11	2.316	4.560	OK
12	3.232	4.508	OK
13	0.021	4.508	ERR
14	21.058	5.350	OK
15	9.948	4.783	OK
16	1.358	4.547	OK
17	0.027	3.803	ERR
18	7.777	4.578	OK
19	13.461	5.922	OK
20	9.166	6.836	OK
21	0.025	6.607	ERR
22	7.454	7.030	OK
23	0.016	7.029	ERR
24	11.514	6.075	OK
MEJORA: 56 better than: 47
25	27.762	7.856	OK
26	0.020	7.722	ERR
27	0.013	7.721	ERR
28	0.020	6.945	ERR
29	7.171	6.316	OK
30	0.024	5.402	ERR
31	7.821	6.182	OK
32	2.462	5.682	OK
33	12.626	6.943	OK
34	12.773	7.069	OK
MEJORA: 40 better than: 34
MEJORA: 34 better than: 32
35	21.308	6.424	OK
MEJORA: 32 better than: 24
36	12.448	7.667	OK
37	10.908	8.756	OK
38	0.015	8.756	ERR
39	9.368	8.975	OK
40	0.024	8.976	ERR
41	7.038	8.897	OK
42	11.697	9.821	OK
43	0.017	8.560	ERR
44	0.015	7.284	ERR
45	0.015	5.155	ERR
MEJORA: 28 better than: 16
46	13.422	5.252	OK
47	0.016	4.163	ERR
48	0.015	4.163	ERR
49	0.016	3.227	ERR
MEJORA: 16 better than: 14
MEJORA: 14 better than: 12
50	11.958	4.421	OK
51	0.030	3.720	ERR
52	13.401	3.891	OK
53	0.023	3.891	ERR
54	21.455	6.035	OK
55	0.017	6.035	ERR
MEJORA: 54 better than: 46
MEJORA: 46 better than: 44
56	18.292	6.522	OK
57	0.021	6.523	ERR
58	0.024	6.524	ERR
59	0.030	6.525	ERR
MEJORA: 32 better than: 28
60	10.560	6.385	OK
61	0.021	6.385	ERR
62	18.491	6.894	OK
63	0.017	6.893	ERR
MEJORA: 30 better than: 24
MEJORA: 24 better than: 18
64	12.288	5.976	OK
65	18.681	7.843	OK
66	3.693	6.383	OK
67	0.015	6.382	ERR
68	0.025	6.382	ERR
69	0.014	6.381	ERR
70	0.021	5.327	ERR
71	0.012	5.326	ERR
72	2.199	3.697	OK
73	0.025	3.697	ERR
74	0.016	2.470	ERR
75	0.030	0.605	ERR
76	1.998	0.435	OK
77	2.591	0.693	OK
78	0.020	0.693	ERR
79	0.023	0.694	ERR
80	0.016	0.693	ERR
81	0.014	0.693	ERR
82	0.015	0.475	ERR
83	2.129	0.685	OK
84	6.758	1.360	OK
MEJORA: 24 better than: 20
85	4.890	1.846	OK
86	0.031	1.649	ERR
87	0.017	1.391	ERR
88	0.019	1.391	ERR
89	0.021	1.391	ERR
90	16.118	3.001	OK
91	0.016	3.001	ERR
92	0.019	3.002	ERR
MEJORA: 20 better than: 16
93	11.353	3.924	OK
94	0.019	3.250	ERR
95	0.025	2.764	ERR
MEJORA: 28 better than: 22
96	11.929	3.954	OK
97	13.661	5.318	OK
98	0.021	5.318	ERR
99	2.758	5.592	OK
100	0.016	3.982	ERR
101	0.019	3.982	ERR
102	0.018	3.982	ERR
103	0.014	2.848	ERR
MEJORA: 40 better than: 32
104	18.407	4.687	OK
105	7.057	5.390	OK
106	5.890	4.786	OK
MEJORA: 40 better than: 30
107	2.642	3.684	OK
108	0.031	3.685	ERR
109	0.020	3.411	ERR
110	0.021	3.412	ERR
111	5.854	3.995	OK
112	0.031	3.997	ERR
113	17.878	5.783	OK
MEJORA: 24 better than: 20
114	10.362	4.978	OK
115	0.019	4.275	ERR
116	7.871	4.473	OK
117	0.027	4.211	ERR
118	3.989	4.607	OK
119	1.965	4.802	OK
120	0.013	4.801	ERR
121	0.021	4.217	ERR
122	3.698	4.584	OK
123	0.020	2.798	ERR
124	0.019	1.764	ERR
125	0.030	1.765	ERR
126	0.021	0.980	ERR
127	0.023	0.980	ERR
128	15.194	2.100	OK
129	15.029	3.407	OK
130	0.010	3.406	ERR
131	0.031	3.407	ERR
132	15.339	4.572	OK
133	0.018	4.571	ERR
134	0.630	4.632	ERR
135	0.016	4.631	ERR
136	3.211	4.950	OK
MEJORA: 84 better than: 58
MEJORA: 58 better than: 54
137	24.619	7.410	OK
138	0.018	5.892	ERR
MEJORA: 36 better than: 24
139	15.043	5.893	OK
140	0.014	5.894	ERR
141	22.282	8.119	OK
142	0.016	6.587	ERR
143	7.871	7.372	OK
144	0.024	7.311	ERR
145	0.030	7.313	ERR
146	11.295	8.121	OK
147	23.296	7.989	OK
148	0.021	7.989	ERR
149	0.026	6.487	ERR
150	0.030	6.489	ERR
151	0.030	4.264	ERR
152	0.024	4.264	ERR
MEJORA: 36 better than: 32
153	14.330	4.910	OK
154	0.018	4.910	ERR
155	4.108	5.318	OK
156	0.017	4.190	ERR
157	0.019	1.862	ERR
158	0.026	1.863	ERR
159	21.871	4.047	OK
160	0.021	4.046	ERR
MEJORA: 12 better than: 10
161	10.015	5.045	OK
162	0.026	5.045	ERR
163	0.018	3.614	ERR
164	0.030	3.615	ERR
165	13.269	4.531	OK
166	2.845	4.814	OK
167	0.009	4.813	ERR
MEJORA: 37 better than: 33
168	12.722	6.083	OK
169	0.076	3.903	ERR
170	0.018	3.903	ERR
171	5.199	3.421	OK
172	0.021	3.421	ERR
173	0.015	3.421	ERR
174	0.017	3.419	ERR
175	0.016	2.094	ERR
176	9.493	2.759	OK
177	0.016	2.759	ERR
178	0.018	1.489	ERR
179	0.020	1.483	ERR
180	0.026	1.484	ERR
181	0.015	0.966	ERR
182	10.425	2.006	OK
183	0.015	2.006	ERR
184	0.019	2.006	ERR
185	1.955	2.200	OK
186	8.596	2.111	OK
187	0.012	2.110	ERR
188	0.023	2.111	ERR
189	0.018	2.111	ERR
190	0.012	2.109	ERR
191	0.016	2.109	ERR
192	0.020	1.069	ERR
193	0.024	1.069	ERR
194	6.785	1.746	OK
MEJORA: 20 better than: 18
195	9.484	2.499	OK
196	8.602	2.500	OK
197	0.024	2.501	ERR
198	0.012	2.500	ERR
199	0.023	2.500	ERR
200	0.026	2.502	ERR
201	0.014	2.501	ERR
202	0.023	2.502	ERR
MEJORA: 21 better than: 19
203	14.972	3.997	OK
204	8.379	4.156	OK
205	0.021	3.210	ERR
MEJORA: 20 better than: 18
MEJORA: 18 better than: 16
206	12.136	3.563	OK
207	0.014	3.562	ERR
208	0.012	3.562	ERR
209	11.161	4.676	OK
210	0.030	4.676	ERR
211	0.023	4.677	ERR
212	0.030	4.678	ERR
213	0.023	3.183	ERR
214	4.008	2.746	OK
215	2.815	3.025	OK
MEJORA: 62 better than: 56
216	19.103	3.722	OK
MEJORA: 60 better than: 56
MEJORA: 56 better than: 54
MEJORA: 54 better than: 38
MEJORA: 38 better than: 32
217	24.665	6.187	OK
218	0.030	6.189	ERR
219	0.021	5.075	ERR
220	0.014	5.073	ERR
221	0.009	5.072	ERR
222	0.030	5.072	ERR
223	12.622	6.332	OK
224	16.263	7.557	OK
225	3.946	7.670	OK
226	0.019	5.762	ERR
227	1.296	3.425	OK
228	5.537	3.976	OK
229	0.019	3.976	ERR
230	0.018	3.976	ERR
231	20.043	5.979	OK
232	0.025	5.979	ERR
233	0.010	4.718	ERR
MEJORA: 19 better than: 17
234	8.052	3.897	OK
235	0.028	3.505	ERR
236	0.020	3.505	ERR
237	0.025	3.378	ERR
238	0.032	2.827	ERR
239	20.703	4.896	OK
240	0.013	4.895	ERR
241	0.380	2.929	ERR
242	0.016	2.928	ERR
243	0.269	2.954	OK
244	14.480	3.597	OK
245	0.018	3.596	ERR
246	0.021	3.596	ERR
247	2.600	3.853	OK
248	4.919	4.342	OK
249	2.027	2.474	OK
250	9.246	3.398	OK
251	0.018	3.361	ERR
252	0.023	3.362	ERR
253	0.023	3.338	ERR
254	0.023	1.892	ERR
255	0.018	1.892	ERR
256	14.603	3.350	OK
257	16.837	4.774	OK
258	0.023	4.284	ERR
259	2.031	4.285	OK
260	0.015	3.361	ERR
261	2.052	3.565	ERR
262	0.375	3.600	ERR
263	9.423	4.540	OK
264	11.035	5.641	OK
MEJORA: 50 better than: 40
265	12.853	6.925	OK
266	0.023	5.467	ERR
267	0.009	3.784	ERR
268	0.015	3.783	ERR
269	0.018	3.582	ERR
270	0.020	3.582	ERR
271	0.019	3.379	ERR
272	9.505	4.292	OK
273	3.465	3.696	OK
274	0.030	2.596	ERR
275	0.023	1.313	ERR
276	0.024	1.313	ERR
277	0.043	1.316	ERR
278	0.026	1.317	ERR
279	0.014	1.317	ERR
280	0.026	1.318	ERR
281	0.030	1.319	ERR
282	17.335	2.102	OK
MEJORA: 30 better than: 24
MEJORA: 24 better than: 18
283	5.099	2.265	OK
284	0.015	2.264	ERR
285	0.012	2.262	ERR
286	0.650	2.325	ERR
287	7.383	3.059	OK
288	0.012	3.058	ERR
289	0.023	3.058	ERR
290	0.015	3.057	ERR
291	0.021	3.057	ERR
292	0.012	1.324	ERR
293	10.551	1.869	OK
294	0.015	1.869	ERR
295	0.020	1.870	ERR
296	2.203	2.025	OK
297	0.023	1.289	ERR
298	0.018	1.290	ERR
299	17.289	3.017	OK
300	9.211	3.936	OK
301	2.222	4.156	OK
302	1.163	4.272	OK
303	0.021	3.218	ERR
304	0.089	3.226	ERR
305	0.014	3.225	ERR
306	6.070	3.612	OK
MEJORA: 70 better than: 54
MEJORA: 54 better than: 46
307	16.567	5.266	OK
308	0.304	5.295	OK
309	11.996	4.766	OK
310	0.023	3.847	ERR
311	0.021	3.627	ERR
312	0.020	3.512	ERR
MEJORA: 76 better than: 74
313	25.569	6.067	OK
314	0.014	6.060	ERR
315	0.009	6.059	ERR
316	1.572	5.610	ERR
317	1.867	4.139	OK
318	0.023	4.111	ERR
319	0.009	2.913	ERR
320	0.015	2.912	ERR
321	0.018	2.912	ERR
322	0.017	2.911	ERR
323	0.030	0.358	ERR
324	10.251	1.381	OK
325	15.872	2.967	OK
326	0.015	2.812	ERR
327	0.030	2.628	ERR
MEJORA: 30 better than: 18
328	16.173	4.243	OK
329	0.019	4.244	ERR
330	0.020	4.245	ERR
331	0.023	4.245	ERR
332	0.015	4.245	ERR
333	0.030	4.245	ERR
334	5.088	3.729	OK
335	0.015	2.143	ERR
336	0.024	2.144	ERR
MEJORA: 57 better than: 48
337	26.338	4.775	OK
338	0.017	3.159	ERR
339	0.015	3.159	ERR
MEJORA: 28 better than: 24
340	21.282	5.285	OK
MEJORA: 52 better than: 46
MEJORA: 46 better than: 34
341	21.490	7.431	OK
342	22.524	9.682	OK
343	14.648	11.144	OK
MEJORA: 20 better than: 16
344	12.573	11.893	OK
345	20.595	13.951	OK
346	0.030	13.951	ERR
347	5.244	11.842	OK
348	0.009	11.841	ERR
349	0.015	11.841	ERR
350	0.018	9.715	ERR
351	0.019	7.568	ERR
MEJORA: 28 better than: 24
352	15.670	6.882	OK
353	2.448	5.662	OK
354	0.021	4.407	ERR
355	0.023	2.350	ERR
356	0.020	2.349	ERR
357	7.759	2.600	OK
358	17.635	4.363	OK
359	0.015	4.363	ERR
360	0.018	4.363	ERR
361	17.883	6.149	OK
362	15.129	6.095	OK
MEJORA: 46 better than: 42
363	25.187	8.369	OK
364	5.606	8.928	OK
MEJORA: 38 better than: 34
365	22.994	11.225	OK
366	0.015	11.224	ERR
367	0.016	10.450	ERR
368	0.009	8.687	ERR
369	0.015	8.687	ERR
370	1.425	8.828	OK
371	3.370	7.377	OK
372	0.018	5.865	ERR
373	0.019	3.349	ERR
374	0.015	2.790	ERR
375	0.020	0.492	ERR
MEJORA: 36 better than: 35
376	12.198	1.711	OK
377	0.024	1.711	ERR
378	13.887	3.099	OK
379	0.023	3.100	ERR
380	0.018	2.959	ERR
381	0.018	2.624	ERR
MEJORA: 65 better than: 63
MEJORA: 63 better than: 57
382	16.431	4.265	OK
383	0.024	4.266	ERR
384	3.688	4.633	OK
385	0.018	4.633	ERR
386	0.030	3.416	ERR
387	0.030	3.417	ERR
388	0.015	2.030	ERR
389	0.784	2.106	ERR
390	11.964	3.300	OK
391	0.030	3.301	ERR
392	0.689	1.727	ERR
393	3.481	2.073	OK
394	0.021	1.706	ERR
395	0.015	1.706	ERR
396	0.017	1.705	ERR
397	0.018	1.703	ERR
MEJORA: 25 better than: 23
398	10.025	2.704	OK
399	0.018	2.628	ERR

---- Final results ----
400 NS requests
240 failed requests
160 success requests
42 improved requests
1725.958 ellapsed time
