#req	time (sec)	avg. time (sec)	mapping
0	0.019	0.000	ERR
1	8.606	0.000	OK
2	2.795	0.000	OK
3	0.019	0.000	ERR
4	10.748	0.000	OK
MEJORA: 32 better than: 30
5	13.647	0.000	OK
MEJORA: 32 better than: 24
6	2.408	0.000	OK
7	5.438	0.000	OK
8	0.024	0.000	ERR
9	0.024	0.000	ERR
10	0.019	4.373	ERR
11	1.991	3.711	OK
12	2.370	3.669	OK
13	0.021	3.669	ERR
14	17.829	4.377	OK
15	8.115	3.824	OK
16	1.166	3.700	OK
17	0.027	3.159	ERR
18	6.054	3.762	OK
19	8.227	4.582	OK
20	7.404	5.320	OK
21	0.026	5.124	ERR
22	6.711	5.558	OK
23	0.016	5.557	ERR
24	10.526	4.827	OK
MEJORA: 96 better than: 90
MEJORA: 90 better than: 70
MEJORA: 70 better than: 47
25	23.338	6.349	OK
26	0.021	6.235	ERR
27	0.013	6.234	ERR
28	0.020	5.630	ERR
29	5.627	5.370	OK
30	0.023	4.632	ERR
MEJORA: 55 better than: 52
MEJORA: 52 better than: 30
MEJORA: 30 better than: 28
31	11.220	5.751	OK
32	1.818	5.262	OK
33	10.966	6.357	OK
MEJORA: 56 better than: 48
34	10.910	6.396	OK
MEJORA: 40 better than: 34
MEJORA: 34 better than: 32
35	18.958	5.958	OK
MEJORA: 32 better than: 24
36	9.449	6.901	OK
37	9.933	7.893	OK
38	0.016	7.892	ERR
39	7.850	8.114	OK
40	0.025	8.114	ERR
41	6.845	7.677	OK
42	10.152	8.510	OK
43	0.017	7.416	ERR
44	0.016	6.326	ERR
45	0.016	4.432	ERR
MEJORA: 28 better than: 24
MEJORA: 24 better than: 20
MEJORA: 20 better than: 16
46	11.581	4.645	OK
47	0.017	3.653	ERR
48	0.016	3.653	ERR
49	0.016	2.870	ERR
50	8.840	3.752	OK
51	0.033	3.070	ERR
MEJORA: 24 better than: 22
52	13.181	3.373	OK
53	0.024	3.374	ERR
54	17.879	5.160	OK
55	0.017	5.160	ERR
MEJORA: 54 better than: 46
MEJORA: 46 better than: 44
56	15.876	5.590	OK
57	0.022	5.590	ERR
58	0.024	5.591	ERR
59	0.032	5.593	ERR
60	8.297	5.538	OK
61	0.020	5.537	ERR
MEJORA: 32 better than: 30
62	15.874	5.807	OK
63	0.017	5.806	ERR
MEJORA: 30 better than: 24
MEJORA: 24 better than: 18
64	11.356	5.154	OK
65	16.136	6.766	OK
66	3.033	5.481	OK
67	0.015	5.481	ERR
68	0.026	5.481	ERR
69	0.015	5.479	ERR
70	0.022	4.652	ERR
71	0.013	4.651	ERR
72	1.923	3.256	OK
73	0.026	3.257	ERR
74	0.017	2.123	ERR
75	0.031	0.512	ERR
76	1.805	0.389	OK
77	2.043	0.592	OK
78	0.020	0.592	ERR
79	0.024	0.592	ERR
80	0.016	0.592	ERR
81	0.015	0.592	ERR
82	0.016	0.401	ERR
83	1.878	0.586	OK
84	5.874	1.172	OK
MEJORA: 24 better than: 20
85	3.989	1.568	OK
86	0.031	1.391	ERR
87	0.017	1.188	ERR
88	0.019	1.188	ERR
89	0.022	1.188	ERR
90	13.952	2.581	OK
91	0.016	2.581	ERR
92	0.019	2.582	ERR
MEJORA: 16 better than: 12
93	10.672	3.461	OK
94	0.019	2.876	ERR
95	0.025	2.479	ERR
96	10.237	3.500	OK
MEJORA: 34 better than: 32
97	10.113	4.509	OK
98	0.022	4.510	ERR
99	2.404	4.748	OK
100	0.016	3.354	ERR
101	0.019	3.355	ERR
102	0.019	3.355	ERR
103	0.015	2.289	ERR
104	15.365	3.823	OK
105	6.472	4.468	OK
106	4.168	3.861	OK
MEJORA: 40 better than: 30
107	2.278	3.078	OK
108	0.031	3.079	ERR
109	0.020	2.840	ERR
110	0.022	2.841	ERR
111	5.069	3.346	OK
112	0.031	3.347	ERR
MEJORA: 44 better than: 40
113	15.496	4.895	OK
114	9.083	4.267	OK
115	0.019	3.622	ERR
116	7.254	3.930	OK
117	0.027	3.705	ERR
118	3.172	4.019	OK
119	1.725	4.190	OK
120	0.013	4.189	ERR
121	0.022	3.684	ERR
122	4.018	4.083	OK
123	0.020	2.535	ERR
124	0.019	1.629	ERR
125	0.031	1.630	ERR
126	0.021	0.907	ERR
127	0.024	0.907	ERR
128	12.373	1.827	OK
129	16.047	3.259	OK
130	0.010	3.259	ERR
131	0.031	3.260	ERR
132	0.010	2.859	ERR
133	0.018	2.858	ERR
134	0.640	2.921	ERR
135	0.016	2.919	ERR
136	2.852	3.202	OK
MEJORA: 98 better than: 96
MEJORA: 96 better than: 94
MEJORA: 94 better than: 76
MEJORA: 76 better than: 56
137	19.984	5.198	OK
138	0.019	3.963	ERR
MEJORA: 36 better than: 24
139	13.608	3.719	OK
140	0.015	3.719	ERR
141	22.104	5.927	OK
142	0.017	5.927	ERR
MEJORA: 24 better than: 20
143	7.260	6.652	OK
144	0.024	6.590	ERR
145	0.032	6.592	ERR
146	10.186	7.325	OK
147	17.178	7.044	OK
148	0.022	7.045	ERR
149	0.027	5.687	ERR
150	0.031	5.688	ERR
151	0.032	3.481	ERR
152	0.026	3.482	ERR
MEJORA: 40 better than: 36
MEJORA: 36 better than: 32
MEJORA: 32 better than: 28
MEJORA: 28 better than: 24
MEJORA: 24 better than: 20
153	11.458	3.902	OK
154	0.019	3.901	ERR
155	3.142	4.212	OK
156	0.017	3.195	ERR
157	0.019	1.479	ERR
158	0.027	1.480	ERR
MEJORA: 30 better than: 24
159	19.898	3.467	OK
160	0.023	3.466	ERR
MEJORA: 14 better than: 12
161	8.703	4.333	OK
162	0.028	4.333	ERR
163	0.019	3.189	ERR
164	0.032	3.191	ERR
165	10.827	3.959	OK
166	2.520	4.209	OK
167	0.010	4.209	ERR
168	12.164	5.422	OK
169	2.147	3.647	OK
170	0.019	3.647	ERR
171	2.659	3.042	OK
172	0.021	3.042	ERR
173	0.016	3.041	ERR
174	0.018	3.040	ERR
175	0.017	1.959	ERR
176	7.809	2.488	OK
177	0.016	2.488	ERR
178	0.018	1.274	ERR
179	0.020	1.061	ERR
180	0.027	1.062	ERR
181	0.015	0.798	ERR
182	9.522	1.748	OK
183	0.016	1.748	ERR
184	0.020	1.748	ERR
185	1.251	1.871	OK
186	6.981	1.788	OK
187	0.012	1.788	ERR
188	0.024	1.789	ERR
189	0.019	1.789	ERR
190	0.012	1.787	ERR
191	0.015	1.787	ERR
192	0.020	0.837	ERR
193	0.025	0.838	ERR
194	5.115	1.347	OK
195	6.900	1.912	OK
196	7.432	1.957	OK
197	0.025	1.959	ERR
198	0.012	1.957	ERR
199	0.024	1.958	ERR
200	0.026	1.959	ERR
201	0.014	1.959	ERR
202	0.024	1.960	ERR
MEJORA: 24 better than: 18
203	13.270	3.284	OK
204	9.768	3.749	OK
205	0.020	3.061	ERR
MEJORA: 24 better than: 18
206	14.444	3.763	OK
207	0.014	3.762	ERR
208	0.012	3.762	ERR
209	3.889	4.148	OK
210	0.031	4.149	ERR
211	0.024	4.150	ERR
212	0.031	4.150	ERR
213	0.024	2.826	ERR
214	14.680	3.317	OK
MEJORA: 8 better than: 6
215	7.067	4.022	OK
216	14.228	4.000	OK
MEJORA: 60 better than: 54
217	22.544	6.253	OK
218	0.031	6.255	ERR
219	0.021	5.868	ERR
220	0.014	5.866	ERR
221	0.009	5.865	ERR
222	0.030	5.865	ERR
223	11.138	6.976	OK
MEJORA: 48 better than: 42
224	13.640	6.872	OK
225	3.939	6.560	OK
226	0.020	5.139	ERR
227	1.131	2.997	OK
MEJORA: 56 better than: 52
MEJORA: 52 better than: 32
228	10.450	4.039	OK
229	0.020	4.039	ERR
230	0.019	4.040	ERR
231	6.299	4.669	OK
232	0.024	4.668	ERR
233	0.009	3.555	ERR
234	11.006	3.292	OK
235	0.027	2.900	ERR
236	0.019	2.900	ERR
237	0.024	2.790	ERR
238	0.031	1.748	ERR
239	14.021	3.148	OK
240	0.012	3.147	ERR
241	9.177	3.435	OK
242	0.015	3.434	ERR
243	0.254	3.459	OK
244	16.835	4.042	OK
245	0.019	4.041	ERR
246	0.021	4.041	ERR
247	2.239	4.262	OK
248	4.667	4.726	OK
249	1.851	3.509	OK
250	11.005	4.608	OK
251	0.018	3.692	ERR
252	0.023	3.693	ERR
253	0.023	3.670	ERR
254	0.023	1.989	ERR
255	0.018	1.989	ERR
256	12.320	3.219	OK
257	13.001	4.295	OK
258	0.024	3.830	ERR
259	1.885	3.834	OK
260	0.016	2.735	ERR
261	16.900	4.423	OK
262	0.707	4.492	ERR
263	10.663	5.556	OK
264	12.135	6.767	OK
265	17.249	8.490	OK
266	0.024	7.260	ERR
267	15.949	7.555	OK
268	0.015	7.554	ERR
269	0.019	7.368	ERR
270	0.020	7.368	ERR
271	0.020	5.680	ERR
MEJORA: 48 better than: 40
272	5.679	6.177	OK
273	2.591	5.370	OK
274	0.031	4.160	ERR
275	0.024	2.437	ERR
276	0.025	2.437	ERR
277	9.096	1.752	OK
278	0.026	1.753	ERR
279	0.014	1.752	ERR
280	0.025	1.753	ERR
281	0.030	1.754	ERR
282	15.642	2.750	OK
MEJORA: 30 better than: 24
283	3.825	2.874	OK
284	0.016	2.872	ERR
285	0.012	2.871	ERR
286	0.968	2.965	ERR
MEJORA: 16 better than: 14
287	11.095	3.165	OK
288	0.012	3.164	ERR
289	0.024	3.165	ERR
290	0.016	3.164	ERR
291	0.021	3.163	ERR
292	0.012	1.600	ERR
293	5.893	1.807	OK
294	0.016	1.807	ERR
295	0.020	1.808	ERR
296	1.938	1.905	OK
297	0.023	0.797	ERR
298	0.018	0.798	ERR
299	11.341	1.930	OK
300	16.817	3.610	OK
301	1.906	3.798	OK
302	1.030	3.900	OK
303	0.021	3.313	ERR
304	0.073	3.319	ERR
305	0.014	3.318	ERR
306	0.016	3.126	ERR
307	9.830	4.107	OK
308	0.304	4.135	OK
309	6.599	3.661	OK
310	0.023	1.982	ERR
311	0.021	1.793	ERR
312	0.020	1.692	ERR
313	16.956	3.386	OK
314	0.014	3.380	ERR
315	0.009	3.379	ERR
316	0.364	3.414	ERR
317	1.626	2.594	OK
318	0.024	2.566	ERR
319	0.009	1.907	ERR
320	0.016	1.906	ERR
321	0.019	1.906	ERR
322	0.018	1.906	ERR
323	0.031	0.213	ERR
324	0.030	0.215	ERR
325	0.346	0.248	ERR
326	0.015	0.213	ERR
327	0.030	0.054	ERR
328	6.594	0.711	OK
329	0.021	0.712	ERR
330	0.022	0.713	ERR
331	0.025	0.713	ERR
332	0.016	0.713	ERR
333	0.032	0.713	ERR
334	3.587	1.069	OK
335	0.016	1.036	ERR
336	0.026	1.037	ERR
337	23.245	3.358	OK
338	0.018	2.701	ERR
339	0.016	2.700	ERR
MEJORA: 28 better than: 24
340	18.248	4.523	OK
MEJORA: 52 better than: 46
341	17.794	6.300	OK
342	18.419	8.140	OK
343	8.475	8.984	OK
344	9.976	9.623	OK
MEJORA: 48 better than: 44
345	15.926	11.214	OK
346	0.031	11.215	ERR
347	5.147	9.405	OK
348	0.009	9.404	ERR
349	0.016	9.404	ERR
350	0.019	7.581	ERR
351	0.020	5.804	ERR
MEJORA: 36 better than: 32
352	11.276	5.089	OK
353	2.286	4.471	OK
354	0.021	3.475	ERR
355	0.024	1.885	ERR
356	0.021	1.884	ERR
357	16.402	3.009	OK
358	9.850	3.993	OK
359	0.016	3.993	ERR
360	0.019	3.993	ERR
361	16.775	5.669	OK
362	9.697	5.511	OK
MEJORA: 50 better than: 48
363	16.911	6.973	OK
MEJORA: 20 better than: 16
364	8.309	7.802	OK
365	17.976	9.597	OK
366	0.016	9.597	ERR
367	0.017	7.958	ERR
368	0.009	6.974	ERR
369	0.015	6.974	ERR
370	1.111	7.084	OK
371	3.125	5.719	OK
372	0.019	4.751	ERR
373	0.020	3.062	ERR
374	0.015	2.232	ERR
375	0.021	0.437	ERR
MEJORA: 42 better than: 36
MEJORA: 36 better than: 30
376	11.277	1.563	OK
377	0.025	1.564	ERR
MEJORA: 65 better than: 53
MEJORA: 53 better than: 49
378	9.626	2.525	OK
379	0.024	2.526	ERR
380	0.019	2.417	ERR
381	0.019	2.106	ERR
382	0.798	2.184	ERR
383	0.025	2.185	ERR
384	3.482	2.531	OK
385	0.019	2.531	ERR
386	0.031	1.407	ERR
387	0.030	1.407	ERR
388	0.015	0.446	ERR
389	0.788	0.523	ERR
MEJORA: 30 better than: 28
MEJORA: 28 better than: 24
390	17.953	2.316	OK
391	0.031	2.317	ERR
MEJORA: 56 better than: 40
MEJORA: 40 better than: 36
392	11.821	3.419	OK
393	3.050	3.722	OK
394	0.021	3.376	ERR
395	0.016	3.376	ERR
396	0.018	3.374	ERR
397	0.019	3.373	ERR
MEJORA: 41 better than: 37
MEJORA: 37 better than: 23
398	16.312	5.003	OK
399	0.019	4.926	ERR

---- Final results ----
400 NS requests
239 failed requests
161 success requests
43 improved requests
1506.121 ellapsed time
