#req	time (sec)	avg. time (sec)	mapping
0	0.021	0.000	ERR
1	4.311	0.000	OK
2	0.566	0.000	OK
3	0.020	0.000	ERR
4	5.203	0.000	OK
5	3.667	0.000	OK
6	0.901	0.000	OK
7	0.851	0.000	OK
8	0.026	0.000	ERR
9	0.026	0.000	ERR
10	0.020	1.559	ERR
11	0.719	1.200	OK
12	0.555	1.199	OK
13	0.021	1.199	ERR
14	6.572	1.336	OK
15	3.399	1.309	OK
16	0.320	1.251	OK
17	0.029	1.169	ERR
18	1.871	1.353	OK
19	2.215	1.572	OK
20	1.928	1.763	OK
21	0.027	1.694	ERR
22	1.148	1.753	OK
23	0.017	1.753	ERR
24	5.845	1.680	OK
25	6.509	1.991	OK
26	0.021	1.961	ERR
27	0.013	1.959	ERR
28	0.021	1.774	ERR
29	0.892	1.642	OK
30	0.025	1.452	ERR
31	3.338	1.783	OK
32	0.594	1.728	OK
33	4.732	2.199	OK
34	3.697	1.984	OK
35	9.065	2.240	OK
36	2.332	2.471	OK
37	2.270	2.697	OK
38	0.016	2.696	ERR
39	3.769	2.984	OK
40	0.025	2.984	ERR
41	3.882	3.038	OK
42	3.456	3.324	OK
43	0.018	2.853	ERR
44	0.017	2.485	ERR
45	0.016	1.580	ERR
MEJORA: 28 better than: 24
46	3.786	1.726	OK
47	0.017	1.500	ERR
48	0.016	1.500	ERR
49	0.016	1.125	ERR
50	4.049	1.527	OK
51	0.032	1.142	ERR
52	5.519	1.349	OK
53	0.025	1.349	ERR
54	7.765	2.124	OK
55	0.017	2.124	ERR
56	8.512	2.597	OK
57	0.022	2.597	ERR
58	0.025	2.598	ERR
59	0.032	2.600	ERR
MEJORA: 44 better than: 40
MEJORA: 40 better than: 32
60	4.749	2.670	OK
61	0.021	2.669	ERR
62	7.052	2.822	OK
63	0.018	2.821	ERR
MEJORA: 30 better than: 24
64	5.864	2.631	OK
65	8.916	3.521	OK
66	0.783	2.748	OK
67	0.015	2.747	ERR
68	0.026	2.748	ERR
69	0.015	2.746	ERR
70	0.022	2.273	ERR
71	0.013	2.272	ERR
72	0.725	1.640	OK
73	0.026	1.641	ERR
74	0.017	1.056	ERR
75	0.032	0.168	ERR
76	0.691	0.158	OK
77	0.480	0.205	OK
78	0.021	0.204	ERR
79	0.025	0.205	ERR
80	0.016	0.205	ERR
81	0.015	0.205	ERR
82	0.016	0.134	ERR
83	0.734	0.205	OK
84	6.499	0.853	OK
MEJORA: 24 better than: 20
85	1.021	0.952	OK
86	0.032	0.886	ERR
87	0.017	0.840	ERR
88	0.020	0.840	ERR
89	0.022	0.839	ERR
90	4.622	1.300	OK
91	0.016	1.300	ERR
92	0.020	1.300	ERR
93	5.985	1.825	OK
94	0.020	1.177	ERR
95	0.026	1.078	ERR
96	2.742	1.349	OK
97	5.548	1.902	OK
98	0.022	1.902	ERR
99	0.740	1.974	OK
100	0.016	1.514	ERR
101	0.020	1.514	ERR
102	0.020	1.514	ERR
103	0.015	0.917	ERR
104	6.351	1.550	OK
105	1.617	1.709	OK
106	0.559	1.491	OK
107	0.855	1.022	OK
108	0.032	1.023	ERR
109	0.021	0.951	ERR
110	0.022	0.951	ERR
111	0.673	1.017	OK
112	0.033	1.018	ERR
113	7.273	1.744	OK
114	3.746	1.483	OK
115	0.020	1.323	ERR
116	3.867	1.654	OK
117	0.028	1.571	ERR
118	0.591	1.627	OK
119	0.582	1.683	OK
120	0.013	1.683	ERR
121	0.022	1.617	ERR
122	0.721	1.686	OK
123	0.021	0.961	ERR
124	0.020	0.588	ERR
125	0.033	0.590	ERR
126	0.022	0.205	ERR
127	0.025	0.205	ERR
128	3.916	0.537	OK
129	7.061	1.185	OK
130	0.010	1.185	ERR
131	0.032	1.186	ERR
MEJORA: 43 better than: 41
MEJORA: 41 better than: 37
132	7.678	1.882	OK
133	0.019	1.881	ERR
134	0.746	1.954	ERR
135	0.016	1.952	ERR
MEJORA: 12 better than: 10
136	5.912	2.542	OK
137	7.111	3.250	OK
138	0.020	2.861	ERR
139	3.282	2.483	OK
140	0.015	2.483	ERR
141	4.595	2.939	OK
142	0.017	2.173	ERR
MEJORA: 24 better than: 20
143	2.620	2.433	OK
144	0.025	2.361	ERR
145	0.032	2.363	ERR
146	3.068	2.079	OK
147	7.358	2.103	OK
148	0.023	2.103	ERR
149	0.028	1.778	ERR
150	0.032	1.780	ERR
151	0.032	1.323	ERR
152	0.026	1.324	ERR
153	5.993	1.662	OK
154	0.020	1.661	ERR
155	0.921	1.750	OK
156	0.018	1.445	ERR
157	0.020	0.711	ERR
158	0.028	0.712	ERR
159	6.445	1.353	OK
160	0.022	1.352	ERR
161	0.594	1.409	OK
162	0.028	1.409	ERR
163	0.020	0.811	ERR
164	0.032	0.813	ERR
165	4.926	1.213	OK
166	0.825	1.294	OK
167	0.010	1.293	ERR
MEJORA: 37 better than: 31
168	4.704	1.761	OK
169	0.593	1.175	OK
170	0.020	1.175	ERR
171	1.323	1.248	OK
172	0.022	1.247	ERR
173	0.016	1.247	ERR
174	0.019	1.246	ERR
175	0.017	0.755	ERR
176	2.447	0.917	OK
177	0.016	0.918	ERR
178	0.019	0.449	ERR
179	0.021	0.392	ERR
180	0.028	0.393	ERR
181	0.016	0.262	ERR
182	4.457	0.706	OK
183	0.016	0.706	ERR
184	0.021	0.706	ERR
185	0.522	0.756	OK
186	0.698	0.581	OK
187	0.013	0.581	ERR
188	0.025	0.582	ERR
189	0.020	0.582	ERR
190	0.013	0.580	ERR
191	0.016	0.580	ERR
192	0.021	0.136	ERR
193	0.026	0.137	ERR
194	1.098	0.245	OK
195	8.664	1.059	OK
196	4.534	1.443	OK
197	0.026	1.444	ERR
198	0.013	1.443	ERR
199	0.025	1.444	ERR
200	0.028	1.445	ERR
201	0.015	1.445	ERR
202	0.025	1.445	ERR
203	5.247	1.968	OK
204	0.592	1.917	OK
205	0.022	1.053	ERR
206	4.328	1.032	OK
207	0.015	1.031	ERR
208	0.013	1.031	ERR
209	3.020	1.331	OK
210	0.032	1.331	ERR
211	0.025	1.332	ERR
212	0.032	1.333	ERR
213	0.025	0.810	ERR
MEJORA: 16 better than: 10
214	3.858	1.137	OK
215	0.629	1.198	OK
MEJORA: 64 better than: 56
216	2.114	0.976	OK
MEJORA: 64 better than: 56
217	10.688	2.044	OK
218	0.032	2.045	ERR
219	0.022	1.746	ERR
220	0.015	1.744	ERR
221	0.010	1.742	ERR
222	0.032	1.742	ERR
223	4.323	2.172	OK
224	6.406	2.427	OK
225	0.909	2.455	OK
226	0.021	2.246	ERR
227	0.395	1.217	OK
228	4.028	1.616	OK
229	0.021	1.616	ERR
230	0.020	1.616	ERR
231	0.766	1.692	ERR
232	0.024	1.691	ERR
233	0.010	1.260	ERR
234	3.687	0.988	OK
235	0.028	0.900	ERR
236	0.020	0.900	ERR
237	0.025	0.863	ERR
238	0.032	0.463	ERR
239	8.190	1.280	OK
240	0.013	1.279	ERR
241	0.808	1.284	ERR
242	0.016	1.283	ERR
243	0.216	1.303	OK
244	8.274	1.762	OK
245	0.020	1.761	ERR
246	0.023	1.762	ERR
247	0.779	1.837	OK
248	0.902	1.924	OK
MEJORA: 24 better than: 18
249	0.408	1.146	OK
250	0.489	1.193	ERR
251	0.020	1.115	ERR
252	0.024	1.115	ERR
253	0.024	1.096	ERR
254	0.024	0.271	ERR
255	0.019	0.271	ERR
256	4.799	0.749	OK
257	3.595	1.031	OK
258	0.025	0.943	ERR
259	0.693	0.971	OK
260	0.016	0.924	ERR
MEJORA: 18 better than: 16
261	3.399	1.262	OK
262	0.515	1.311	ERR
263	1.830	1.492	OK
MEJORA: 40 better than: 35
264	9.986	2.488	OK
265	6.461	3.132	OK
266	0.026	2.655	ERR
267	0.010	2.296	ERR
268	0.017	2.295	ERR
269	0.020	2.228	ERR
270	0.022	2.228	ERR
271	0.021	1.891	ERR
272	3.215	2.161	OK
273	1.200	2.098	OK
274	0.032	1.102	ERR
275	0.024	0.459	ERR
276	0.026	0.459	ERR
277	6.642	1.122	OK
278	0.028	1.123	ERR
279	0.015	1.123	ERR
280	0.027	1.123	ERR
281	0.032	1.124	ERR
282	7.427	1.545	OK
MEJORA: 30 better than: 24
283	2.009	1.626	OK
284	0.017	1.625	ERR
285	0.013	1.624	ERR
286	1.275	1.748	ERR
287	4.194	1.504	OK
288	0.013	1.502	ERR
289	0.025	1.503	ERR
290	0.016	1.502	ERR
291	0.022	1.501	ERR
292	0.013	0.760	ERR
293	4.081	0.967	OK
294	0.016	0.967	ERR
295	0.021	0.968	ERR
296	0.668	0.907	OK
297	0.025	0.490	ERR
298	0.020	0.491	ERR
299	7.221	1.210	OK
300	3.227	1.531	OK
301	0.134	1.543	ERR
302	0.437	1.585	OK
303	0.022	1.179	ERR
304	0.063	1.184	ERR
305	0.015	1.183	ERR
306	6.259	1.742	OK
307	7.046	2.444	OK
308	0.259	2.468	OK
309	1.757	1.922	OK
310	0.025	1.602	ERR
311	0.022	1.591	ERR
312	0.021	1.549	ERR
313	9.403	2.487	OK
314	0.015	2.482	ERR
315	0.010	2.482	ERR
316	0.995	1.955	OK
317	7.117	1.963	OK
318	0.025	1.939	ERR
319	0.010	1.764	ERR
320	0.016	1.764	ERR
321	0.020	1.763	ERR
322	0.019	1.763	ERR
323	0.032	0.826	ERR
324	0.477	0.872	ERR
325	0.491	0.920	OK
326	0.017	0.822	ERR
327	0.033	0.114	ERR
328	0.957	0.207	OK
329	0.021	0.208	ERR
330	0.022	0.209	ERR
331	0.025	0.209	ERR
332	0.016	0.209	ERR
333	0.032	0.209	ERR
334	0.741	0.236	OK
335	0.016	0.188	ERR
336	0.026	0.189	ERR
MEJORA: 49 better than: 38
337	11.435	1.329	OK
338	0.019	1.235	ERR
339	0.016	1.235	ERR
340	6.041	1.837	OK
341	8.521	2.686	OK
342	14.174	4.102	OK
MEJORA: 56 better than: 40
343	7.985	4.898	OK
344	2.441	5.068	OK
345	5.309	5.597	OK
346	0.032	5.597	ERR
347	1.772	4.631	OK
348	0.010	4.630	ERR
349	0.016	4.630	ERR
350	0.020	4.028	ERR
351	0.021	3.178	ERR
352	0.782	1.839	OK
353	0.697	1.110	OK
354	0.022	0.868	ERR
355	0.025	0.340	ERR
356	0.022	0.339	ERR
357	0.085	0.170	ERR
358	3.377	0.507	OK
359	0.017	0.507	ERR
360	0.020	0.507	ERR
361	7.120	1.217	OK
MEJORA: 29 better than: 26
362	7.848	1.923	OK
363	2.479	2.101	ERR
364	3.273	2.427	OK
365	4.901	2.914	OK
366	0.016	2.914	ERR
367	0.017	2.907	ERR
368	0.010	2.570	ERR
369	0.016	2.570	ERR
370	0.554	2.623	OK
371	0.947	2.006	OK
372	0.020	1.223	ERR
373	0.021	0.977	ERR
374	0.016	0.652	ERR
375	0.022	0.164	ERR
376	5.255	0.688	OK
377	0.026	0.689	ERR
378	4.093	1.097	OK
379	0.025	1.098	ERR
380	0.020	1.045	ERR
381	0.020	0.952	ERR
382	0.010	0.951	ERR
383	0.027	0.952	ERR
384	0.992	1.049	OK
385	0.020	1.049	ERR
386	0.033	0.527	ERR
387	0.033	0.527	ERR
388	0.017	0.120	ERR
389	0.805	0.198	ERR
390	4.966	0.692	OK
391	0.033	0.694	ERR
MEJORA: 63 better than: 44
392	10.016	1.694	OK
393	8.273	2.519	OK
394	0.023	2.422	ERR
395	0.017	2.422	ERR
396	0.019	2.420	ERR
397	0.021	2.419	ERR
398	10.506	3.468	OK
399	0.020	3.389	ERR

---- Final results ----
400 NS requests
242 failed requests
158 success requests
19 improved requests
619.484 ellapsed time
