#req	time (sec)	avg. time (sec)	mapping
0	0.019	0.000	ERR
1	6.969	0.000	OK
2	1.229	0.000	OK
3	0.019	0.000	ERR
4	8.786	0.000	OK
MEJORA: 32 better than: 30
5	10.804	0.000	OK
MEJORA: 32 better than: 24
6	2.135	0.000	OK
MEJORA: 32 better than: 24
7	1.788	0.000	OK
8	0.025	0.000	ERR
9	0.025	0.000	ERR
10	0.020	3.180	ERR
11	1.695	2.653	OK
12	1.513	2.681	OK
13	0.021	2.681	ERR
14	13.982	3.201	OK
15	6.229	2.743	OK
16	0.976	2.628	OK
17	0.028	2.452	ERR
18	3.323	2.781	OK
19	6.291	3.408	OK
20	4.340	3.840	OK
21	0.027	3.673	ERR
22	4.344	3.956	OK
23	0.016	3.956	ERR
24	8.312	3.389	OK
25	14.501	4.216	OK
26	0.021	4.120	ERR
27	0.013	4.119	ERR
28	0.021	3.789	ERR
MEJORA: 70 better than: 60
29	3.607	3.520	OK
30	0.025	3.089	ERR
MEJORA: 35 better than: 33
MEJORA: 33 better than: 29
31	9.912	4.077	OK
32	1.726	3.816	OK
33	8.860	4.700	OK
34	8.694	4.738	OK
MEJORA: 40 better than: 34
MEJORA: 34 better than: 32
35	15.372	4.825	OK
MEJORA: 32 better than: 24
36	5.458	5.369	OK
37	8.073	6.175	OK
38	0.016	6.174	ERR
39	5.618	6.375	OK
40	0.025	6.375	ERR
41	6.794	6.064	OK
42	8.026	6.694	OK
43	0.018	5.809	ERR
44	0.016	4.942	ERR
45	0.016	3.406	ERR
46	9.145	3.775	OK
47	0.018	2.969	ERR
48	0.016	2.969	ERR
49	0.017	2.409	ERR
MEJORA: 14 better than: 12
50	8.190	3.226	OK
51	0.032	2.549	ERR
52	9.383	2.685	OK
53	0.025	2.686	ERR
54	15.264	4.211	OK
55	0.017	4.211	ERR
MEJORA: 54 better than: 46
MEJORA: 46 better than: 44
56	12.900	4.586	OK
57	0.023	4.587	ERR
58	0.025	4.588	ERR
59	0.032	4.589	ERR
MEJORA: 40 better than: 36
60	3.827	4.153	OK
61	0.021	4.152	ERR
62	13.270	4.540	OK
63	0.017	4.540	ERR
MEJORA: 30 better than: 24
64	9.502	3.963	OK
65	14.153	5.377	OK
66	2.491	4.336	OK
67	0.015	4.335	ERR
68	0.026	4.335	ERR
69	0.015	4.334	ERR
70	0.022	3.953	ERR
71	0.013	3.952	ERR
72	1.627	2.788	OK
73	0.026	2.789	ERR
74	0.017	1.840	ERR
75	0.032	0.428	ERR
76	1.527	0.332	OK
77	1.718	0.502	OK
78	0.020	0.502	ERR
79	0.024	0.503	ERR
80	0.016	0.502	ERR
81	0.015	0.502	ERR
82	0.016	0.341	ERR
83	1.591	0.498	OK
84	4.543	0.950	OK
MEJORA: 24 better than: 20
85	3.808	1.328	OK
86	0.031	1.178	ERR
87	0.017	1.008	ERR
88	0.019	1.008	ERR
89	0.022	1.008	ERR
90	11.013	2.108	OK
91	0.016	2.108	ERR
92	0.019	2.108	ERR
93	5.922	2.541	OK
94	0.019	2.089	ERR
95	0.026	1.710	ERR
96	7.268	2.434	OK
97	10.606	3.493	OK
98	0.021	3.493	ERR
99	2.051	3.696	OK
100	0.016	2.596	ERR
101	0.019	2.597	ERR
102	0.019	2.597	ERR
103	0.015	2.006	ERR
MEJORA: 40 better than: 32
104	13.199	3.324	OK
105	3.592	3.681	OK
106	1.517	3.106	OK
MEJORA: 40 better than: 30
107	1.906	2.236	OK
108	0.032	2.237	ERR
109	0.020	2.034	ERR
110	0.022	2.034	ERR
111	1.588	2.191	OK
112	0.031	2.192	ERR
MEJORA: 44 better than: 40
113	12.723	3.463	OK
114	8.314	2.975	OK
115	0.019	2.617	ERR
116	5.640	3.030	OK
117	0.026	2.842	ERR
118	1.379	2.976	OK
119	1.428	3.117	OK
120	0.013	3.116	ERR
121	0.022	2.960	ERR
122	1.668	3.123	OK
123	0.020	1.853	ERR
124	0.019	1.023	ERR
125	0.031	1.025	ERR
126	0.021	0.463	ERR
127	0.024	0.463	ERR
128	10.600	1.385	OK
129	6.709	1.913	OK
130	0.010	1.913	ERR
131	0.032	1.914	ERR
132	12.006	2.947	OK
133	0.019	2.947	ERR
134	0.648	3.010	ERR
135	0.017	3.009	ERR
136	2.362	3.243	OK
MEJORA: 68 better than: 42
MEJORA: 42 better than: 40
MEJORA: 40 better than: 36
137	14.694	4.710	OK
138	0.019	3.652	ERR
MEJORA: 36 better than: 24
139	10.716	4.052	OK
140	0.015	4.053	ERR
141	10.631	5.113	OK
142	0.017	3.914	ERR
MEJORA: 36 better than: 32
MEJORA: 32 better than: 24
143	8.288	4.741	OK
144	0.025	4.678	ERR
145	0.031	4.680	ERR
146	11.219	5.566	OK
147	14.820	5.578	OK
148	0.022	5.578	ERR
149	0.028	4.510	ERR
150	0.032	4.511	ERR
151	0.033	3.451	ERR
152	0.026	3.452	ERR
153	9.302	3.554	OK
154	0.020	3.553	ERR
155	2.121	3.762	OK
156	0.018	2.642	ERR
157	0.020	1.162	ERR
158	0.028	1.163	ERR
MEJORA: 32 better than: 29
MEJORA: 29 better than: 26
MEJORA: 26 better than: 24
159	18.860	3.046	OK
160	0.022	3.045	ERR
161	1.278	3.169	OK
162	0.027	3.170	ERR
163	0.019	2.241	ERR
164	0.032	2.243	ERR
165	10.191	3.050	OK
166	2.094	3.257	OK
167	0.010	3.256	ERR
168	6.739	3.927	OK
169	7.335	2.775	OK
170	0.019	2.775	ERR
MEJORA: 46 better than: 33
MEJORA: 33 better than: 31
MEJORA: 31 better than: 28
MEJORA: 28 better than: 26
171	5.774	3.224	OK
172	0.022	3.224	ERR
173	0.016	3.223	ERR
174	0.018	3.222	ERR
175	0.017	2.204	ERR
176	6.155	2.610	OK
177	0.016	2.611	ERR
178	0.018	1.939	ERR
179	0.021	1.208	ERR
180	0.027	1.208	ERR
181	0.016	0.632	ERR
MEJORA: 41 better than: 36
182	9.158	1.546	OK
183	0.016	1.546	ERR
184	0.021	1.546	ERR
185	1.039	1.649	OK
186	1.568	1.190	OK
187	0.013	1.190	ERR
188	0.025	1.190	ERR
189	0.019	1.190	ERR
190	0.012	1.189	ERR
191	0.016	1.189	ERR
192	0.021	0.275	ERR
193	0.026	0.276	ERR
194	2.430	0.517	OK
MEJORA: 20 better than: 18
195	2.653	0.678	OK
196	5.762	1.098	OK
197	0.026	1.099	ERR
198	0.013	1.098	ERR
199	0.024	1.098	ERR
200	0.027	1.100	ERR
201	0.015	1.100	ERR
202	0.024	1.100	ERR
MEJORA: 18 better than: 16
203	6.327	1.730	OK
204	2.344	1.721	OK
205	0.022	1.458	ERR
MEJORA: 14 better than: 12
206	6.577	1.540	OK
207	0.015	1.539	ERR
208	0.013	1.539	ERR
209	1.356	1.672	OK
210	0.031	1.672	ERR
211	0.024	1.673	ERR
212	0.031	1.674	ERR
213	0.024	1.044	ERR
MEJORA: 14 better than: 12
214	4.866	1.296	OK
215	2.375	1.531	OK
MEJORA: 40 better than: 32
MEJORA: 32 better than: 24
216	1.822	1.056	OK
MEJORA: 60 better than: 57
MEJORA: 57 better than: 54
MEJORA: 54 better than: 38
MEJORA: 38 better than: 37
MEJORA: 37 better than: 31
MEJORA: 31 better than: 30
217	16.750	2.729	OK
218	0.031	2.731	ERR
219	0.022	2.598	ERR
220	0.015	2.596	ERR
221	0.010	2.595	ERR
222	0.031	2.595	ERR
223	8.810	3.473	OK
224	13.221	4.309	OK
225	1.978	4.269	OK
226	0.021	4.089	ERR
227	0.950	2.509	OK
228	3.184	2.824	OK
229	0.020	2.824	ERR
230	0.020	2.825	ERR
MEJORA: 41 better than: 37
231	12.860	4.110	OK
232	0.024	4.109	ERR
233	0.010	3.229	ERR
234	2.630	2.170	OK
235	0.028	1.975	ERR
236	0.019	1.975	ERR
237	0.024	1.882	ERR
238	0.032	1.567	ERR
MEJORA: 16 better than: 12
239	10.685	2.633	OK
240	0.013	2.632	ERR
241	0.617	1.408	ERR
242	0.016	1.407	ERR
243	0.541	1.461	OK
244	0.018	1.199	ERR
245	0.019	1.198	ERR
246	0.022	1.199	ERR
247	1.850	1.381	OK
248	3.165	1.695	OK
249	1.085	0.734	OK
250	0.623	0.796	ERR
251	0.020	0.736	ERR
252	0.025	0.737	ERR
253	0.025	0.685	ERR
254	0.025	0.686	ERR
255	0.020	0.686	ERR
256	10.480	1.732	OK
257	10.311	2.578	OK
258	0.026	2.264	ERR
259	1.645	2.320	OK
260	0.017	2.259	ERR
MEJORA: 66 better than: 50
MEJORA: 50 better than: 30
261	12.347	3.492	OK
262	0.864	3.576	ERR
263	3.971	3.970	OK
264	9.422	4.910	OK
265	11.948	6.103	OK
266	0.025	5.058	ERR
MEJORA: 41 better than: 38
MEJORA: 38 better than: 33
267	10.556	5.082	OK
268	0.017	5.081	ERR
269	0.020	4.919	ERR
270	0.021	4.919	ERR
271	0.021	3.687	ERR
272	5.146	4.115	OK
273	1.660	3.884	OK
274	0.032	2.945	ERR
275	0.025	1.752	ERR
276	0.026	1.752	ERR
277	2.774	0.974	OK
278	0.028	0.975	ERR
279	0.015	0.975	ERR
280	0.028	0.976	ERR
281	0.033	0.977	ERR
282	13.999	1.862	OK
MEJORA: 30 better than: 24
283	3.534	2.049	OK
284	0.016	2.048	ERR
285	0.013	2.047	ERR
MEJORA: 75 better than: 74
286	12.219	3.266	OK
MEJORA: 16 better than: 14
287	6.359	3.624	OK
288	0.013	3.623	ERR
289	0.025	3.624	ERR
290	0.016	3.623	ERR
291	0.022	3.621	ERR
292	0.012	2.223	ERR
293	5.568	2.426	OK
294	0.016	2.426	ERR
295	0.021	2.427	ERR
296	1.696	1.375	OK
297	0.024	0.741	ERR
298	0.019	0.742	ERR
MEJORA: 36 better than: 32
MEJORA: 32 better than: 28
299	12.634	2.003	OK
300	8.497	2.851	OK
301	1.722	3.021	OK
302	0.863	3.106	OK
303	0.022	2.552	ERR
MEJORA: 34 better than: 31
MEJORA: 31 better than: 30
MEJORA: 30 better than: 28
MEJORA: 28 better than: 24
304	6.273	3.177	OK
305	0.015	3.177	ERR
306	2.598	3.267	OK
MEJORA: 63 better than: 55
MEJORA: 55 better than: 47
307	12.702	4.535	OK
308	0.548	4.587	OK
MEJORA: 49 better than: 42
MEJORA: 42 better than: 36
309	10.213	4.345	OK
310	0.025	3.498	ERR
311	0.022	3.328	ERR
312	0.021	3.244	ERR
313	1.799	3.421	ERR
314	0.015	2.796	ERR
315	0.010	2.795	ERR
316	3.576	2.893	OK
317	10.189	2.642	OK
318	0.025	2.589	ERR
319	0.010	1.569	ERR
320	0.017	1.568	ERR
321	0.020	1.568	ERR
322	0.019	1.568	ERR
323	0.033	1.392	ERR
324	0.659	1.456	ERR
MEJORA: 28 better than: 24
325	12.372	2.692	OK
326	0.016	2.336	ERR
327	0.032	1.320	ERR
328	8.084	2.126	OK
329	0.021	2.127	ERR
330	0.022	2.128	ERR
331	0.024	2.128	ERR
332	0.016	2.128	ERR
333	0.032	2.128	ERR
334	1.753	2.237	OK
335	0.016	1.001	ERR
336	0.026	1.002	ERR
337	15.778	2.577	OK
338	0.018	1.770	ERR
339	0.016	1.770	ERR
340	15.000	3.268	OK
MEJORA: 66 better than: 56
MEJORA: 56 better than: 50
MEJORA: 50 better than: 48
341	17.048	4.970	OK
MEJORA: 25 better than: 21
342	16.731	6.642	OK
343	11.232	7.762	OK
344	7.581	8.345	OK
345	14.415	9.784	OK
346	0.032	9.785	ERR
347	4.935	8.701	OK
348	0.010	8.700	ERR
349	0.017	8.700	ERR
350	0.020	7.202	ERR
351	0.021	5.499	ERR
352	10.194	4.846	OK
353	2.009	3.923	OK
354	0.022	3.167	ERR
355	0.024	1.728	ERR
356	0.021	1.727	ERR
357	0.548	1.289	ERR
358	7.453	2.033	OK
359	0.016	2.033	ERR
360	0.019	2.033	ERR
361	14.143	3.445	OK
362	13.204	3.746	OK
363	2.633	3.808	ERR
364	9.096	4.716	OK
365	12.607	5.974	OK
366	0.017	5.974	ERR
367	0.018	5.921	ERR
368	0.010	5.176	ERR
369	0.016	5.176	ERR
370	1.125	5.287	OK
371	1.895	4.062	OK
372	0.019	2.744	ERR
373	0.021	2.482	ERR
374	0.016	1.574	ERR
375	0.022	0.316	ERR
376	1.363	0.450	OK
377	0.026	0.451	ERR
MEJORA: 117 better than: 95
378	12.603	1.711	OK
379	0.024	1.711	ERR
380	0.019	1.601	ERR
381	0.019	1.413	ERR
382	0.010	1.412	ERR
383	0.026	1.413	ERR
384	3.081	1.719	OK
385	0.019	1.719	ERR
386	0.032	1.586	ERR
387	0.031	1.586	ERR
388	0.016	0.328	ERR
389	0.783	0.404	ERR
390	7.787	1.180	OK
391	0.033	1.182	ERR
392	9.668	2.148	OK
393	2.615	2.407	OK
394	0.021	2.101	ERR
395	0.015	2.100	ERR
396	0.018	2.099	ERR
397	0.019	2.098	ERR
MEJORA: 34 better than: 27
MEJORA: 27 better than: 21
398	16.197	3.716	OK
399	0.019	3.639	ERR

---- Final results ----
400 NS requests
239 failed requests
161 success requests
43 improved requests
1137.403 ellapsed time
