#req	time (sec)	avg. time (sec)	mapping
0	0.020	0.000	ERR
1	12.902	0.000	OK
2	3.133	0.000	OK
3	0.020	0.000	ERR
MEJORA: 40 better than: 38
4	14.234	0.000	OK
5	10.374	0.000	OK
MEJORA: 32 better than: 24
6	1.968	0.000	OK
7	5.938	0.000	OK
8	0.026	0.000	ERR
9	0.026	0.000	ERR
10	0.020	4.864	ERR
11	1.700	3.744	OK
12	2.370	3.668	OK
13	0.021	3.668	ERR
14	20.074	4.252	OK
15	8.413	4.056	OK
16	0.671	3.926	OK
17	0.028	3.335	ERR
18	6.341	3.966	OK
19	5.619	4.526	OK
20	9.905	5.514	OK
21	0.026	5.347	ERR
22	9.521	6.062	OK
23	0.016	6.062	ERR
24	15.020	5.556	OK
25	27.541	7.469	OK
26	0.021	7.404	ERR
27	0.013	7.402	ERR
28	0.020	6.770	ERR
MEJORA: 70 better than: 60
29	6.366	6.845	OK
30	0.024	5.857	ERR
31	6.963	6.551	OK
32	1.879	5.786	OK
33	13.875	7.172	OK
MEJORA: 40 better than: 32
34	13.877	7.058	OK
35	23.729	6.677	OK
MEJORA: 32 better than: 24
36	10.101	7.685	OK
37	9.179	8.601	OK
38	0.016	8.601	ERR
39	9.180	8.882	OK
40	0.025	8.882	ERR
41	7.241	8.910	OK
42	9.458	9.668	OK
43	0.018	8.282	ERR
44	0.017	6.896	ERR
45	0.016	4.525	ERR
MEJORA: 28 better than: 24
46	9.562	4.471	OK
47	0.017	3.555	ERR
48	0.016	3.555	ERR
49	0.017	2.639	ERR
MEJORA: 16 better than: 14
MEJORA: 14 better than: 12
50	12.211	3.857	OK
51	0.032	3.137	ERR
52	16.863	3.877	OK
53	0.025	3.878	ERR
54	20.409	5.917	OK
55	0.018	5.917	ERR
56	23.552	7.316	OK
57	0.023	7.317	ERR
58	0.025	7.318	ERR
59	0.033	7.319	ERR
MEJORA: 32 better than: 28
60	9.396	7.038	OK
61	0.021	7.036	ERR
62	19.416	7.292	OK
63	0.018	7.291	ERR
MEJORA: 30 better than: 24
MEJORA: 24 better than: 18
64	13.461	6.596	OK
MEJORA: 50 better than: 45
65	23.188	8.913	OK
66	1.601	6.718	OK
67	0.016	6.717	ERR
68	0.027	6.718	ERR
69	0.015	6.716	ERR
70	0.023	5.779	ERR
71	0.013	5.778	ERR
72	1.547	3.991	OK
73	0.027	3.992	ERR
74	0.018	2.647	ERR
75	0.033	0.332	ERR
76	1.376	0.309	OK
77	1.092	0.417	OK
78	0.021	0.416	ERR
79	0.025	0.417	ERR
80	0.016	0.417	ERR
81	0.015	0.417	ERR
82	0.017	0.264	ERR
83	1.546	0.416	OK
MEJORA: 64 better than: 56
MEJORA: 56 better than: 48
84	17.345	2.149	OK
MEJORA: 24 better than: 20
MEJORA: 20 better than: 16
85	3.997	2.545	OK
86	0.032	2.411	ERR
87	0.018	2.303	ERR
88	0.020	2.303	ERR
89	0.022	2.303	ERR
90	14.304	3.732	OK
91	0.016	3.732	ERR
92	0.020	3.732	ERR
93	8.199	4.397	OK
94	0.020	2.665	ERR
95	0.026	2.268	ERR
96	11.073	3.372	OK
MEJORA: 45 better than: 41
97	17.104	5.080	OK
98	0.023	5.081	ERR
99	1.418	5.220	OK
100	0.017	3.792	ERR
101	0.020	3.792	ERR
102	0.020	3.792	ERR
103	0.016	2.974	ERR
104	15.598	4.531	OK
105	5.958	5.125	OK
106	1.757	4.193	OK
MEJORA: 40 better than: 30
107	1.874	2.670	OK
108	0.032	2.671	ERR
109	0.021	2.531	ERR
110	0.022	2.532	ERR
111	4.853	3.015	OK
112	0.032	3.016	ERR
113	18.852	4.900	OK
MEJORA: 24 better than: 20
114	10.541	4.394	OK
115	0.020	3.800	ERR
116	10.204	4.645	OK
117	0.028	4.461	ERR
118	2.801	4.737	OK
119	1.197	4.855	OK
120	0.013	4.854	ERR
121	0.022	4.371	ERR
122	3.682	4.736	OK
123	0.021	2.853	ERR
124	0.020	1.801	ERR
125	0.032	1.802	ERR
126	0.022	0.784	ERR
127	0.025	0.784	ERR
128	11.148	1.618	OK
MEJORA: 56 better than: 48
129	18.089	3.308	OK
130	0.010	3.307	ERR
131	0.033	3.308	ERR
132	9.473	3.887	OK
133	0.019	3.887	ERR
134	0.764	3.962	ERR
135	0.017	3.960	ERR
MEJORA: 12 better than: 10
136	17.432	5.701	OK
MEJORA: 90 better than: 88
MEJORA: 88 better than: 84
137	20.521	7.751	OK
138	0.019	6.638	ERR
MEJORA: 36 better than: 24
139	11.520	5.981	OK
140	0.015	5.981	ERR
141	9.777	6.956	OK
142	0.017	6.010	ERR
MEJORA: 36 better than: 28
MEJORA: 28 better than: 24
MEJORA: 24 better than: 20
143	9.827	6.991	OK
144	0.025	6.917	ERR
145	0.032	6.919	ERR
146	16.803	6.856	OK
147	20.955	6.899	OK
148	0.022	6.899	ERR
149	0.027	5.750	ERR
150	0.032	5.752	ERR
151	0.032	4.777	ERR
152	0.026	4.778	ERR
MEJORA: 32 better than: 28
153	10.649	4.860	OK
154	0.019	4.860	ERR
155	6.336	5.490	OK
156	0.017	3.811	ERR
157	0.020	1.718	ERR
158	0.028	1.719	ERR
159	2.147	1.930	ERR
160	0.022	1.930	ERR
161	5.207	2.447	OK
162	0.027	2.447	ERR
163	0.019	1.384	ERR
164	0.032	1.386	ERR
165	15.228	2.275	OK
166	1.662	2.439	OK
167	0.010	2.438	ERR
MEJORA: 37 better than: 33
168	15.795	4.015	OK
169	2.155	4.016	OK
170	0.019	4.015	ERR
171	7.065	4.201	OK
172	0.022	4.201	ERR
173	0.016	4.200	ERR
174	0.018	4.199	ERR
175	0.017	2.678	ERR
MEJORA: 60 better than: 58
176	17.250	4.237	OK
177	0.016	4.237	ERR
178	0.018	2.660	ERR
179	0.021	2.446	ERR
180	0.027	2.447	ERR
181	0.016	1.742	ERR
182	12.481	2.988	OK
183	0.016	2.988	ERR
184	0.021	2.988	ERR
185	1.965	3.183	OK
186	6.611	2.119	OK
187	0.013	2.119	ERR
188	0.024	2.119	ERR
189	0.019	2.119	ERR
190	0.013	2.118	ERR
191	0.016	2.118	ERR
192	0.021	0.872	ERR
193	0.026	0.873	ERR
194	6.486	1.519	OK
195	0.019	1.325	ERR
196	12.219	1.886	OK
197	0.027	1.887	ERR
198	0.013	1.886	ERR
199	0.025	1.886	ERR
200	0.029	1.888	ERR
201	0.016	1.888	ERR
202	0.025	1.888	ERR
MEJORA: 18 better than: 16
203	16.539	3.540	OK
204	1.296	3.021	OK
205	0.022	3.021	ERR
MEJORA: 16 better than: 14
206	13.282	3.127	OK
207	0.015	3.126	ERR
208	0.013	3.126	ERR
209	11.669	4.291	OK
210	0.032	4.291	ERR
211	0.025	4.292	ERR
212	0.032	4.292	ERR
213	0.025	2.641	ERR
214	4.814	2.993	OK
215	2.621	3.253	OK
MEJORA: 64 better than: 56
216	20.255	3.950	OK
MEJORA: 64 better than: 48
217	27.772	6.726	OK
218	0.032	6.727	ERR
219	0.022	5.563	ERR
220	0.015	5.561	ERR
221	0.010	5.560	ERR
222	0.032	5.560	ERR
223	16.250	7.182	OK
MEJORA: 48 better than: 42
224	20.653	8.766	OK
225	3.522	8.856	OK
226	0.021	6.833	ERR
227	0.974	4.153	OK
228	0.063	4.156	ERR
229	0.021	4.156	ERR
230	0.019	4.156	ERR
231	0.108	4.166	ERR
232	0.025	4.165	ERR
233	0.010	2.541	ERR
234	5.373	1.013	OK
235	0.028	0.664	ERR
236	0.019	0.664	ERR
237	0.025	0.569	ERR
238	0.032	0.566	ERR
239	19.677	2.532	OK
240	0.013	2.531	ERR
241	0.474	2.568	ERR
242	0.016	2.567	ERR
243	0.380	2.604	OK
MEJORA: 57 better than: 49
244	16.874	3.754	OK
245	0.019	3.753	ERR
246	0.022	3.753	ERR
247	1.897	3.940	OK
248	4.013	4.339	OK
249	1.797	2.550	OK
250	16.791	4.228	OK
251	0.019	4.183	ERR
252	0.024	4.184	ERR
253	0.024	4.148	ERR
254	0.024	2.463	ERR
255	0.019	2.463	ERR
256	12.247	3.686	OK
257	11.493	4.645	OK
258	0.024	4.246	ERR
259	1.483	4.215	OK
260	0.016	2.538	ERR
261	9.974	3.533	OK
262	0.610	3.592	ERR
263	7.437	4.333	OK
MEJORA: 40 better than: 39
MEJORA: 39 better than: 37
MEJORA: 37 better than: 35
MEJORA: 35 better than: 33
264	25.664	6.897	OK
265	19.334	8.828	OK
266	0.025	7.606	ERR
267	0.010	6.458	ERR
268	0.016	6.457	ERR
269	0.020	6.311	ERR
270	0.021	6.311	ERR
271	0.021	5.316	ERR
272	8.862	6.141	OK
273	2.973	5.694	OK
274	0.031	3.131	ERR
275	0.024	1.200	ERR
276	0.025	1.200	ERR
277	0.142	1.213	ERR
278	0.027	1.214	ERR
279	0.015	1.214	ERR
280	0.026	1.214	ERR
281	0.031	1.215	ERR
282	18.725	2.202	OK
MEJORA: 30 better than: 24
MEJORA: 24 better than: 18
283	4.510	2.355	OK
284	0.016	2.354	ERR
285	0.013	2.353	ERR
286	0.930	2.443	ERR
287	8.119	3.241	OK
288	0.013	3.240	ERR
289	0.024	3.241	ERR
290	0.016	3.240	ERR
291	0.022	3.239	ERR
292	0.012	1.367	ERR
293	8.336	1.750	OK
294	0.016	1.750	ERR
295	0.020	1.751	ERR
296	1.242	1.782	OK
297	0.024	0.973	ERR
298	0.019	0.973	ERR
MEJORA: 32 better than: 28
MEJORA: 28 better than: 24
299	20.528	3.023	OK
300	10.316	4.053	OK
301	1.058	4.157	OK
302	0.904	4.246	OK
303	0.021	3.415	ERR
MEJORA: 61 better than: 53
304	11.652	4.578	OK
305	0.015	4.578	ERR
306	7.720	5.225	OK
307	16.089	6.832	OK
308	0.383	6.868	OK
309	5.694	5.385	OK
310	0.024	4.356	ERR
311	0.021	4.252	ERR
312	0.020	4.164	ERR
313	31.232	7.285	OK
314	0.015	6.121	ERR
315	0.009	6.121	ERR
MEJORA: 71 better than: 69
MEJORA: 69 better than: 59
MEJORA: 59 better than: 51
316	12.968	6.646	OK
317	20.283	7.065	OK
318	0.024	7.029	ERR
319	0.009	6.461	ERR
320	0.016	6.460	ERR
321	0.019	6.459	ERR
322	0.018	6.459	ERR
323	0.031	3.339	ERR
324	12.253	4.563	OK
325	0.944	4.656	OK
326	0.015	3.361	ERR
327	0.031	1.336	ERR
328	12.484	2.582	OK
329	0.019	2.583	ERR
330	0.021	2.583	ERR
331	0.023	2.584	ERR
332	0.015	2.584	ERR
333	0.030	2.584	ERR
334	3.723	1.731	OK
335	0.015	1.638	ERR
336	0.024	1.638	ERR
337	29.467	4.582	OK
338	0.017	3.335	ERR
339	0.015	3.335	ERR
MEJORA: 28 better than: 24
340	13.866	4.720	OK
MEJORA: 58 better than: 38
MEJORA: 38 better than: 34
341	23.612	7.079	OK
342	31.617	10.239	OK
343	18.424	12.078	OK
MEJORA: 20 better than: 16
344	10.612	12.767	OK
345	13.572	14.123	OK
346	0.030	14.123	ERR
347	4.953	11.672	OK
348	0.009	11.671	ERR
349	0.015	11.671	ERR
350	0.018	10.286	ERR
351	0.019	7.927	ERR
352	5.463	5.312	OK
353	2.489	3.718	OK
354	0.021	2.659	ERR
355	0.023	1.304	ERR
356	0.020	1.303	ERR
357	0.555	0.863	ERR
358	7.097	1.572	OK
359	0.015	1.572	ERR
360	0.018	1.572	ERR
361	19.790	3.549	OK
362	26.860	5.689	OK
363	22.399	7.680	OK
364	8.119	8.490	OK
365	1.938	8.681	ERR
366	0.015	8.681	ERR
367	0.016	8.627	ERR
368	0.009	7.918	ERR
369	0.015	7.918	ERR
370	1.503	8.067	OK
371	2.930	6.381	OK
372	0.018	3.696	ERR
373	0.019	1.458	ERR
374	0.015	0.648	ERR
375	0.021	0.456	ERR
MEJORA: 44 better than: 38
376	10.717	1.526	OK
377	0.024	1.527	ERR
378	9.608	2.487	OK
379	0.023	2.488	ERR
380	0.018	2.339	ERR
381	0.018	2.048	ERR
382	0.009	2.047	ERR
383	0.024	2.048	ERR
384	2.702	2.316	OK
385	0.018	2.316	ERR
386	0.030	1.248	ERR
387	0.030	1.248	ERR
388	0.015	0.289	ERR
389	0.388	0.325	ERR
390	12.851	1.609	OK
391	0.030	1.610	ERR
392	0.881	1.697	ERR
393	26.169	4.311	OK
394	0.021	4.043	ERR
395	0.015	4.043	ERR
396	0.017	4.042	ERR
397	0.018	4.040	ERR
398	1.227	4.162	ERR
399	0.018	4.125	ERR

---- Final results ----
400 NS requests
244 failed requests
156 success requests
38 improved requests
1675.119 ellapsed time
