#req	time (sec)	avg. time (sec)	mapping
0	0.020	0.000	ERR
1	0.516	0.000	OK
2	1.006	0.000	OK
3	0.020	0.000	ERR
4	6.501	0.000	OK
5	1.692	0.000	OK
MEJORA: 48 better than: 40
6	4.692	0.000	OK
MEJORA: 48 better than: 40
7	2.238	0.000	OK
8	0.024	0.000	ERR
9	0.024	0.000	ERR
10	0.019	1.673	ERR
11	4.441	2.066	OK
12	2.350	2.200	OK
13	0.022	2.200	ERR
14	0.736	1.624	ERR
MEJORA: 24 better than: 20
15	1.222	1.577	OK
16	4.596	1.567	OK
17	0.028	1.346	ERR
18	1.798	1.523	OK
19	0.494	1.570	ERR
20	2.078	1.776	OK
21	0.026	1.335	ERR
22	1.586	1.259	OK
23	0.016	1.258	ERR
24	6.720	1.857	OK
MEJORA: 96 better than: 82
MEJORA: 82 better than: 80
MEJORA: 80 better than: 63
25	10.754	2.810	OK
26	0.022	2.352	ERR
27	0.014	2.351	ERR
28	0.021	2.173	ERR
MEJORA: 80 better than: 60
29	2.506	2.374	OK
30	0.025	2.169	ERR
31	1.451	2.312	OK
32	0.947	2.248	OK
MEJORA: 24 better than: 20
33	1.338	2.380	OK
34	5.216	2.229	OK
35	6.759	1.830	OK
36	6.419	2.470	OK
37	3.364	2.805	OK
38	0.016	2.804	ERR
39	3.210	2.875	OK
40	0.025	2.875	ERR
41	2.000	2.930	OK
42	1.651	3.000	OK
43	0.017	2.868	ERR
44	0.016	2.348	ERR
45	0.016	1.673	ERR
46	2.560	1.287	OK
47	0.017	0.953	ERR
48	0.016	0.953	ERR
49	0.016	0.633	ERR
50	1.976	0.828	OK
51	0.031	0.632	ERR
52	2.562	0.723	OK
53	0.024	0.723	ERR
MEJORA: 16 better than: 12
54	4.014	1.123	OK
55	0.017	1.123	ERR
56	0.806	0.948	OK
57	0.021	0.948	ERR
58	0.024	0.949	ERR
59	0.032	0.951	ERR
60	1.280	0.881	OK
61	0.021	0.880	ERR
62	2.259	0.850	OK
63	0.017	0.849	ERR
64	2.799	0.728	OK
65	4.363	1.162	OK
66	3.090	1.391	OK
67	0.015	1.390	ERR
68	0.026	1.390	ERR
69	0.015	1.388	ERR
70	0.022	1.263	ERR
71	0.013	1.262	ERR
72	2.253	1.261	OK
73	0.025	1.262	ERR
74	0.017	0.984	ERR
75	0.031	0.551	ERR
MEJORA: 40 better than: 30
76	6.271	0.869	OK
77	0.880	0.955	OK
78	0.021	0.955	ERR
79	0.024	0.956	ERR
80	0.016	0.955	ERR
81	0.015	0.955	ERR
82	0.016	0.732	ERR
83	3.647	1.094	OK
84	1.466	1.239	OK
MEJORA: 36 better than: 28
85	1.890	1.425	OK
86	2.869	1.084	OK
87	0.017	0.998	ERR
88	0.020	0.998	ERR
89	0.022	0.998	ERR
MEJORA: 36 better than: 32
90	1.216	1.118	OK
91	0.016	1.118	ERR
92	0.020	1.118	ERR
93	4.087	1.162	OK
94	0.019	1.018	ERR
95	0.026	0.831	ERR
MEJORA: 36 better than: 32
96	3.131	0.857	OK
MEJORA: 59 better than: 55
MEJORA: 55 better than: 51
97	3.025	1.158	OK
98	0.022	1.158	ERR
99	5.459	1.702	OK
100	0.016	1.582	ERR
101	0.019	1.582	ERR
102	0.019	1.582	ERR
103	0.015	1.175	ERR
104	3.788	1.552	OK
105	1.535	1.703	OK
106	6.100	2.000	OK
MEJORA: 40 better than: 30
107	8.290	2.526	OK
108	0.032	2.527	ERR
109	0.020	1.983	ERR
110	0.022	1.984	ERR
111	3.052	2.287	OK
112	0.032	2.288	ERR
113	1.292	2.416	OK
114	1.650	2.202	OK
115	0.019	2.051	ERR
116	5.896	2.030	OK
117	0.027	1.204	ERR
118	5.227	1.724	OK
119	4.137	2.135	OK
120	0.013	2.134	ERR
121	0.022	1.831	ERR
122	5.555	2.384	OK
123	0.022	2.257	ERR
124	0.020	2.094	ERR
125	0.033	2.095	ERR
126	0.022	1.508	ERR
127	0.024	1.507	ERR
128	4.242	1.409	OK
129	0.117	1.007	ERR
130	0.010	1.007	ERR
131	0.031	1.007	ERR
132	1.498	0.602	OK
133	0.018	0.601	ERR
134	11.221	1.722	OK
135	0.016	1.720	ERR
136	3.428	2.061	OK
137	3.967	2.455	OK
138	0.019	2.033	ERR
MEJORA: 72 better than: 60
MEJORA: 60 better than: 54
139	2.742	2.295	OK
140	0.015	2.296	ERR
141	3.778	2.670	OK
142	0.017	2.522	ERR
143	2.141	2.734	OK
144	0.024	1.615	ERR
145	0.031	1.616	ERR
146	4.277	1.701	OK
147	3.145	1.619	OK
148	0.022	1.619	ERR
149	0.028	1.348	ERR
150	0.032	1.350	ERR
151	0.032	0.975	ERR
152	0.026	0.976	ERR
MEJORA: 48 better than: 32
MEJORA: 32 better than: 28
153	2.107	0.973	OK
154	0.019	0.972	ERR
155	3.225	1.292	OK
156	0.017	0.866	ERR
157	0.019	0.553	ERR
158	0.027	0.553	ERR
MEJORA: 54 better than: 42
159	7.249	1.275	OK
160	0.022	1.274	ERR
161	5.165	1.788	OK
162	0.027	1.788	ERR
163	0.020	1.579	ERR
164	0.032	1.580	ERR
165	2.175	1.475	OK
166	2.611	1.735	OK
167	0.010	1.734	ERR
168	11.613	2.892	OK
169	3.711	2.539	OK
170	0.019	2.538	ERR
171	1.126	2.134	OK
172	0.022	2.134	ERR
173	0.017	2.134	ERR
174	0.019	2.132	ERR
175	0.018	1.916	ERR
176	2.834	1.939	OK
177	0.016	1.939	ERR
178	0.018	0.780	ERR
179	0.021	0.411	ERR
180	0.027	0.412	ERR
181	0.016	0.301	ERR
182	3.936	0.692	OK
183	0.016	0.692	ERR
184	0.020	0.692	ERR
MEJORA: 50 better than: 40
185	3.832	1.074	OK
186	2.916	1.082	OK
187	0.013	1.081	ERR
188	0.024	1.082	ERR
189	0.019	1.082	ERR
190	0.012	1.080	ERR
191	0.016	1.080	ERR
192	0.020	0.689	ERR
193	0.026	0.690	ERR
194	5.831	1.271	OK
195	0.018	0.890	ERR
196	6.354	1.233	OK
197	0.026	1.235	ERR
198	0.013	1.234	ERR
199	0.024	1.234	ERR
200	0.027	1.236	ERR
201	0.015	1.235	ERR
202	0.024	1.236	ERR
203	5.562	1.789	OK
204	4.125	1.619	OK
205	0.022	1.619	ERR
MEJORA: 24 better than: 20
MEJORA: 20 better than: 18
206	4.666	1.450	OK
207	0.015	1.449	ERR
208	0.013	1.449	ERR
MEJORA: 24 better than: 16
209	2.898	1.737	OK
210	0.032	1.737	ERR
211	0.024	1.738	ERR
212	0.031	1.739	ERR
213	0.025	1.185	ERR
214	5.144	1.287	OK
215	0.493	1.334	OK
216	2.626	1.130	OK
217	1.928	1.321	OK
218	0.032	1.323	ERR
219	0.022	1.036	ERR
220	0.015	1.034	ERR
221	0.010	1.032	ERR
222	0.031	1.032	ERR
223	6.383	1.668	OK
224	1.747	1.329	OK
225	2.616	1.541	OK
226	0.021	1.280	ERR
MEJORA: 40 better than: 30
227	2.908	1.378	OK
228	0.576	1.433	ERR
229	0.021	1.433	ERR
230	0.019	1.433	ERR
231	4.482	1.880	OK
232	0.024	1.880	ERR
233	0.010	1.242	ERR
MEJORA: 60 better than: 54
234	2.434	1.311	OK
235	0.028	1.052	ERR
236	0.020	1.052	ERR
237	0.025	0.764	ERR
238	0.033	0.710	ERR
MEJORA: 28 better than: 16
239	7.475	1.455	OK
240	0.013	1.454	ERR
241	0.282	1.034	ERR
242	0.017	1.034	ERR
243	0.225	1.055	OK
244	0.019	0.814	ERR
245	0.020	0.813	ERR
246	0.022	0.813	ERR
247	1.060	0.917	ERR
248	3.450	1.258	OK
249	0.383	0.549	OK
250	1.052	0.653	OK
251	0.020	0.627	ERR
252	0.025	0.628	ERR
253	0.025	0.608	ERR
254	0.025	0.608	ERR
255	0.020	0.608	ERR
256	0.679	0.674	OK
257	4.495	1.017	OK
258	0.026	0.675	ERR
MEJORA: 60 better than: 40
259	6.057	1.242	OK
260	0.017	1.139	ERR
261	3.524	1.489	OK
MEJORA: 80 better than: 72
MEJORA: 72 better than: 56
262	9.563	2.443	OK
263	3.743	2.815	OK
264	9.329	3.745	OK
265	7.392	4.482	OK
266	0.024	4.417	ERR
267	0.010	3.968	ERR
268	0.016	3.967	ERR
269	0.019	3.364	ERR
270	0.021	3.364	ERR
271	0.020	3.014	ERR
272	3.217	2.379	OK
273	6.773	2.682	OK
274	0.032	1.752	ERR
275	0.024	1.016	ERR
276	0.026	1.016	ERR
277	1.952	1.210	OK
278	0.027	1.211	ERR
279	0.015	1.211	ERR
280	0.027	1.211	ERR
281	0.031	1.212	ERR
282	5.359	1.427	OK
283	1.708	0.920	OK
284	0.016	0.918	ERR
285	0.013	0.917	ERR
286	0.530	0.968	ERR
MEJORA: 32 better than: 30
MEJORA: 30 better than: 24
MEJORA: 24 better than: 20
MEJORA: 20 better than: 14
287	7.332	1.506	OK
288	0.013	1.504	ERR
289	0.025	1.505	ERR
290	0.016	1.504	ERR
291	0.022	1.503	ERR
292	0.012	0.969	ERR
293	4.491	1.247	OK
294	0.016	1.247	ERR
295	0.021	1.248	ERR
296	3.499	1.545	OK
297	0.025	0.814	ERR
298	0.020	0.815	ERR
299	2.716	1.084	OK
300	2.956	1.378	OK
MEJORA: 44 better than: 28
MEJORA: 28 better than: 24
301	5.152	1.891	OK
302	3.778	2.267	OK
303	0.022	1.821	ERR
MEJORA: 48 better than: 28
304	4.406	2.259	OK
305	0.015	2.259	ERR
MEJORA: 79 better than: 75
MEJORA: 75 better than: 74
306	6.205	2.529	OK
MEJORA: 14 better than: 12
307	1.458	2.673	OK
308	0.235	2.694	OK
309	6.121	3.035	OK
310	0.025	2.742	ERR
311	0.022	2.229	ERR
312	0.021	1.853	ERR
313	5.325	2.383	OK
314	0.015	1.944	ERR
315	0.010	1.944	ERR
316	0.009	1.324	ERR
317	3.625	1.541	OK
318	0.025	1.520	ERR
319	0.010	0.908	ERR
320	0.016	0.908	ERR
321	0.020	0.907	ERR
322	0.018	0.907	ERR
323	0.032	0.378	ERR
324	0.483	0.425	ERR
325	4.260	0.850	OK
326	0.017	0.850	ERR
327	0.032	0.491	ERR
MEJORA: 54 better than: 42
328	5.111	1.000	OK
329	0.021	1.001	ERR
330	0.022	1.002	ERR
331	0.024	1.002	ERR
332	0.016	1.002	ERR
333	0.032	1.002	ERR
334	2.367	1.190	OK
335	0.016	0.766	ERR
336	0.026	0.767	ERR
MEJORA: 62 better than: 57
337	4.155	1.179	OK
338	0.018	0.670	ERR
339	0.016	0.669	ERR
340	4.841	1.151	OK
MEJORA: 81 better than: 64
MEJORA: 64 better than: 53
MEJORA: 53 better than: 49
MEJORA: 49 better than: 46
MEJORA: 46 better than: 41
341	8.207	1.969	OK
342	7.782	2.746	OK
343	2.563	2.999	OK
344	0.032	2.766	ERR
MEJORA: 60 better than: 52
345	4.356	3.200	OK
346	0.033	3.200	ERR
347	1.460	2.931	OK
348	0.010	2.930	ERR
349	0.016	2.930	ERR
350	0.019	2.448	ERR
351	0.021	1.629	ERR
MEJORA: 16 better than: 12
352	3.437	1.194	OK
353	2.069	1.145	OK
354	0.022	1.144	ERR
355	0.024	0.711	ERR
356	0.021	0.710	ERR
357	0.437	0.608	ERR
358	1.871	0.794	OK
359	0.016	0.794	ERR
360	0.019	0.794	ERR
361	6.767	1.468	OK
MEJORA: 30 better than: 24
362	2.913	1.416	OK
363	0.155	1.225	ERR
364	5.263	1.749	OK
365	4.397	2.186	OK
366	0.016	2.185	ERR
367	0.017	2.143	ERR
368	0.010	1.957	ERR
369	0.016	1.957	ERR
370	1.490	2.104	OK
MEJORA: 80 better than: 70
MEJORA: 70 better than: 60
MEJORA: 60 better than: 50
371	5.666	1.994	OK
372	0.020	1.705	ERR
373	0.021	1.692	ERR
374	0.017	1.167	ERR
375	0.023	0.730	ERR
376	2.350	0.963	OK
377	0.027	0.964	ERR
MEJORA: 90 better than: 80
MEJORA: 80 better than: 70
378	3.020	1.265	OK
379	0.024	1.266	ERR
380	0.019	1.119	ERR
381	0.019	0.554	ERR
382	0.010	0.553	ERR
383	0.026	0.553	ERR
384	6.357	1.187	OK
385	0.020	1.187	ERR
386	0.118	0.964	ERR
387	0.032	0.965	ERR
388	0.016	0.664	ERR
389	0.387	0.700	ERR
390	1.046	0.803	OK
391	0.032	0.804	ERR
392	0.315	0.835	ERR
393	1.303	0.963	ERR
394	0.022	0.329	ERR
395	0.016	0.329	ERR
396	0.019	0.319	ERR
397	0.020	0.318	ERR
398	10.219	1.338	OK
399	0.020	1.301	ERR

---- Final results ----
400 NS requests
246 failed requests
154 success requests
37 improved requests
596.067 ellapsed time
