#req	time (sec)	avg. time (sec)	mapping
0	0.021	0.000	ERR
1	6.919	0.000	OK
2	0.751	0.000	OK
3	0.021	0.000	ERR
4	7.991	0.000	OK
5	5.428	0.000	OK
6	1.187	0.000	OK
7	1.081	0.000	OK
8	0.025	0.000	ERR
9	0.026	0.000	ERR
10	0.020	2.345	ERR
11	0.947	1.748	OK
12	0.779	1.750	OK
13	0.021	1.750	ERR
14	10.921	2.043	OK
15	3.890	1.890	OK
16	0.409	1.812	OK
17	0.029	1.707	ERR
18	2.501	1.954	OK
19	3.158	2.267	OK
20	2.522	2.518	OK
21	0.026	2.426	ERR
22	2.567	2.604	OK
23	0.016	2.604	ERR
24	7.084	2.220	OK
25	10.429	2.874	OK
26	0.022	2.835	ERR
27	0.014	2.834	ERR
28	0.021	2.586	ERR
29	1.036	2.374	OK
30	0.026	2.124	ERR
31	2.984	2.420	OK
32	0.894	2.252	OK
33	7.567	3.008	OK
34	5.262	2.825	OK
35	11.647	2.947	OK
MEJORA: 32 better than: 24
36	3.579	3.303	OK
37	4.463	3.748	OK
38	0.015	3.747	ERR
39	4.253	4.069	OK
40	0.025	4.069	ERR
41	6.563	4.427	OK
42	5.035	4.841	OK
43	0.018	4.086	ERR
44	0.016	3.562	ERR
45	0.016	2.398	ERR
MEJORA: 28 better than: 24
46	6.064	2.647	OK
47	0.017	2.202	ERR
48	0.016	2.202	ERR
49	0.016	1.779	ERR
50	6.753	2.452	OK
51	0.033	1.799	ERR
52	9.200	2.215	OK
53	0.025	2.216	ERR
54	10.595	3.274	OK
55	0.017	3.274	ERR
56	12.579	3.925	OK
57	0.023	3.926	ERR
58	0.025	3.927	ERR
59	0.033	3.928	ERR
60	0.552	3.308	ERR
61	0.022	3.307	ERR
62	10.575	3.445	OK
63	0.018	3.444	ERR
64	8.523	3.237	OK
65	12.384	4.473	OK
66	0.980	3.313	OK
67	0.015	3.313	ERR
68	0.026	3.313	ERR
69	0.015	3.311	ERR
70	0.022	3.258	ERR
71	0.013	3.257	ERR
72	0.884	2.288	OK
73	0.026	2.289	ERR
74	0.017	1.438	ERR
75	0.032	0.203	ERR
76	0.881	0.193	OK
77	0.589	0.251	OK
78	0.021	0.250	ERR
79	0.025	0.251	ERR
80	0.016	0.250	ERR
81	0.015	0.251	ERR
82	0.016	0.164	ERR
83	0.909	0.252	OK
MEJORA: 72 better than: 64
84	9.163	1.167	OK
MEJORA: 24 better than: 20
MEJORA: 20 better than: 16
85	1.957	1.359	OK
86	0.033	1.274	ERR
87	0.018	1.217	ERR
88	0.020	1.217	ERR
89	0.023	1.217	ERR
90	6.841	1.900	OK
91	0.016	1.900	ERR
92	0.020	1.900	ERR
93	3.856	2.195	OK
94	0.020	1.280	ERR
95	0.026	1.087	ERR
96	5.152	1.599	OK
97	5.592	2.157	OK
98	0.022	2.157	ERR
99	0.889	2.243	OK
100	0.017	1.561	ERR
101	0.020	1.561	ERR
102	0.019	1.561	ERR
103	0.015	1.177	ERR
104	9.165	2.092	OK
105	2.743	2.363	OK
106	0.702	1.919	OK
107	1.091	1.468	OK
108	0.032	1.469	ERR
109	0.021	1.383	ERR
110	0.022	1.383	ERR
111	0.890	1.470	OK
112	0.032	1.471	ERR
113	8.947	2.365	OK
114	8.010	2.249	OK
115	0.020	1.977	ERR
116	5.028	2.409	OK
117	0.028	2.303	ERR
118	0.797	2.379	OK
119	0.710	2.448	OK
120	0.013	2.447	ERR
121	0.022	2.361	ERR
122	0.956	2.453	OK
123	0.021	1.560	ERR
124	0.020	0.761	ERR
125	0.032	0.763	ERR
126	0.022	0.262	ERR
127	0.025	0.262	ERR
128	5.929	0.775	OK
129	9.379	1.642	OK
130	0.010	1.642	ERR
131	0.032	1.643	ERR
132	4.535	2.001	OK
133	0.019	2.000	ERR
134	0.748	2.073	ERR
135	0.016	2.072	ERR
136	8.533	2.923	OK
137	13.039	4.224	OK
138	0.020	3.633	ERR
139	5.400	3.235	OK
140	0.015	3.236	ERR
141	5.985	3.831	OK
142	0.018	3.379	ERR
MEJORA: 36 better than: 32
MEJORA: 32 better than: 28
143	4.503	3.828	OK
144	0.025	3.755	ERR
145	0.032	3.757	ERR
146	7.600	3.664	OK
MEJORA: 16 better than: 14
147	11.558	3.516	OK
148	0.023	3.516	ERR
149	0.028	2.979	ERR
150	0.032	2.980	ERR
151	0.033	2.385	ERR
152	0.026	2.386	ERR
153	7.947	2.730	OK
154	0.020	2.730	ERR
155	1.427	2.869	OK
156	0.017	2.111	ERR
157	0.020	0.957	ERR
158	0.028	0.958	ERR
159	11.037	2.059	OK
160	0.022	2.058	ERR
161	0.777	2.132	OK
162	0.027	2.132	ERR
163	0.020	1.340	ERR
164	0.032	1.341	ERR
165	7.432	1.941	OK
166	0.992	2.039	OK
167	0.010	2.038	ERR
MEJORA: 49 better than: 47
168	2.946	2.330	OK
169	0.893	1.315	OK
170	0.019	1.315	ERR
171	0.542	1.291	OK
172	0.022	1.291	ERR
173	0.016	1.291	ERR
174	0.019	1.289	ERR
175	0.017	0.548	ERR
MEJORA: 60 better than: 58
176	6.709	1.119	OK
177	0.017	1.120	ERR
178	0.019	0.827	ERR
179	0.022	0.740	ERR
180	0.028	0.741	ERR
181	0.017	0.689	ERR
182	6.656	1.352	OK
183	0.016	1.352	ERR
184	0.021	1.352	ERR
185	0.680	1.419	OK
186	0.938	0.841	OK
187	0.013	0.841	ERR
188	0.025	0.842	ERR
189	0.020	0.841	ERR
190	0.013	0.840	ERR
191	0.016	0.840	ERR
192	0.021	0.176	ERR
193	0.026	0.177	ERR
194	1.462	0.321	OK
195	0.019	0.255	ERR
196	6.158	0.777	OK
197	0.026	0.779	ERR
198	0.013	0.777	ERR
199	0.025	0.778	ERR
200	0.028	0.779	ERR
201	0.015	0.779	ERR
202	0.025	0.780	ERR
MEJORA: 12 better than: 8
203	8.198	1.597	OK
204	0.720	1.523	OK
205	0.022	1.523	ERR
206	6.221	1.529	OK
207	0.016	1.528	ERR
208	0.013	1.528	ERR
209	7.360	2.262	OK
210	0.032	2.262	ERR
211	0.025	2.263	ERR
212	0.032	2.264	ERR
213	0.025	1.447	ERR
214	0.844	1.459	OK
215	0.803	1.537	OK
216	0.759	0.991	OK
217	14.374	2.427	OK
218	0.032	2.429	ERR
219	0.022	1.695	ERR
220	0.015	1.693	ERR
221	0.010	1.692	ERR
222	0.032	1.692	ERR
223	6.979	2.387	OK
224	12.252	3.528	OK
225	1.107	3.558	OK
226	0.021	3.484	ERR
227	0.539	2.101	OK
228	2.548	2.353	OK
229	0.021	2.352	ERR
230	0.020	2.353	ERR
231	0.769	2.429	ERR
232	0.025	2.428	ERR
233	0.010	1.731	ERR
234	5.409	1.047	OK
235	0.028	0.939	ERR
236	0.020	0.939	ERR
237	0.025	0.887	ERR
238	0.032	0.636	ERR
239	13.902	2.024	OK
240	0.013	2.023	ERR
241	1.008	2.047	ERR
242	0.016	2.046	ERR
243	0.365	2.082	OK
244	0.019	1.543	ERR
245	0.020	1.542	ERR
246	0.022	1.542	ERR
247	1.050	1.645	OK
248	1.097	1.751	OK
249	0.644	0.425	OK
250	0.113	0.435	ERR
251	0.020	0.337	ERR
252	0.024	0.337	ERR
253	0.024	0.303	ERR
254	0.024	0.304	ERR
255	0.020	0.304	ERR
256	6.311	0.933	OK
257	5.457	1.374	OK
258	0.025	1.266	ERR
259	0.915	1.293	OK
260	0.016	1.284	ERR
261	5.742	1.856	OK
262	0.890	1.943	ERR
263	6.142	2.554	OK
MEJORA: 40 better than: 35
264	15.605	4.112	OK
265	7.749	4.885	OK
266	0.025	4.257	ERR
267	0.010	3.712	ERR
268	0.016	3.711	ERR
269	0.020	3.622	ERR
270	0.021	3.622	ERR
271	0.021	3.050	ERR
272	4.310	3.392	OK
273	1.347	2.912	OK
274	0.032	1.355	ERR
275	0.025	0.583	ERR
276	0.026	0.583	ERR
277	2.286	0.810	OK
278	0.028	0.812	ERR
279	0.015	0.811	ERR
280	0.028	0.812	ERR
281	0.032	0.813	ERR
282	10.682	1.450	OK
MEJORA: 30 better than: 24
MEJORA: 24 better than: 18
283	2.469	1.562	OK
284	0.016	1.561	ERR
285	0.013	1.559	ERR
286	1.264	1.683	ERR
287	5.498	2.005	OK
288	0.013	2.003	ERR
289	0.025	2.004	ERR
290	0.016	2.003	ERR
291	0.022	2.002	ERR
292	0.013	0.935	ERR
293	5.635	1.252	OK
294	0.017	1.252	ERR
295	0.021	1.252	ERR
296	0.790	1.205	OK
297	0.026	0.658	ERR
298	0.020	0.658	ERR
299	8.220	1.478	OK
300	4.452	1.921	OK
301	0.685	1.988	OK
302	0.575	2.044	OK
303	0.023	1.483	ERR
304	11.881	2.669	OK
305	0.016	2.669	ERR
306	5.613	3.151	OK
307	11.443	4.293	OK
308	0.379	4.329	OK
309	5.858	4.092	OK
310	0.025	3.650	ERR
311	0.022	3.583	ERR
312	0.022	3.528	ERR
313	2.581	3.784	ERR
314	0.015	2.597	ERR
315	0.010	2.597	ERR
316	8.230	2.858	OK
MEJORA: 44 better than: 38
317	10.371	2.751	OK
318	0.026	2.716	ERR
319	0.010	2.131	ERR
320	0.017	2.130	ERR
321	0.020	2.130	ERR
322	0.019	2.130	ERR
323	0.033	1.875	ERR
324	6.088	2.482	OK
325	0.615	2.543	OK
326	0.017	1.722	ERR
327	0.034	0.688	ERR
328	3.018	0.987	OK
329	0.022	0.988	ERR
330	0.023	0.989	ERR
331	0.026	0.989	ERR
332	0.017	0.989	ERR
333	0.033	0.989	ERR
334	0.915	0.472	OK
335	0.017	0.412	ERR
336	0.027	0.413	ERR
337	17.389	2.149	OK
338	0.019	1.849	ERR
339	0.017	1.848	ERR
MEJORA: 28 better than: 24
340	8.072	2.653	OK
MEJORA: 65 better than: 42
341	11.759	3.826	OK
342	18.057	5.630	OK
343	9.412	6.568	OK
344	3.919	6.869	OK
345	7.800	7.647	OK
346	0.033	7.648	ERR
MEJORA: 32 better than: 24
347	2.029	6.112	OK
348	0.010	6.111	ERR
349	0.017	6.111	ERR
350	0.020	5.306	ERR
351	0.022	4.132	ERR
352	0.973	2.424	OK
353	0.947	1.577	OK
354	0.023	1.187	ERR
355	0.025	0.410	ERR
356	0.023	0.409	ERR
357	0.600	0.266	ERR
358	3.340	0.599	OK
359	0.016	0.599	ERR
360	0.019	0.599	ERR
361	9.705	1.567	OK
362	11.325	2.602	OK
363	17.498	4.258	OK
364	6.390	4.894	OK
365	0.886	4.980	ERR
366	0.017	4.980	ERR
367	0.018	4.921	ERR
368	0.010	4.589	ERR
369	0.016	4.589	ERR
370	0.755	4.662	OK
371	1.214	3.813	OK
372	0.020	2.683	ERR
373	0.022	0.935	ERR
374	0.017	0.298	ERR
375	0.023	0.211	ERR
MEJORA: 44 better than: 38
376	5.270	0.737	OK
377	0.027	0.737	ERR
378	5.394	1.276	OK
379	0.025	1.277	ERR
380	0.020	1.203	ERR
381	0.020	1.084	ERR
MEJORA: 69 better than: 65
382	10.946	2.176	OK
383	0.027	2.177	ERR
384	2.353	2.411	OK
385	0.020	2.410	ERR
386	0.032	1.886	ERR
387	0.032	1.887	ERR
388	0.016	1.349	ERR
389	0.407	1.387	ERR
390	6.136	1.999	OK
391	0.034	2.000	ERR
392	0.013	0.907	ERR
393	1.483	1.053	ERR
394	0.023	0.820	ERR
395	0.017	0.819	ERR
396	0.019	0.818	ERR
397	0.020	0.817	ERR
398	14.643	2.279	OK
399	0.020	2.241	ERR

---- Final results ----
400 NS requests
244 failed requests
156 success requests
17 improved requests
844.341 ellapsed time
