#req	time (sec)	avg. time (sec)	mapping
0	0.019	0.000	ERR
1	6.939	0.000	OK
2	2.053	0.000	OK
3	0.019	0.000	ERR
4	8.802	0.000	OK
MEJORA: 32 better than: 30
5	10.722	0.000	OK
MEJORA: 32 better than: 24
6	2.094	0.000	OK
7	3.439	0.000	OK
8	0.024	0.000	ERR
9	0.025	0.000	ERR
10	0.019	3.414	ERR
11	1.647	2.884	OK
12	1.470	2.826	OK
13	0.021	2.826	ERR
14	13.782	3.324	OK
15	6.084	2.861	OK
16	0.948	2.746	OK
17	0.027	2.405	ERR
18	4.360	2.838	OK
19	6.226	3.458	OK
20	6.027	4.059	OK
21	0.027	3.897	ERR
22	4.357	4.186	OK
23	0.016	4.185	ERR
24	8.854	3.693	OK
MEJORA: 88 better than: 79
MEJORA: 79 better than: 70
MEJORA: 70 better than: 47
MEJORA: 47 better than: 43
25	18.808	4.965	OK
26	0.021	4.872	ERR
27	0.013	4.871	ERR
28	0.020	4.437	ERR
29	3.997	4.214	OK
30	0.024	3.614	ERR
MEJORA: 49 better than: 35
31	5.829	4.194	OK
32	1.682	3.926	OK
33	8.795	4.804	OK
34	8.224	4.741	OK
MEJORA: 40 better than: 34
MEJORA: 34 better than: 32
35	14.848	4.345	OK
MEJORA: 32 better than: 24
36	7.292	5.072	OK
37	8.420	5.913	OK
38	0.015	5.913	ERR
39	5.490	6.062	OK
40	0.024	6.062	ERR
41	6.519	6.131	OK
42	7.765	6.739	OK
43	0.017	5.861	ERR
44	0.016	5.041	ERR
45	0.016	3.557	ERR
MEJORA: 28 better than: 24
MEJORA: 24 better than: 20
MEJORA: 20 better than: 16
46	8.749	3.703	OK
47	0.017	2.863	ERR
48	0.016	2.863	ERR
49	0.016	2.315	ERR
MEJORA: 14 better than: 12
50	7.933	3.106	OK
51	0.031	2.458	ERR
52	9.478	2.629	OK
53	0.024	2.630	ERR
54	15.079	4.136	OK
55	0.017	4.136	ERR
MEJORA: 54 better than: 46
MEJORA: 46 better than: 44
56	12.949	4.556	OK
57	0.022	4.557	ERR
58	0.025	4.558	ERR
59	0.032	4.559	ERR
MEJORA: 40 better than: 36
MEJORA: 36 better than: 32
60	3.446	4.110	OK
61	0.021	4.109	ERR
62	9.914	4.153	OK
63	0.017	4.152	ERR
MEJORA: 30 better than: 24
64	9.542	3.599	OK
65	14.104	5.007	OK
66	2.475	3.960	OK
67	0.015	3.959	ERR
68	0.026	3.959	ERR
69	0.015	3.957	ERR
70	0.022	3.615	ERR
71	0.013	3.614	ERR
72	1.559	2.779	OK
73	0.025	2.780	ERR
74	0.017	1.827	ERR
75	0.031	0.420	ERR
76	1.560	0.328	OK
77	1.726	0.499	OK
78	0.020	0.499	ERR
79	0.024	0.500	ERR
80	0.016	0.499	ERR
81	0.015	0.499	ERR
82	0.016	0.345	ERR
83	1.586	0.501	OK
84	4.498	0.949	OK
MEJORA: 24 better than: 20
85	3.379	1.284	OK
86	0.031	1.131	ERR
87	0.017	0.960	ERR
88	0.019	0.960	ERR
89	0.022	0.960	ERR
90	10.917	2.050	OK
91	0.016	2.050	ERR
92	0.019	2.050	ERR
93	9.121	2.804	OK
94	0.019	2.356	ERR
95	0.025	2.021	ERR
MEJORA: 28 better than: 26
96	7.999	2.817	OK
97	9.314	3.747	OK
98	0.022	3.747	ERR
99	2.099	3.955	OK
100	0.016	2.865	ERR
101	0.019	2.865	ERR
102	0.019	2.865	ERR
103	0.015	1.955	ERR
MEJORA: 40 better than: 32
104	13.205	3.273	OK
105	4.501	3.721	OK
106	1.518	3.073	OK
MEJORA: 40 better than: 30
107	1.903	2.332	OK
108	0.032	2.333	ERR
109	0.020	2.125	ERR
110	0.021	2.125	ERR
111	3.239	2.447	OK
112	0.032	2.449	ERR
MEJORA: 44 better than: 40
113	12.722	3.719	OK
114	7.428	3.142	OK
115	0.019	2.693	ERR
116	5.637	3.105	OK
117	0.027	2.918	ERR
118	2.237	3.138	OK
119	1.423	3.278	OK
120	0.013	3.278	ERR
121	0.022	2.956	ERR
122	2.103	3.163	OK
123	0.020	1.893	ERR
124	0.019	1.152	ERR
125	0.031	1.153	ERR
126	0.021	0.592	ERR
127	0.024	0.591	ERR
128	10.524	1.420	OK
129	6.526	1.930	OK
130	0.010	1.930	ERR
131	0.032	1.931	ERR
MEJORA: 36 better than: 28
132	11.839	2.905	OK
133	0.019	2.905	ERR
134	0.640	2.967	ERR
135	0.016	2.965	ERR
136	2.308	3.194	OK
MEJORA: 72 better than: 44
137	15.046	4.696	OK
138	0.019	3.646	ERR
MEJORA: 36 better than: 24
139	10.623	4.055	OK
140	0.015	4.056	ERR
141	10.580	5.110	OK
142	0.017	3.928	ERR
MEJORA: 40 better than: 36
MEJORA: 36 better than: 32
143	7.581	4.685	OK
144	0.025	4.623	ERR
145	0.032	4.625	ERR
146	7.899	5.184	OK
147	14.937	5.173	OK
148	0.022	5.173	ERR
149	0.027	4.113	ERR
150	0.031	4.115	ERR
151	0.032	3.060	ERR
152	0.026	3.061	ERR
153	9.190	3.222	OK
154	0.019	3.221	ERR
155	2.046	3.423	OK
156	0.017	2.635	ERR
157	0.019	1.143	ERR
158	0.027	1.143	ERR
MEJORA: 32 better than: 29
MEJORA: 29 better than: 26
159	19.166	3.057	OK
160	0.022	3.056	ERR
161	2.987	3.352	OK
162	0.027	3.352	ERR
163	0.019	2.435	ERR
164	0.032	2.436	ERR
165	10.159	3.248	OK
166	2.081	3.454	OK
167	0.010	3.453	ERR
168	5.419	3.992	OK
169	7.245	2.800	OK
170	0.019	2.800	ERR
MEJORA: 46 better than: 33
MEJORA: 33 better than: 31
MEJORA: 31 better than: 28
MEJORA: 28 better than: 26
171	4.989	3.000	OK
172	0.022	3.000	ERR
173	0.016	2.999	ERR
174	0.018	2.998	ERR
175	0.017	1.984	ERR
176	6.163	2.392	OK
177	0.016	2.392	ERR
178	0.018	1.852	ERR
179	0.020	1.130	ERR
180	0.027	1.131	ERR
181	0.016	0.633	ERR
182	9.337	1.565	OK
183	0.016	1.565	ERR
184	0.020	1.565	ERR
185	1.034	1.667	OK
186	3.456	1.396	OK
187	0.013	1.396	ERR
188	0.024	1.396	ERR
189	0.019	1.396	ERR
190	0.012	1.395	ERR
191	0.016	1.395	ERR
192	0.021	0.463	ERR
193	0.026	0.464	ERR
194	3.326	0.795	OK
MEJORA: 32 better than: 28
MEJORA: 28 better than: 20
MEJORA: 20 better than: 18
195	9.581	1.649	OK
196	6.062	1.910	OK
197	0.027	1.911	ERR
198	0.013	1.910	ERR
199	0.025	1.911	ERR
200	0.028	1.912	ERR
201	0.015	1.912	ERR
202	0.024	1.913	ERR
MEJORA: 25 better than: 23
203	10.694	2.979	OK
204	6.099	3.257	OK
205	0.022	2.301	ERR
MEJORA: 20 better than: 16
MEJORA: 16 better than: 14
MEJORA: 14 better than: 12
206	10.237	2.718	OK
207	0.015	2.717	ERR
208	0.013	2.717	ERR
209	4.230	3.138	OK
210	0.032	3.138	ERR
211	0.025	3.139	ERR
212	0.032	3.140	ERR
213	0.025	2.073	ERR
MEJORA: 16 better than: 12
214	7.682	2.231	OK
215	2.465	2.476	OK
216	15.930	3.045	OK
MEJORA: 60 better than: 57
MEJORA: 57 better than: 44
MEJORA: 44 better than: 43
MEJORA: 43 better than: 35
217	17.800	4.823	OK
218	0.031	4.825	ERR
219	0.021	4.404	ERR
220	0.015	4.403	ERR
221	0.009	4.401	ERR
222	0.030	4.401	ERR
223	8.843	5.283	OK
224	13.473	5.862	OK
225	2.758	5.891	OK
226	0.021	4.300	ERR
227	0.942	2.614	OK
228	3.160	2.927	OK
229	0.020	2.927	ERR
230	0.019	2.928	ERR
231	0.084	2.935	ERR
232	0.024	2.934	ERR
233	0.010	2.051	ERR
234	4.921	1.196	OK
235	0.027	0.923	ERR
236	0.019	0.923	ERR
237	0.024	0.831	ERR
238	0.031	0.518	ERR
MEJORA: 21 better than: 16
239	15.196	2.036	OK
240	0.013	2.035	ERR
241	0.628	2.089	ERR
242	0.017	2.089	ERR
243	0.264	2.114	OK
244	0.019	1.624	ERR
245	0.020	1.623	ERR
246	0.022	1.623	ERR
247	1.884	1.809	OK
248	3.130	2.119	OK
249	1.062	0.706	OK
250	14.064	2.111	OK
251	0.020	2.050	ERR
252	0.024	2.051	ERR
253	0.024	2.027	ERR
254	0.024	2.027	ERR
255	0.019	2.027	ERR
256	10.247	3.050	OK
257	8.760	3.737	OK
258	0.024	3.427	ERR
259	1.615	3.482	OK
260	0.016	2.077	ERR
261	15.440	3.619	OK
262	0.832	3.700	ERR
263	6.095	4.307	OK
264	9.499	5.255	OK
265	11.039	6.357	OK
266	0.024	5.334	ERR
MEJORA: 43 better than: 35
MEJORA: 35 better than: 31
267	10.247	5.483	OK
268	0.016	5.482	ERR
269	0.019	5.323	ERR
270	0.021	5.323	ERR
271	0.020	3.781	ERR
272	5.032	4.201	OK
273	1.610	3.753	OK
274	0.032	2.806	ERR
275	0.024	1.704	ERR
276	0.025	1.705	ERR
MEJORA: 37 better than: 27
MEJORA: 27 better than: 26
MEJORA: 26 better than: 25
277	8.711	1.551	OK
278	0.027	1.552	ERR
279	0.015	1.552	ERR
280	0.027	1.552	ERR
281	0.031	1.553	ERR
282	13.848	2.435	OK
MEJORA: 30 better than: 24
283	3.615	2.635	OK
284	0.017	2.634	ERR
285	0.013	2.633	ERR
286	13.229	3.953	OK
287	8.827	3.965	OK
288	0.013	3.963	ERR
289	0.025	3.964	ERR
290	0.016	3.963	ERR
291	0.023	3.963	ERR
292	0.013	2.579	ERR
293	5.702	2.788	OK
294	0.016	2.788	ERR
295	0.020	2.788	ERR
296	1.698	1.635	OK
297	0.024	0.755	ERR
298	0.019	0.756	ERR
299	10.945	1.848	OK
300	8.845	2.730	OK
301	1.776	2.906	OK
302	0.891	2.994	OK
303	0.022	2.426	ERR
MEJORA: 27 better than: 26
MEJORA: 26 better than: 24
304	5.848	3.009	OK
305	0.016	3.008	ERR
306	9.285	3.767	OK
307	11.178	4.882	OK
308	0.317	4.912	OK
309	7.335	4.551	OK
310	0.025	3.669	ERR
311	0.023	3.494	ERR
312	0.021	3.407	ERR
313	1.133	3.518	ERR
314	0.016	2.935	ERR
315	0.010	2.934	ERR
316	6.450	2.651	OK
317	11.531	2.686	OK
318	0.025	2.657	ERR
319	0.010	1.924	ERR
320	0.017	1.924	ERR
321	0.020	1.923	ERR
322	0.019	1.923	ERR
323	0.033	1.813	ERR
324	0.645	1.876	ERR
MEJORA: 31 better than: 22
325	12.625	3.138	OK
326	0.017	2.494	ERR
327	0.033	1.344	ERR
328	8.313	2.173	OK
329	0.021	2.174	ERR
330	0.022	2.175	ERR
331	0.025	2.175	ERR
332	0.016	2.175	ERR
333	0.032	2.175	ERR
334	2.509	2.361	OK
335	0.016	1.100	ERR
336	0.025	1.101	ERR
337	16.575	2.756	OK
338	0.019	1.926	ERR
339	0.016	1.926	ERR
MEJORA: 28 better than: 24
340	15.370	3.460	OK
MEJORA: 70 better than: 46
MEJORA: 46 better than: 38
341	15.969	5.055	OK
342	10.590	6.112	OK
343	9.635	7.072	OK
344	8.804	7.702	OK
MEJORA: 56 better than: 52
MEJORA: 52 better than: 44
345	12.829	8.983	OK
346	0.031	8.984	ERR
347	4.828	7.809	OK
348	0.009	7.808	ERR
349	0.016	7.808	ERR
350	0.019	6.273	ERR
351	0.020	4.678	ERR
352	8.191	4.438	OK
353	2.034	3.678	OK
354	0.021	2.800	ERR
355	0.024	1.519	ERR
356	0.021	1.518	ERR
357	9.264	1.962	OK
358	10.529	3.014	OK
359	0.016	3.014	ERR
360	0.019	3.014	ERR
361	13.933	4.405	OK
362	9.309	4.517	OK
MEJORA: 42 better than: 38
363	15.202	5.834	OK
364	9.152	6.747	OK
365	16.773	8.422	OK
366	0.016	8.421	ERR
367	0.017	7.497	ERR
368	0.010	6.445	ERR
369	0.016	6.445	ERR
370	1.022	6.545	OK
371	2.441	5.396	OK
372	0.019	4.467	ERR
373	0.021	2.949	ERR
374	0.016	2.035	ERR
375	0.022	0.360	ERR
376	1.378	0.496	OK
377	0.026	0.497	ERR
378	12.571	1.753	OK
379	0.024	1.754	ERR
380	0.019	1.654	ERR
381	0.019	1.411	ERR
382	0.009	1.410	ERR
383	0.025	1.411	ERR
384	3.034	1.713	OK
385	0.019	1.712	ERR
386	0.031	1.578	ERR
387	0.031	1.578	ERR
388	0.016	0.323	ERR
389	0.813	0.401	ERR
390	7.580	1.158	OK
391	0.031	1.159	ERR
392	9.231	2.081	OK
393	2.631	2.342	OK
394	0.021	2.040	ERR
395	0.015	2.040	ERR
396	0.018	2.039	ERR
397	0.019	2.037	ERR
MEJORA: 35 better than: 29
MEJORA: 29 better than: 23
398	11.627	3.199	OK
399	0.019	3.119	ERR

---- Final results ----
400 NS requests
237 failed requests
163 success requests
38 improved requests
1216.872 ellapsed time
