#req	time (sec)	avg. time (sec)	mapping
0	0.021	0.000	ERR
1	0.710	0.000	OK
2	1.402	0.000	OK
3	0.019	0.000	ERR
4	10.558	0.000	OK
MEJORA: 48 better than: 40
5	2.216	0.000	OK
MEJORA: 48 better than: 40
6	8.733	0.000	OK
MEJORA: 48 better than: 40
7	5.558	0.000	OK
8	0.025	0.000	ERR
9	0.025	0.000	ERR
10	0.019	2.927	ERR
MEJORA: 32 better than: 24
11	9.487	3.804	OK
12	4.337	4.098	OK
13	0.021	4.098	ERR
14	0.721	3.114	ERR
MEJORA: 24 better than: 20
15	1.945	3.087	OK
16	7.538	2.968	OK
17	0.027	2.415	ERR
18	3.073	2.719	OK
19	0.481	2.765	ERR
20	3.115	3.075	OK
21	0.026	2.128	ERR
22	2.104	1.905	OK
23	0.016	1.905	ERR
24	12.135	3.046	OK
MEJORA: 97 better than: 81
MEJORA: 81 better than: 69
25	17.586	4.610	OK
26	0.021	3.858	ERR
27	0.013	3.857	ERR
28	0.020	3.552	ERR
MEJORA: 80 better than: 60
MEJORA: 60 better than: 50
29	4.955	3.999	OK
30	0.025	3.690	ERR
31	3.949	4.082	OK
32	1.567	4.029	OK
MEJORA: 24 better than: 20
33	2.607	4.288	OK
34	6.721	3.746	OK
35	10.725	3.060	OK
36	8.447	3.903	OK
37	5.141	4.416	OK
38	0.016	4.415	ERR
39	5.988	4.519	OK
40	0.026	4.519	ERR
41	2.243	4.348	OK
42	2.193	4.411	OK
43	0.018	4.152	ERR
44	0.017	3.481	ERR
45	0.016	2.411	ERR
46	4.768	2.043	OK
47	0.018	1.530	ERR
48	0.017	1.530	ERR
49	0.017	0.933	ERR
50	1.755	1.106	OK
51	0.033	0.885	ERR
52	5.131	1.179	OK
53	0.025	1.180	ERR
MEJORA: 16 better than: 12
54	5.386	1.717	OK
55	0.017	1.717	ERR
56	1.123	1.352	OK
57	0.022	1.353	ERR
58	0.025	1.353	ERR
59	0.032	1.355	ERR
60	2.920	1.471	OK
61	0.021	1.470	ERR
62	4.469	1.404	OK
63	0.018	1.403	ERR
MEJORA: 44 better than: 36
64	5.900	1.455	OK
65	9.696	2.423	OK
66	6.153	2.926	OK
67	0.015	2.925	ERR
68	0.026	2.925	ERR
69	0.015	2.923	ERR
70	0.022	2.634	ERR
71	0.013	2.633	ERR
72	3.159	2.502	OK
73	0.027	2.503	ERR
74	0.018	1.914	ERR
75	0.033	0.948	ERR
MEJORA: 40 better than: 30
76	9.802	1.313	OK
77	1.894	1.501	OK
78	0.021	1.500	ERR
79	0.025	1.501	ERR
80	0.016	1.501	ERR
81	0.015	1.501	ERR
82	0.016	1.187	ERR
83	3.862	1.570	OK
84	3.840	1.952	OK
85	3.494	2.298	OK
MEJORA: 16 better than: 12
86	3.853	1.703	OK
87	0.017	1.516	ERR
88	0.020	1.516	ERR
89	0.022	1.515	ERR
MEJORA: 36 better than: 32
MEJORA: 32 better than: 28
90	1.861	1.700	OK
91	0.016	1.700	ERR
92	0.020	1.700	ERR
93	5.008	1.815	OK
94	0.020	1.433	ERR
95	0.026	1.086	ERR
96	3.668	1.068	OK
MEJORA: 51 better than: 48
MEJORA: 48 better than: 47
97	5.049	1.571	OK
98	0.022	1.571	ERR
99	9.221	2.491	OK
100	0.016	2.307	ERR
101	0.019	2.307	ERR
102	0.020	2.307	ERR
103	0.015	1.808	ERR
104	7.184	2.524	OK
105	3.814	2.903	OK
MEJORA: 38 better than: 30
106	8.637	3.400	OK
MEJORA: 40 better than: 30
107	12.949	4.190	OK
108	0.032	4.191	ERR
109	0.021	3.271	ERR
110	0.022	3.271	ERR
111	5.572	3.826	OK
112	0.032	3.828	ERR
113	3.366	4.163	OK
114	1.494	3.594	OK
115	0.021	3.215	ERR
116	9.892	3.340	OK
117	0.028	2.048	ERR
118	8.717	2.916	OK
119	6.205	3.535	OK
120	0.013	3.534	ERR
121	0.023	2.979	ERR
MEJORA: 10 better than: 8
122	7.153	3.691	OK
123	0.021	3.357	ERR
124	0.020	3.209	ERR
125	0.032	3.210	ERR
126	0.022	2.223	ERR
127	0.025	2.223	ERR
128	6.772	2.029	OK
129	10.647	2.473	OK
130	0.010	2.472	ERR
131	0.032	2.473	ERR
MEJORA: 55 better than: 49
132	8.199	2.578	OK
133	0.019	2.578	ERR
134	17.396	4.315	OK
135	0.017	4.314	ERR
136	2.308	4.543	OK
MEJORA: 110 better than: 100
137	6.029	5.143	OK
138	0.020	4.468	ERR
MEJORA: 72 better than: 60
MEJORA: 60 better than: 54
MEJORA: 54 better than: 48
139	5.445	3.947	OK
140	0.016	3.948	ERR
141	8.826	4.827	OK
142	0.018	4.009	ERR
143	2.730	4.280	OK
144	0.025	2.543	ERR
145	0.032	2.545	ERR
146	4.021	2.716	OK
147	4.031	2.516	OK
148	0.023	2.517	ERR
149	0.028	1.975	ERR
150	0.032	1.976	ERR
151	0.032	1.097	ERR
152	0.026	1.098	ERR
MEJORA: 36 better than: 32
MEJORA: 32 better than: 28
153	2.306	1.055	OK
154	0.020	1.055	ERR
155	4.380	1.490	OK
156	0.018	1.089	ERR
157	0.020	0.688	ERR
158	0.028	0.689	ERR
159	0.655	0.752	ERR
160	0.022	0.751	ERR
161	11.865	1.934	OK
162	0.027	1.934	ERR
163	0.019	1.705	ERR
164	0.031	1.707	ERR
MEJORA: 36 better than: 30
MEJORA: 30 better than: 24
165	5.286	1.797	OK
166	3.981	2.193	OK
167	0.010	2.192	ERR
MEJORA: 44 better than: 40
168	3.488	2.539	OK
MEJORA: 28 better than: 24
169	5.283	3.001	OK
170	0.020	3.001	ERR
171	1.807	1.995	OK
172	0.022	1.995	ERR
173	0.016	1.994	ERR
174	0.019	1.993	ERR
175	0.017	1.466	ERR
176	6.801	1.748	OK
177	0.017	1.749	ERR
178	0.019	1.402	ERR
179	0.021	0.876	ERR
180	0.028	0.877	ERR
181	0.016	0.698	ERR
MEJORA: 66 better than: 60
182	6.063	1.302	OK
183	0.016	1.302	ERR
184	0.022	1.302	ERR
MEJORA: 50 better than: 40
185	6.090	1.909	OK
186	1.264	1.356	OK
187	0.013	1.355	ERR
188	0.025	1.356	ERR
189	0.020	1.356	ERR
190	0.013	1.354	ERR
191	0.016	1.354	ERR
192	0.021	0.750	ERR
193	0.026	0.751	ERR
194	9.317	1.680	OK
MEJORA: 31 better than: 20
MEJORA: 20 better than: 16
195	5.737	1.645	OK
196	10.265	2.545	OK
197	0.027	2.547	ERR
198	0.014	2.545	ERR
199	0.026	2.546	ERR
200	0.029	2.548	ERR
201	0.016	2.548	ERR
202	0.025	2.548	ERR
203	6.101	3.156	OK
204	3.933	2.617	OK
205	0.022	2.046	ERR
MEJORA: 28 better than: 24
MEJORA: 24 better than: 20
MEJORA: 20 better than: 18
206	7.225	1.742	OK
207	0.015	1.740	ERR
208	0.013	1.740	ERR
209	4.964	2.234	OK
210	0.032	2.235	ERR
211	0.025	2.235	ERR
212	0.032	2.236	ERR
213	0.024	1.628	ERR
214	10.143	2.250	OK
215	3.435	2.591	OK
MEJORA: 72 better than: 64
MEJORA: 64 better than: 48
216	2.141	2.082	OK
MEJORA: 64 better than: 56
217	3.115	2.392	OK
218	0.032	2.394	ERR
219	0.022	1.900	ERR
220	0.015	1.898	ERR
221	0.010	1.897	ERR
222	0.032	1.897	ERR
223	9.274	2.822	OK
MEJORA: 80 better than: 68
MEJORA: 68 better than: 60
224	5.019	2.309	OK
225	1.440	2.110	OK
226	0.021	1.898	ERR
227	4.746	2.061	OK
228	0.342	2.092	ERR
229	0.021	2.092	ERR
230	0.020	2.092	ERR
231	7.137	2.805	OK
232	0.025	2.804	ERR
233	0.010	1.878	ERR
MEJORA: 52 better than: 46
234	2.916	1.668	OK
235	0.028	1.526	ERR
236	0.020	1.526	ERR
237	0.025	1.054	ERR
238	0.032	1.023	ERR
239	13.015	2.323	OK
240	0.013	2.322	ERR
241	0.276	1.636	ERR
242	0.016	1.635	ERR
243	0.230	1.657	OK
244	6.381	2.004	OK
245	0.020	2.003	ERR
246	0.022	2.003	ERR
247	1.027	2.103	ERR
248	5.885	2.689	OK
249	6.437	2.031	OK
250	0.041	2.033	ERR
251	0.020	2.008	ERR
252	0.025	2.009	ERR
253	0.025	1.988	ERR
254	0.025	1.353	ERR
255	0.020	1.353	ERR
256	1.734	1.524	OK
257	9.330	2.354	OK
258	0.025	1.768	ERR
MEJORA: 60 better than: 58
MEJORA: 58 better than: 56
MEJORA: 56 better than: 40
259	9.329	2.057	OK
260	0.016	2.055	ERR
261	6.445	2.697	OK
262	1.358	2.831	ERR
MEJORA: 44 better than: 40
MEJORA: 40 better than: 36
MEJORA: 36 better than: 32
263	4.857	3.314	OK
264	15.046	4.816	OK
265	11.052	5.919	OK
266	0.025	5.748	ERR
267	6.445	5.460	OK
268	0.016	5.459	ERR
269	0.020	4.528	ERR
270	0.021	4.529	ERR
271	0.021	3.886	ERR
MEJORA: 48 better than: 40
MEJORA: 40 better than: 32
272	7.312	4.481	OK
273	11.954	5.191	OK
274	0.032	3.690	ERR
275	0.025	2.587	ERR
276	0.026	2.587	ERR
277	6.100	2.553	OK
278	0.028	2.554	ERR
279	0.015	2.553	ERR
280	0.027	2.554	ERR
281	0.032	2.555	ERR
282	9.596	2.783	OK
MEJORA: 42 better than: 36
283	3.852	1.973	OK
284	0.016	1.972	ERR
285	0.013	1.971	ERR
286	0.293	1.997	ERR
MEJORA: 20 better than: 18
287	8.494	2.237	OK
288	0.013	2.235	ERR
289	0.024	2.236	ERR
290	0.016	2.235	ERR
291	0.022	2.234	ERR
292	0.012	1.276	ERR
MEJORA: 36 better than: 30
293	6.680	1.558	OK
294	0.016	1.558	ERR
295	0.020	1.559	ERR
296	5.219	2.052	OK
297	0.024	1.205	ERR
298	0.019	1.205	ERR
299	3.008	1.504	OK
300	4.212	1.923	OK
MEJORA: 71 better than: 52
301	7.245	2.646	OK
302	6.945	3.339	OK
303	0.023	2.673	ERR
MEJORA: 78 better than: 70
MEJORA: 70 better than: 62
MEJORA: 62 better than: 58
304	8.837	3.555	OK
305	0.016	3.555	ERR
306	7.570	3.790	OK
307	5.988	4.386	OK
308	0.247	4.409	OK
MEJORA: 53 better than: 39
309	9.050	5.013	OK
310	0.024	4.595	ERR
311	0.021	3.872	ERR
312	0.020	3.180	ERR
313	6.295	3.807	OK
314	0.015	2.925	ERR
315	0.010	2.924	ERR
MEJORA: 80 better than: 72
MEJORA: 72 better than: 51
MEJORA: 51 better than: 47
316	10.332	3.200	OK
317	7.882	3.390	OK
318	0.024	3.367	ERR
319	0.010	2.463	ERR
320	0.016	2.463	ERR
321	0.019	2.462	ERR
322	0.018	2.462	ERR
323	0.031	1.836	ERR
324	0.244	1.858	ERR
325	1.978	2.055	OK
326	0.016	1.024	ERR
327	0.031	0.239	ERR
MEJORA: 60 better than: 54
MEJORA: 54 better than: 36
328	7.915	1.028	OK
329	0.020	1.029	ERR
330	0.021	1.029	ERR
331	0.024	1.030	ERR
332	0.016	1.030	ERR
333	0.031	1.030	ERR
334	3.355	1.341	OK
335	0.016	1.145	ERR
336	0.025	1.146	ERR
MEJORA: 69 better than: 68
MEJORA: 68 better than: 49
337	10.474	2.190	OK
338	0.018	1.400	ERR
339	0.016	1.400	ERR
MEJORA: 32 better than: 28
340	9.096	2.307	OK
MEJORA: 79 better than: 78
MEJORA: 78 better than: 70
MEJORA: 70 better than: 49
341	14.584	3.763	OK
342	10.095	4.771	OK
MEJORA: 80 better than: 72
MEJORA: 72 better than: 64
MEJORA: 64 better than: 56
343	4.584	5.226	OK
344	0.031	4.894	ERR
MEJORA: 60 better than: 48
MEJORA: 48 better than: 44
345	10.491	5.941	OK
346	0.031	5.942	ERR
347	2.859	5.180	OK
348	0.010	5.180	ERR
349	0.016	5.180	ERR
350	0.019	4.272	ERR
351	0.020	2.816	ERR
MEJORA: 16 better than: 12
352	6.249	2.431	OK
353	3.947	2.367	OK
354	0.021	2.366	ERR
355	0.024	1.320	ERR
356	0.021	1.319	ERR
357	0.320	1.065	ERR
358	7.220	1.786	OK
359	0.016	1.786	ERR
360	0.019	1.786	ERR
361	12.735	3.057	OK
362	15.114	3.944	OK
363	0.118	3.561	ERR
364	4.655	4.024	OK
365	8.977	4.920	OK
366	0.016	4.919	ERR
367	0.017	4.889	ERR
368	0.010	4.168	ERR
369	0.016	4.168	ERR
370	1.948	4.361	OK
MEJORA: 80 better than: 70
371	8.297	3.917	OK
372	0.019	2.407	ERR
373	0.020	2.397	ERR
374	0.016	1.934	ERR
375	0.022	1.038	ERR
MEJORA: 72 better than: 66
MEJORA: 66 better than: 45
MEJORA: 45 better than: 30
376	5.948	1.631	OK
377	0.025	1.632	ERR
378	4.327	2.064	OK
379	0.024	2.065	ERR
380	0.019	1.872	ERR
381	0.019	1.044	ERR
382	0.382	1.080	ERR
383	0.025	1.081	ERR
384	10.169	2.096	OK
385	0.019	2.096	ERR
MEJORA: 79 better than: 75
MEJORA: 75 better than: 67
MEJORA: 67 better than: 47
MEJORA: 47 better than: 28
386	6.245	2.125	OK
387	0.031	2.126	ERR
388	0.016	1.695	ERR
389	0.408	1.733	ERR
390	3.903	2.122	OK
391	0.031	2.123	ERR
392	0.305	2.115	ERR
393	0.911	2.204	ERR
394	0.022	1.189	ERR
395	0.016	1.189	ERR
396	0.018	0.566	ERR
397	0.019	0.565	ERR
398	14.795	2.043	OK
399	0.019	2.004	ERR

---- Final results ----
400 NS requests
243 failed requests
157 success requests
52 improved requests
989.584 ellapsed time
