#req	time (sec)	avg. time (sec)	mapping
0	0.020	0.000	ERR
MEJORA: 10 better than: 8
1	0.805	0.000	OK
2	2.376	0.000	OK
3	0.019	0.000	ERR
4	12.411	0.000	OK
MEJORA: 48 better than: 40
5	2.307	0.000	OK
MEJORA: 48 better than: 40
MEJORA: 40 better than: 32
6	8.763	0.000	OK
MEJORA: 48 better than: 40
7	7.161	0.000	OK
8	0.024	0.000	ERR
9	0.025	0.000	ERR
10	0.019	3.391	ERR
MEJORA: 32 better than: 24
11	8.422	4.153	OK
12	4.436	4.359	OK
13	0.020	4.359	ERR
14	0.697	3.187	ERR
MEJORA: 24 better than: 20
15	1.998	3.157	OK
16	8.545	3.135	OK
17	0.028	2.421	ERR
18	3.515	2.770	OK
19	0.494	2.817	ERR
20	4.684	3.284	OK
21	0.027	2.444	ERR
22	1.897	2.190	OK
23	0.017	2.190	ERR
24	13.093	3.430	OK
MEJORA: 104 better than: 90
MEJORA: 90 better than: 88
MEJORA: 88 better than: 71
25	19.841	5.214	OK
26	0.021	4.362	ERR
27	0.013	4.360	ERR
28	0.020	4.011	ERR
MEJORA: 80 better than: 60
MEJORA: 60 better than: 50
29	5.775	4.539	OK
30	0.024	4.073	ERR
31	4.390	4.509	OK
32	1.737	4.493	OK
MEJORA: 24 better than: 20
33	2.383	4.730	OK
MEJORA: 72 better than: 56
34	6.173	4.038	OK
35	11.989	3.253	OK
36	8.553	4.106	OK
37	6.336	4.738	OK
38	0.015	4.738	ERR
39	6.590	4.819	OK
40	0.024	4.819	ERR
41	4.303	4.810	OK
42	2.504	4.887	OK
43	0.017	4.651	ERR
44	0.016	4.035	ERR
45	0.016	2.838	ERR
46	3.116	2.294	OK
47	0.017	1.662	ERR
48	0.016	1.662	ERR
49	0.016	1.005	ERR
50	2.679	1.270	OK
51	0.032	0.843	ERR
52	5.549	1.147	OK
53	0.024	1.148	ERR
MEJORA: 16 better than: 12
54	5.880	1.735	OK
55	0.017	1.735	ERR
56	1.254	1.548	OK
57	0.022	1.549	ERR
58	0.025	1.550	ERR
59	0.031	1.551	ERR
MEJORA: 28 better than: 24
MEJORA: 24 better than: 20
60	3.720	1.655	OK
61	0.021	1.654	ERR
62	5.014	1.601	OK
63	0.017	1.600	ERR
MEJORA: 36 better than: 30
64	5.807	1.593	OK
65	10.328	2.624	OK
MEJORA: 16 better than: 12
66	7.503	3.249	OK
67	0.015	3.248	ERR
68	0.025	3.248	ERR
69	0.014	3.246	ERR
70	0.021	2.876	ERR
71	0.012	2.875	ERR
72	3.252	2.699	OK
73	0.026	2.700	ERR
74	0.017	2.121	ERR
75	0.032	1.092	ERR
MEJORA: 40 better than: 30
76	12.141	1.556	OK
77	4.977	2.052	OK
78	0.021	2.051	ERR
79	0.025	2.052	ERR
80	0.016	2.052	ERR
81	0.015	2.052	ERR
82	0.016	1.729	ERR
83	4.293	2.155	OK
MEJORA: 40 better than: 32
84	3.182	2.472	OK
MEJORA: 36 better than: 32
MEJORA: 32 better than: 28
85	2.148	2.683	OK
MEJORA: 16 better than: 12
86	4.360	1.905	OK
87	0.017	1.409	ERR
88	0.019	1.409	ERR
89	0.022	1.409	ERR
MEJORA: 36 better than: 32
MEJORA: 32 better than: 28
90	1.995	1.607	OK
91	0.016	1.607	ERR
92	0.019	1.607	ERR
MEJORA: 24 better than: 20
93	7.621	1.940	OK
94	0.019	1.624	ERR
95	0.026	1.412	ERR
MEJORA: 40 better than: 36
96	5.815	1.557	OK
MEJORA: 59 better than: 55
MEJORA: 55 better than: 51
97	7.302	2.285	OK
98	0.022	2.286	ERR
99	10.094	3.293	OK
100	0.016	3.095	ERR
101	0.019	3.095	ERR
102	0.019	3.095	ERR
103	0.015	2.335	ERR
104	7.969	3.130	OK
105	3.216	3.449	OK
106	9.817	3.849	OK
MEJORA: 40 better than: 30
107	14.867	4.605	OK
108	0.032	4.606	ERR
109	0.021	3.599	ERR
110	0.022	3.600	ERR
111	3.424	3.940	OK
112	0.032	3.941	ERR
113	7.834	4.723	OK
114	1.985	4.125	OK
115	0.020	3.805	ERR
116	11.996	4.023	OK
117	0.028	2.539	ERR
118	10.679	3.604	OK
119	6.263	4.228	OK
120	0.013	4.227	ERR
121	0.022	3.887	ERR
122	12.226	5.107	OK
123	0.021	4.325	ERR
124	0.020	4.129	ERR
125	0.032	4.130	ERR
126	0.022	2.933	ERR
127	0.024	2.932	ERR
128	7.755	2.640	OK
MEJORA: 88 better than: 80
MEJORA: 80 better than: 72
129	21.684	4.182	OK
130	0.010	4.182	ERR
131	0.032	4.183	ERR
132	7.403	3.700	OK
133	0.019	3.700	ERR
134	20.308	5.729	OK
135	0.016	5.727	ERR
136	4.261	6.151	OK
MEJORA: 110 better than: 100
137	6.856	6.834	OK
138	0.020	6.061	ERR
MEJORA: 72 better than: 60
MEJORA: 60 better than: 54
MEJORA: 54 better than: 48
MEJORA: 48 better than: 30
139	4.718	4.364	OK
140	0.015	4.365	ERR
141	9.294	5.291	OK
142	0.017	4.552	ERR
143	6.227	5.173	OK
144	0.025	3.145	ERR
145	0.033	3.147	ERR
MEJORA: 28 better than: 24
146	5.201	3.241	OK
MEJORA: 22 better than: 20
MEJORA: 20 better than: 18
147	5.139	3.069	OK
148	0.022	3.069	ERR
149	0.028	2.600	ERR
150	0.032	2.602	ERR
151	0.032	1.675	ERR
152	0.026	1.676	ERR
MEJORA: 40 better than: 36
MEJORA: 36 better than: 28
153	2.462	1.300	OK
154	0.020	1.299	ERR
155	4.926	1.789	OK
156	0.017	1.270	ERR
157	0.020	0.758	ERR
158	0.027	0.759	ERR
159	0.032	0.759	ERR
160	0.022	0.758	ERR
161	10.740	1.829	OK
162	0.028	1.829	ERR
163	0.020	1.585	ERR
164	0.033	1.586	ERR
MEJORA: 36 better than: 30
165	4.988	1.592	OK
166	4.076	1.998	OK
167	0.010	1.997	ERR
MEJORA: 68 better than: 48
MEJORA: 48 better than: 40
168	16.362	3.631	OK
MEJORA: 28 better than: 24
169	6.622	4.290	OK
170	0.020	4.290	ERR
MEJORA: 40 better than: 32
171	2.996	3.515	OK
172	0.022	3.515	ERR
173	0.016	3.514	ERR
174	0.019	3.513	ERR
175	0.017	3.016	ERR
176	5.783	3.187	OK
177	0.016	3.187	ERR
178	0.018	1.553	ERR
179	0.021	0.893	ERR
180	0.028	0.894	ERR
181	0.016	0.596	ERR
182	7.728	1.366	OK
183	0.016	1.366	ERR
184	0.021	1.366	ERR
MEJORA: 50 better than: 40
185	7.104	2.075	OK
186	4.355	1.932	OK
187	0.012	1.932	ERR
188	0.024	1.932	ERR
189	0.019	1.932	ERR
190	0.012	1.931	ERR
191	0.016	1.931	ERR
192	0.021	1.160	ERR
193	0.025	1.161	ERR
194	12.850	2.444	OK
MEJORA: 32 better than: 24
195	7.842	2.518	OK
196	11.417	3.224	OK
197	0.025	3.225	ERR
198	0.013	3.224	ERR
199	0.024	3.224	ERR
200	0.027	3.226	ERR
201	0.015	3.226	ERR
202	0.024	3.226	ERR
203	3.465	3.570	OK
MEJORA: 12 better than: 8
204	11.725	3.458	OK
205	0.022	2.676	ERR
MEJORA: 24 better than: 22
MEJORA: 22 better than: 20
MEJORA: 20 better than: 18
206	5.042	2.038	OK
207	0.015	2.037	ERR
208	0.012	2.037	ERR
MEJORA: 32 better than: 18
209	5.407	2.575	OK
210	0.031	2.576	ERR
211	0.024	2.577	ERR
212	0.031	2.577	ERR
213	0.024	2.233	ERR
214	12.136	2.274	OK
215	1.919	2.464	OK
MEJORA: 88 better than: 80
MEJORA: 80 better than: 64
MEJORA: 64 better than: 56
216	2.629	2.223	OK
MEJORA: 72 better than: 56
217	4.192	2.641	OK
218	0.031	2.642	ERR
219	0.021	2.104	ERR
220	0.015	2.102	ERR
221	0.009	2.101	ERR
222	0.031	2.101	ERR
MEJORA: 60 better than: 50
223	11.571	3.256	OK
MEJORA: 68 better than: 66
MEJORA: 66 better than: 62
224	7.905	2.832	OK
225	4.243	3.065	OK
226	0.020	2.804	ERR
227	5.012	2.886	OK
228	0.319	2.915	ERR
229	0.020	2.914	ERR
230	0.019	2.915	ERR
231	7.882	3.702	OK
232	0.024	3.701	ERR
233	0.010	2.545	ERR
MEJORA: 68 better than: 52
234	0.556	1.810	OK
235	0.027	1.389	ERR
236	0.019	1.389	ERR
237	0.024	0.890	ERR
238	0.031	0.861	ERR
239	9.603	1.819	OK
240	0.012	1.819	ERR
241	0.272	1.058	ERR
242	0.016	1.057	ERR
243	1.031	1.159	OK
MEJORA: 47 better than: 35
MEJORA: 35 better than: 28
244	8.442	1.948	OK
245	0.019	1.947	ERR
246	0.021	1.947	ERR
247	1.011	2.046	ERR
248	6.292	2.672	OK
249	0.550	1.767	OK
250	0.047	1.770	ERR
251	0.019	1.745	ERR
252	0.024	1.746	ERR
253	0.024	1.645	ERR
254	0.024	0.803	ERR
255	0.019	0.803	ERR
256	1.746	0.976	OK
257	7.895	1.664	OK
258	0.024	1.037	ERR
259	11.102	2.092	OK
260	0.016	2.089	ERR
261	6.793	2.767	OK
262	1.204	2.885	ERR
263	3.333	3.216	OK
264	17.490	4.962	OK
265	13.170	6.277	OK
266	0.024	6.105	ERR
267	0.010	5.317	ERR
268	0.016	5.316	ERR
269	0.019	4.208	ERR
270	0.020	4.208	ERR
271	0.020	3.531	ERR
MEJORA: 48 better than: 40
272	11.044	4.515	OK
273	13.135	5.495	OK
274	0.031	3.749	ERR
275	0.024	2.434	ERR
276	0.025	2.434	ERR
MEJORA: 37 better than: 30
277	11.812	3.615	OK
278	0.028	3.616	ERR
279	0.015	3.615	ERR
280	0.028	3.616	ERR
281	0.032	3.617	ERR
MEJORA: 42 better than: 36
282	12.116	3.725	OK
MEJORA: 42 better than: 36
MEJORA: 36 better than: 30
283	5.704	2.982	OK
284	0.016	2.980	ERR
285	0.012	2.979	ERR
286	0.287	3.005	ERR
MEJORA: 22 better than: 18
287	11.917	3.016	OK
288	0.012	3.014	ERR
289	0.024	3.015	ERR
290	0.016	3.014	ERR
291	0.021	3.013	ERR
292	0.012	1.802	ERR
293	6.507	1.883	OK
294	0.016	1.883	ERR
295	0.020	1.883	ERR
296	4.496	2.304	OK
297	0.024	1.115	ERR
298	0.019	1.116	ERR
299	5.628	1.676	OK
300	4.897	2.164	OK
301	6.557	2.818	OK
302	7.017	3.518	OK
303	0.021	2.869	ERR
MEJORA: 32 better than: 30
MEJORA: 30 better than: 28
304	4.450	3.313	OK
305	0.014	3.312	ERR
MEJORA: 69 better than: 51
306	14.517	4.314	OK
MEJORA: 14 better than: 12
307	3.595	4.672	OK
308	0.737	4.743	OK
309	6.471	4.828	OK
310	0.023	4.340	ERR
311	0.021	3.687	ERR
312	0.019	2.987	ERR
313	7.195	3.704	OK
314	0.014	3.261	ERR
315	0.009	3.260	ERR
MEJORA: 88 better than: 87
MEJORA: 87 better than: 80
MEJORA: 80 better than: 71
MEJORA: 71 better than: 62
316	13.104	3.119	OK
317	7.643	3.524	OK
318	0.023	3.452	ERR
319	0.009	2.806	ERR
320	0.015	2.805	ERR
321	0.018	2.805	ERR
322	0.018	2.805	ERR
323	0.030	2.088	ERR
324	0.259	2.113	ERR
MEJORA: 32 better than: 18
325	7.537	2.866	OK
326	0.015	1.557	ERR
327	0.030	0.796	ERR
MEJORA: 60 better than: 54
MEJORA: 54 better than: 36
MEJORA: 36 better than: 24
328	8.880	1.681	OK
329	0.020	1.682	ERR
330	0.021	1.683	ERR
331	0.024	1.683	ERR
332	0.016	1.683	ERR
333	0.031	1.683	ERR
334	2.186	1.876	OK
335	0.016	1.124	ERR
336	0.025	1.125	ERR
MEJORA: 66 better than: 62
337	6.126	1.735	OK
338	0.017	0.848	ERR
339	0.015	0.848	ERR
MEJORA: 32 better than: 28
MEJORA: 28 better than: 24
340	10.673	1.913	OK
MEJORA: 58 better than: 49
341	15.109	3.421	OK
342	0.205	3.440	ERR
MEJORA: 64 better than: 56
343	2.868	3.724	OK
344	0.030	3.509	ERR
MEJORA: 48 better than: 44
345	8.041	4.311	OK
346	0.030	4.312	ERR
347	3.169	4.016	OK
348	0.009	4.015	ERR
349	0.015	4.015	ERR
350	0.018	2.949	ERR
351	0.019	1.441	ERR
MEJORA: 16 better than: 12
352	5.488	1.969	OK
353	3.368	2.019	OK
354	0.021	2.018	ERR
355	0.023	1.216	ERR
356	0.020	1.215	ERR
357	0.422	0.940	ERR
358	5.378	1.477	OK
359	0.015	1.477	ERR
360	0.018	1.477	ERR
361	8.283	2.304	OK
362	16.826	3.437	OK
363	14.499	4.551	OK
MEJORA: 31 better than: 27
364	5.859	5.134	OK
365	11.678	6.300	OK
366	0.015	6.299	ERR
367	0.016	6.259	ERR
368	0.009	5.722	ERR
369	0.015	5.722	ERR
370	1.919	5.912	OK
MEJORA: 60 better than: 50
371	8.502	5.934	OK
372	0.018	4.253	ERR
373	0.020	2.805	ERR
374	0.015	2.221	ERR
375	0.021	1.055	ERR
MEJORA: 69 better than: 63
MEJORA: 63 better than: 57
MEJORA: 57 better than: 50
376	6.622	1.716	OK
377	0.024	1.717	ERR
378	5.062	2.222	OK
379	0.023	2.223	ERR
380	0.018	2.033	ERR
381	0.018	1.184	ERR
382	0.403	1.223	ERR
383	0.024	1.223	ERR
384	11.056	2.327	OK
385	0.018	2.327	ERR
386	0.360	1.701	ERR
387	0.030	1.701	ERR
388	0.015	1.197	ERR
389	0.677	1.262	ERR
390	0.965	1.357	OK
391	0.030	1.358	ERR
392	0.314	1.349	ERR
393	0.417	1.388	ERR
394	0.021	0.285	ERR
395	0.015	0.284	ERR
396	0.017	0.250	ERR
397	0.018	0.249	ERR
MEJORA: 67 better than: 53
MEJORA: 53 better than: 34
MEJORA: 34 better than: 32
MEJORA: 32 better than: 28
MEJORA: 28 better than: 26
MEJORA: 26 better than: 20
MEJORA: 20 better than: 18
398	12.970	1.544	OK
399	0.019	1.479	ERR

---- Final results ----
400 NS requests
245 failed requests
155 success requests
65 improved requests
1103.223 ellapsed time
