#req	time (sec)	avg. time (sec)	mapping
0	0.020	0.000	ERR
1	8.970	0.000	OK
2	1.554	0.000	OK
3	0.020	0.000	ERR
4	11.105	0.000	OK
MEJORA: 32 better than: 30
5	14.150	0.000	OK
MEJORA: 32 better than: 24
6	2.452	0.000	OK
MEJORA: 32 better than: 24
7	2.130	0.000	OK
8	0.025	0.000	ERR
9	0.025	0.000	ERR
10	0.020	4.045	ERR
11	2.066	3.355	OK
12	2.447	3.444	OK
13	0.021	3.444	ERR
14	18.008	4.134	OK
15	8.432	3.563	OK
16	1.214	3.439	OK
17	0.029	3.229	ERR
18	3.975	3.624	OK
19	7.568	4.378	OK
20	4.735	4.849	OK
21	0.027	4.646	ERR
22	4.718	4.873	OK
23	0.017	4.872	ERR
24	11.032	4.175	OK
25	18.541	5.185	OK
26	0.021	5.066	ERR
27	0.013	5.065	ERR
28	0.021	4.669	ERR
MEJORA: 70 better than: 60
MEJORA: 60 better than: 50
29	4.656	4.378	OK
30	0.026	3.907	ERR
31	10.921	4.997	OK
32	1.896	4.714	OK
33	11.412	5.854	OK
MEJORA: 56 better than: 48
34	10.792	5.830	OK
MEJORA: 40 better than: 34
MEJORA: 34 better than: 32
35	19.864	5.962	OK
MEJORA: 32 better than: 24
36	9.177	6.878	OK
37	9.550	7.831	OK
38	0.015	7.831	ERR
39	9.619	8.327	OK
40	0.025	8.327	ERR
41	7.123	7.947	OK
42	10.339	8.792	OK
43	0.017	7.652	ERR
44	0.016	6.575	ERR
45	0.016	4.590	ERR
46	11.271	4.799	OK
47	0.017	3.846	ERR
48	0.016	3.846	ERR
49	0.016	2.886	ERR
50	8.919	3.775	OK
51	0.032	3.066	ERR
MEJORA: 24 better than: 22
52	13.099	3.342	OK
53	0.025	3.343	ERR
54	18.186	5.160	OK
55	0.017	5.160	ERR
MEJORA: 54 better than: 46
MEJORA: 46 better than: 44
56	16.079	5.641	OK
57	0.023	5.641	ERR
58	0.025	5.642	ERR
59	0.033	5.644	ERR
60	9.236	5.676	OK
61	0.021	5.674	ERR
MEJORA: 32 better than: 30
62	16.691	6.034	OK
63	0.018	6.033	ERR
MEJORA: 30 better than: 24
MEJORA: 24 better than: 18
64	11.947	5.409	OK
65	15.863	6.994	OK
66	3.117	5.697	OK
67	0.016	5.697	ERR
68	0.027	5.697	ERR
69	0.015	5.695	ERR
70	0.022	4.774	ERR
71	0.013	4.773	ERR
72	2.003	3.304	OK
73	0.027	3.305	ERR
74	0.018	2.112	ERR
75	0.033	0.529	ERR
76	1.857	0.403	OK
77	2.129	0.614	OK
78	0.021	0.614	ERR
79	0.025	0.615	ERR
80	0.016	0.614	ERR
81	0.016	0.614	ERR
82	0.017	0.416	ERR
83	1.955	0.609	OK
84	6.088	1.216	OK
MEJORA: 24 better than: 20
85	4.623	1.675	OK
86	0.033	1.492	ERR
87	0.018	1.281	ERR
88	0.020	1.281	ERR
89	0.023	1.281	ERR
90	14.255	2.705	OK
91	0.017	2.705	ERR
92	0.020	2.705	ERR
93	15.501	4.060	OK
94	0.020	3.453	ERR
95	0.026	2.993	ERR
96	10.082	3.998	OK
97	0.403	4.037	ERR
98	0.023	4.037	ERR
99	2.507	4.285	OK
100	0.017	2.862	ERR
101	0.020	2.862	ERR
102	0.020	2.862	ERR
103	0.015	1.313	ERR
104	15.659	2.877	OK
105	3.883	3.263	OK
106	3.725	2.627	OK
MEJORA: 40 better than: 30
107	2.354	2.822	OK
108	0.032	2.823	ERR
109	0.021	2.575	ERR
110	0.022	2.575	ERR
111	4.301	3.003	OK
112	0.032	3.004	ERR
MEJORA: 44 better than: 40
113	15.714	4.574	OK
MEJORA: 24 better than: 16
114	11.026	4.111	OK
115	0.020	3.725	ERR
116	7.523	4.104	OK
117	0.029	3.872	ERR
118	1.824	4.051	OK
119	1.808	4.230	OK
120	0.013	4.229	ERR
121	0.023	3.801	ERR
MEJORA: 12 better than: 8
122	6.279	4.426	OK
123	0.022	2.857	ERR
124	0.021	1.756	ERR
125	0.033	1.757	ERR
126	0.023	1.007	ERR
127	0.025	1.007	ERR
MEJORA: 30 better than: 27
128	14.773	2.302	OK
129	16.095	3.731	OK
130	0.010	3.730	ERR
131	0.033	3.731	ERR
132	0.375	3.141	ERR
133	0.019	3.141	ERR
134	0.655	3.204	ERR
135	0.017	3.202	ERR
136	2.875	3.488	OK
MEJORA: 98 better than: 86
MEJORA: 86 better than: 78
MEJORA: 78 better than: 64
MEJORA: 64 better than: 48
137	18.185	5.304	OK
138	0.020	3.828	ERR
MEJORA: 36 better than: 24
139	13.657	3.585	OK
140	0.015	3.585	ERR
141	15.683	5.150	OK
142	0.017	5.114	ERR
143	8.968	6.009	OK
144	0.026	5.946	ERR
145	0.033	5.948	ERR
146	11.811	6.842	OK
147	18.292	6.852	OK
148	0.022	6.853	ERR
149	0.028	5.490	ERR
150	0.033	5.491	ERR
151	0.033	3.926	ERR
152	0.026	3.927	ERR
MEJORA: 40 better than: 36
MEJORA: 36 better than: 32
MEJORA: 32 better than: 28
MEJORA: 28 better than: 24
153	13.352	4.366	OK
154	0.020	4.365	ERR
155	2.609	4.623	OK
156	0.018	3.443	ERR
157	0.020	1.616	ERR
158	0.029	1.617	ERR
159	2.341	1.848	ERR
160	0.022	1.847	ERR
161	1.505	1.994	OK
162	0.028	1.994	ERR
163	0.020	0.661	ERR
164	0.033	0.663	ERR
165	11.064	1.508	OK
166	2.558	1.762	OK
167	0.010	1.761	ERR
168	0.041	1.762	ERR
169	2.199	1.748	OK
170	0.020	1.748	ERR
171	1.438	1.741	OK
172	0.022	1.741	ERR
173	0.017	1.740	ERR
174	0.019	1.739	ERR
175	0.017	0.634	ERR
176	7.495	1.128	OK
177	0.017	1.129	ERR
178	0.019	1.126	ERR
179	0.022	0.909	ERR
180	0.029	0.909	ERR
181	0.016	0.767	ERR
182	9.881	1.753	OK
183	0.017	1.753	ERR
184	0.022	1.753	ERR
185	1.336	1.885	OK
186	2.028	1.339	OK
187	0.013	1.338	ERR
188	0.025	1.339	ERR
189	0.020	1.339	ERR
190	0.013	1.337	ERR
191	0.017	1.337	ERR
192	0.022	0.351	ERR
193	0.027	0.352	ERR
194	3.051	0.655	OK
MEJORA: 26 better than: 22
MEJORA: 22 better than: 20
MEJORA: 20 better than: 18
195	5.880	1.110	OK
196	7.406	1.647	OK
197	0.026	1.649	ERR
198	0.013	1.647	ERR
199	0.025	1.648	ERR
200	0.028	1.649	ERR
201	0.015	1.649	ERR
202	0.025	1.650	ERR
203	16.117	3.259	OK
204	3.702	3.324	OK
205	0.022	2.738	ERR
MEJORA: 16 better than: 14
206	8.683	2.866	OK
207	0.016	2.865	ERR
208	0.013	2.865	ERR
209	6.639	3.526	OK
210	0.033	3.527	ERR
211	0.025	3.528	ERR
212	0.033	3.528	ERR
213	0.025	1.919	ERR
214	14.277	2.977	OK
215	2.759	3.250	OK
MEJORA: 64 better than: 56
216	14.705	3.853	OK
MEJORA: 60 better than: 57
MEJORA: 57 better than: 55
MEJORA: 55 better than: 48
MEJORA: 48 better than: 39
MEJORA: 39 better than: 31
MEJORA: 31 better than: 30
217	22.061	6.057	OK
218	0.032	6.059	ERR
219	0.022	5.397	ERR
220	0.015	5.396	ERR
221	0.010	5.394	ERR
222	0.032	5.394	ERR
223	10.935	6.485	OK
MEJORA: 48 better than: 42
MEJORA: 42 better than: 36
224	14.187	6.476	OK
225	2.318	6.432	OK
226	0.021	4.963	ERR
227	1.163	2.874	OK
MEJORA: 56 better than: 52
MEJORA: 52 better than: 30
228	10.293	3.900	OK
229	0.022	3.899	ERR
230	0.020	3.900	ERR
231	0.521	3.951	ERR
232	0.025	3.950	ERR
233	0.010	2.858	ERR
MEJORA: 26 better than: 19
234	7.931	2.232	OK
235	0.028	2.003	ERR
236	0.020	2.003	ERR
237	0.025	1.890	ERR
238	0.032	0.863	ERR
239	14.717	2.333	OK
240	0.013	2.332	ERR
241	0.662	2.346	ERR
242	0.016	2.345	ERR
243	0.849	2.429	OK
MEJORA: 38 better than: 36
MEJORA: 36 better than: 34
244	10.938	2.730	OK
245	0.020	2.729	ERR
246	0.023	2.729	ERR
247	2.369	2.964	OK
248	4.829	3.444	OK
249	1.289	2.101	OK
250	0.154	2.115	ERR
251	0.020	2.051	ERR
252	0.024	2.051	ERR
253	0.024	1.969	ERR
254	0.024	0.878	ERR
255	0.019	0.878	ERR
256	12.660	2.141	OK
257	10.523	2.957	OK
258	0.025	2.476	ERR
259	1.961	2.544	OK
260	0.016	2.530	ERR
261	1.162	2.644	ERR
262	0.798	2.721	ERR
MEJORA: 32 better than: 28
263	12.975	4.016	OK
264	11.061	5.120	OK
265	13.729	6.491	OK
266	0.025	5.228	ERR
267	8.166	4.992	OK
268	0.017	4.991	ERR
269	0.020	4.797	ERR
270	0.022	4.798	ERR
271	0.021	4.683	ERR
272	5.946	5.198	OK
273	1.877	4.089	OK
274	0.032	2.986	ERR
275	0.025	1.615	ERR
276	0.026	1.615	ERR
277	0.363	0.835	ERR
278	0.028	0.836	ERR
279	0.016	0.836	ERR
280	0.028	0.836	ERR
281	0.033	0.837	ERR
282	16.894	1.932	OK
MEJORA: 30 better than: 24
283	4.031	2.148	OK
284	0.017	2.146	ERR
285	0.013	2.145	ERR
286	1.026	2.245	ERR
MEJORA: 14 better than: 12
287	11.840	3.393	OK
288	0.013	3.391	ERR
289	0.025	3.392	ERR
290	0.016	3.391	ERR
291	0.022	3.390	ERR
292	0.013	1.702	ERR
293	6.195	1.918	OK
294	0.017	1.918	ERR
295	0.021	1.919	ERR
296	2.077	2.024	OK
297	0.025	0.842	ERR
298	0.020	0.843	ERR
MEJORA: 36 better than: 32
MEJORA: 32 better than: 28
299	15.521	2.393	OK
300	17.981	4.189	OK
301	2.015	4.389	OK
302	1.079	4.495	OK
303	0.022	3.878	ERR
304	1.370	4.013	ERR
305	0.015	4.012	ERR
306	0.016	3.806	ERR
307	13.970	5.201	OK
308	2.656	5.464	OK
309	11.122	5.025	OK
310	0.024	3.229	ERR
311	0.022	3.030	ERR
312	0.020	2.924	ERR
MEJORA: 68 better than: 62
MEJORA: 62 better than: 46
313	16.286	4.550	OK
314	0.015	4.415	ERR
315	0.010	4.414	ERR
MEJORA: 45 better than: 41
MEJORA: 41 better than: 33
316	14.076	5.820	OK
MEJORA: 54 better than: 43
MEJORA: 43 better than: 39
317	8.924	5.315	OK
318	0.025	5.052	ERR
319	0.010	3.941	ERR
320	0.016	3.940	ERR
321	0.020	3.940	ERR
322	0.019	3.940	ERR
323	0.032	2.315	ERR
324	0.032	2.316	ERR
MEJORA: 52 better than: 50
325	18.950	4.210	OK
326	0.016	2.805	ERR
327	0.032	1.915	ERR
328	2.996	2.212	OK
329	0.021	2.214	ERR
330	0.022	2.214	ERR
331	0.025	2.215	ERR
332	0.016	2.214	ERR
333	0.032	2.214	ERR
334	2.158	2.427	OK
335	0.016	0.534	ERR
336	0.026	0.535	ERR
337	24.880	3.019	OK
338	0.019	2.722	ERR
339	0.016	2.721	ERR
340	19.021	4.621	OK
MEJORA: 58 better than: 48
MEJORA: 48 better than: 36
MEJORA: 36 better than: 34
341	21.109	6.729	OK
MEJORA: 24 better than: 22
342	19.204	8.648	OK
343	8.893	9.534	OK
MEJORA: 20 better than: 16
344	8.797	10.198	OK
MEJORA: 44 better than: 40
345	17.506	11.947	OK
346	0.032	11.948	ERR
347	5.208	9.981	OK
348	0.010	9.980	ERR
349	0.016	9.980	ERR
350	0.019	8.079	ERR
351	0.020	5.971	ERR
MEJORA: 32 better than: 28
352	11.594	5.210	OK
353	2.683	4.589	OK
354	0.022	3.711	ERR
355	0.025	1.963	ERR
356	0.022	1.962	ERR
357	9.075	2.349	OK
MEJORA: 42 better than: 38
358	15.036	3.851	OK
359	0.016	3.851	ERR
360	0.020	3.852	ERR
361	17.120	5.561	OK
362	15.755	5.978	OK
363	26.486	8.358	OK
MEJORA: 20 better than: 16
364	8.400	9.196	OK
365	24.813	11.674	OK
366	0.016	11.674	ERR
367	0.018	10.768	ERR
368	0.010	9.265	ERR
369	0.016	9.265	ERR
370	1.409	9.404	OK
371	4.331	8.125	OK
372	0.020	6.552	ERR
373	0.021	3.905	ERR
374	0.016	3.067	ERR
375	0.022	0.588	ERR
MEJORA: 43 better than: 40
MEJORA: 40 better than: 30
376	8.687	1.455	OK
377	0.025	1.456	ERR
MEJORA: 65 better than: 53
378	10.406	2.495	OK
379	0.024	2.496	ERR
380	0.019	2.357	ERR
381	0.019	1.926	ERR
382	17.570	3.681	OK
383	0.025	3.682	ERR
384	3.543	4.034	OK
385	0.020	4.034	ERR
386	0.032	3.169	ERR
387	0.032	3.169	ERR
388	0.016	2.130	ERR
389	0.787	2.206	ERR
390	13.122	3.517	OK
391	0.031	3.518	ERR
MEJORA: 38 better than: 37
MEJORA: 37 better than: 35
392	11.339	2.895	OK
393	3.084	3.201	OK
394	0.022	2.849	ERR
395	0.016	2.848	ERR
396	0.018	2.847	ERR
397	0.019	2.845	ERR
MEJORA: 25 better than: 23
MEJORA: 23 better than: 21
398	14.998	4.344	OK
399	0.020	4.267	ERR

---- Final results ----
400 NS requests
244 failed requests
156 success requests
47 improved requests
1458.184 ellapsed time
